#
# A fatal error has been detected by the Java Runtime Environment:
#
#  EXCEPTION_ACCESS_VIOLATION (0xc0000005) at pc=0x00007ffdfe22c547, pid=28500, tid=29976
#
# JRE version: Java(TM) SE Runtime Environment (14.0.2+12) (build 14.0.2+12-46)
# Java VM: Java HotSpot(TM) 64-Bit Server VM (14.0.2+12-46, mixed mode, sharing, tiered, compressed oops, g1 gc, windows-amd64)
# Problematic frame:
# C  0x00007ffdfe22c547  JPypeException::convertPythonToJava+0x137
#
# No core dump will be written. Minidumps are not enabled by default on client versions of Windows
#
# If you would like to submit a bug report, please visit:
#   https://bugreport.java.com/bugreport/crash.jsp
# The crash happened outside the Java Virtual Machine in native code.
# See problematic frame for where to report the bug.
#

---------------  S U M M A R Y ------------

Command Line: -Dfile.encoding=UTF8 -ea -Xmx1024m 

Host: Intel(R) Core(TM) i3-8145U CPU @ 2.10GHz, 4 cores, 7G,  Windows 10 , 64 bit Build 18362 (10.0.18362.959)
Time: Mon Sep  7 16:43:56 2020 ¢¥eCN©öI¡¾©ö C¡ÍA¨ª¨öA elapsed time: 7 seconds (0d 0h 0m 7s)

---------------  T H R E A D  ---------------

Current thread (0x000001ebd688a800):  JavaThread "main" [_thread_in_native, id=29976, stack(0x000000e1ec600000,0x000000e1ec7f0000)]

Stack: [0x000000e1ec600000,0x000000e1ec7f0000],  sp=0x000000e1ec7e3230,  free space=1932k
Native frames: (J=compiled Java code, j=interpreted, Vv=VM code, C=native code)
C  0x00007ffdfe22c547  JPypeException::convertPythonToJava+0x137  (jp_exception.cpp:266)
C  0x00007ffdfe22bd14  JPypeException::toJava+0x244  (jp_exception.cpp:432)
C  0x00007ffdfe25e810  `JPTypeFactory_rethrow'::`1'::catch$0+0x1d  (jp_typefactory.cpp:50)
C  [VCRUNTIME140.dll+0x1030]
C  [VCRUNTIME140.dll+0x32f8]
C  [ntdll.dll+0xa0616]
C  0x00007ffdfe23ef2b  JPTypeFactory_rethrow+0x1b  (jp_typefactory.cpp:47)
C  0x00007ffdfe25e7e4  `JPTypeFactory_newWrapper'::`1'::catch$4+0x16  (jp_typefactory.cpp:97)
C  [VCRUNTIME140.dll+0x1030]
C  [VCRUNTIME140.dll+0x32f8]
C  [ntdll.dll+0xa0616]
C  0x00007ffdfe23eeca  JPTypeFactory_newWrapper+0x4a  (jp_typefactory.cpp:97)
C  0x000001ebe14cf417

Java frames: (J=compiled Java code, j=interpreted, Vv=VM code)
j  org.jpype.manager.TypeFactoryNative.newWrapper(JJ)V+0
j  org.jpype.JPypeContext.newWrapper(J)V+16
v  ~StubRoutines::call_stub
j  org.jpype.manager.TypeFactoryNative.newWrapper(JJ)V+0
j  org.jpype.JPypeContext.newWrapper(J)V+16
v  ~StubRoutines::call_stub
j  org.jpype.manager.TypeFactoryNative.newWrapper(JJ)V+0
j  org.jpype.JPypeContext.newWrapper(J)V+16
v  ~StubRoutines::call_stub
j  org.jpype.manager.TypeFactoryNative.newWrapper(JJ)V+0
j  org.jpype.JPypeContext.newWrapper(J)V+16
v  ~StubRoutines::call_stub

siginfo: EXCEPTION_ACCESS_VIOLATION (0xc0000005), writing address 0x0000000000000000


Register to memory mapping:

RIP=0x00007ffdfe22c547 points into unknown readable memory: 48
RAX=0x0 is NULL
RBX=0x0 is NULL
RCX=0x000001ebd6df1910 points into unknown readable memory: d0 f7 f3 d2 eb 01 00 00
RDX=0x0 is NULL
RSP=0x000000e1ec7e3230 is pointing into the stack for thread: 0x000001ebd688a800
RBP=0x000000e1ec7e59f0 is pointing into the stack for thread: 0x000001ebd688a800
RSI=0x000001ebd2f3f7d0 points into unknown readable memory: 20 4c 27 fe fd 7f 00 00
RDI=0x00000000660b2670 python36.dll::_PyExc_KeyboardInterrupt + 0x0
R8 =0x0000000000000005 is an unknown value
R9 =0x0000000000000005 is an unknown value
R10=0x000001ebd1a69830 points into unknown readable memory: 04 00 00 00 00 04 00 00
R11=0x000000e1ec7e3220 is pointing into the stack for thread: 0x000001ebd688a800
R12=0x000000e1ec7e3420 is pointing into the stack for thread: 0x000001ebd688a800
R13=0x000000e1ec7e7740 is pointing into the stack for thread: 0x000001ebd688a800
R14=0x000001ebd6905250 points into unknown readable memory: 60 c5 d3 c9 00 00 00 00
R15=0x0 is NULL


Registers:
RAX=0x0000000000000000, RBX=0x0000000000000000, RCX=0x000001ebd6df1910, RDX=0x0000000000000000
RSP=0x000000e1ec7e3230, RBP=0x000000e1ec7e59f0, RSI=0x000001ebd2f3f7d0, RDI=0x00000000660b2670
R8 =0x0000000000000005, R9 =0x0000000000000005, R10=0x000001ebd1a69830, R11=0x000000e1ec7e3220
R12=0x000000e1ec7e3420, R13=0x000000e1ec7e7740, R14=0x000001ebd6905250, R15=0x0000000000000000
RIP=0x00007ffdfe22c547, EFLAGS=0x0000000000010246

Top of Stack: (sp=0x000000e1ec7e3230)
0x000000e1ec7e3230:   0000000000000000 0000000000000000
0x000000e1ec7e3240:   000001ebd2f3f7d0 00000000660b2670
0x000000e1ec7e3250:   fffffffffffffffe 0000000065e11d83
0x000000e1ec7e3260:   00000000660b2670 0000000000000000
0x000000e1ec7e3270:   000001ebd2f3f7d0 000001ebd688ab10
0x000000e1ec7e3280:   000001ebf5090100 00000000660b2670
0x000000e1ec7e3290:   0000000000000000 000001ebd7bf4a48
0x000000e1ec7e32a0:   0000bc6c00000001 000001ebe1f85310
0x000000e1ec7e32b0:   000000e1ec7e4728 00007ffdfe22bd14
0x000000e1ec7e32c0:   000001ebd2f3f7d0 000001ebd2f3f7d0
0x000000e1ec7e32d0:   000000e1ec7e7f90 000001ebf509cf30
0x000000e1ec7e32e0:   000001ebd2f3f7d0 000001ebd688ab10
0x000000e1ec7e32f0:   0000000000000000 00007ffe3f5a1dbb
0x000000e1ec7e3300:   000001ebf509cf30 000000e1ec7e3970
0x000000e1ec7e3310:   fffffffffffffffe 000000e1ec7e3a00
0x000000e1ec7e3320:   000000e1ec7e3420 0000000a656e6f4e 

Instructions: (pc=0x00007ffdfe22c547)
0x00007ffdfe22c447:   44 24 58 48 89 44 24 60 48 89 44 24 68 4c 8d 44
0x00007ffdfe22c457:   24 68 48 8d 54 24 60 48 8d 4c 24 58 e8 a8 41 01
0x00007ffdfe22c467:   00 88 44 24 70 48 8b 7c 24 58 84 c0 74 72 48 8b
0x00007ffdfe22c477:   cf e8 23 fa 01 00 48 85 c0 74 65 8b 80 98 00 00
0x00007ffdfe22c487:   00 48 c1 e8 11 24 01 74 57 c6 44 24 70 00 48 8b
0x00007ffdfe22c497:   5c 24 60 48 8b cb e8 ee ba 02 00 48 85 c0 74 45
0x00007ffdfe22c4a7:   48 8b c8 e8 81 33 01 00 48 8b 4c 24 48 4c 8b 01
0x00007ffdfe22c4b7:   48 8b d0 41 ff 50 68 90 48 8d 4c 24 58 e8 77 49
0x00007ffdfe22c4c7:   01 00 90 80 7c 24 50 00 75 11 48 8b 4c 24 48 48
0x00007ffdfe22c4d7:   8b 01 33 d2 ff 90 a0 00 00 00 90 e9 ac 00 00 00
0x00007ffdfe22c4e7:   48 8b 5c 24 60 48 89 7c 24 30 48 89 5c 24 38 48
0x00007ffdfe22c4f7:   8b 4c 24 48 48 8b 01 4c 8d 4c 24 30 4c 8b 86 80
0x00007ffdfe22c507:   01 00 00 48 8b 96 e8 00 00 00 ff 90 20 01 00 00
0x00007ffdfe22c517:   4c 8b f0 48 8d 4c 24 40 e8 bc 52 00 00 48 8b 8e
0x00007ffdfe22c527:   08 01 00 00 48 ff 07 4c 8d 0d 3b d6 00 00 4c 8b
0x00007ffdfe22c537:   c7 49 8b d6 e8 50 d4 00 00 48 8b 8e 08 01 00 00
0x00007ffdfe22c547:   48 ff 03 4c 8d 0d 1f d6 00 00 4c 8b c3 49 8b d6
0x00007ffdfe22c557:   e8 34 d4 00 00 c6 44 24 70 00 48 8b 4c 24 48 48
0x00007ffdfe22c567:   8b 01 49 8b d6 ff 50 68 90 48 8d 4c 24 58 e8 c6
0x00007ffdfe22c577:   48 01 00 90 80 7c 24 50 00 75 11 48 8b 4c 24 48
0x00007ffdfe22c587:   48 8b 01 33 d2 ff 90 a0 00 00 00 90 4c 8d 9c 24
0x00007ffdfe22c597:   80 00 00 00 49 8b 5b 18 49 8b 73 20 49 8b 7b 28
0x00007ffdfe22c5a7:   49 8b e3 41 5e c3 cc cc cc cc cc cc cc cc cc cc
0x00007ffdfe22c5b7:   cc cc cc cc cc cc cc cc cc 48 8b c4 57 48 81 ec
0x00007ffdfe22c5c7:   d0 00 00 00 48 c7 40 b0 fe ff ff ff 48 89 58 10
0x00007ffdfe22c5d7:   48 89 70 18 48 8b 05 26 ea 06 00 48 33 c4 48 89
0x00007ffdfe22c5e7:   84 24 c8 00 00 00 48 8b f9 48 8b 09 48 85 c9 75
0x00007ffdfe22c5f7:   1c 48 8d 15 f9 ae 03 00 48 8b 0d ea 82 03 00 48
0x00007ffdfe22c607:   8b 09 ff 15 91 81 03 00 e9 a3 05 00 00 e8 67 c3
0x00007ffdfe22c617:   ff ff 4c 8b c0 48 8b 17 48 8d 4c 24 30 e8 c7 00
0x00007ffdfe22c627:   fe ff 90 48 8b 5f 58 48 89 5c 24 78 48 8b 07 48
0x00007ffdfe22c637:   8b 90 e8 00 00 00 48 85 d2 0f 84 c4 04 00 00 4c 


Stack slot to memory mapping:
stack at sp + 0 slots: 0x0 is NULL
stack at sp + 1 slots: 0x0 is NULL
stack at sp + 2 slots: 0x000001ebd2f3f7d0 points into unknown readable memory: 20 4c 27 fe fd 7f 00 00
stack at sp + 3 slots: 0x00000000660b2670 python36.dll::_PyExc_KeyboardInterrupt + 0x0
stack at sp + 4 slots: 0xfffffffffffffffe is an unknown value
stack at sp + 5 slots: 0x0000000065e11d83 python36.dll::PyThread_get_key_value + 0x27
stack at sp + 6 slots: 0x00000000660b2670 python36.dll::_PyExc_KeyboardInterrupt + 0x0
stack at sp + 7 slots: 0x0 is NULL


---------------  P R O C E S S  ---------------

Threads class SMR info:
_java_thread_list=0x000001ebf4dd13a0, length=12, elements={
0x000001ebd688a800, 0x000001ebd6aed000, 0x000001ebd6aee000, 0x000001ebd6afa000,
0x000001ebd6b00800, 0x000001ebd6b09800, 0x000001ebd6b0a800, 0x000001ebd6b1b000,
0x000001ebd6b1c000, 0x000001ebd6c37000, 0x000001ebd6c64800, 0x000001ebd6d23000
}

Java Threads: ( => current thread )
=>0x000001ebd688a800 JavaThread "main" [_thread_in_native, id=29976, stack(0x000000e1ec600000,0x000000e1ec7f0000)]
  0x000001ebd6aed000 JavaThread "Reference Handler" daemon [_thread_blocked, id=26320, stack(0x000000e1eead0000,0x000000e1eecc0000)]
  0x000001ebd6aee000 JavaThread "Finalizer" daemon [_thread_blocked, id=24252, stack(0x000000e1eecc0000,0x000000e1eeeb0000)]
  0x000001ebd6afa000 JavaThread "Signal Dispatcher" daemon [_thread_blocked, id=11244, stack(0x000000e1eeeb0000,0x000000e1ef0a0000)]
  0x000001ebd6b00800 JavaThread "Attach Listener" daemon [_thread_blocked, id=13068, stack(0x000000e1ef0a0000,0x000000e1ef290000)]
  0x000001ebd6b09800 JavaThread "Service Thread" daemon [_thread_blocked, id=31012, stack(0x000000e1ef290000,0x000000e1ef480000)]
  0x000001ebd6b0a800 JavaThread "C2 CompilerThread0" daemon [_thread_blocked, id=25188, stack(0x000000e1ef480000,0x000000e1ef670000)]
  0x000001ebd6b1b000 JavaThread "C1 CompilerThread0" daemon [_thread_blocked, id=33084, stack(0x000000e1ef670000,0x000000e1ef860000)]
  0x000001ebd6b1c000 JavaThread "Sweeper thread" daemon [_thread_blocked, id=21648, stack(0x000000e1ef860000,0x000000e1efa50000)]
  0x000001ebd6c37000 JavaThread "Notification Thread" daemon [_thread_blocked, id=27092, stack(0x000000e1efa50000,0x000000e1efc40000)]
  0x000001ebd6c64800 JavaThread "Common-Cleaner" daemon [_thread_blocked, id=19624, stack(0x000000e1efe30000,0x000000e1f0020000)]
  0x000001ebd6d23000 JavaThread "Python Reference Queue" daemon [_thread_blocked, id=35072, stack(0x000000e1f0210000,0x000000e1f0400000)]

Other Threads:
  0x000001ebd6ae2800 VMThread "VM Thread" [stack: 0x000000e1ee8e0000,0x000000e1eead0000] [id=20700]
  0x000001ebd6c5a000 WatcherThread [stack: 0x000000e1efc40000,0x000000e1efe30000] [id=25148]
  0x000001ebd68cb800 GCTaskThread "GC Thread#0" [stack: 0x000000e1edf30000,0x000000e1ee120000] [id=24848]
  0x000001ebd6f46000 GCTaskThread "GC Thread#1" [stack: 0x000000e1f0400000,0x000000e1f05f0000] [id=12660]
  0x000001ebd6f48800 GCTaskThread "GC Thread#2" [stack: 0x000000e1f05f0000,0x000000e1f07e0000] [id=29232]
  0x000001ebf6864000 GCTaskThread "GC Thread#3" [stack: 0x000000e1f0bc0000,0x000000e1f0db0000] [id=21872]
  0x000001ebd68cc000 ConcurrentGCThread "G1 Main Marker" [stack: 0x000000e1ee120000,0x000000e1ee310000] [id=34500]
  0x000001ebd68cf000 ConcurrentGCThread "G1 Conc#0" [stack: 0x000000e1ee310000,0x000000e1ee500000] [id=13352]
  0x000001ebd0ac0800 ConcurrentGCThread "G1 Refine#0" [stack: 0x000000e1ee500000,0x000000e1ee6f0000] [id=16480]
  0x000001ebd0ac2000 ConcurrentGCThread "G1 Refine#1" [stack: 0x000000e1f07e0000,0x000000e1f09d0000] [id=7556]
  0x000001ebd737a000 ConcurrentGCThread "G1 Refine#2" [stack: 0x000000e1f09d0000,0x000000e1f0bc0000] [id=25984]
  0x000001ebd6947800 ConcurrentGCThread "G1 Young RemSet Sampling" [stack: 0x000000e1ee6f0000,0x000000e1ee8e0000] [id=7592]

Threads with active compile tasks:

VM state:not at safepoint (normal execution)

VM Mutex/Monitor currently owned by a thread: None

Heap address: 0x00000000c0000000, size: 1024 MB, Compressed Oops mode: 32-bit
Narrow klass base: 0x0000000800000000, Narrow klass shift: 3
Compressed class space size: 1073741824 Address: 0x0000000800b30000

Heap:
 garbage-first heap   total 215040K, used 133943K [0x00000000c0000000, 0x0000000100000000)
  region size 1024K, 63 young (64512K), 10 survivors (10240K)
 Metaspace       used 10466K, capacity 12121K, committed 12288K, reserved 1058816K
  class space    used 1657K, capacity 1991K, committed 2048K, reserved 1048576K
Heap Regions: E=young(eden), S=young(survivor), O=old, HS=humongous(starts), HC=humongous(continues), CS=collection set, F=free, OA=open archive, CA=closed archive, TAMS=top-at-mark-start (previous, next)
|   0|0x00000000c0000000, 0x00000000c00fffd0, 0x00000000c0100000| 99%| O|  |TAMS 0x00000000c0000000, 0x00000000c0000000| Untracked 
|   1|0x00000000c0100000, 0x00000000c01ffff0, 0x00000000c0200000| 99%| O|  |TAMS 0x00000000c0100000, 0x00000000c0100000| Untracked 
|   2|0x00000000c0200000, 0x00000000c02ffff8, 0x00000000c0300000| 99%| O|  |TAMS 0x00000000c0200000, 0x00000000c0200000| Untracked 
|   3|0x00000000c0300000, 0x00000000c03ffff0, 0x00000000c0400000| 99%| O|  |TAMS 0x00000000c0300000, 0x00000000c0300000| Untracked 
|   4|0x00000000c0400000, 0x00000000c0500000, 0x00000000c0500000|100%| O|  |TAMS 0x00000000c0400000, 0x00000000c0400000| Untracked 
|   5|0x00000000c0500000, 0x00000000c05ffff8, 0x00000000c0600000| 99%| O|  |TAMS 0x00000000c0500000, 0x00000000c0500000| Untracked 
|   6|0x00000000c0600000, 0x00000000c0700000, 0x00000000c0700000|100%| O|  |TAMS 0x00000000c0600000, 0x00000000c0600000| Untracked 
|   7|0x00000000c0700000, 0x00000000c0800000, 0x00000000c0800000|100%| O|  |TAMS 0x00000000c0700000, 0x00000000c0700000| Untracked 
|   8|0x00000000c0800000, 0x00000000c0900000, 0x00000000c0900000|100%| O|  |TAMS 0x00000000c0800000, 0x00000000c0800000| Untracked 
|   9|0x00000000c0900000, 0x00000000c0a00000, 0x00000000c0a00000|100%| O|  |TAMS 0x00000000c0900000, 0x00000000c0900000| Untracked 
|  10|0x00000000c0a00000, 0x00000000c0affff8, 0x00000000c0b00000| 99%| O|  |TAMS 0x00000000c0a00000, 0x00000000c0a00000| Untracked 
|  11|0x00000000c0b00000, 0x00000000c0bffff8, 0x00000000c0c00000| 99%| O|  |TAMS 0x00000000c0b00000, 0x00000000c0b00000| Untracked 
|  12|0x00000000c0c00000, 0x00000000c0d00000, 0x00000000c0d00000|100%|HS|  |TAMS 0x00000000c0c00000, 0x00000000c0c00000| Untracked 
|  13|0x00000000c0d00000, 0x00000000c0e00000, 0x00000000c0e00000|100%|HC|  |TAMS 0x00000000c0d00000, 0x00000000c0d00000| Untracked 
|  14|0x00000000c0e00000, 0x00000000c0f00000, 0x00000000c0f00000|100%|HS|  |TAMS 0x00000000c0e00000, 0x00000000c0e00000| Untracked 
|  15|0x00000000c0f00000, 0x00000000c1000000, 0x00000000c1000000|100%|HC|  |TAMS 0x00000000c0f00000, 0x00000000c0f00000| Untracked 
|  16|0x00000000c1000000, 0x00000000c10fffe8, 0x00000000c1100000| 99%| O|  |TAMS 0x00000000c1000000, 0x00000000c1000000| Untracked 
|  17|0x00000000c1100000, 0x00000000c11ffff0, 0x00000000c1200000| 99%| O|  |TAMS 0x00000000c1100000, 0x00000000c1100000| Untracked 
|  18|0x00000000c1200000, 0x00000000c12ffff0, 0x00000000c1300000| 99%| O|  |TAMS 0x00000000c1200000, 0x00000000c1200000| Untracked 
|  19|0x00000000c1300000, 0x00000000c13ffff0, 0x00000000c1400000| 99%| O|  |TAMS 0x00000000c1300000, 0x00000000c1300000| Untracked 
|  20|0x00000000c1400000, 0x00000000c1500000, 0x00000000c1500000|100%|HS|  |TAMS 0x00000000c1400000, 0x00000000c1400000| Untracked 
|  21|0x00000000c1500000, 0x00000000c1600000, 0x00000000c1600000|100%|HS|  |TAMS 0x00000000c1500000, 0x00000000c1500000| Untracked 
|  22|0x00000000c1600000, 0x00000000c16ffff8, 0x00000000c1700000| 99%| O|  |TAMS 0x00000000c1600000, 0x00000000c1600000| Untracked 
|  23|0x00000000c1700000, 0x00000000c17ffff0, 0x00000000c1800000| 99%| O|  |TAMS 0x00000000c1700000, 0x00000000c1700000| Untracked 
|  24|0x00000000c1800000, 0x00000000c1900000, 0x00000000c1900000|100%|HS|  |TAMS 0x00000000c1800000, 0x00000000c1800000| Untracked 
|  25|0x00000000c1900000, 0x00000000c1a00000, 0x00000000c1a00000|100%| O|  |TAMS 0x00000000c1900000, 0x00000000c1900000| Untracked 
|  26|0x00000000c1a00000, 0x00000000c1affff0, 0x00000000c1b00000| 99%| O|  |TAMS 0x00000000c1a00000, 0x00000000c1a00000| Untracked 
|  27|0x00000000c1b00000, 0x00000000c1c00000, 0x00000000c1c00000|100%|HS|  |TAMS 0x00000000c1b00000, 0x00000000c1b00000| Untracked 
|  28|0x00000000c1c00000, 0x00000000c1d00000, 0x00000000c1d00000|100%|HC|  |TAMS 0x00000000c1c00000, 0x00000000c1c00000| Untracked 
|  29|0x00000000c1d00000, 0x00000000c1dfffe8, 0x00000000c1e00000| 99%| O|  |TAMS 0x00000000c1d00000, 0x00000000c1d00000| Untracked 
|  30|0x00000000c1e00000, 0x00000000c1f00000, 0x00000000c1f00000|100%|HS|  |TAMS 0x00000000c1e00000, 0x00000000c1e00000| Untracked 
|  31|0x00000000c1f00000, 0x00000000c2000000, 0x00000000c2000000|100%|HC|  |TAMS 0x00000000c1f00000, 0x00000000c1f00000| Untracked 
|  32|0x00000000c2000000, 0x00000000c2100000, 0x00000000c2100000|100%|HS|  |TAMS 0x00000000c2000000, 0x00000000c2000000| Untracked 
|  33|0x00000000c2100000, 0x00000000c2200000, 0x00000000c2200000|100%|HC|  |TAMS 0x00000000c2100000, 0x00000000c2100000| Untracked 
|  34|0x00000000c2200000, 0x00000000c2300000, 0x00000000c2300000|100%|HS|  |TAMS 0x00000000c2200000, 0x00000000c2200000| Untracked 
|  35|0x00000000c2300000, 0x00000000c2400000, 0x00000000c2400000|100%|HC|  |TAMS 0x00000000c2300000, 0x00000000c2300000| Untracked 
|  36|0x00000000c2400000, 0x00000000c24ffff8, 0x00000000c2500000| 99%| O|  |TAMS 0x00000000c2400000, 0x00000000c2400000| Untracked 
|  37|0x00000000c2500000, 0x00000000c2600000, 0x00000000c2600000|100%| O|  |TAMS 0x00000000c2500000, 0x00000000c2500000| Untracked 
|  38|0x00000000c2600000, 0x00000000c26ffff8, 0x00000000c2700000| 99%| O|  |TAMS 0x00000000c2600000, 0x00000000c2600000| Untracked 
|  39|0x00000000c2700000, 0x00000000c27ffff8, 0x00000000c2800000| 99%| O|  |TAMS 0x00000000c2700000, 0x00000000c2700000| Untracked 
|  40|0x00000000c2800000, 0x00000000c28fffe8, 0x00000000c2900000| 99%| O|  |TAMS 0x00000000c2800000, 0x00000000c2800000| Untracked 
|  41|0x00000000c2900000, 0x00000000c29ffff8, 0x00000000c2a00000| 99%| O|  |TAMS 0x00000000c2900000, 0x00000000c2900000| Untracked 
|  42|0x00000000c2a00000, 0x00000000c2affff0, 0x00000000c2b00000| 99%| O|  |TAMS 0x00000000c2a00000, 0x00000000c2a00000| Untracked 
|  43|0x00000000c2b00000, 0x00000000c2c00000, 0x00000000c2c00000|100%| O|  |TAMS 0x00000000c2b00000, 0x00000000c2b00000| Untracked 
|  44|0x00000000c2c00000, 0x00000000c2cffff0, 0x00000000c2d00000| 99%| O|  |TAMS 0x00000000c2c00000, 0x00000000c2c00000| Untracked 
|  45|0x00000000c2d00000, 0x00000000c2dffff8, 0x00000000c2e00000| 99%| O|  |TAMS 0x00000000c2d00000, 0x00000000c2d00000| Untracked 
|  46|0x00000000c2e00000, 0x00000000c2effff8, 0x00000000c2f00000| 99%| O|  |TAMS 0x00000000c2e00000, 0x00000000c2e00000| Untracked 
|  47|0x00000000c2f00000, 0x00000000c3000000, 0x00000000c3000000|100%| O|  |TAMS 0x00000000c2f00000, 0x00000000c2f00000| Untracked 
|  48|0x00000000c3000000, 0x00000000c30ffff8, 0x00000000c3100000| 99%| O|  |TAMS 0x00000000c3000000, 0x00000000c3000000| Untracked 
|  49|0x00000000c3100000, 0x00000000c3200000, 0x00000000c3200000|100%| O|  |TAMS 0x00000000c3100000, 0x00000000c3100000| Untracked 
|  50|0x00000000c3200000, 0x00000000c3300000, 0x00000000c3300000|100%| O|  |TAMS 0x00000000c3200000, 0x00000000c3200000| Untracked 
|  51|0x00000000c3300000, 0x00000000c33ffff8, 0x00000000c3400000| 99%| O|  |TAMS 0x00000000c3300000, 0x00000000c3300000| Untracked 
|  52|0x00000000c3400000, 0x00000000c34ffff8, 0x00000000c3500000| 99%| O|  |TAMS 0x00000000c3400000, 0x00000000c3400000| Untracked 
|  53|0x00000000c3500000, 0x00000000c35ffff8, 0x00000000c3600000| 99%| O|  |TAMS 0x00000000c3500000, 0x00000000c3500000| Untracked 
|  54|0x00000000c3600000, 0x00000000c36ffff0, 0x00000000c3700000| 99%| O|  |TAMS 0x00000000c3600000, 0x00000000c3600000| Untracked 
|  55|0x00000000c3700000, 0x00000000c37ffff0, 0x00000000c3800000| 99%| O|  |TAMS 0x00000000c3700000, 0x00000000c3700000| Untracked 
|  56|0x00000000c3800000, 0x00000000c3900000, 0x00000000c3900000|100%| O|  |TAMS 0x00000000c3800000, 0x00000000c3800000| Untracked 
|  57|0x00000000c3900000, 0x00000000c3a00000, 0x00000000c3a00000|100%| O|  |TAMS 0x00000000c3900000, 0x00000000c3900000| Untracked 
|  58|0x00000000c3a00000, 0x00000000c3affff8, 0x00000000c3b00000| 99%| O|  |TAMS 0x00000000c3a00000, 0x00000000c3a00000| Untracked 
|  59|0x00000000c3b00000, 0x00000000c3bffff0, 0x00000000c3c00000| 99%| O|  |TAMS 0x00000000c3b00000, 0x00000000c3b00000| Untracked 
|  60|0x00000000c3c00000, 0x00000000c3cffff8, 0x00000000c3d00000| 99%| O|  |TAMS 0x00000000c3c00000, 0x00000000c3c00000| Untracked 
|  61|0x00000000c3d00000, 0x00000000c3d398b0, 0x00000000c3e00000| 22%| O|  |TAMS 0x00000000c3d00000, 0x00000000c3d00000| Untracked 
|  62|0x00000000c3e00000, 0x00000000c3e00000, 0x00000000c3f00000|  0%| F|  |TAMS 0x00000000c3e00000, 0x00000000c3e00000| Untracked 
|  63|0x00000000c3f00000, 0x00000000c3fffff8, 0x00000000c4000000| 99%| O|  |TAMS 0x00000000c3f00000, 0x00000000c3f00000| Untracked 
|  64|0x00000000c4000000, 0x00000000c4100000, 0x00000000c4100000|100%| O|  |TAMS 0x00000000c4000000, 0x00000000c4000000| Untracked 
|  65|0x00000000c4100000, 0x00000000c41ffff0, 0x00000000c4200000| 99%| O|  |TAMS 0x00000000c4100000, 0x00000000c4100000| Untracked 
|  66|0x00000000c4200000, 0x00000000c4200000, 0x00000000c4300000|  0%| F|  |TAMS 0x00000000c4200000, 0x00000000c4200000| Untracked 
|  67|0x00000000c4300000, 0x00000000c4300000, 0x00000000c4400000|  0%| F|  |TAMS 0x00000000c4300000, 0x00000000c4300000| Untracked 
|  68|0x00000000c4400000, 0x00000000c4495a58, 0x00000000c4500000| 58%| O|  |TAMS 0x00000000c4400000, 0x00000000c4400000| Untracked 
|  69|0x00000000c4500000, 0x00000000c4500000, 0x00000000c4600000|  0%| F|  |TAMS 0x00000000c4500000, 0x00000000c4500000| Untracked 
|  70|0x00000000c4600000, 0x00000000c4600000, 0x00000000c4700000|  0%| F|  |TAMS 0x00000000c4600000, 0x00000000c4600000| Untracked 
|  71|0x00000000c4700000, 0x00000000c4700000, 0x00000000c4800000|  0%| F|  |TAMS 0x00000000c4700000, 0x00000000c4700000| Untracked 
|  72|0x00000000c4800000, 0x00000000c4800000, 0x00000000c4900000|  0%| F|  |TAMS 0x00000000c4800000, 0x00000000c4800000| Untracked 
|  73|0x00000000c4900000, 0x00000000c4900000, 0x00000000c4a00000|  0%| F|  |TAMS 0x00000000c4900000, 0x00000000c4900000| Untracked 
|  74|0x00000000c4a00000, 0x00000000c4a00000, 0x00000000c4b00000|  0%| F|  |TAMS 0x00000000c4a00000, 0x00000000c4a00000| Untracked 
|  75|0x00000000c4b00000, 0x00000000c4b00000, 0x00000000c4c00000|  0%| F|  |TAMS 0x00000000c4b00000, 0x00000000c4b00000| Untracked 
|  76|0x00000000c4c00000, 0x00000000c4c00000, 0x00000000c4d00000|  0%| F|  |TAMS 0x00000000c4c00000, 0x00000000c4c00000| Untracked 
|  77|0x00000000c4d00000, 0x00000000c4d00000, 0x00000000c4e00000|  0%| F|  |TAMS 0x00000000c4d00000, 0x00000000c4d00000| Untracked 
|  78|0x00000000c4e00000, 0x00000000c4e00000, 0x00000000c4f00000|  0%| F|  |TAMS 0x00000000c4e00000, 0x00000000c4e00000| Untracked 
|  79|0x00000000c4f00000, 0x00000000c4f00000, 0x00000000c5000000|  0%| F|  |TAMS 0x00000000c4f00000, 0x00000000c4f00000| Untracked 
|  80|0x00000000c5000000, 0x00000000c5000000, 0x00000000c5100000|  0%| F|  |TAMS 0x00000000c5000000, 0x00000000c5000000| Untracked 
|  81|0x00000000c5100000, 0x00000000c5100000, 0x00000000c5200000|  0%| F|  |TAMS 0x00000000c5100000, 0x00000000c5100000| Untracked 
|  82|0x00000000c5200000, 0x00000000c5200000, 0x00000000c5300000|  0%| F|  |TAMS 0x00000000c5200000, 0x00000000c5200000| Untracked 
|  83|0x00000000c5300000, 0x00000000c5300000, 0x00000000c5400000|  0%| F|  |TAMS 0x00000000c5300000, 0x00000000c5300000| Untracked 
|  84|0x00000000c5400000, 0x00000000c5400000, 0x00000000c5500000|  0%| F|  |TAMS 0x00000000c5400000, 0x00000000c5400000| Untracked 
|  85|0x00000000c5500000, 0x00000000c5500000, 0x00000000c5600000|  0%| F|  |TAMS 0x00000000c5500000, 0x00000000c5500000| Untracked 
|  86|0x00000000c5600000, 0x00000000c5600000, 0x00000000c5700000|  0%| F|  |TAMS 0x00000000c5600000, 0x00000000c5600000| Untracked 
|  87|0x00000000c5700000, 0x00000000c5700000, 0x00000000c5800000|  0%| F|  |TAMS 0x00000000c5700000, 0x00000000c5700000| Untracked 
|  88|0x00000000c5800000, 0x00000000c5800000, 0x00000000c5900000|  0%| F|  |TAMS 0x00000000c5800000, 0x00000000c5800000| Untracked 
|  89|0x00000000c5900000, 0x00000000c5900000, 0x00000000c5a00000|  0%| F|  |TAMS 0x00000000c5900000, 0x00000000c5900000| Untracked 
|  90|0x00000000c5a00000, 0x00000000c5a00000, 0x00000000c5b00000|  0%| F|  |TAMS 0x00000000c5a00000, 0x00000000c5a00000| Untracked 
|  91|0x00000000c5b00000, 0x00000000c5b00000, 0x00000000c5c00000|  0%| F|  |TAMS 0x00000000c5b00000, 0x00000000c5b00000| Untracked 
|  92|0x00000000c5c00000, 0x00000000c5c00000, 0x00000000c5d00000|  0%| F|  |TAMS 0x00000000c5c00000, 0x00000000c5c00000| Untracked 
|  93|0x00000000c5d00000, 0x00000000c5d00000, 0x00000000c5e00000|  0%| F|  |TAMS 0x00000000c5d00000, 0x00000000c5d00000| Untracked 
|  94|0x00000000c5e00000, 0x00000000c5e00000, 0x00000000c5f00000|  0%| F|  |TAMS 0x00000000c5e00000, 0x00000000c5e00000| Untracked 
|  95|0x00000000c5f00000, 0x00000000c5f00000, 0x00000000c6000000|  0%| F|  |TAMS 0x00000000c5f00000, 0x00000000c5f00000| Untracked 
|  96|0x00000000c6000000, 0x00000000c6000000, 0x00000000c6100000|  0%| F|  |TAMS 0x00000000c6000000, 0x00000000c6000000| Untracked 
|  97|0x00000000c6100000, 0x00000000c6100000, 0x00000000c6200000|  0%| F|  |TAMS 0x00000000c6100000, 0x00000000c6100000| Untracked 
|  98|0x00000000c6200000, 0x00000000c6200000, 0x00000000c6300000|  0%| F|  |TAMS 0x00000000c6200000, 0x00000000c6200000| Untracked 
|  99|0x00000000c6300000, 0x00000000c6300000, 0x00000000c6400000|  0%| F|  |TAMS 0x00000000c6300000, 0x00000000c6300000| Untracked 
| 100|0x00000000c6400000, 0x00000000c6400000, 0x00000000c6500000|  0%| F|  |TAMS 0x00000000c6400000, 0x00000000c6400000| Untracked 
| 101|0x00000000c6500000, 0x00000000c6500000, 0x00000000c6600000|  0%| F|  |TAMS 0x00000000c6500000, 0x00000000c6500000| Untracked 
| 102|0x00000000c6600000, 0x00000000c6600000, 0x00000000c6700000|  0%| F|  |TAMS 0x00000000c6600000, 0x00000000c6600000| Untracked 
| 103|0x00000000c6700000, 0x00000000c6700000, 0x00000000c6800000|  0%| F|  |TAMS 0x00000000c6700000, 0x00000000c6700000| Untracked 
| 104|0x00000000c6800000, 0x00000000c6800000, 0x00000000c6900000|  0%| F|  |TAMS 0x00000000c6800000, 0x00000000c6800000| Untracked 
| 105|0x00000000c6900000, 0x00000000c6900000, 0x00000000c6a00000|  0%| F|  |TAMS 0x00000000c6900000, 0x00000000c6900000| Untracked 
| 106|0x00000000c6a00000, 0x00000000c6a00000, 0x00000000c6b00000|  0%| F|  |TAMS 0x00000000c6a00000, 0x00000000c6a00000| Untracked 
| 107|0x00000000c6b00000, 0x00000000c6b00000, 0x00000000c6c00000|  0%| F|  |TAMS 0x00000000c6b00000, 0x00000000c6b00000| Untracked 
| 108|0x00000000c6c00000, 0x00000000c6c00000, 0x00000000c6d00000|  0%| F|  |TAMS 0x00000000c6c00000, 0x00000000c6c00000| Untracked 
| 109|0x00000000c6d00000, 0x00000000c6d00000, 0x00000000c6e00000|  0%| F|  |TAMS 0x00000000c6d00000, 0x00000000c6d00000| Untracked 
| 110|0x00000000c6e00000, 0x00000000c6e00000, 0x00000000c6f00000|  0%| F|  |TAMS 0x00000000c6e00000, 0x00000000c6e00000| Untracked 
| 111|0x00000000c6f00000, 0x00000000c6f00000, 0x00000000c7000000|  0%| F|  |TAMS 0x00000000c6f00000, 0x00000000c6f00000| Untracked 
| 112|0x00000000c7000000, 0x00000000c7100000, 0x00000000c7100000|100%| S|CS|TAMS 0x00000000c7000000, 0x00000000c7000000| Complete 
| 113|0x00000000c7100000, 0x00000000c7200000, 0x00000000c7200000|100%| S|CS|TAMS 0x00000000c7100000, 0x00000000c7100000| Complete 
| 114|0x00000000c7200000, 0x00000000c72ffff0, 0x00000000c7300000| 99%| O|  |TAMS 0x00000000c7200000, 0x00000000c7200000| Untracked 
| 115|0x00000000c7300000, 0x00000000c73ffff8, 0x00000000c7400000| 99%| O|  |TAMS 0x00000000c7300000, 0x00000000c7300000| Untracked 
| 116|0x00000000c7400000, 0x00000000c7500000, 0x00000000c7500000|100%| S|CS|TAMS 0x00000000c7400000, 0x00000000c7400000| Complete 
| 117|0x00000000c7500000, 0x00000000c7600000, 0x00000000c7600000|100%| S|CS|TAMS 0x00000000c7500000, 0x00000000c7500000| Complete 
| 118|0x00000000c7600000, 0x00000000c76bfe50, 0x00000000c7700000| 74%| O|  |TAMS 0x00000000c7600000, 0x00000000c7600000| Untracked 
| 119|0x00000000c7700000, 0x00000000c77fff90, 0x00000000c7800000| 99%| O|  |TAMS 0x00000000c7700000, 0x00000000c7700000| Untracked 
| 120|0x00000000c7800000, 0x00000000c7900000, 0x00000000c7900000|100%| S|CS|TAMS 0x00000000c7800000, 0x00000000c7800000| Complete 
| 121|0x00000000c7900000, 0x00000000c7a00000, 0x00000000c7a00000|100%| S|CS|TAMS 0x00000000c7900000, 0x00000000c7900000| Complete 
| 122|0x00000000c7a00000, 0x00000000c7a3f000, 0x00000000c7b00000| 24%| O|  |TAMS 0x00000000c7a00000, 0x00000000c7a00000| Untracked 
| 123|0x00000000c7b00000, 0x00000000c7c00000, 0x00000000c7c00000|100%| S|CS|TAMS 0x00000000c7b00000, 0x00000000c7b00000| Complete 
| 124|0x00000000c7c00000, 0x00000000c7d00000, 0x00000000c7d00000|100%| S|CS|TAMS 0x00000000c7c00000, 0x00000000c7c00000| Complete 
| 125|0x00000000c7d00000, 0x00000000c7e00000, 0x00000000c7e00000|100%| S|CS|TAMS 0x00000000c7d00000, 0x00000000c7d00000| Complete 
| 126|0x00000000c7e00000, 0x00000000c7f00000, 0x00000000c7f00000|100%| S|CS|TAMS 0x00000000c7e00000, 0x00000000c7e00000| Complete 
| 127|0x00000000c7f00000, 0x00000000c7f00000, 0x00000000c8000000|  0%| F|  |TAMS 0x00000000c7f00000, 0x00000000c7f00000| Untracked 
| 128|0x00000000c8000000, 0x00000000c8000000, 0x00000000c8100000|  0%| F|  |TAMS 0x00000000c8000000, 0x00000000c8000000| Untracked 
| 129|0x00000000c8100000, 0x00000000c8100000, 0x00000000c8200000|  0%| F|  |TAMS 0x00000000c8100000, 0x00000000c8100000| Untracked 
| 130|0x00000000c8200000, 0x00000000c8200000, 0x00000000c8300000|  0%| F|  |TAMS 0x00000000c8200000, 0x00000000c8200000| Untracked 
| 131|0x00000000c8300000, 0x00000000c8300000, 0x00000000c8400000|  0%| F|  |TAMS 0x00000000c8300000, 0x00000000c8300000| Untracked 
| 132|0x00000000c8400000, 0x00000000c8400000, 0x00000000c8500000|  0%| F|  |TAMS 0x00000000c8400000, 0x00000000c8400000| Untracked 
| 133|0x00000000c8500000, 0x00000000c8500000, 0x00000000c8600000|  0%| F|  |TAMS 0x00000000c8500000, 0x00000000c8500000| Untracked 
| 134|0x00000000c8600000, 0x00000000c8600000, 0x00000000c8700000|  0%| F|  |TAMS 0x00000000c8600000, 0x00000000c8600000| Untracked 
| 135|0x00000000c8700000, 0x00000000c8700000, 0x00000000c8800000|  0%| F|  |TAMS 0x00000000c8700000, 0x00000000c8700000| Untracked 
| 136|0x00000000c8800000, 0x00000000c8800000, 0x00000000c8900000|  0%| F|  |TAMS 0x00000000c8800000, 0x00000000c8800000| Untracked 
| 137|0x00000000c8900000, 0x00000000c8900000, 0x00000000c8a00000|  0%| F|  |TAMS 0x00000000c8900000, 0x00000000c8900000| Untracked 
| 138|0x00000000c8a00000, 0x00000000c8a00000, 0x00000000c8b00000|  0%| F|  |TAMS 0x00000000c8a00000, 0x00000000c8a00000| Untracked 
| 139|0x00000000c8b00000, 0x00000000c8b00000, 0x00000000c8c00000|  0%| F|  |TAMS 0x00000000c8b00000, 0x00000000c8b00000| Untracked 
| 140|0x00000000c8c00000, 0x00000000c8c00000, 0x00000000c8d00000|  0%| F|  |TAMS 0x00000000c8c00000, 0x00000000c8c00000| Untracked 
| 141|0x00000000c8d00000, 0x00000000c8d00000, 0x00000000c8e00000|  0%| F|  |TAMS 0x00000000c8d00000, 0x00000000c8d00000| Untracked 
| 142|0x00000000c8e00000, 0x00000000c8e00000, 0x00000000c8f00000|  0%| F|  |TAMS 0x00000000c8e00000, 0x00000000c8e00000| Untracked 
| 143|0x00000000c8f00000, 0x00000000c8f00000, 0x00000000c9000000|  0%| F|  |TAMS 0x00000000c8f00000, 0x00000000c8f00000| Untracked 
| 144|0x00000000c9000000, 0x00000000c9000000, 0x00000000c9100000|  0%| F|  |TAMS 0x00000000c9000000, 0x00000000c9000000| Untracked 
| 145|0x00000000c9100000, 0x00000000c9100000, 0x00000000c9200000|  0%| F|  |TAMS 0x00000000c9100000, 0x00000000c9100000| Untracked 
| 146|0x00000000c9200000, 0x00000000c9200000, 0x00000000c9300000|  0%| F|  |TAMS 0x00000000c9200000, 0x00000000c9200000| Untracked 
| 147|0x00000000c9300000, 0x00000000c9300000, 0x00000000c9400000|  0%| F|  |TAMS 0x00000000c9300000, 0x00000000c9300000| Untracked 
| 148|0x00000000c9400000, 0x00000000c9400000, 0x00000000c9500000|  0%| F|  |TAMS 0x00000000c9400000, 0x00000000c9400000| Untracked 
| 149|0x00000000c9500000, 0x00000000c9500000, 0x00000000c9600000|  0%| F|  |TAMS 0x00000000c9500000, 0x00000000c9500000| Untracked 
| 150|0x00000000c9600000, 0x00000000c9600000, 0x00000000c9700000|  0%| F|  |TAMS 0x00000000c9600000, 0x00000000c9600000| Untracked 
| 151|0x00000000c9700000, 0x00000000c9700000, 0x00000000c9800000|  0%| F|  |TAMS 0x00000000c9700000, 0x00000000c9700000| Untracked 
| 152|0x00000000c9800000, 0x00000000c9800000, 0x00000000c9900000|  0%| F|  |TAMS 0x00000000c9800000, 0x00000000c9800000| Untracked 
| 153|0x00000000c9900000, 0x00000000c9900000, 0x00000000c9a00000|  0%| F|  |TAMS 0x00000000c9900000, 0x00000000c9900000| Untracked 
| 154|0x00000000c9a00000, 0x00000000c9a00000, 0x00000000c9b00000|  0%| F|  |TAMS 0x00000000c9a00000, 0x00000000c9a00000| Untracked 
| 155|0x00000000c9b00000, 0x00000000c9b00000, 0x00000000c9c00000|  0%| F|  |TAMS 0x00000000c9b00000, 0x00000000c9b00000| Untracked 
| 156|0x00000000c9c00000, 0x00000000c9c00000, 0x00000000c9d00000|  0%| F|  |TAMS 0x00000000c9c00000, 0x00000000c9c00000| Untracked 
| 157|0x00000000c9d00000, 0x00000000c9d80800, 0x00000000c9e00000| 50%| E|  |TAMS 0x00000000c9d00000, 0x00000000c9d00000| Complete 
| 158|0x00000000c9e00000, 0x00000000c9f00000, 0x00000000c9f00000|100%| E|CS|TAMS 0x00000000c9e00000, 0x00000000c9e00000| Complete 
| 159|0x00000000c9f00000, 0x00000000ca000000, 0x00000000ca000000|100%| E|CS|TAMS 0x00000000c9f00000, 0x00000000c9f00000| Complete 
| 160|0x00000000ca000000, 0x00000000ca100000, 0x00000000ca100000|100%| E|CS|TAMS 0x00000000ca000000, 0x00000000ca000000| Complete 
| 161|0x00000000ca100000, 0x00000000ca200000, 0x00000000ca200000|100%| E|CS|TAMS 0x00000000ca100000, 0x00000000ca100000| Complete 
| 162|0x00000000ca200000, 0x00000000ca300000, 0x00000000ca300000|100%| E|CS|TAMS 0x00000000ca200000, 0x00000000ca200000| Complete 
| 163|0x00000000ca300000, 0x00000000ca400000, 0x00000000ca400000|100%| E|CS|TAMS 0x00000000ca300000, 0x00000000ca300000| Complete 
| 164|0x00000000ca400000, 0x00000000ca500000, 0x00000000ca500000|100%| E|CS|TAMS 0x00000000ca400000, 0x00000000ca400000| Complete 
| 165|0x00000000ca500000, 0x00000000ca600000, 0x00000000ca600000|100%| E|CS|TAMS 0x00000000ca500000, 0x00000000ca500000| Complete 
| 166|0x00000000ca600000, 0x00000000ca700000, 0x00000000ca700000|100%| E|CS|TAMS 0x00000000ca600000, 0x00000000ca600000| Complete 
| 167|0x00000000ca700000, 0x00000000ca800000, 0x00000000ca800000|100%| E|CS|TAMS 0x00000000ca700000, 0x00000000ca700000| Complete 
| 168|0x00000000ca800000, 0x00000000ca900000, 0x00000000ca900000|100%| E|CS|TAMS 0x00000000ca800000, 0x00000000ca800000| Complete 
| 169|0x00000000ca900000, 0x00000000caa00000, 0x00000000caa00000|100%| E|CS|TAMS 0x00000000ca900000, 0x00000000ca900000| Complete 
| 170|0x00000000caa00000, 0x00000000cab00000, 0x00000000cab00000|100%| E|CS|TAMS 0x00000000caa00000, 0x00000000caa00000| Complete 
| 171|0x00000000cab00000, 0x00000000cac00000, 0x00000000cac00000|100%| E|CS|TAMS 0x00000000cab00000, 0x00000000cab00000| Complete 
| 172|0x00000000cac00000, 0x00000000cad00000, 0x00000000cad00000|100%| E|CS|TAMS 0x00000000cac00000, 0x00000000cac00000| Complete 
| 173|0x00000000cad00000, 0x00000000cae00000, 0x00000000cae00000|100%| E|CS|TAMS 0x00000000cad00000, 0x00000000cad00000| Complete 
| 174|0x00000000cae00000, 0x00000000caf00000, 0x00000000caf00000|100%| E|CS|TAMS 0x00000000cae00000, 0x00000000cae00000| Complete 
| 175|0x00000000caf00000, 0x00000000cb000000, 0x00000000cb000000|100%| E|CS|TAMS 0x00000000caf00000, 0x00000000caf00000| Complete 
| 176|0x00000000cb000000, 0x00000000cb100000, 0x00000000cb100000|100%| E|CS|TAMS 0x00000000cb000000, 0x00000000cb000000| Complete 
| 177|0x00000000cb100000, 0x00000000cb200000, 0x00000000cb200000|100%| E|CS|TAMS 0x00000000cb100000, 0x00000000cb100000| Complete 
| 178|0x00000000cb200000, 0x00000000cb300000, 0x00000000cb300000|100%| E|CS|TAMS 0x00000000cb200000, 0x00000000cb200000| Complete 
| 179|0x00000000cb300000, 0x00000000cb400000, 0x00000000cb400000|100%| E|CS|TAMS 0x00000000cb300000, 0x00000000cb300000| Complete 
| 180|0x00000000cb400000, 0x00000000cb500000, 0x00000000cb500000|100%| E|CS|TAMS 0x00000000cb400000, 0x00000000cb400000| Complete 
| 181|0x00000000cb500000, 0x00000000cb600000, 0x00000000cb600000|100%| E|CS|TAMS 0x00000000cb500000, 0x00000000cb500000| Complete 
| 182|0x00000000cb600000, 0x00000000cb700000, 0x00000000cb700000|100%| E|CS|TAMS 0x00000000cb600000, 0x00000000cb600000| Complete 
| 183|0x00000000cb700000, 0x00000000cb800000, 0x00000000cb800000|100%| E|CS|TAMS 0x00000000cb700000, 0x00000000cb700000| Complete 
| 184|0x00000000cb800000, 0x00000000cb900000, 0x00000000cb900000|100%| E|CS|TAMS 0x00000000cb800000, 0x00000000cb800000| Complete 
| 185|0x00000000cb900000, 0x00000000cba00000, 0x00000000cba00000|100%| E|CS|TAMS 0x00000000cb900000, 0x00000000cb900000| Complete 
| 186|0x00000000cba00000, 0x00000000cbb00000, 0x00000000cbb00000|100%| E|CS|TAMS 0x00000000cba00000, 0x00000000cba00000| Complete 
| 187|0x00000000cbb00000, 0x00000000cbc00000, 0x00000000cbc00000|100%| E|CS|TAMS 0x00000000cbb00000, 0x00000000cbb00000| Complete 
| 188|0x00000000cbc00000, 0x00000000cbd00000, 0x00000000cbd00000|100%| E|CS|TAMS 0x00000000cbc00000, 0x00000000cbc00000| Complete 
| 189|0x00000000cbd00000, 0x00000000cbe00000, 0x00000000cbe00000|100%| E|CS|TAMS 0x00000000cbd00000, 0x00000000cbd00000| Complete 
| 190|0x00000000cbe00000, 0x00000000cbf00000, 0x00000000cbf00000|100%| E|CS|TAMS 0x00000000cbe00000, 0x00000000cbe00000| Complete 
| 191|0x00000000cbf00000, 0x00000000cc000000, 0x00000000cc000000|100%| E|CS|TAMS 0x00000000cbf00000, 0x00000000cbf00000| Complete 
| 192|0x00000000cc000000, 0x00000000cc100000, 0x00000000cc100000|100%| E|CS|TAMS 0x00000000cc000000, 0x00000000cc000000| Complete 
| 193|0x00000000cc100000, 0x00000000cc200000, 0x00000000cc200000|100%| E|CS|TAMS 0x00000000cc100000, 0x00000000cc100000| Complete 
| 194|0x00000000cc200000, 0x00000000cc300000, 0x00000000cc300000|100%| E|CS|TAMS 0x00000000cc200000, 0x00000000cc200000| Complete 
| 195|0x00000000cc300000, 0x00000000cc400000, 0x00000000cc400000|100%| E|CS|TAMS 0x00000000cc300000, 0x00000000cc300000| Complete 
| 196|0x00000000cc400000, 0x00000000cc500000, 0x00000000cc500000|100%| E|CS|TAMS 0x00000000cc400000, 0x00000000cc400000| Complete 
| 197|0x00000000cc500000, 0x00000000cc600000, 0x00000000cc600000|100%| E|CS|TAMS 0x00000000cc500000, 0x00000000cc500000| Complete 
| 198|0x00000000cc600000, 0x00000000cc700000, 0x00000000cc700000|100%| E|CS|TAMS 0x00000000cc600000, 0x00000000cc600000| Complete 
| 199|0x00000000cc700000, 0x00000000cc800000, 0x00000000cc800000|100%| E|CS|TAMS 0x00000000cc700000, 0x00000000cc700000| Complete 
| 200|0x00000000cc800000, 0x00000000cc900000, 0x00000000cc900000|100%| E|CS|TAMS 0x00000000cc800000, 0x00000000cc800000| Complete 
| 201|0x00000000cc900000, 0x00000000cca00000, 0x00000000cca00000|100%| E|CS|TAMS 0x00000000cc900000, 0x00000000cc900000| Complete 
| 202|0x00000000cca00000, 0x00000000ccb00000, 0x00000000ccb00000|100%| E|CS|TAMS 0x00000000cca00000, 0x00000000cca00000| Complete 
| 203|0x00000000ccb00000, 0x00000000ccc00000, 0x00000000ccc00000|100%| E|CS|TAMS 0x00000000ccb00000, 0x00000000ccb00000| Complete 
| 204|0x00000000ccc00000, 0x00000000ccd00000, 0x00000000ccd00000|100%| E|CS|TAMS 0x00000000ccc00000, 0x00000000ccc00000| Complete 
| 205|0x00000000ccd00000, 0x00000000cce00000, 0x00000000cce00000|100%| E|CS|TAMS 0x00000000ccd00000, 0x00000000ccd00000| Complete 
| 206|0x00000000cce00000, 0x00000000ccf00000, 0x00000000ccf00000|100%| E|CS|TAMS 0x00000000cce00000, 0x00000000cce00000| Complete 
| 207|0x00000000ccf00000, 0x00000000cd000000, 0x00000000cd000000|100%| E|CS|TAMS 0x00000000ccf00000, 0x00000000ccf00000| Complete 
| 208|0x00000000cd000000, 0x00000000cd100000, 0x00000000cd100000|100%| E|CS|TAMS 0x00000000cd000000, 0x00000000cd000000| Complete 
| 209|0x00000000cd100000, 0x00000000cd200000, 0x00000000cd200000|100%| E|CS|TAMS 0x00000000cd100000, 0x00000000cd100000| Complete 

Card table byte_map: [0x000001ebd60e0000,0x000001ebd62e0000] _byte_map_base: 0x000001ebd5ae0000

Marking Bits (Prev, Next): (CMBitMap*) 0x000001ebd3185ff8, (CMBitMap*) 0x000001ebd3185fb8
 Prev Bits: [0x000001ebf14c0000, 0x000001ebf24c0000)
 Next Bits: [0x000001ebf04c0000, 0x000001ebf14c0000)

Polling page: 0x000001ebd5090000

Metaspace:

Usage:
  Non-class:      9.89 MB capacity,     8.60 MB ( 87%) used,     1.26 MB ( 13%) free+waste,    35.00 KB ( <1%) overhead. 
      Class:      1.94 MB capacity,     1.62 MB ( 83%) used,   312.81 KB ( 16%) free+waste,    20.44 KB (  1%) overhead. 
       Both:     11.84 MB capacity,    10.22 MB ( 86%) used,     1.56 MB ( 13%) free+waste,    55.44 KB ( <1%) overhead. 

Virtual space:
  Non-class space:       10.00 MB reserved,      10.00 MB (100%) committed 
      Class space:        1.00 GB reserved,       2.00 MB ( <1%) committed 
             Both:        1.01 GB reserved,      12.00 MB (  1%) committed 

Chunk freelists:
   Non-Class:  46.00 KB
       Class:  0 bytes
        Both:  46.00 KB

MaxMetaspaceSize: 17179869184.00 GB
CompressedClassSpaceSize: 1.00 GB

CodeHeap 'non-profiled nmethods': size=120000Kb used=1893Kb max_used=1893Kb free=118107Kb
 bounds [0x000001ebe8f90000, 0x000001ebe9200000, 0x000001ebf04c0000]
CodeHeap 'profiled nmethods': size=120000Kb used=5285Kb max_used=5285Kb free=114714Kb
 bounds [0x000001ebe1a60000, 0x000001ebe1f90000, 0x000001ebe8f90000]
CodeHeap 'non-nmethods': size=5760Kb used=1169Kb max_used=1282Kb free=4590Kb
 bounds [0x000001ebe14c0000, 0x000001ebe1730000, 0x000001ebe1a60000]
 total_blobs=3162 nmethods=2746 adapters=327
 compilation: enabled
              stopped_count=0, restarted_count=0
 full_count=0

Compilation events (20 events):
Event: 7.420 Thread 0x000001ebd6b1b000 2751       1       scala.collection.mutable.DefaultEntry::next_$eq (6 bytes)
Event: 7.420 Thread 0x000001ebd6b1b000 nmethod 2751 0x000001ebe9167290 code [0x000001ebe9167420, 0x000001ebe9167538]
Event: 7.421 Thread 0x000001ebd6b1b000 2752       1       scala.collection.mutable.DefaultEntry::key (5 bytes)
Event: 7.421 Thread 0x000001ebd6b1b000 nmethod 2752 0x000001ebe9167590 code [0x000001ebe9167720, 0x000001ebe91677f8]
Event: 7.422 Thread 0x000001ebd6b0a800 nmethod 2746 0x000001ebe9167890 code [0x000001ebe9167a40, 0x000001ebe9167ba8]
Event: 7.423 Thread 0x000001ebd6b1b000 2753       3       java.lang.PublicMethods$Key::equals (52 bytes)
Event: 7.423 Thread 0x000001ebd6b1b000 nmethod 2753 0x000001ebe1f84b90 code [0x000001ebe1f84d60, 0x000001ebe1f85208]
Event: 7.425 Thread 0x000001ebd6b1b000 2754       3       java.util.TreeMap::put (247 bytes)
Event: 7.426 Thread 0x000001ebd6b1b000 nmethod 2754 0x000001ebe1f85310 code [0x000001ebe1f855e0, 0x000001ebe1f869f8]
Event: 7.427 Thread 0x000001ebd6b0a800 2755       4       java.util.Arrays::copyOf (40 bytes)
Event: 7.428 Thread 0x000001ebd6b1b000 2757       3       jdk.internal.org.objectweb.asm.SymbolTable::addTypeInternal (85 bytes)
Event: 7.428 Thread 0x000001ebd6b1b000 nmethod 2757 0x000001ebe1f86f90 code [0x000001ebe1f87180, 0x000001ebe1f877f8]
Event: 7.428 Thread 0x000001ebd6b1b000 2758       3       jdk.internal.org.objectweb.asm.Frame::push (63 bytes)
Event: 7.429 Thread 0x000001ebd6b1b000 nmethod 2758 0x000001ebe1f87990 code [0x000001ebe1f87c00, 0x000001ebe1f885a8]
Event: 7.429 Thread 0x000001ebd6b1b000 2759       3       java.util.Spliterators$ArraySpliterator::forEachRemaining (68 bytes)
Event: 7.430 Thread 0x000001ebd6b1b000 nmethod 2759 0x000001ebe1f88990 code [0x000001ebe1f88b60, 0x000001ebe1f89018]
Event: 7.430 Thread 0x000001ebd6b1b000 2760       3       java.util.stream.Collectors$$Lambda$14/0x0000000800b96840::apply (8 bytes)
Event: 7.430 Thread 0x000001ebd6b1b000 nmethod 2760 0x000001ebe1f89190 code [0x000001ebe1f89340, 0x000001ebe1f895a8]
Event: 7.432 Thread 0x000001ebd6b0a800 nmethod 2755 0x000001ebe9167c90 code [0x000001ebe9167e80, 0x000001ebe9168338]
Event: 7.432 Thread 0x000001ebd6b0a800 2756       4       java.util.stream.ReferencePipeline$3$1::accept (23 bytes)

GC Heap History (20 events):
Event: 5.126 GC heap before
{Heap before GC invocations=26 (full 6):
 garbage-first heap   total 116736K, used 58275K [0x00000000c0000000, 0x0000000100000000)
  region size 1024K, 18 young (18432K), 7 survivors (7168K)
 Metaspace       used 10108K, capacity 11753K, committed 11904K, reserved 1058816K
  class space    used 1578K, capacity 1913K, committed 1920K, reserved 1048576K
}
Event: 5.220 GC heap after
{Heap after GC invocations=27 (full 7):
 garbage-first heap   total 116736K, used 46568K [0x00000000c0000000, 0x0000000100000000)
  region size 1024K, 0 young (0K), 0 survivors (0K)
 Metaspace       used 10108K, capacity 11753K, committed 11904K, reserved 1058816K
  class space    used 1578K, capacity 1913K, committed 1920K, reserved 1048576K
}
Event: 5.396 GC heap before
{Heap before GC invocations=27 (full 7):
 garbage-first heap   total 116736K, used 85480K [0x00000000c0000000, 0x0000000100000000)
  region size 1024K, 38 young (38912K), 0 survivors (0K)
 Metaspace       used 10128K, capacity 11828K, committed 11904K, reserved 1058816K
  class space    used 1578K, capacity 1913K, committed 1920K, reserved 1048576K
}
Event: 5.411 GC heap after
{Heap after GC invocations=28 (full 7):
 garbage-first heap   total 116736K, used 51688K [0x00000000c0000000, 0x0000000100000000)
  region size 1024K, 5 young (5120K), 5 survivors (5120K)
 Metaspace       used 10128K, capacity 11828K, committed 11904K, reserved 1058816K
  class space    used 1578K, capacity 1913K, committed 1920K, reserved 1048576K
}
Event: 5.573 GC heap before
{Heap before GC invocations=28 (full 7):
 garbage-first heap   total 116736K, used 88552K [0x00000000c0000000, 0x0000000100000000)
  region size 1024K, 41 young (41984K), 5 survivors (5120K)
 Metaspace       used 10128K, capacity 11828K, committed 11904K, reserved 1058816K
  class space    used 1578K, capacity 1913K, committed 1920K, reserved 1048576K
}
Event: 5.599 GC heap after
{Heap after GC invocations=29 (full 7):
 garbage-first heap   total 116736K, used 56184K [0x00000000c0000000, 0x0000000100000000)
  region size 1024K, 5 young (5120K), 5 survivors (5120K)
 Metaspace       used 10128K, capacity 11828K, committed 11904K, reserved 1058816K
  class space    used 1578K, capacity 1913K, committed 1920K, reserved 1048576K
}
Event: 5.659 GC heap before
{Heap before GC invocations=29 (full 7):
 garbage-first heap   total 116736K, used 70520K [0x00000000c0000000, 0x0000000100000000)
  region size 1024K, 20 young (20480K), 5 survivors (5120K)
 Metaspace       used 10128K, capacity 11828K, committed 11904K, reserved 1058816K
  class space    used 1578K, capacity 1913K, committed 1920K, reserved 1048576K
}
Event: 5.800 GC heap after
{Heap after GC invocations=30 (full 8):
 garbage-first heap   total 116736K, used 57206K [0x00000000c0000000, 0x0000000100000000)
  region size 1024K, 0 young (0K), 0 survivors (0K)
 Metaspace       used 10128K, capacity 11828K, committed 11904K, reserved 1058816K
  class space    used 1578K, capacity 1913K, committed 1920K, reserved 1048576K
}
Event: 5.974 GC heap before
{Heap before GC invocations=30 (full 8):
 garbage-first heap   total 116736K, used 90998K [0x00000000c0000000, 0x0000000100000000)
  region size 1024K, 33 young (33792K), 0 survivors (0K)
 Metaspace       used 10196K, capacity 11861K, committed 12032K, reserved 1058816K
  class space    used 1618K, capacity 1945K, committed 2048K, reserved 1048576K
}
Event: 5.990 GC heap after
{Heap after GC invocations=31 (full 8):
 garbage-first heap   total 241664K, used 62266K [0x00000000c0000000, 0x0000000100000000)
  region size 1024K, 5 young (5120K), 5 survivors (5120K)
 Metaspace       used 10196K, capacity 11861K, committed 12032K, reserved 1058816K
  class space    used 1618K, capacity 1945K, committed 2048K, reserved 1048576K
}
Event: 6.111 GC heap before
{Heap before GC invocations=31 (full 8):
 garbage-first heap   total 241664K, used 74554K [0x00000000c0000000, 0x0000000100000000)
  region size 1024K, 18 young (18432K), 5 survivors (5120K)
 Metaspace       used 10203K, capacity 11867K, committed 12032K, reserved 1058816K
  class space    used 1621K, capacity 1948K, committed 2048K, reserved 1048576K
}
Event: 6.237 GC heap after
{Heap after GC invocations=32 (full 9):
 garbage-first heap   total 215040K, used 62220K [0x00000000c0000000, 0x0000000100000000)
  region size 1024K, 0 young (0K), 0 survivors (0K)
 Metaspace       used 10203K, capacity 11867K, committed 12032K, reserved 1058816K
  class space    used 1621K, capacity 1948K, committed 2048K, reserved 1048576K
}
Event: 6.295 GC heap before
{Heap before GC invocations=32 (full 9):
 garbage-first heap   total 215040K, used 75532K [0x00000000c0000000, 0x0000000100000000)
  region size 1024K, 14 young (14336K), 0 survivors (0K)
 Metaspace       used 10207K, capacity 11867K, committed 12032K, reserved 1058816K
  class space    used 1621K, capacity 1948K, committed 2048K, reserved 1048576K
}
Event: 6.386 GC heap after
{Heap after GC invocations=33 (full 10):
 garbage-first heap   total 215040K, used 63452K [0x00000000c0000000, 0x0000000100000000)
  region size 1024K, 0 young (0K), 0 survivors (0K)
 Metaspace       used 10207K, capacity 11867K, committed 12032K, reserved 1058816K
  class space    used 1621K, capacity 1948K, committed 2048K, reserved 1048576K
}
Event: 6.712 GC heap before
{Heap before GC invocations=33 (full 10):
 garbage-first heap   total 215040K, used 152540K [0x00000000c0000000, 0x0000000100000000)
  region size 1024K, 87 young (89088K), 0 survivors (0K)
 Metaspace       used 10211K, capacity 11868K, committed 12032K, reserved 1058816K
  class space    used 1621K, capacity 1948K, committed 2048K, reserved 1048576K
}
Event: 6.731 GC heap after
{Heap after GC invocations=34 (full 10):
 garbage-first heap   total 215040K, used 73692K [0x00000000c0000000, 0x0000000100000000)
  region size 1024K, 10 young (10240K), 10 survivors (10240K)
 Metaspace       used 10211K, capacity 11868K, committed 12032K, reserved 1058816K
  class space    used 1621K, capacity 1948K, committed 2048K, reserved 1048576K
}
Event: 6.803 GC heap before
{Heap before GC invocations=34 (full 10):
 garbage-first heap   total 215040K, used 90076K [0x00000000c0000000, 0x0000000100000000)
  region size 1024K, 27 young (27648K), 10 survivors (10240K)
 Metaspace       used 10211K, capacity 11868K, committed 12032K, reserved 1058816K
  class space    used 1621K, capacity 1948K, committed 2048K, reserved 1048576K
}
Event: 6.908 GC heap after
{Heap after GC invocations=35 (full 11):
 garbage-first heap   total 215040K, used 70455K [0x00000000c0000000, 0x0000000100000000)
  region size 1024K, 0 young (0K), 0 survivors (0K)
 Metaspace       used 10211K, capacity 11868K, committed 12032K, reserved 1058816K
  class space    used 1621K, capacity 1948K, committed 2048K, reserved 1048576K
}
Event: 7.196 GC heap before
{Heap before GC invocations=35 (full 11):
 garbage-first heap   total 215040K, used 155447K [0x00000000c0000000, 0x0000000100000000)
  region size 1024K, 83 young (84992K), 0 survivors (0K)
 Metaspace       used 10211K, capacity 11868K, committed 12032K, reserved 1058816K
  class space    used 1621K, capacity 1948K, committed 2048K, reserved 1048576K
}
Event: 7.213 GC heap after
{Heap after GC invocations=36 (full 11):
 garbage-first heap   total 215040K, used 80695K [0x00000000c0000000, 0x0000000100000000)
  region size 1024K, 10 young (10240K), 10 survivors (10240K)
 Metaspace       used 10211K, capacity 11868K, committed 12032K, reserved 1058816K
  class space    used 1621K, capacity 1948K, committed 2048K, reserved 1048576K
}

Deoptimization events (20 events):
Event: 7.168 Thread 0x000001ebd688a800 Uncommon trap: trap_request=0xffffffde fr.pc=0x000001ebe914f5cc relative=0x00000000000001cc
Event: 7.168 Thread 0x000001ebd688a800 Uncommon trap: reason=class_check action=maybe_recompile pc=0x000001ebe914f5cc method=scala.collection.mutable.MapBuilder.$plus$eq(Lscala/Tuple2;)Lscala/collection/mutable/MapBuilder; @ 6 c2
Event: 7.168 Thread 0x000001ebd688a800 DEOPT PACKING pc=0x000001ebe914f5cc sp=0x000000e1ec7e9b00
Event: 7.168 Thread 0x000001ebd688a800 DEOPT UNPACKING pc=0x000001ebe150912f sp=0x000000e1ec7e9970 mode 2
Event: 7.168 Thread 0x000001ebd688a800 Uncommon trap: trap_request=0xffffffde fr.pc=0x000001ebe914ebc0 relative=0x0000000000000560
Event: 7.168 Thread 0x000001ebd688a800 Uncommon trap: reason=class_check action=maybe_recompile pc=0x000001ebe914ebc0 method=scala.collection.mutable.MapBuilder.$plus$eq(Lscala/Tuple2;)Lscala/collection/mutable/MapBuilder; @ 6 c2
Event: 7.168 Thread 0x000001ebd688a800 DEOPT PACKING pc=0x000001ebe914ebc0 sp=0x000000e1ec7e9a00
Event: 7.168 Thread 0x000001ebd688a800 DEOPT UNPACKING pc=0x000001ebe150912f sp=0x000000e1ec7e9968 mode 2
Event: 7.169 Thread 0x000001ebd688a800 Uncommon trap: trap_request=0xffffffc6 fr.pc=0x000001ebe914c144 relative=0x0000000000002884
Event: 7.169 Thread 0x000001ebd688a800 Uncommon trap: reason=bimorphic_or_optimized_type_check action=maybe_recompile pc=0x000001ebe914c144 method=scala.collection.immutable.HashMap$HashTrieMap.updated0(Ljava/lang/Object;IILjava/lang/Object;Lscala/Tuple2;Lscala/collection/immutable/HashMap$Mer
Event: 7.169 Thread 0x000001ebd688a800 DEOPT PACKING pc=0x000001ebe914c144 sp=0x000000e1ec7e98a0
Event: 7.169 Thread 0x000001ebd688a800 DEOPT UNPACKING pc=0x000001ebe150912f sp=0x000000e1ec7e96c8 mode 2
Event: 7.373 Thread 0x000001ebd688a800 Uncommon trap: trap_request=0xffffff45 fr.pc=0x000001ebe9071220 relative=0x0000000000000680
Event: 7.373 Thread 0x000001ebd688a800 Uncommon trap: reason=unstable_if action=reinterpret pc=0x000001ebe9071220 method=scala.collection.immutable.HashMap$HashTrieMap.get0(Ljava/lang/Object;II)Lscala/Option; @ 13 c2
Event: 7.373 Thread 0x000001ebd688a800 DEOPT PACKING pc=0x000001ebe9071220 sp=0x000000e1ec7e9ea0
Event: 7.373 Thread 0x000001ebd688a800 DEOPT UNPACKING pc=0x000001ebe150912f sp=0x000000e1ec7e9e10 mode 2
Event: 7.423 Thread 0x000001ebd688a800 Uncommon trap: trap_request=0xffffffde fr.pc=0x000001ebe90d2ea8 relative=0x0000000000001628
Event: 7.423 Thread 0x000001ebd688a800 Uncommon trap: reason=class_check action=maybe_recompile pc=0x000001ebe90d2ea8 method=java.util.HashMap.putVal(ILjava/lang/Object;Ljava/lang/Object;ZZ)Ljava/lang/Object; @ 203 c2
Event: 7.423 Thread 0x000001ebd688a800 DEOPT PACKING pc=0x000001ebe90d2ea8 sp=0x000000e1ec7e9330
Event: 7.423 Thread 0x000001ebd688a800 DEOPT UNPACKING pc=0x000001ebe150912f sp=0x000000e1ec7e92d0 mode 2

Classes unloaded (0 events):
No events

Classes redefined (0 events):
No events

Internal exceptions (20 events):
Event: 0.527 Thread 0x000001ebd688a800 Exception <a 'java/lang/IncompatibleClassChangeError'{0x00000000c7a1e130}: Found class java.lang.Object, but interface was expected> (0x00000000c7a1e130) 
thrown [./open/src/hotspot/share/interpreter/linkResolver.cpp, line 832]
Event: 0.789 Thread 0x000001ebd688a800 Exception <a 'java/lang/NoSuchMethodError'{0x00000000c0947698}: 'void java.lang.invoke.DirectMethodHandle$Holder.invokeSpecial(java.lang.Object, java.lang.Object, java.lang.Object, java.lang.Object)'> (0x00000000c0947698) 
thrown [./open/src/hotspot/share/interpreter/linkResolver.cpp, line 766]
Event: 1.440 Thread 0x000001ebd688a800 Exception <a 'java/lang/NoSuchMethodError'{0x00000000c0fdda88}: 'java.lang.Object java.lang.invoke.Invokers$Holder.invokeExact_MT(java.lang.Object, java.lang.Object, java.lang.Object, java.lang.Object, java.lang.Object, java.lang.Object)'> (0x00000000c0fdda88) 
thrown [./open/src/hotspot/share/interpreter/linkResolver.cpp, line 766]
Event: 1.785 Thread 0x000001ebd688a800 Exception <a 'java/lang/NoSuchMethodError'{0x00000000c13cabc8}: 'java.lang.Object java.lang.invoke.DirectMethodHandle$Holder.invokeStaticInit(java.lang.Object, java.lang.Object, java.lang.Object)'> (0x00000000c13cabc8) 
thrown [./open/src/hotspot/share/interpreter/linkResolver.cpp, line 766]
Event: 1.857 Thread 0x000001ebd688a800 Exception <a 'java/lang/NoSuchMethodError'{0x00000000c10002a0}: 'int java.lang.invoke.DirectMethodHandle$Holder.invokeSpecialIFC(java.lang.Object, java.lang.Object, int)'> (0x00000000c10002a0) 
thrown [./open/src/hotspot/share/interpreter/linkResolver.cpp, line 766]
Event: 1.888 Thread 0x000001ebd688a800 Exception <a 'java/lang/NoSuchMethodError'{0x00000000c10780f0}: 'int java.lang.invoke.DirectMethodHandle$Holder.invokeStatic(java.lang.Object, java.lang.Object, int)'> (0x00000000c10780f0) 
thrown [./open/src/hotspot/share/interpreter/linkResolver.cpp, line 766]
Event: 1.949 Thread 0x000001ebd688a800 Exception <a 'java/lang/NoSuchMethodError'{0x00000000c0f9a298}: 'java.lang.Object java.lang.invoke.DirectMethodHandle$Holder.invokeStatic(java.lang.Object, java.lang.Object, int, java.lang.Object)'> (0x00000000c0f9a298) 
thrown [./open/src/hotspot/share/interpreter/linkResolver.cpp, line 766]
Event: 1.949 Thread 0x000001ebd688a800 Exception <a 'java/lang/NoSuchMethodError'{0x00000000c0fa01a0}: 'java.lang.Object java.lang.invoke.Invokers$Holder.linkToTargetMethod(java.lang.Object, int, java.lang.Object, java.lang.Object)'> (0x00000000c0fa01a0) 
thrown [./open/src/hotspot/share/interpreter/linkResolver.cpp, line 766]
Event: 1.983 Thread 0x000001ebd688a800 Exception <a 'java/lang/NoSuchMethodError'{0x00000000c0e71a58}: 'java.lang.Object java.lang.invoke.DirectMethodHandle$Holder.invokeStaticInit(java.lang.Object, java.lang.Object, java.lang.Object, java.lang.Object)'> (0x00000000c0e71a58) 
thrown [./open/src/hotspot/share/interpreter/linkResolver.cpp, line 766]
Event: 2.451 Thread 0x000001ebd688a800 Exception <a 'java/lang/NoSuchMethodError'{0x00000000c3cecb68}: 'java.lang.Object java.lang.invoke.Invokers$Holder.linkToTargetMethod(java.lang.Object, int, java.lang.Object)'> (0x00000000c3cecb68) 
thrown [./open/src/hotspot/share/interpreter/linkResolver.cpp, line 766]
Event: 2.460 Thread 0x000001ebd688a800 Exception <a 'java/lang/NoSuchMethodError'{0x00000000c3b10de0}: 'java.lang.Object java.lang.invoke.DirectMethodHandle$Holder.invokeStatic(java.lang.Object, int, java.lang.Object)'> (0x00000000c3b10de0) 
thrown [./open/src/hotspot/share/interpreter/linkResolver.cpp, line 766]
Event: 2.468 Thread 0x000001ebd688a800 Exception <a 'java/lang/NoSuchMethodError'{0x00000000c3b27820}: 'java.lang.Object java.lang.invoke.DirectMethodHandle$Holder.invokeStatic(java.lang.Object, int, int, java.lang.Object)'> (0x00000000c3b27820) 
thrown [./open/src/hotspot/share/interpreter/linkResolver.cpp, line 766]
Event: 3.962 Thread 0x000001ebd688a800 Exception <a 'java/lang/NoSuchMethodError'{0x00000000c6482eb8}: 'java.lang.Object java.lang.invoke.DirectMethodHandle$Holder.invokeStatic(java.lang.Object, java.lang.Object, java.lang.Object, java.lang.Object, int, java.lang.Object)'> (0x00000000c6482eb8) 
thrown [./open/src/hotspot/share/interpreter/linkResolver.cpp, line 766]
Event: 3.962 Thread 0x000001ebd688a800 Exception <a 'java/lang/NoSuchMethodError'{0x00000000c6486458}: 'java.lang.Object java.lang.invoke.DirectMethodHandle$Holder.invokeSpecial(java.lang.Object, java.lang.Object, java.lang.Object, java.lang.Object, java.lang.Object, int, java.lang.Object)'> (0x00000000c6486458) 
thrown [./open/src/hotspot/share/interpreter/linkResolver.cpp, line 766]
Event: 3.963 Thread 0x000001ebd688a800 Exception <a 'java/lang/NoSuchMethodError'{0x00000000c64892c8}: 'java.lang.Object java.lang.invoke.Invokers$Holder.linkToTargetMethod(java.lang.Object, java.lang.Object, java.lang.Object, int, java.lang.Object, java.lang.Object)'> (0x00000000c64892c8) 
thrown [./open/src/hotspot/share/interpreter/linkResolver.cpp, line 766]
Event: 3.996 Thread 0x000001ebd688a800 Exception <a 'java/lang/NoSuchMethodError'{0x00000000c64c7e28}: 'java.lang.Object java.lang.invoke.DirectMethodHandle$Holder.invokeStaticInit(java.lang.Object, java.lang.Object, java.lang.Object, java.lang.Object, java.lang.Object)'> (0x00000000c64c7e28) 
thrown [./open/src/hotspot/share/interpreter/linkResolver.cpp, line 766]
Event: 3.998 Thread 0x000001ebd688a800 Exception <a 'java/lang/NoSuchMethodError'{0x00000000c64ceaa8}: 'java.lang.Object java.lang.invoke.Invokers$Holder.invoke_MT(java.lang.Object, java.lang.Object, java.lang.Object, java.lang.Object, java.lang.Object, java.lang.Object)'> (0x00000000c64ceaa8) 
thrown [./open/src/hotspot/share/interpreter/linkResolver.cpp, line 766]
Event: 4.003 Thread 0x000001ebd688a800 Exception <a 'java/lang/NoSuchMethodError'{0x00000000c64d91a8}: 'java.lang.Object java.lang.invoke.Invokers$Holder.invoker(java.lang.Object, java.lang.Object, java.lang.Object)'> (0x00000000c64d91a8) 
thrown [./open/src/hotspot/share/interpreter/linkResolver.cpp, line 766]
Event: 4.008 Thread 0x000001ebd688a800 Exception <a 'java/lang/NoSuchMethodError'{0x00000000c64e7c80}: 'void java.lang.invoke.DelegatingMethodHandle$Holder.delegate(java.lang.Object, java.lang.Object, int, java.lang.Object)'> (0x00000000c64e7c80) 
thrown [./open/src/hotspot/share/interpreter/linkResolver.cpp, line 766]
Event: 4.009 Thread 0x000001ebd688a800 Exception <a 'java/lang/NoSuchMethodError'{0x00000000c64eef98}: 'java.lang.Object java.lang.invoke.Invokers$Holder.invokeExact_MT(java.lang.Object, java.lang.Object, java.lang.Object, java.lang.Object)'> (0x00000000c64eef98) 
thrown [./open/src/hotspot/share/interpreter/linkResolver.cpp, line 766]

Events (20 events):
Event: 5.990 Executing VM operation: G1CollectForAllocation done
Event: 6.111 Executing VM operation: G1CollectFull
Event: 6.238 Executing VM operation: G1CollectFull done
Event: 6.241 Thread 0x000001ebf509c800 Thread exited: 0x000001ebf509c800
Event: 6.295 Executing VM operation: G1CollectFull
Event: 6.386 Executing VM operation: G1CollectFull done
Event: 6.712 Executing VM operation: G1CollectForAllocation
Event: 6.731 Executing VM operation: G1CollectForAllocation done
Event: 6.803 Executing VM operation: G1CollectFull
Event: 6.908 Executing VM operation: G1CollectFull done
Event: 7.170 Thread 0x000001ebf509c800 Thread added: 0x000001ebf509c800
Event: 7.196 Executing VM operation: G1CollectForAllocation
Event: 7.213 Executing VM operation: G1CollectForAllocation done
Event: 7.412 Thread 0x000001ebf509c800 Thread exited: 0x000001ebf509c800
Event: 7.422 loading class java/util/function/UnaryOperator
Event: 7.422 loading class java/util/function/UnaryOperator done
Event: 7.422 loading class java/util/function/IntFunction
Event: 7.422 loading class java/util/function/IntFunction done
Event: 7.427 loading class java/lang/SafeVarargs
Event: 7.427 loading class java/lang/SafeVarargs done


Dynamic libraries:
0x000000001c6a0000 - 0x000000001c6bb000 	C:\Users\user\anaconda3\envs\py36\python.exe
0x00007ffe42360000 - 0x00007ffe42550000 	C:\WINDOWS\SYSTEM32\ntdll.dll
0x00007ffe40e80000 - 0x00007ffe40f32000 	C:\WINDOWS\System32\KERNEL32.DLL
0x00007ffe3f580000 - 0x00007ffe3f824000 	C:\WINDOWS\System32\KERNELBASE.dll
0x00007ffe3f830000 - 0x00007ffe3f92a000 	C:\WINDOWS\System32\ucrtbase.dll
0x0000000065dd0000 - 0x0000000066173000 	C:\Users\user\anaconda3\envs\py36\python36.dll
0x00007ffe27cc0000 - 0x00007ffe27cd5000 	C:\Users\user\anaconda3\envs\py36\VCRUNTIME140.dll
0x00007ffe40410000 - 0x00007ffe40462000 	C:\WINDOWS\System32\SHLWAPI.dll
0x00007ffe42280000 - 0x00007ffe4231e000 	C:\WINDOWS\System32\msvcrt.dll
0x00007ffe40780000 - 0x00007ffe40ab5000 	C:\WINDOWS\System32\combase.dll
0x00007ffe40c20000 - 0x00007ffe40d40000 	C:\WINDOWS\System32\RPCRT4.dll
0x00007ffe3f9e0000 - 0x00007ffe3fa60000 	C:\WINDOWS\System32\bcryptPrimitives.dll
0x00007ffe41a70000 - 0x00007ffe41a96000 	C:\WINDOWS\System32\GDI32.dll
0x00007ffe3f4b0000 - 0x00007ffe3f4d1000 	C:\WINDOWS\System32\win32u.dll
0x00007ffe3fa80000 - 0x00007ffe3fc16000 	C:\WINDOWS\System32\gdi32full.dll
0x00007ffe3f4e0000 - 0x00007ffe3f57e000 	C:\WINDOWS\System32\msvcp_win.dll
0x00007ffe41630000 - 0x00007ffe417c5000 	C:\WINDOWS\System32\USER32.dll
0x00007ffe40e10000 - 0x00007ffe40e7f000 	C:\WINDOWS\System32\WS2_32.dll
0x00007ffe40b70000 - 0x00007ffe40c13000 	C:\WINDOWS\System32\ADVAPI32.dll
0x00007ffe41ad0000 - 0x00007ffe41b67000 	C:\WINDOWS\System32\sechost.dll
0x00007ffe34d10000 - 0x00007ffe34d1a000 	C:\WINDOWS\SYSTEM32\VERSION.dll
0x00007ffe41aa0000 - 0x00007ffe41ace000 	C:\WINDOWS\System32\IMM32.DLL
0x00007ffe3fa60000 - 0x00007ffe3fa77000 	C:\WINDOWS\System32\CRYPTSP.dll
0x00007ffe3df60000 - 0x00007ffe3df93000 	C:\WINDOWS\system32\rsaenh.dll
0x00007ffe3f2e0000 - 0x00007ffe3f306000 	C:\WINDOWS\System32\bcrypt.dll
0x00007ffe3e5c0000 - 0x00007ffe3e5cc000 	C:\WINDOWS\SYSTEM32\CRYPTBASE.dll
0x00007ffe24740000 - 0x00007ffe2474f000 	C:\Users\user\anaconda3\envs\py36\python3.dll
0x0000000065db0000 - 0x0000000065dc8000 	C:\Users\user\anaconda3\envs\py36\DLLs\_bz2.pyd
0x00007ffe219f0000 - 0x00007ffe21a31000 	C:\Users\user\anaconda3\envs\py36\DLLs\_lzma.pyd
0x00007ffdfb7a0000 - 0x00007ffdfb942000 	C:\Users\user\anaconda3\envs\py36\DLLs\_hashlib.pyd
0x0000000065d50000 - 0x0000000065d73000 	C:\Users\user\anaconda3\envs\py36\DLLs\_ctypes.pyd
0x00007ffe417d0000 - 0x00007ffe41927000 	C:\WINDOWS\System32\ole32.dll
0x00007ffe40d40000 - 0x00007ffe40e05000 	C:\WINDOWS\System32\OLEAUT32.dll
0x00007ffe40f40000 - 0x00007ffe41627000 	C:\WINDOWS\System32\shell32.DLL
0x00007ffe3f310000 - 0x00007ffe3f35a000 	C:\WINDOWS\System32\cfgmgr32.dll
0x00007ffe40ac0000 - 0x00007ffe40b69000 	C:\WINDOWS\System32\shcore.dll
0x00007ffe3fc80000 - 0x00007ffe40402000 	C:\WINDOWS\System32\windows.storage.dll
0x00007ffe3f240000 - 0x00007ffe3f263000 	C:\WINDOWS\System32\profapi.dll
0x00007ffe3f270000 - 0x00007ffe3f2ba000 	C:\WINDOWS\System32\powrprof.dll
0x00007ffe3f210000 - 0x00007ffe3f220000 	C:\WINDOWS\System32\UMPDC.dll
0x00007ffe3f2c0000 - 0x00007ffe3f2d1000 	C:\WINDOWS\System32\kernel.appcore.dll
0x0000000065be0000 - 0x0000000065bf7000 	C:\Users\user\anaconda3\envs\py36\DLLs\_sqlite3.pyd
0x00007ffdfab30000 - 0x00007ffdfacaf000 	C:\Users\user\anaconda3\envs\py36\Library\bin\sqlite3.dll
0x0000000065d80000 - 0x0000000065d89000 	C:\Users\user\anaconda3\envs\py36\DLLs\select.pyd
0x0000000065d40000 - 0x0000000065d4d000 	C:\Users\user\anaconda3\envs\py36\DLLs\_overlapped.pyd
0x0000000065d90000 - 0x0000000065da4000 	C:\Users\user\anaconda3\envs\py36\DLLs\_socket.pyd
0x00007ffe3e3f0000 - 0x00007ffe3e457000 	C:\WINDOWS\system32\mswsock.dll
0x0000000065d30000 - 0x0000000065d3a000 	C:\Users\user\anaconda3\envs\py36\DLLs\_multiprocessing.pyd
0x00007ffe24350000 - 0x00007ffe24360000 	C:\Users\user\anaconda3\envs\py36\DLLs\_asyncio.pyd
0x00007ffdfacb0000 - 0x00007ffdfaec1000 	C:\Users\user\anaconda3\envs\py36\DLLs\_ssl.pyd
0x00007ffe3f360000 - 0x00007ffe3f4a9000 	C:\WINDOWS\System32\CRYPT32.dll
0x00007ffe3f220000 - 0x00007ffe3f232000 	C:\WINDOWS\System32\MSASN1.dll
0x00007ffe38aa0000 - 0x00007ffe38aaf000 	C:\Users\user\anaconda3\envs\py36\lib\site-packages\immutables\_map.cp36-win_amd64.pyd
0x0000000065c00000 - 0x0000000065cde000 	C:\Users\user\anaconda3\envs\py36\DLLs\unicodedata.pyd
0x00007ffe22880000 - 0x00007ffe22896000 	C:\Users\user\anaconda3\envs\py36\lib\site-packages\zmq\backend\cython\constants.cp36-win_amd64.pyd
0x00007ffe229d0000 - 0x00007ffe229dc000 	C:\Users\user\anaconda3\envs\py36\lib\site-packages\zmq\backend\cython\error.cp36-win_amd64.pyd
0x00007ffe1f160000 - 0x00007ffe1f1d6000 	C:\Users\user\anaconda3\envs\py36\Library\bin\libzmq-mt-4_3_2.dll
0x00007ffe3e100000 - 0x00007ffe3e13a000 	C:\WINDOWS\SYSTEM32\IPHLPAPI.DLL
0x00007ffe3c930000 - 0x00007ffe3c9c9000 	C:\WINDOWS\SYSTEM32\MSVCP140.dll
0x00007ffe22780000 - 0x00007ffe2279a000 	C:\Users\user\anaconda3\envs\py36\lib\site-packages\zmq\backend\cython\message.cp36-win_amd64.pyd
0x00007ffe22760000 - 0x00007ffe22774000 	C:\Users\user\anaconda3\envs\py36\lib\site-packages\zmq\backend\cython\context.cp36-win_amd64.pyd
0x00007ffe21410000 - 0x00007ffe21436000 	C:\Users\user\anaconda3\envs\py36\lib\site-packages\zmq\backend\cython\socket.cp36-win_amd64.pyd
0x00007ffe22990000 - 0x00007ffe2299e000 	C:\Users\user\anaconda3\envs\py36\lib\site-packages\zmq\backend\cython\utils.cp36-win_amd64.pyd
0x00007ffe21e70000 - 0x00007ffe21e84000 	C:\Users\user\anaconda3\envs\py36\lib\site-packages\zmq\backend\cython\_poll.cp36-win_amd64.pyd
0x00007ffe22730000 - 0x00007ffe2273c000 	C:\Users\user\anaconda3\envs\py36\lib\site-packages\zmq\backend\cython\_version.cp36-win_amd64.pyd
0x00007ffe21330000 - 0x00007ffe21342000 	C:\Users\user\anaconda3\envs\py36\lib\site-packages\zmq\backend\cython\_device.cp36-win_amd64.pyd
0x00007ffe219e0000 - 0x00007ffe219f0000 	C:\Users\user\anaconda3\envs\py36\lib\site-packages\zmq\backend\cython\_proxy_steerable.cp36-win_amd64.pyd
0x00007ffe24560000 - 0x00007ffe24567000 	C:\Users\user\anaconda3\envs\py36\lib\site-packages\tornado\speedups.cp36-win_amd64.pyd
0x0000000065ce0000 - 0x0000000065d24000 	C:\Users\user\anaconda3\envs\py36\DLLs\_decimal.pyd
0x00007ffe40700000 - 0x00007ffe40708000 	C:\WINDOWS\System32\NSI.dll
0x00007ffe324e0000 - 0x00007ffe324f6000 	C:\WINDOWS\SYSTEM32\dhcpcsvc6.DLL
0x00007ffe34d20000 - 0x00007ffe34d3c000 	C:\WINDOWS\SYSTEM32\dhcpcsvc.DLL
0x00007ffe3e140000 - 0x00007ffe3e20b000 	C:\WINDOWS\SYSTEM32\DNSAPI.dll
0x0000000065b70000 - 0x0000000065b94000 	C:\Users\user\anaconda3\envs\py36\lib\site-packages\win32\win32api.pyd
0x0000000065b40000 - 0x0000000065b66000 	C:\Users\user\anaconda3\envs\py36\lib\site-packages\win32\pywintypes36.dll
0x00007ffe3c130000 - 0x00007ffe3c13c000 	C:\WINDOWS\SYSTEM32\secur32.dll
0x00007ffe3f100000 - 0x00007ffe3f12f000 	C:\WINDOWS\SYSTEM32\SSPICLI.DLL
0x0000000065b10000 - 0x0000000065b36000 	C:\Users\user\anaconda3\envs\py36\lib\site-packages\win32\win32security.pyd
0x00007ffe28490000 - 0x00007ffe284a7000 	C:\WINDOWS\SYSTEM32\NETAPI32.dll
0x00007ffe3e260000 - 0x00007ffe3e26c000 	C:\WINDOWS\SYSTEM32\NETUTILS.DLL
0x000001ebd2840000 - 0x000001ebd2843000 	C:\WINDOWS\SYSTEM32\security.dll
0x00007ffe20300000 - 0x00007ffe20328000 	C:\WINDOWS\SYSTEM32\ntdsapi.dll
0x00007ffe3e210000 - 0x00007ffe3e252000 	C:\WINDOWS\SYSTEM32\LOGONCLI.DLL
0x00007ffe38280000 - 0x00007ffe38287000 	C:\Users\user\anaconda3\envs\py36\lib\site-packages\mkl\_mklinit.cp36-win_amd64.pyd
0x00007ffdd5150000 - 0x00007ffdd61ad000 	C:\Users\user\anaconda3\envs\py36\Library\bin\mkl_rt.dll
0x00007ffe38250000 - 0x00007ffe38272000 	C:\Users\user\anaconda3\envs\py36\lib\site-packages\mkl\_py_mkl_service.cp36-win_amd64.pyd
0x00007ffdfc110000 - 0x00007ffdfc3d8000 	C:\Users\user\anaconda3\envs\py36\lib\site-packages\numpy\core\_multiarray_umath.cp36-win_amd64.pyd
0x00007ffe38230000 - 0x00007ffe3824f000 	C:\Users\user\anaconda3\envs\py36\lib\site-packages\numpy\core\_multiarray_tests.cp36-win_amd64.pyd
0x00007ffe34080000 - 0x00007ffe34089000 	C:\Users\user\anaconda3\envs\py36\lib\site-packages\numpy\linalg\lapack_lite.cp36-win_amd64.pyd
0x00007ffe21750000 - 0x00007ffe2177a000 	C:\Users\user\anaconda3\envs\py36\lib\site-packages\numpy\linalg\_umath_linalg.cp36-win_amd64.pyd
0x00007ffe21730000 - 0x00007ffe21750000 	C:\Users\user\anaconda3\envs\py36\lib\site-packages\numpy\fft\_pocketfft_internal.cp36-win_amd64.pyd
0x00007ffe144c0000 - 0x00007ffe1454f000 	C:\Users\user\anaconda3\envs\py36\lib\site-packages\numpy\random\mtrand.cp36-win_amd64.pyd
0x00007ffe14490000 - 0x00007ffe144ba000 	C:\Users\user\anaconda3\envs\py36\lib\site-packages\numpy\random\bit_generator.cp36-win_amd64.pyd
0x00007ffe11630000 - 0x00007ffe11661000 	C:\Users\user\anaconda3\envs\py36\lib\site-packages\numpy\random\_common.cp36-win_amd64.pyd
0x00007ffe10fb0000 - 0x00007ffe10ff0000 	C:\Users\user\anaconda3\envs\py36\lib\site-packages\numpy\random\_bounded_integers.cp36-win_amd64.pyd
0x00007ffe21710000 - 0x00007ffe21728000 	C:\Users\user\anaconda3\envs\py36\lib\site-packages\numpy\random\_mt19937.cp36-win_amd64.pyd
0x00007ffe19b70000 - 0x00007ffe19b87000 	C:\Users\user\anaconda3\envs\py36\lib\site-packages\numpy\random\_philox.cp36-win_amd64.pyd
0x00007ffe14e30000 - 0x00007ffe14e45000 	C:\Users\user\anaconda3\envs\py36\lib\site-packages\numpy\random\_pcg64.cp36-win_amd64.pyd
0x00007ffe14470000 - 0x00007ffe14482000 	C:\Users\user\anaconda3\envs\py36\lib\site-packages\numpy\random\_sfc64.cp36-win_amd64.pyd
0x00007ffe10f00000 - 0x00007ffe10fa4000 	C:\Users\user\anaconda3\envs\py36\lib\site-packages\numpy\random\_generator.cp36-win_amd64.pyd
0x00007ffdd2380000 - 0x00007ffdd514d000 	C:\Users\user\anaconda3\envs\py36\Library\bin\mkl_intel_thread.dll
0x00007ffdc0130000 - 0x00007ffdc48ca000 	C:\Users\user\anaconda3\envs\py36\Library\bin\mkl_core.dll
0x00007ffdbd940000 - 0x00007ffdc0122000 	C:\Users\user\anaconda3\envs\py36\Library\bin\mkl_avx2.dll
0x00007ffdbcad0000 - 0x00007ffdbd93d000 	C:\Users\user\anaconda3\envs\py36\Library\bin\mkl_vml_avx2.dll
0x00007ffe10300000 - 0x00007ffe1040d000 	C:\Users\user\anaconda3\envs\py36\lib\site-packages\pandas\_libs\interval.cp36-win_amd64.pyd
0x00007ffe10e70000 - 0x00007ffe10ef1000 	C:\Users\user\anaconda3\envs\py36\lib\site-packages\pandas\_libs\hashtable.cp36-win_amd64.pyd
0x00007ffe10df0000 - 0x00007ffe10e1b000 	C:\Users\user\anaconda3\envs\py36\lib\site-packages\pandas\_libs\missing.cp36-win_amd64.pyd
0x00007ffe14390000 - 0x00007ffe143ad000 	C:\Users\user\anaconda3\envs\py36\lib\site-packages\pandas\_libs\tslibs\dtypes.cp36-win_amd64.pyd
0x00007ffe10db0000 - 0x00007ffe10dec000 	C:\Users\user\anaconda3\envs\py36\lib\site-packages\pandas\_libs\tslibs\conversion.cp36-win_amd64.pyd
0x00007ffe34070000 - 0x00007ffe3407f000 	C:\Users\user\anaconda3\envs\py36\lib\site-packages\pandas\_libs\tslibs\base.cp36-win_amd64.pyd
0x00007ffe108f0000 - 0x00007ffe1091f000 	C:\Users\user\anaconda3\envs\py36\lib\site-packages\pandas\_libs\tslibs\nattype.cp36-win_amd64.pyd
0x00007ffe230e0000 - 0x00007ffe230ef000 	C:\Users\user\anaconda3\envs\py36\lib\site-packages\pandas\_libs\tslibs\np_datetime.cp36-win_amd64.pyd
0x00007ffe102c0000 - 0x00007ffe102f4000 	C:\Users\user\anaconda3\envs\py36\lib\site-packages\pandas\_libs\tslibs\timezones.cp36-win_amd64.pyd
0x00007ffe10280000 - 0x00007ffe102bb000 	C:\Users\user\anaconda3\envs\py36\lib\site-packages\pandas\_libs\tslibs\tzconversion.cp36-win_amd64.pyd
0x00007ffe115b0000 - 0x00007ffe115c2000 	C:\Users\user\anaconda3\envs\py36\lib\site-packages\pandas\_libs\tslibs\ccalendar.cp36-win_amd64.pyd
0x00007ffe0fd40000 - 0x00007ffe0fd91000 	C:\Users\user\anaconda3\envs\py36\lib\site-packages\pandas\_libs\tslibs\parsing.cp36-win_amd64.pyd
0x00007ffe0fc70000 - 0x00007ffe0fd35000 	C:\Users\user\anaconda3\envs\py36\lib\site-packages\pandas\_libs\tslibs\offsets.cp36-win_amd64.pyd
0x00007ffe0f760000 - 0x00007ffe0f7bd000 	C:\Users\user\anaconda3\envs\py36\lib\site-packages\pandas\_libs\tslibs\timedeltas.cp36-win_amd64.pyd
0x00007ffe0f700000 - 0x00007ffe0f75f000 	C:\Users\user\anaconda3\envs\py36\lib\site-packages\pandas\_libs\tslibs\timestamps.cp36-win_amd64.pyd
0x00007ffe0f6c0000 - 0x00007ffe0f6fc000 	C:\Users\user\anaconda3\envs\py36\lib\site-packages\pandas\_libs\tslibs\fields.cp36-win_amd64.pyd
0x00007ffe0f520000 - 0x00007ffe0f56d000 	C:\Users\user\anaconda3\envs\py36\lib\site-packages\pandas\_libs\tslibs\strptime.cp36-win_amd64.pyd
0x00007ffe108d0000 - 0x00007ffe108e3000 	C:\Users\user\anaconda3\envs\py36\lib\site-packages\pandas\_libs\properties.cp36-win_amd64.pyd
0x00007ffe0f3b0000 - 0x00007ffe0f409000 	C:\Users\user\anaconda3\envs\py36\lib\site-packages\pandas\_libs\tslibs\period.cp36-win_amd64.pyd
0x00007ffe0f370000 - 0x00007ffe0f3a4000 	C:\Users\user\anaconda3\envs\py36\lib\site-packages\pandas\_libs\tslibs\vectorized.cp36-win_amd64.pyd
0x00007ffe10550000 - 0x00007ffe10562000 	C:\Users\user\anaconda3\envs\py36\lib\site-packages\pandas\_libs\ops_dispatch.cp36-win_amd64.pyd
0x00007ffdfbfe0000 - 0x00007ffdfc10e000 	C:\Users\user\anaconda3\envs\py36\lib\site-packages\pandas\_libs\algos.cp36-win_amd64.pyd
0x00007ffe06c60000 - 0x00007ffe06ccf000 	C:\Users\user\anaconda3\envs\py36\lib\site-packages\pandas\_libs\lib.cp36-win_amd64.pyd
0x00007ffe0f1b0000 - 0x00007ffe0f1d6000 	C:\Users\user\anaconda3\envs\py36\lib\site-packages\pandas\_libs\tslib.cp36-win_amd64.pyd

dbghelp: loaded successfully - version: 4.0.5 - missing functions: none
symbol engine: initialized successfully - sym options: 0x614 - pdb path: .;C:\Users\user\anaconda3\envs\py36;C:\WINDOWS\SYSTEM32;C:\Users\user\anaconda3\envs\py36\DLLs;C:\Users\user\anaconda3\envs\py36\Library\bin;C:\Users\user\anaconda3\envs\py36\lib\site-packages\immutables;C:\Users\user\anaconda3\envs\py36\lib\site-packages\zmq\backend\cython;C:\Users\user\anaconda3\envs\py36\lib\site-packages\tornado;C:\Users\user\anaconda3\envs\py36\lib\site-packages\win32;C:\Users\user\anaconda3\envs\py36\lib\site-packages\mkl;C:\Users\user\anaconda3\envs\py36\lib\site-packages\numpy\core;C:\Users\user\anaconda3\envs\py36\lib\site-packages\numpy\linalg;C:\Users\user\anaconda3\envs\py36\lib\site-packages\numpy\fft;C:\Users\user\anaconda3\envs\py36\lib\site-packages\numpy\random;C:\Users\user\anaconda3\envs\py36\lib\site-packages\pandas\_libs;C:\Users\user\anaconda3\envs\py36\lib\site-packages\pandas\_libs\tslibs;C:\Users\user\anaconda3\envs\py36\lib\site-packages\bottleneck;C:\Users\user\anaconda3\envs\py36\lib\site-packages\pandas\_libs\window;C:\Users\user\anaconda3\envs\py36\lib\site-packages;C:\Users\user\anaconda3\envs\py36\lib\site-packages\lxml;C:\Program Files\Java\jdk-14.0.2\bin\server;C:\Program Files\Java\jdk-14.0.2\bin

VM Arguments:
jvm_args: -Dfile.encoding=UTF8 -ea -Xmx1024m 
java_command: <unknown>
java_class_path (initial): C:\Users\user\anaconda3\envs\py36\lib\site-packages\konlpy\java;C:\Users\user\anaconda3\envs\py36\lib\site-packages\konlpy\java\bin;C:\Users\user\anaconda3\envs\py36\lib\site-packages\konlpy\java\*;C:\Users\user\anaconda3\envs\py36\lib\site-packages\konlpy\java\jhannanum-0.8.4.jar;C:\Users\user\anaconda3\envs\py36\lib\site-packages\konlpy\java\kkma-2.0.jar;C:\Users\user\anaconda3\envs\py36\lib\site-packages\konlpy\java\aho-corasick.jar;C:\Users\user\anaconda3\envs\py36\lib\site-packages\konlpy\java\shineware-common-1.0.jar;C:\Users\user\anaconda3\envs\py36\lib\site-packages\konlpy\java\shineware-ds-1.0.jar;C:\Users\user\anaconda3\envs\py36\lib\site-packages\konlpy\java\komoran-3.0.jar;C:\Users\user\anaconda3\envs\py36\lib\site-packages\konlpy\java\snakeyaml-1.12.jar;C:\Users\user\anaconda3\envs\py36\lib\site-packages\konlpy\java\scala-library-2.12.3.jar;C:\Users\user\anaconda3\envs\py36\lib\site-packages\konlpy\java\open-korean-text-2.1.0.jar;C:\Users\user\anaconda3\envs\py36\lib\site-packages\konlpy\java\twitter-text-1.14.7.jar;C:\Users\user\anaconda3\envs\py36\lib\site-packages\konlpy\java\*
Launcher Type: generic

[Global flags]
     intx CICompilerCount                          = 3                                         {product} {ergonomic}
     uint ConcGCThreads                            = 1                                         {product} {ergonomic}
     uint G1ConcRefinementThreads                  = 4                                         {product} {ergonomic}
   size_t G1HeapRegionSize                         = 1048576                                   {product} {ergonomic}
    uintx GCDrainStackTargetSize                   = 64                                        {product} {ergonomic}
   size_t InitialHeapSize                          = 132120576                                 {product} {ergonomic}
   size_t MarkStackSize                            = 4194304                                   {product} {ergonomic}
   size_t MaxHeapSize                              = 1073741824                                {product} {command line}
   size_t MaxNewSize                               = 643825664                                 {product} {ergonomic}
   size_t MinHeapDeltaBytes                        = 1048576                                   {product} {ergonomic}
   size_t MinHeapSize                              = 8388608                                   {product} {ergonomic}
    uintx NonNMethodCodeHeapSize                   = 5832780                                {pd product} {ergonomic}
    uintx NonProfiledCodeHeapSize                  = 122912730                              {pd product} {ergonomic}
    uintx ProfiledCodeHeapSize                     = 122912730                              {pd product} {ergonomic}
    uintx ReservedCodeCacheSize                    = 251658240                              {pd product} {ergonomic}
     bool SegmentedCodeCache                       = true                                      {product} {ergonomic}
   size_t SoftMaxHeapSize                          = 1073741824                             {manageable} {ergonomic}
     bool UseCompressedClassPointers               = true                                 {lp64_product} {ergonomic}
     bool UseCompressedOops                        = true                                 {lp64_product} {ergonomic}
     bool UseG1GC                                  = true                                      {product} {ergonomic}
     bool UseLargePagesIndividualAllocation        = false                                  {pd product} {ergonomic}

Logging:
Log output configuration:
 #0: stdout all=warning uptime,level,tags
 #1: stderr all=off uptime,level,tags

Environment Variables:
JAVA_HOME=C:\Program Files\Java\jdk-14.0.2\bin\server
PATH=C:\Users\user\anaconda3\envs\py36;C:\Users\user\anaconda3\envs\py36\Library\mingw-w64\bin;C:\Users\user\anaconda3\envs\py36\Library\usr\bin;C:\Users\user\anaconda3\envs\py36\Library\bin;C:\Users\user\anaconda3\envs\py36\Scripts;C:\Users\user\anaconda3\envs\py36\bin;C:\Users\user\anaconda3\condabin;C:\Users\user\anaconda3;C:\Users\user\anaconda3\Library\mingw-w64\bin;C:\Users\user\anaconda3\Library\usr\bin;C:\Users\user\anaconda3\Library\bin;C:\Users\user\anaconda3\Scripts;C:\Program Files (x86)\Intel\Intel(R) Management Engine Components\iCLS;C:\Program Files\Intel\Intel(R) Management Engine Components\iCLS;C:\WINDOWS\system32;C:\WINDOWS;C:\WINDOWS\System32\Wbem;C:\WINDOWS\System32\WindowsPowerShell\v1.0;C:\WINDOWS\System32\OpenSSH;C:\Program Files (x86)\Intel\Intel(R) Management Engine Components\DAL;C:\Program Files\Intel\Intel(R) Management Engine Components\DAL;C:\Program Files\Git\cmd;C:\Program Files\Java\jdk-14.0.2\bin;C:\Users\user\anaconda3;C:\Users\user\anaconda3\Library\mingw-w64\bin;C:\Users\user\anaconda3\Library\usr\bin;C:\Users\user\anaconda3\Library\bin;C:\Users\user\anaconda3\Scripts;C:\Users\user\AppData\Local\Microsoft\WindowsApps;C:\Microsoft VS Code\bin;C:\Users\user\AppData\Local\Programs\Microsoft VS Code Insiders\bin;C:\Users\user\anaconda3\envs\py36\lib\site-packages\numpy\.libs
USERNAME=user
OS=Windows_NT
PROCESSOR_IDENTIFIER=Intel64 Family 6 Model 142 Stepping 11, GenuineIntel



---------------  S Y S T E M  ---------------

OS: Windows 10 , 64 bit Build 18362 (10.0.18362.959)
OS uptime: 10 days 19:15 hours

CPU:total 4 (initial active 4) (2 cores per cpu, 2 threads per core) family 6 model 142 stepping 11, cmov, cx8, fxsr, mmx, sse, sse2, sse3, ssse3, sse4.1, sse4.2, popcnt, avx, avx2, aes, clmul, erms, 3dnowpref, lzcnt, ht, tsc, tscinvbit, bmi1, bmi2, adx, fma

Memory: 4k page, system-wide physical 8053M (525M free)
TotalPageFile size 22530M (AvailPageFile size 145M)
current process WorkingSet (physical memory assigned to process): 443M, peak: 443M
current process commit charge ("private bytes"): 491M, peak: 524M

vm_info: Java HotSpot(TM) 64-Bit Server VM (14.0.2+12-46) for windows-amd64 JRE (14.0.2+12-46), built on Jul  9 2020 00:35:52 by "mach5one" with MS VC++ 15.9 (VS2017)

END.
