#
# There is insufficient memory for the Java Runtime Environment to continue.
# Native memory allocation (mmap) failed to map 114294784 bytes for Failed to commit area from 0x00000000d0400000 to 0x00000000d7100000 of length 114294784.
# Possible reasons:
#   The system is out of physical RAM or swap space
#   The process is running with CompressedOops enabled, and the Java Heap may be blocking the growth of the native heap
# Possible solutions:
#   Reduce memory load on the system
#   Increase physical memory or swap space
#   Check if swap backing store is full
#   Decrease Java heap size (-Xmx/-Xms)
#   Decrease number of Java threads
#   Decrease Java thread stack sizes (-Xss)
#   Set larger code cache with -XX:ReservedCodeCacheSize=
#   JVM is running with Unscaled Compressed Oops mode in which the Java heap is
#     placed in the first 4GB address space. The Java Heap base address is the
#     maximum limit for the native heap growth. Please use -XX:HeapBaseMinAddress
#     to set the Java Heap base and to place the Java Heap above 4GB virtual address.
# This output file may be truncated or incomplete.
#
#  Out of Memory Error (./open/src/hotspot/os/windows/os_windows.cpp:3315), pid=18772, tid=33800
#
# JRE version: Java(TM) SE Runtime Environment (14.0.2+12) (build 14.0.2+12-46)
# Java VM: Java HotSpot(TM) 64-Bit Server VM (14.0.2+12-46, mixed mode, sharing, tiered, compressed oops, g1 gc, windows-amd64)
# No core dump will be written. Minidumps are not enabled by default on client versions of Windows
#

---------------  S U M M A R Y ------------

Command Line: -Dfile.encoding=UTF8 -ea -Xmx1024m 

Host: Intel(R) Core(TM) i3-8145U CPU @ 2.10GHz, 4 cores, 7G,  Windows 10 , 64 bit Build 18362 (10.0.18362.959)
Time: Mon Sep  7 16:50:27 2020 ¢¥eCN©öI¡¾©ö C¡ÍA¨ª¨öA elapsed time: 6 seconds (0d 0h 0m 6s)

---------------  T H R E A D  ---------------

Current thread (0x000002239d566800):  VMThread "VM Thread" [stack: 0x0000004c3a0e0000,0x0000004c3a2d0000] [id=33800]

Stack: [0x0000004c3a0e0000,0x0000004c3a2d0000]
[error occurred during error reporting (printing stack bounds), id 0xc0000005, EXCEPTION_ACCESS_VIOLATION (0xc0000005) at pc=0x00000223a7f010ad]

Native frames: (J=compiled Java code, j=interpreted, Vv=VM code, C=native code)
C  0x00007ffddc8e8a9a
C  0x00007ffddca3247a
C  0x00007ffddca33c2f
C  0x00007ffddca341d5
C  0x00007ffddca3418b
C  0x00007ffddc8e7f6f
C  0x00007ffddc8e8738
C  [ntdll.dll+0xa11cf]
C  [ntdll.dll+0x6a209]
C  [ntdll.dll+0x9fe3e]
C  0x00000223a7f010ad

VM_Operation (0x0000004c37fe9520): G1CollectForAllocation, mode: safepoint, requested by thread 0x0000022396f0e000


---------------  P R O C E S S  ---------------

Threads class SMR info:
_java_thread_list=0x000002239d822910, length=13, elements={
0x0000022396f0e000, 0x000002239d569000, 0x000002239d56c000, 0x000002239d589000,
0x000002239d589800, 0x000002239d592800, 0x000002239d599000, 0x000002239d5a6800,
0x000002239d5af800, 0x000002239d67a000, 0x000002239d708000, 0x000002239d704800,
0x000002239d92c000
}

Java Threads: ( => current thread )
  0x0000022396f0e000 JavaThread "main" [_thread_blocked, id=26764, stack(0x0000004c37e00000,0x0000004c37ff0000)]
  0x000002239d569000 JavaThread "Reference Handler" daemon [_thread_blocked, id=11188, stack(0x0000004c3a2d0000,0x0000004c3a4c0000)]
  0x000002239d56c000 JavaThread "Finalizer" daemon [_thread_blocked, id=28624, stack(0x0000004c3a4c0000,0x0000004c3a6b0000)]
  0x000002239d589000 JavaThread "Signal Dispatcher" daemon [_thread_blocked, id=32248, stack(0x0000004c3a6b0000,0x0000004c3a8a0000)]
  0x000002239d589800 JavaThread "Attach Listener" daemon [_thread_blocked, id=30280, stack(0x0000004c3a8a0000,0x0000004c3aa90000)]
  0x000002239d592800 JavaThread "Service Thread" daemon [_thread_blocked, id=25572, stack(0x0000004c3aa90000,0x0000004c3ac80000)]
  0x000002239d599000 JavaThread "C2 CompilerThread0" daemon [_thread_blocked, id=21044, stack(0x0000004c3ac80000,0x0000004c3ae70000)]
  0x000002239d5a6800 JavaThread "C1 CompilerThread0" daemon [_thread_blocked, id=31240, stack(0x0000004c3ae70000,0x0000004c3b060000)]
  0x000002239d5af800 JavaThread "Sweeper thread" daemon [_thread_blocked, id=9952, stack(0x0000004c3b060000,0x0000004c3b250000)]
  0x000002239d67a000 JavaThread "Notification Thread" daemon [_thread_blocked, id=13276, stack(0x0000004c3b250000,0x0000004c3b440000)]
  0x000002239d708000 JavaThread "Common-Cleaner" daemon [_thread_blocked, id=31364, stack(0x0000004c3b630000,0x0000004c3b820000)]
  0x000002239d704800 JavaThread "C2 CompilerThread1" daemon [_thread_blocked, id=34392, stack(0x0000004c3b820000,0x0000004c3ba10000)]
  0x000002239d92c000 JavaThread "Python Reference Queue" daemon [_thread_blocked, id=15156, stack(0x0000004c3ba10000,0x0000004c3bc00000)]

Other Threads:
=>0x000002239d566800 VMThread "VM Thread" [stack: 0x0000004c3a0e0000,0x0000004c3a2d0000] [id=33800]
  0x000002239d706800 WatcherThread [stack: 0x0000004c3b440000,0x0000004c3b630000] [id=13324]
  0x000002239d37c000 GCTaskThread "GC Thread#0" [stack: 0x0000004c39730000,0x0000004c39920000] [id=19020]
  0x000002239d839800 GCTaskThread "GC Thread#1" [stack: 0x0000004c3bc00000,0x0000004c3bdf0000] [id=1640]
  0x000002239d83a000 GCTaskThread "GC Thread#2" [stack: 0x0000004c3bdf0000,0x0000004c3bfe0000] [id=28368]
  0x00000223bbdd1800 GCTaskThread "GC Thread#3" [stack: 0x0000004c3c5b0000,0x0000004c3c7a0000] [id=23948]
  0x000002239d37d000 ConcurrentGCThread "G1 Main Marker" [stack: 0x0000004c39920000,0x0000004c39b10000] [id=26788]
  0x000002239d37d800 ConcurrentGCThread "G1 Conc#0" [stack: 0x0000004c39b10000,0x0000004c39d00000] [id=33780]
  0x0000022398b9a800 ConcurrentGCThread "G1 Refine#0" [stack: 0x0000004c39d00000,0x0000004c39ef0000] [id=23352]
  0x00000223bbca0800 ConcurrentGCThread "G1 Refine#1" [stack: 0x0000004c3bfe0000,0x0000004c3c1d0000] [id=13168]
  0x00000223bbca2800 ConcurrentGCThread "G1 Refine#2" [stack: 0x0000004c3c1d0000,0x0000004c3c3c0000] [id=2276]
  0x00000223bbca5000 ConcurrentGCThread "G1 Refine#3" [stack: 0x0000004c3c3c0000,0x0000004c3c5b0000] [id=35668]
  0x000002239d3fa000 ConcurrentGCThread "G1 Young RemSet Sampling" [stack: 0x0000004c39ef0000,0x0000004c3a0e0000] [id=26148]

Threads with active compile tasks:
C2 CompilerThread0     6887 3380       4       org.openkoreantext.processor.util.KoreanSubstantive$::$anonfun$isKoreanNumber$1 (160 bytes)
C2 CompilerThread1     6887 3434       4       scala.collection.SeqLike::sorted (129 bytes)

VM state:at safepoint (normal execution)

VM Mutex/Monitor currently owned by a thread:  ([mutex/lock_event])
[0x000002239d353d40] Threads_lock - owner thread: 0x000002239d566800
[0x000002239d352900] Heap_lock - owner thread: 0x0000022396f0e000

Heap address: 0x00000000c0000000, size: 1024 MB, Compressed Oops mode: 32-bit
Narrow klass base: 0x0000000800000000, Narrow klass shift: 3
Compressed class space size: 1073741824 Address: 0x0000000800b30000

Heap:
 garbage-first heap   total 377856K, used 79950K [0x00000000c0000000, 0x0000000100000000)
  region size 1024K, 1 young (1024K), 1 survivors (1024K)
 Metaspace       used 10934K, capacity 12606K, committed 12800K, reserved 1060864K
  class space    used 1664K, capacity 2000K, committed 2048K, reserved 1048576K
Heap Regions: E=young(eden), S=young(survivor), O=old, HS=humongous(starts), HC=humongous(continues), CS=collection set, F=free, OA=open archive, CA=closed archive, TAMS=top-at-mark-start (previous, next)
|   0|0x00000000c0000000, 0x00000000c00fffe0, 0x00000000c0100000| 99%| O|  |TAMS 0x00000000c0000000, 0x00000000c0000000| Untracked 
|   1|0x00000000c0100000, 0x00000000c01fffe8, 0x00000000c0200000| 99%| O|  |TAMS 0x00000000c0100000, 0x00000000c0100000| Untracked 
|   2|0x00000000c0200000, 0x00000000c02ffff8, 0x00000000c0300000| 99%| O|  |TAMS 0x00000000c0200000, 0x00000000c0200000| Untracked 
|   3|0x00000000c0300000, 0x00000000c03ffff0, 0x00000000c0400000| 99%| O|  |TAMS 0x00000000c0300000, 0x00000000c0300000| Untracked 
|   4|0x00000000c0400000, 0x00000000c0500000, 0x00000000c0500000|100%| O|  |TAMS 0x00000000c0400000, 0x00000000c0400000| Untracked 
|   5|0x00000000c0500000, 0x00000000c0600000, 0x00000000c0600000|100%| O|  |TAMS 0x00000000c0500000, 0x00000000c0500000| Untracked 
|   6|0x00000000c0600000, 0x00000000c06ffff0, 0x00000000c0700000| 99%| O|  |TAMS 0x00000000c0600000, 0x00000000c0600000| Untracked 
|   7|0x00000000c0700000, 0x00000000c07ffff8, 0x00000000c0800000| 99%| O|  |TAMS 0x00000000c0700000, 0x00000000c0700000| Untracked 
|   8|0x00000000c0800000, 0x00000000c0900000, 0x00000000c0900000|100%| O|  |TAMS 0x00000000c0800000, 0x00000000c0800000| Untracked 
|   9|0x00000000c0900000, 0x00000000c09fffe8, 0x00000000c0a00000| 99%| O|  |TAMS 0x00000000c0900000, 0x00000000c0900000| Untracked 
|  10|0x00000000c0a00000, 0x00000000c0affff8, 0x00000000c0b00000| 99%| O|  |TAMS 0x00000000c0a00000, 0x00000000c0a00000| Untracked 
|  11|0x00000000c0b00000, 0x00000000c0c00000, 0x00000000c0c00000|100%| O|  |TAMS 0x00000000c0b00000, 0x00000000c0b00000| Untracked 
|  12|0x00000000c0c00000, 0x00000000c0d00000, 0x00000000c0d00000|100%| O|  |TAMS 0x00000000c0c00000, 0x00000000c0c00000| Untracked 
|  13|0x00000000c0d00000, 0x00000000c0e00000, 0x00000000c0e00000|100%|HS|  |TAMS 0x00000000c0d00000, 0x00000000c0d00000| Untracked 
|  14|0x00000000c0e00000, 0x00000000c0f00000, 0x00000000c0f00000|100%|HC|  |TAMS 0x00000000c0e00000, 0x00000000c0e00000| Untracked 
|  15|0x00000000c0f00000, 0x00000000c1000000, 0x00000000c1000000|100%|HS|  |TAMS 0x00000000c0f00000, 0x00000000c0f00000| Untracked 
|  16|0x00000000c1000000, 0x00000000c1100000, 0x00000000c1100000|100%|HC|  |TAMS 0x00000000c1000000, 0x00000000c1000000| Untracked 
|  17|0x00000000c1100000, 0x00000000c1200000, 0x00000000c1200000|100%| O|  |TAMS 0x00000000c1100000, 0x00000000c1100000| Untracked 
|  18|0x00000000c1200000, 0x00000000c12ffff8, 0x00000000c1300000| 99%| O|  |TAMS 0x00000000c1200000, 0x00000000c1200000| Untracked 
|  19|0x00000000c1300000, 0x00000000c1400000, 0x00000000c1400000|100%| O|  |TAMS 0x00000000c1300000, 0x00000000c1300000| Untracked 
|  20|0x00000000c1400000, 0x00000000c1500000, 0x00000000c1500000|100%| O|  |TAMS 0x00000000c1400000, 0x00000000c1400000| Untracked 
|  21|0x00000000c1500000, 0x00000000c15ffff0, 0x00000000c1600000| 99%| O|  |TAMS 0x00000000c1500000, 0x00000000c1500000| Untracked 
|  22|0x00000000c1600000, 0x00000000c1700000, 0x00000000c1700000|100%| O|  |TAMS 0x00000000c1600000, 0x00000000c1600000| Untracked 
|  23|0x00000000c1700000, 0x00000000c1800000, 0x00000000c1800000|100%| O|  |TAMS 0x00000000c1700000, 0x00000000c1700000| Untracked 
|  24|0x00000000c1800000, 0x00000000c1900000, 0x00000000c1900000|100%|HS|  |TAMS 0x00000000c1800000, 0x00000000c1800000| Untracked 
|  25|0x00000000c1900000, 0x00000000c1a00000, 0x00000000c1a00000|100%|HS|  |TAMS 0x00000000c1900000, 0x00000000c1900000| Untracked 
|  26|0x00000000c1a00000, 0x00000000c1b00000, 0x00000000c1b00000|100%| O|  |TAMS 0x00000000c1a00000, 0x00000000c1a00000| Untracked 
|  27|0x00000000c1b00000, 0x00000000c1bffff0, 0x00000000c1c00000| 99%| O|  |TAMS 0x00000000c1b00000, 0x00000000c1b00000| Untracked 
|  28|0x00000000c1c00000, 0x00000000c1cffff0, 0x00000000c1d00000| 99%| O|  |TAMS 0x00000000c1c00000, 0x00000000c1c00000| Untracked 
|  29|0x00000000c1d00000, 0x00000000c1dfeca0, 0x00000000c1e00000| 99%| O|  |TAMS 0x00000000c1d00000, 0x00000000c1d00000| Untracked 
|  30|0x00000000c1e00000, 0x00000000c1efff00, 0x00000000c1f00000| 99%| O|  |TAMS 0x00000000c1e00000, 0x00000000c1e00000| Untracked 
|  31|0x00000000c1f00000, 0x00000000c2000000, 0x00000000c2000000|100%| O|  |TAMS 0x00000000c1f00000, 0x00000000c1f00000| Untracked 
|  32|0x00000000c2000000, 0x00000000c2100000, 0x00000000c2100000|100%| O|  |TAMS 0x00000000c2000000, 0x00000000c2000000| Untracked 
|  33|0x00000000c2100000, 0x00000000c21ffff8, 0x00000000c2200000| 99%| O|  |TAMS 0x00000000c2100000, 0x00000000c2100000| Untracked 
|  34|0x00000000c2200000, 0x00000000c2300000, 0x00000000c2300000|100%|HS|  |TAMS 0x00000000c2200000, 0x00000000c2200000| Untracked 
|  35|0x00000000c2300000, 0x00000000c2400000, 0x00000000c2400000|100%|HC|  |TAMS 0x00000000c2300000, 0x00000000c2300000| Untracked 
|  36|0x00000000c2400000, 0x00000000c2500000, 0x00000000c2500000|100%|HS|  |TAMS 0x00000000c2400000, 0x00000000c2400000| Untracked 
|  37|0x00000000c2500000, 0x00000000c2600000, 0x00000000c2600000|100%|HC|  |TAMS 0x00000000c2500000, 0x00000000c2500000| Untracked 
|  38|0x00000000c2600000, 0x00000000c26ffff0, 0x00000000c2700000| 99%| O|  |TAMS 0x00000000c2600000, 0x00000000c2600000| Untracked 
|  39|0x00000000c2700000, 0x00000000c27ffff8, 0x00000000c2800000| 99%| O|  |TAMS 0x00000000c2700000, 0x00000000c2700000| Untracked 
|  40|0x00000000c2800000, 0x00000000c2900000, 0x00000000c2900000|100%|HS|  |TAMS 0x00000000c2800000, 0x00000000c2800000| Untracked 
|  41|0x00000000c2900000, 0x00000000c2a00000, 0x00000000c2a00000|100%|HC|  |TAMS 0x00000000c2900000, 0x00000000c2900000| Untracked 
|  42|0x00000000c2a00000, 0x00000000c2b00000, 0x00000000c2b00000|100%|HS|  |TAMS 0x00000000c2a00000, 0x00000000c2a00000| Untracked 
|  43|0x00000000c2b00000, 0x00000000c2c00000, 0x00000000c2c00000|100%|HC|  |TAMS 0x00000000c2b00000, 0x00000000c2b00000| Untracked 
|  44|0x00000000c2c00000, 0x00000000c2d00000, 0x00000000c2d00000|100%|HS|  |TAMS 0x00000000c2c00000, 0x00000000c2c00000| Untracked 
|  45|0x00000000c2d00000, 0x00000000c2dffff0, 0x00000000c2e00000| 99%| O|  |TAMS 0x00000000c2d00000, 0x00000000c2d00000| Untracked 
|  46|0x00000000c2e00000, 0x00000000c2effff8, 0x00000000c2f00000| 99%| O|  |TAMS 0x00000000c2e00000, 0x00000000c2e00000| Untracked 
|  47|0x00000000c2f00000, 0x00000000c3000000, 0x00000000c3000000|100%| O|  |TAMS 0x00000000c2f00000, 0x00000000c2f00000| Untracked 
|  48|0x00000000c3000000, 0x00000000c30ffff0, 0x00000000c3100000| 99%| O|  |TAMS 0x00000000c3000000, 0x00000000c3000000| Untracked 
|  49|0x00000000c3100000, 0x00000000c31ffff0, 0x00000000c3200000| 99%| O|  |TAMS 0x00000000c3100000, 0x00000000c3100000| Untracked 
|  50|0x00000000c3200000, 0x00000000c3300000, 0x00000000c3300000|100%| O|  |TAMS 0x00000000c3200000, 0x00000000c3200000| Untracked 
|  51|0x00000000c3300000, 0x00000000c33ffff0, 0x00000000c3400000| 99%| O|  |TAMS 0x00000000c3300000, 0x00000000c3300000| Untracked 
|  52|0x00000000c3400000, 0x00000000c34fffe8, 0x00000000c3500000| 99%| O|  |TAMS 0x00000000c3400000, 0x00000000c3400000| Untracked 
|  53|0x00000000c3500000, 0x00000000c35ffff0, 0x00000000c3600000| 99%| O|  |TAMS 0x00000000c3500000, 0x00000000c3500000| Untracked 
|  54|0x00000000c3600000, 0x00000000c36ffff8, 0x00000000c3700000| 99%| O|  |TAMS 0x00000000c3600000, 0x00000000c3600000| Untracked 
|  55|0x00000000c3700000, 0x00000000c37ffff0, 0x00000000c3800000| 99%| O|  |TAMS 0x00000000c3700000, 0x00000000c3700000| Untracked 
|  56|0x00000000c3800000, 0x00000000c38ffff0, 0x00000000c3900000| 99%| O|  |TAMS 0x00000000c3800000, 0x00000000c3800000| Untracked 
|  57|0x00000000c3900000, 0x00000000c39ffff0, 0x00000000c3a00000| 99%| O|  |TAMS 0x00000000c3900000, 0x00000000c3900000| Untracked 
|  58|0x00000000c3a00000, 0x00000000c3b00000, 0x00000000c3b00000|100%| O|  |TAMS 0x00000000c3a00000, 0x00000000c3a00000| Untracked 
|  59|0x00000000c3b00000, 0x00000000c3c00000, 0x00000000c3c00000|100%| O|  |TAMS 0x00000000c3b00000, 0x00000000c3b00000| Untracked 
|  60|0x00000000c3c00000, 0x00000000c3d00000, 0x00000000c3d00000|100%| O|  |TAMS 0x00000000c3c00000, 0x00000000c3c00000| Untracked 
|  61|0x00000000c3d00000, 0x00000000c3e00000, 0x00000000c3e00000|100%| O|  |TAMS 0x00000000c3d00000, 0x00000000c3d00000| Untracked 
|  62|0x00000000c3e00000, 0x00000000c3effff0, 0x00000000c3f00000| 99%| O|  |TAMS 0x00000000c3e00000, 0x00000000c3e00000| Untracked 
|  63|0x00000000c3f00000, 0x00000000c3fffff8, 0x00000000c4000000| 99%| O|  |TAMS 0x00000000c3f00000, 0x00000000c3f00000| Untracked 
|  64|0x00000000c4000000, 0x00000000c40ffff0, 0x00000000c4100000| 99%| O|  |TAMS 0x00000000c4000000, 0x00000000c4000000| Untracked 
|  65|0x00000000c4100000, 0x00000000c41ffff8, 0x00000000c4200000| 99%| O|  |TAMS 0x00000000c4100000, 0x00000000c4100000| Untracked 
|  66|0x00000000c4200000, 0x00000000c42ffff0, 0x00000000c4300000| 99%| O|  |TAMS 0x00000000c4200000, 0x00000000c4200000| Untracked 
|  67|0x00000000c4300000, 0x00000000c43ffff8, 0x00000000c4400000| 99%| O|  |TAMS 0x00000000c4300000, 0x00000000c4300000| Untracked 
|  68|0x00000000c4400000, 0x00000000c44fffe8, 0x00000000c4500000| 99%| O|  |TAMS 0x00000000c4400000, 0x00000000c4400000| Untracked 
|  69|0x00000000c4500000, 0x00000000c45ffff8, 0x00000000c4600000| 99%| O|  |TAMS 0x00000000c4500000, 0x00000000c4500000| Untracked 
|  70|0x00000000c4600000, 0x00000000c46ffff0, 0x00000000c4700000| 99%| O|  |TAMS 0x00000000c4600000, 0x00000000c4600000| Untracked 
|  71|0x00000000c4700000, 0x00000000c47ab7f0, 0x00000000c4800000| 66%| O|  |TAMS 0x00000000c4700000, 0x00000000c4700000| Untracked 
|  72|0x00000000c4800000, 0x00000000c4800000, 0x00000000c4900000|  0%| F|  |TAMS 0x00000000c4800000, 0x00000000c4800000| Untracked 
|  73|0x00000000c4900000, 0x00000000c4900000, 0x00000000c4a00000|  0%| F|  |TAMS 0x00000000c4900000, 0x00000000c4900000| Untracked 
|  74|0x00000000c4a00000, 0x00000000c4a00000, 0x00000000c4b00000|  0%| F|  |TAMS 0x00000000c4a00000, 0x00000000c4a00000| Untracked 
|  75|0x00000000c4b00000, 0x00000000c4b00000, 0x00000000c4c00000|  0%| F|  |TAMS 0x00000000c4b00000, 0x00000000c4b00000| Untracked 
|  76|0x00000000c4c00000, 0x00000000c4c00000, 0x00000000c4d00000|  0%| F|  |TAMS 0x00000000c4c00000, 0x00000000c4c00000| Untracked 
|  77|0x00000000c4d00000, 0x00000000c4d00000, 0x00000000c4e00000|  0%| F|  |TAMS 0x00000000c4d00000, 0x00000000c4d00000| Untracked 
|  78|0x00000000c4e00000, 0x00000000c4e00000, 0x00000000c4f00000|  0%| F|  |TAMS 0x00000000c4e00000, 0x00000000c4e00000| Untracked 
|  79|0x00000000c4f00000, 0x00000000c4fffff8, 0x00000000c5000000| 99%| O|  |TAMS 0x00000000c4f00000, 0x00000000c4f00000| Untracked 
|  80|0x00000000c5000000, 0x00000000c50ffff0, 0x00000000c5100000| 99%| O|  |TAMS 0x00000000c5000000, 0x00000000c5000000| Untracked 
|  81|0x00000000c5100000, 0x00000000c5100000, 0x00000000c5200000|  0%| F|  |TAMS 0x00000000c5100000, 0x00000000c5100000| Untracked 
|  82|0x00000000c5200000, 0x00000000c52fffe8, 0x00000000c5300000| 99%| O|  |TAMS 0x00000000c5200000, 0x00000000c5200000| Untracked 
|  83|0x00000000c5300000, 0x00000000c53eb400, 0x00000000c5400000| 91%| O|  |TAMS 0x00000000c5300000, 0x00000000c5300000| Untracked 
|  84|0x00000000c5400000, 0x00000000c5400000, 0x00000000c5500000|  0%| F|  |TAMS 0x00000000c5400000, 0x00000000c5400000| Untracked 
|  85|0x00000000c5500000, 0x00000000c5500000, 0x00000000c5600000|  0%| F|  |TAMS 0x00000000c5500000, 0x00000000c5500000| Untracked 
|  86|0x00000000c5600000, 0x00000000c5600000, 0x00000000c5700000|  0%| F|  |TAMS 0x00000000c5600000, 0x00000000c5600000| Untracked 
|  87|0x00000000c5700000, 0x00000000c5700000, 0x00000000c5800000|  0%| F|  |TAMS 0x00000000c5700000, 0x00000000c5700000| Untracked 
|  88|0x00000000c5800000, 0x00000000c5800000, 0x00000000c5900000|  0%| F|  |TAMS 0x00000000c5800000, 0x00000000c5800000| Untracked 
|  89|0x00000000c5900000, 0x00000000c5900000, 0x00000000c5a00000|  0%| F|  |TAMS 0x00000000c5900000, 0x00000000c5900000| Untracked 
|  90|0x00000000c5a00000, 0x00000000c5a00000, 0x00000000c5b00000|  0%| F|  |TAMS 0x00000000c5a00000, 0x00000000c5a00000| Untracked 
|  91|0x00000000c5b00000, 0x00000000c5b00000, 0x00000000c5c00000|  0%| F|  |TAMS 0x00000000c5b00000, 0x00000000c5b00000| Untracked 
|  92|0x00000000c5c00000, 0x00000000c5c00000, 0x00000000c5d00000|  0%| F|  |TAMS 0x00000000c5c00000, 0x00000000c5c00000| Untracked 
|  93|0x00000000c5d00000, 0x00000000c5d00000, 0x00000000c5e00000|  0%| F|  |TAMS 0x00000000c5d00000, 0x00000000c5d00000| Untracked 
|  94|0x00000000c5e00000, 0x00000000c5e00000, 0x00000000c5f00000|  0%| F|  |TAMS 0x00000000c5e00000, 0x00000000c5e00000| Untracked 
|  95|0x00000000c5f00000, 0x00000000c5f00000, 0x00000000c6000000|  0%| F|  |TAMS 0x00000000c5f00000, 0x00000000c5f00000| Untracked 
|  96|0x00000000c6000000, 0x00000000c6000000, 0x00000000c6100000|  0%| F|  |TAMS 0x00000000c6000000, 0x00000000c6000000| Untracked 
|  97|0x00000000c6100000, 0x00000000c6100000, 0x00000000c6200000|  0%| F|  |TAMS 0x00000000c6100000, 0x00000000c6100000| Untracked 
|  98|0x00000000c6200000, 0x00000000c627f810, 0x00000000c6300000| 49%| O|  |TAMS 0x00000000c6200000, 0x00000000c6200000| Untracked 
|  99|0x00000000c6300000, 0x00000000c6300000, 0x00000000c6400000|  0%| F|  |TAMS 0x00000000c6300000, 0x00000000c6300000| Untracked 
| 100|0x00000000c6400000, 0x00000000c64feb90, 0x00000000c6500000| 99%| O|  |TAMS 0x00000000c6400000, 0x00000000c6400000| Untracked 
| 101|0x00000000c6500000, 0x00000000c6500000, 0x00000000c6600000|  0%| F|  |TAMS 0x00000000c6500000, 0x00000000c6500000| Untracked 
| 102|0x00000000c6600000, 0x00000000c6600000, 0x00000000c6700000|  0%| F|  |TAMS 0x00000000c6600000, 0x00000000c6600000| Untracked 
| 103|0x00000000c6700000, 0x00000000c6700000, 0x00000000c6800000|  0%| F|  |TAMS 0x00000000c6700000, 0x00000000c6700000| Untracked 
| 104|0x00000000c6800000, 0x00000000c6800000, 0x00000000c6900000|  0%| F|  |TAMS 0x00000000c6800000, 0x00000000c6800000| Untracked 
| 105|0x00000000c6900000, 0x00000000c6900000, 0x00000000c6a00000|  0%| F|  |TAMS 0x00000000c6900000, 0x00000000c6900000| Untracked 
| 106|0x00000000c6a00000, 0x00000000c6a00000, 0x00000000c6b00000|  0%| F|  |TAMS 0x00000000c6a00000, 0x00000000c6a00000| Untracked 
| 107|0x00000000c6b00000, 0x00000000c6b00000, 0x00000000c6c00000|  0%| F|  |TAMS 0x00000000c6b00000, 0x00000000c6b00000| Untracked 
| 108|0x00000000c6c00000, 0x00000000c6c00000, 0x00000000c6d00000|  0%| F|  |TAMS 0x00000000c6c00000, 0x00000000c6c00000| Untracked 
| 109|0x00000000c6d00000, 0x00000000c6d00000, 0x00000000c6e00000|  0%| F|  |TAMS 0x00000000c6d00000, 0x00000000c6d00000| Untracked 
| 110|0x00000000c6e00000, 0x00000000c6e00000, 0x00000000c6f00000|  0%| F|  |TAMS 0x00000000c6e00000, 0x00000000c6e00000| Untracked 
| 111|0x00000000c6f00000, 0x00000000c6f00000, 0x00000000c7000000|  0%| F|  |TAMS 0x00000000c6f00000, 0x00000000c6f00000| Untracked 
| 112|0x00000000c7000000, 0x00000000c7000000, 0x00000000c7100000|  0%| F|  |TAMS 0x00000000c7000000, 0x00000000c7000000| Untracked 
| 113|0x00000000c7100000, 0x00000000c7100000, 0x00000000c7200000|  0%| F|  |TAMS 0x00000000c7100000, 0x00000000c7100000| Untracked 
| 114|0x00000000c7200000, 0x00000000c7200000, 0x00000000c7300000|  0%| F|  |TAMS 0x00000000c7200000, 0x00000000c7200000| Untracked 
| 115|0x00000000c7300000, 0x00000000c7300000, 0x00000000c7400000|  0%| F|  |TAMS 0x00000000c7300000, 0x00000000c7300000| Untracked 
| 116|0x00000000c7400000, 0x00000000c7400000, 0x00000000c7500000|  0%| F|  |TAMS 0x00000000c7400000, 0x00000000c7400000| Untracked 
| 117|0x00000000c7500000, 0x00000000c7500000, 0x00000000c7600000|  0%| F|  |TAMS 0x00000000c7500000, 0x00000000c7500000| Untracked 
| 118|0x00000000c7600000, 0x00000000c7600000, 0x00000000c7700000|  0%| F|  |TAMS 0x00000000c7600000, 0x00000000c7600000| Untracked 
| 119|0x00000000c7700000, 0x00000000c7700000, 0x00000000c7800000|  0%| F|  |TAMS 0x00000000c7700000, 0x00000000c7700000| Untracked 
| 120|0x00000000c7800000, 0x00000000c7800000, 0x00000000c7900000|  0%| F|  |TAMS 0x00000000c7800000, 0x00000000c7800000| Untracked 
| 121|0x00000000c7900000, 0x00000000c7900000, 0x00000000c7a00000|  0%| F|  |TAMS 0x00000000c7900000, 0x00000000c7900000| Untracked 
| 122|0x00000000c7a00000, 0x00000000c7a00000, 0x00000000c7b00000|  0%| F|  |TAMS 0x00000000c7a00000, 0x00000000c7a00000| Untracked 
| 123|0x00000000c7b00000, 0x00000000c7b00000, 0x00000000c7c00000|  0%| F|  |TAMS 0x00000000c7b00000, 0x00000000c7b00000| Untracked 
| 124|0x00000000c7c00000, 0x00000000c7d00000, 0x00000000c7d00000|100%| S|CS|TAMS 0x00000000c7c00000, 0x00000000c7c00000| Complete 
| 125|0x00000000c7d00000, 0x00000000c7d00000, 0x00000000c7e00000|  0%| F|  |TAMS 0x00000000c7d00000, 0x00000000c7d00000| Untracked 
| 126|0x00000000c7e00000, 0x00000000c7e00000, 0x00000000c7f00000|  0%| F|  |TAMS 0x00000000c7e00000, 0x00000000c7e00000| Untracked 
| 127|0x00000000c7f00000, 0x00000000c7f00000, 0x00000000c8000000|  0%| F|  |TAMS 0x00000000c7f00000, 0x00000000c7f00000| Untracked 
| 128|0x00000000c8000000, 0x00000000c8000000, 0x00000000c8100000|  0%| F|  |TAMS 0x00000000c8000000, 0x00000000c8000000| Untracked 
| 129|0x00000000c8100000, 0x00000000c8100000, 0x00000000c8200000|  0%| F|  |TAMS 0x00000000c8100000, 0x00000000c8100000| Untracked 
| 130|0x00000000c8200000, 0x00000000c8200000, 0x00000000c8300000|  0%| F|  |TAMS 0x00000000c8200000, 0x00000000c8200000| Untracked 
| 131|0x00000000c8300000, 0x00000000c8300000, 0x00000000c8400000|  0%| F|  |TAMS 0x00000000c8300000, 0x00000000c8300000| Untracked 
| 132|0x00000000c8400000, 0x00000000c8400000, 0x00000000c8500000|  0%| F|  |TAMS 0x00000000c8400000, 0x00000000c8400000| Untracked 
| 133|0x00000000c8500000, 0x00000000c8500000, 0x00000000c8600000|  0%| F|  |TAMS 0x00000000c8500000, 0x00000000c8500000| Untracked 
| 134|0x00000000c8600000, 0x00000000c8600000, 0x00000000c8700000|  0%| F|  |TAMS 0x00000000c8600000, 0x00000000c8600000| Untracked 
| 135|0x00000000c8700000, 0x00000000c8700000, 0x00000000c8800000|  0%| F|  |TAMS 0x00000000c8700000, 0x00000000c8700000| Untracked 
| 136|0x00000000c8800000, 0x00000000c8800000, 0x00000000c8900000|  0%| F|  |TAMS 0x00000000c8800000, 0x00000000c8800000| Untracked 
| 137|0x00000000c8900000, 0x00000000c8900000, 0x00000000c8a00000|  0%| F|  |TAMS 0x00000000c8900000, 0x00000000c8900000| Untracked 
| 138|0x00000000c8a00000, 0x00000000c8a00000, 0x00000000c8b00000|  0%| F|  |TAMS 0x00000000c8a00000, 0x00000000c8a00000| Untracked 
| 139|0x00000000c8b00000, 0x00000000c8b00000, 0x00000000c8c00000|  0%| F|  |TAMS 0x00000000c8b00000, 0x00000000c8b00000| Untracked 
| 140|0x00000000c8c00000, 0x00000000c8c00000, 0x00000000c8d00000|  0%| F|  |TAMS 0x00000000c8c00000, 0x00000000c8c00000| Untracked 
| 141|0x00000000c8d00000, 0x00000000c8d00000, 0x00000000c8e00000|  0%| F|  |TAMS 0x00000000c8d00000, 0x00000000c8d00000| Untracked 
| 142|0x00000000c8e00000, 0x00000000c8e00000, 0x00000000c8f00000|  0%| F|  |TAMS 0x00000000c8e00000, 0x00000000c8e00000| Untracked 
| 143|0x00000000c8f00000, 0x00000000c8f00000, 0x00000000c9000000|  0%| F|  |TAMS 0x00000000c8f00000, 0x00000000c8f00000| Untracked 
| 144|0x00000000c9000000, 0x00000000c9000000, 0x00000000c9100000|  0%| F|  |TAMS 0x00000000c9000000, 0x00000000c9000000| Untracked 
| 145|0x00000000c9100000, 0x00000000c9100000, 0x00000000c9200000|  0%| F|  |TAMS 0x00000000c9100000, 0x00000000c9100000| Untracked 
| 146|0x00000000c9200000, 0x00000000c9200000, 0x00000000c9300000|  0%| F|  |TAMS 0x00000000c9200000, 0x00000000c9200000| Untracked 
| 147|0x00000000c9300000, 0x00000000c9300000, 0x00000000c9400000|  0%| F|  |TAMS 0x00000000c9300000, 0x00000000c9300000| Untracked 
| 148|0x00000000c9400000, 0x00000000c9400000, 0x00000000c9500000|  0%| F|  |TAMS 0x00000000c9400000, 0x00000000c9400000| Untracked 
| 149|0x00000000c9500000, 0x00000000c9500000, 0x00000000c9600000|  0%| F|  |TAMS 0x00000000c9500000, 0x00000000c9500000| Untracked 
| 150|0x00000000c9600000, 0x00000000c9600000, 0x00000000c9700000|  0%| F|  |TAMS 0x00000000c9600000, 0x00000000c9600000| Untracked 
| 151|0x00000000c9700000, 0x00000000c9700000, 0x00000000c9800000|  0%| F|  |TAMS 0x00000000c9700000, 0x00000000c9700000| Untracked 
| 152|0x00000000c9800000, 0x00000000c9800000, 0x00000000c9900000|  0%| F|  |TAMS 0x00000000c9800000, 0x00000000c9800000| Untracked 
| 153|0x00000000c9900000, 0x00000000c9900000, 0x00000000c9a00000|  0%| F|  |TAMS 0x00000000c9900000, 0x00000000c9900000| Untracked 
| 154|0x00000000c9a00000, 0x00000000c9a00000, 0x00000000c9b00000|  0%| F|  |TAMS 0x00000000c9a00000, 0x00000000c9a00000| Untracked 
| 155|0x00000000c9b00000, 0x00000000c9b00000, 0x00000000c9c00000|  0%| F|  |TAMS 0x00000000c9b00000, 0x00000000c9b00000| Untracked 
| 156|0x00000000c9c00000, 0x00000000c9c00000, 0x00000000c9d00000|  0%| F|  |TAMS 0x00000000c9c00000, 0x00000000c9c00000| Untracked 
| 157|0x00000000c9d00000, 0x00000000c9d00000, 0x00000000c9e00000|  0%| F|  |TAMS 0x00000000c9d00000, 0x00000000c9d00000| Untracked 
| 158|0x00000000c9e00000, 0x00000000c9e00000, 0x00000000c9f00000|  0%| F|  |TAMS 0x00000000c9e00000, 0x00000000c9e00000| Untracked 
| 159|0x00000000c9f00000, 0x00000000c9f00000, 0x00000000ca000000|  0%| F|  |TAMS 0x00000000c9f00000, 0x00000000c9f00000| Untracked 
| 160|0x00000000ca000000, 0x00000000ca000000, 0x00000000ca100000|  0%| F|  |TAMS 0x00000000ca000000, 0x00000000ca000000| Untracked 
| 161|0x00000000ca100000, 0x00000000ca100000, 0x00000000ca200000|  0%| F|  |TAMS 0x00000000ca100000, 0x00000000ca100000| Untracked 
| 162|0x00000000ca200000, 0x00000000ca200000, 0x00000000ca300000|  0%| F|  |TAMS 0x00000000ca200000, 0x00000000ca200000| Untracked 
| 163|0x00000000ca300000, 0x00000000ca300000, 0x00000000ca400000|  0%| F|  |TAMS 0x00000000ca300000, 0x00000000ca300000| Untracked 
| 164|0x00000000ca400000, 0x00000000ca400000, 0x00000000ca500000|  0%| F|  |TAMS 0x00000000ca400000, 0x00000000ca400000| Untracked 
| 165|0x00000000ca500000, 0x00000000ca500000, 0x00000000ca600000|  0%| F|  |TAMS 0x00000000ca500000, 0x00000000ca500000| Untracked 
| 166|0x00000000ca600000, 0x00000000ca600000, 0x00000000ca700000|  0%| F|  |TAMS 0x00000000ca600000, 0x00000000ca600000| Untracked 
| 167|0x00000000ca700000, 0x00000000ca700000, 0x00000000ca800000|  0%| F|  |TAMS 0x00000000ca700000, 0x00000000ca700000| Untracked 
| 168|0x00000000ca800000, 0x00000000ca800000, 0x00000000ca900000|  0%| F|  |TAMS 0x00000000ca800000, 0x00000000ca800000| Untracked 
| 169|0x00000000ca900000, 0x00000000ca900000, 0x00000000caa00000|  0%| F|  |TAMS 0x00000000ca900000, 0x00000000ca900000| Untracked 
| 170|0x00000000caa00000, 0x00000000caa00000, 0x00000000cab00000|  0%| F|  |TAMS 0x00000000caa00000, 0x00000000caa00000| Untracked 
| 171|0x00000000cab00000, 0x00000000cab00000, 0x00000000cac00000|  0%| F|  |TAMS 0x00000000cab00000, 0x00000000cab00000| Untracked 
| 172|0x00000000cac00000, 0x00000000cac00000, 0x00000000cad00000|  0%| F|  |TAMS 0x00000000cac00000, 0x00000000cac00000| Untracked 
| 173|0x00000000cad00000, 0x00000000cad00000, 0x00000000cae00000|  0%| F|  |TAMS 0x00000000cad00000, 0x00000000cad00000| Untracked 
| 174|0x00000000cae00000, 0x00000000cae00000, 0x00000000caf00000|  0%| F|  |TAMS 0x00000000cae00000, 0x00000000cae00000| Untracked 
| 175|0x00000000caf00000, 0x00000000caf00000, 0x00000000cb000000|  0%| F|  |TAMS 0x00000000caf00000, 0x00000000caf00000| Untracked 
| 176|0x00000000cb000000, 0x00000000cb000000, 0x00000000cb100000|  0%| F|  |TAMS 0x00000000cb000000, 0x00000000cb000000| Untracked 
| 177|0x00000000cb100000, 0x00000000cb100000, 0x00000000cb200000|  0%| F|  |TAMS 0x00000000cb100000, 0x00000000cb100000| Untracked 
| 178|0x00000000cb200000, 0x00000000cb200000, 0x00000000cb300000|  0%| F|  |TAMS 0x00000000cb200000, 0x00000000cb200000| Untracked 
| 179|0x00000000cb300000, 0x00000000cb300000, 0x00000000cb400000|  0%| F|  |TAMS 0x00000000cb300000, 0x00000000cb300000| Untracked 
| 180|0x00000000cb400000, 0x00000000cb400000, 0x00000000cb500000|  0%| F|  |TAMS 0x00000000cb400000, 0x00000000cb400000| Untracked 
| 181|0x00000000cb500000, 0x00000000cb500000, 0x00000000cb600000|  0%| F|  |TAMS 0x00000000cb500000, 0x00000000cb500000| Untracked 
| 182|0x00000000cb600000, 0x00000000cb600000, 0x00000000cb700000|  0%| F|  |TAMS 0x00000000cb600000, 0x00000000cb600000| Untracked 
| 183|0x00000000cb700000, 0x00000000cb700000, 0x00000000cb800000|  0%| F|  |TAMS 0x00000000cb700000, 0x00000000cb700000| Untracked 
| 184|0x00000000cb800000, 0x00000000cb800000, 0x00000000cb900000|  0%| F|  |TAMS 0x00000000cb800000, 0x00000000cb800000| Untracked 
| 185|0x00000000cb900000, 0x00000000cb900000, 0x00000000cba00000|  0%| F|  |TAMS 0x00000000cb900000, 0x00000000cb900000| Untracked 
| 186|0x00000000cba00000, 0x00000000cba00000, 0x00000000cbb00000|  0%| F|  |TAMS 0x00000000cba00000, 0x00000000cba00000| Untracked 
| 187|0x00000000cbb00000, 0x00000000cbb00000, 0x00000000cbc00000|  0%| F|  |TAMS 0x00000000cbb00000, 0x00000000cbb00000| Untracked 
| 188|0x00000000cbc00000, 0x00000000cbc00000, 0x00000000cbd00000|  0%| F|  |TAMS 0x00000000cbc00000, 0x00000000cbc00000| Untracked 
| 189|0x00000000cbd00000, 0x00000000cbd00000, 0x00000000cbe00000|  0%| F|  |TAMS 0x00000000cbd00000, 0x00000000cbd00000| Untracked 
| 190|0x00000000cbe00000, 0x00000000cbe00000, 0x00000000cbf00000|  0%| F|  |TAMS 0x00000000cbe00000, 0x00000000cbe00000| Untracked 
| 191|0x00000000cbf00000, 0x00000000cbf00000, 0x00000000cc000000|  0%| F|  |TAMS 0x00000000cbf00000, 0x00000000cbf00000| Untracked 
| 192|0x00000000cc000000, 0x00000000cc000000, 0x00000000cc100000|  0%| F|  |TAMS 0x00000000cc000000, 0x00000000cc000000| Untracked 
| 193|0x00000000cc100000, 0x00000000cc100000, 0x00000000cc200000|  0%| F|  |TAMS 0x00000000cc100000, 0x00000000cc100000| Untracked 
| 194|0x00000000cc200000, 0x00000000cc200000, 0x00000000cc300000|  0%| F|  |TAMS 0x00000000cc200000, 0x00000000cc200000| Untracked 
| 195|0x00000000cc300000, 0x00000000cc300000, 0x00000000cc400000|  0%| F|  |TAMS 0x00000000cc300000, 0x00000000cc300000| Untracked 
| 196|0x00000000cc400000, 0x00000000cc400000, 0x00000000cc500000|  0%| F|  |TAMS 0x00000000cc400000, 0x00000000cc400000| Untracked 
| 197|0x00000000cc500000, 0x00000000cc500000, 0x00000000cc600000|  0%| F|  |TAMS 0x00000000cc500000, 0x00000000cc500000| Untracked 
| 198|0x00000000cc600000, 0x00000000cc600000, 0x00000000cc700000|  0%| F|  |TAMS 0x00000000cc600000, 0x00000000cc600000| Untracked 
| 199|0x00000000cc700000, 0x00000000cc700000, 0x00000000cc800000|  0%| F|  |TAMS 0x00000000cc700000, 0x00000000cc700000| Untracked 
| 200|0x00000000cc800000, 0x00000000cc800000, 0x00000000cc900000|  0%| F|  |TAMS 0x00000000cc800000, 0x00000000cc800000| Untracked 
| 201|0x00000000cc900000, 0x00000000cc900000, 0x00000000cca00000|  0%| F|  |TAMS 0x00000000cc900000, 0x00000000cc900000| Untracked 
| 202|0x00000000cca00000, 0x00000000cca00000, 0x00000000ccb00000|  0%| F|  |TAMS 0x00000000cca00000, 0x00000000cca00000| Untracked 
| 203|0x00000000ccb00000, 0x00000000ccb00000, 0x00000000ccc00000|  0%| F|  |TAMS 0x00000000ccb00000, 0x00000000ccb00000| Untracked 
| 204|0x00000000ccc00000, 0x00000000ccc00000, 0x00000000ccd00000|  0%| F|  |TAMS 0x00000000ccc00000, 0x00000000ccc00000| Untracked 
| 205|0x00000000ccd00000, 0x00000000ccd00000, 0x00000000cce00000|  0%| F|  |TAMS 0x00000000ccd00000, 0x00000000ccd00000| Untracked 
| 206|0x00000000cce00000, 0x00000000cce00000, 0x00000000ccf00000|  0%| F|  |TAMS 0x00000000cce00000, 0x00000000cce00000| Untracked 
| 207|0x00000000ccf00000, 0x00000000ccf00000, 0x00000000cd000000|  0%| F|  |TAMS 0x00000000ccf00000, 0x00000000ccf00000| Untracked 
| 208|0x00000000cd000000, 0x00000000cd000000, 0x00000000cd100000|  0%| F|  |TAMS 0x00000000cd000000, 0x00000000cd000000| Untracked 
| 209|0x00000000cd100000, 0x00000000cd100000, 0x00000000cd200000|  0%| F|  |TAMS 0x00000000cd100000, 0x00000000cd100000| Untracked 
| 210|0x00000000cd200000, 0x00000000cd200000, 0x00000000cd300000|  0%| F|  |TAMS 0x00000000cd200000, 0x00000000cd200000| Untracked 
| 211|0x00000000cd300000, 0x00000000cd300000, 0x00000000cd400000|  0%| F|  |TAMS 0x00000000cd300000, 0x00000000cd300000| Untracked 
| 212|0x00000000cd400000, 0x00000000cd400000, 0x00000000cd500000|  0%| F|  |TAMS 0x00000000cd400000, 0x00000000cd400000| Untracked 
| 213|0x00000000cd500000, 0x00000000cd500000, 0x00000000cd600000|  0%| F|  |TAMS 0x00000000cd500000, 0x00000000cd500000| Untracked 
| 214|0x00000000cd600000, 0x00000000cd600000, 0x00000000cd700000|  0%| F|  |TAMS 0x00000000cd600000, 0x00000000cd600000| Untracked 
| 215|0x00000000cd700000, 0x00000000cd700000, 0x00000000cd800000|  0%| F|  |TAMS 0x00000000cd700000, 0x00000000cd700000| Untracked 
| 216|0x00000000cd800000, 0x00000000cd800000, 0x00000000cd900000|  0%| F|  |TAMS 0x00000000cd800000, 0x00000000cd800000| Untracked 
| 217|0x00000000cd900000, 0x00000000cd900000, 0x00000000cda00000|  0%| F|  |TAMS 0x00000000cd900000, 0x00000000cd900000| Untracked 
| 218|0x00000000cda00000, 0x00000000cda00000, 0x00000000cdb00000|  0%| F|  |TAMS 0x00000000cda00000, 0x00000000cda00000| Untracked 
| 219|0x00000000cdb00000, 0x00000000cdb00000, 0x00000000cdc00000|  0%| F|  |TAMS 0x00000000cdb00000, 0x00000000cdb00000| Untracked 
| 220|0x00000000cdc00000, 0x00000000cdc00000, 0x00000000cdd00000|  0%| F|  |TAMS 0x00000000cdc00000, 0x00000000cdc00000| Untracked 
| 221|0x00000000cdd00000, 0x00000000cdd00000, 0x00000000cde00000|  0%| F|  |TAMS 0x00000000cdd00000, 0x00000000cdd00000| Untracked 
| 222|0x00000000cde00000, 0x00000000cde00000, 0x00000000cdf00000|  0%| F|  |TAMS 0x00000000cde00000, 0x00000000cde00000| Untracked 
| 223|0x00000000cdf00000, 0x00000000cdf00000, 0x00000000ce000000|  0%| F|  |TAMS 0x00000000cdf00000, 0x00000000cdf00000| Untracked 
| 224|0x00000000ce000000, 0x00000000ce000000, 0x00000000ce100000|  0%| F|  |TAMS 0x00000000ce000000, 0x00000000ce000000| Untracked 
| 225|0x00000000ce100000, 0x00000000ce100000, 0x00000000ce200000|  0%| F|  |TAMS 0x00000000ce100000, 0x00000000ce100000| Untracked 
| 226|0x00000000ce200000, 0x00000000ce200000, 0x00000000ce300000|  0%| F|  |TAMS 0x00000000ce200000, 0x00000000ce200000| Untracked 
| 227|0x00000000ce300000, 0x00000000ce300000, 0x00000000ce400000|  0%| F|  |TAMS 0x00000000ce300000, 0x00000000ce300000| Untracked 
| 228|0x00000000ce400000, 0x00000000ce400000, 0x00000000ce500000|  0%| F|  |TAMS 0x00000000ce400000, 0x00000000ce400000| Untracked 
| 229|0x00000000ce500000, 0x00000000ce500000, 0x00000000ce600000|  0%| F|  |TAMS 0x00000000ce500000, 0x00000000ce500000| Untracked 
| 230|0x00000000ce600000, 0x00000000ce600000, 0x00000000ce700000|  0%| F|  |TAMS 0x00000000ce600000, 0x00000000ce600000| Untracked 
| 231|0x00000000ce700000, 0x00000000ce700000, 0x00000000ce800000|  0%| F|  |TAMS 0x00000000ce700000, 0x00000000ce700000| Untracked 
| 232|0x00000000ce800000, 0x00000000ce800000, 0x00000000ce900000|  0%| F|  |TAMS 0x00000000ce800000, 0x00000000ce800000| Untracked 
| 233|0x00000000ce900000, 0x00000000ce900000, 0x00000000cea00000|  0%| F|  |TAMS 0x00000000ce900000, 0x00000000ce900000| Untracked 
| 234|0x00000000cea00000, 0x00000000cea00000, 0x00000000ceb00000|  0%| F|  |TAMS 0x00000000cea00000, 0x00000000cea00000| Untracked 
| 235|0x00000000ceb00000, 0x00000000ceb00000, 0x00000000cec00000|  0%| F|  |TAMS 0x00000000ceb00000, 0x00000000ceb00000| Untracked 
| 236|0x00000000cec00000, 0x00000000cec00000, 0x00000000ced00000|  0%| F|  |TAMS 0x00000000cec00000, 0x00000000cec00000| Untracked 
| 237|0x00000000ced00000, 0x00000000ced00000, 0x00000000cee00000|  0%| F|  |TAMS 0x00000000ced00000, 0x00000000ced00000| Untracked 
| 238|0x00000000cee00000, 0x00000000cee00000, 0x00000000cef00000|  0%| F|  |TAMS 0x00000000cee00000, 0x00000000cee00000| Untracked 
| 239|0x00000000cef00000, 0x00000000cef00000, 0x00000000cf000000|  0%| F|  |TAMS 0x00000000cef00000, 0x00000000cef00000| Untracked 
| 240|0x00000000cf000000, 0x00000000cf000000, 0x00000000cf100000|  0%| F|  |TAMS 0x00000000cf000000, 0x00000000cf000000| Untracked 
| 241|0x00000000cf100000, 0x00000000cf100000, 0x00000000cf200000|  0%| F|  |TAMS 0x00000000cf100000, 0x00000000cf100000| Untracked 
| 242|0x00000000cf200000, 0x00000000cf200000, 0x00000000cf300000|  0%| F|  |TAMS 0x00000000cf200000, 0x00000000cf200000| Untracked 
| 243|0x00000000cf300000, 0x00000000cf300000, 0x00000000cf400000|  0%| F|  |TAMS 0x00000000cf300000, 0x00000000cf300000| Untracked 
| 244|0x00000000cf400000, 0x00000000cf400000, 0x00000000cf500000|  0%| F|  |TAMS 0x00000000cf400000, 0x00000000cf400000| Untracked 
| 245|0x00000000cf500000, 0x00000000cf500000, 0x00000000cf600000|  0%| F|  |TAMS 0x00000000cf500000, 0x00000000cf500000| Untracked 
| 246|0x00000000cf600000, 0x00000000cf600000, 0x00000000cf700000|  0%| F|  |TAMS 0x00000000cf600000, 0x00000000cf600000| Untracked 
| 247|0x00000000cf700000, 0x00000000cf700000, 0x00000000cf800000|  0%| F|  |TAMS 0x00000000cf700000, 0x00000000cf700000| Untracked 
| 248|0x00000000cf800000, 0x00000000cf800000, 0x00000000cf900000|  0%| F|  |TAMS 0x00000000cf800000, 0x00000000cf800000| Untracked 
| 249|0x00000000cf900000, 0x00000000cf900000, 0x00000000cfa00000|  0%| F|  |TAMS 0x00000000cf900000, 0x00000000cf900000| Untracked 
| 250|0x00000000cfa00000, 0x00000000cfa00000, 0x00000000cfb00000|  0%| F|  |TAMS 0x00000000cfa00000, 0x00000000cfa00000| Untracked 
| 251|0x00000000cfb00000, 0x00000000cfb00000, 0x00000000cfc00000|  0%| F|  |TAMS 0x00000000cfb00000, 0x00000000cfb00000| Untracked 
| 252|0x00000000cfc00000, 0x00000000cfc00000, 0x00000000cfd00000|  0%| F|  |TAMS 0x00000000cfc00000, 0x00000000cfc00000| Untracked 
| 253|0x00000000cfd00000, 0x00000000cfd00000, 0x00000000cfe00000|  0%| F|  |TAMS 0x00000000cfd00000, 0x00000000cfd00000| Untracked 
| 254|0x00000000cfe00000, 0x00000000cfe00000, 0x00000000cff00000|  0%| F|  |TAMS 0x00000000cfe00000, 0x00000000cfe00000| Untracked 
| 255|0x00000000cff00000, 0x00000000cff00000, 0x00000000d0000000|  0%| F|  |TAMS 0x00000000cff00000, 0x00000000cff00000| Untracked 
| 256|0x00000000d0000000, 0x00000000d0000000, 0x00000000d0100000|  0%| F|  |TAMS 0x00000000d0000000, 0x00000000d0000000| Untracked 
| 257|0x00000000d0100000, 0x00000000d0100000, 0x00000000d0200000|  0%| F|  |TAMS 0x00000000d0100000, 0x00000000d0100000| Untracked 
| 258|0x00000000d0200000, 0x00000000d0200000, 0x00000000d0300000|  0%| F|  |TAMS 0x00000000d0200000, 0x00000000d0200000| Untracked 
| 259|0x00000000d0300000, 0x00000000d0300000, 0x00000000d0400000|  0%| F|  |TAMS 0x00000000d0300000, 0x00000000d0300000| Untracked 

Card table byte_map: [0x000002239ca50000,0x000002239cc50000] _byte_map_base: 0x000002239c450000

Marking Bits (Prev, Next): (CMBitMap*) 0x000002239d37c4e8, (CMBitMap*) 0x000002239d37c4a8
 Prev Bits: [0x00000223b7f00000, 0x00000223b8f00000)
 Next Bits: [0x00000223b6f00000, 0x00000223b7f00000)

Polling page: 0x000002239baf0000

Metaspace:

Usage:
  Non-class:     10.36 MB capacity,     9.05 MB ( 87%) used,     1.27 MB ( 12%) free+waste,    39.25 KB ( <1%) overhead. 
      Class:      1.95 MB capacity,     1.63 MB ( 83%) used,   314.36 KB ( 16%) free+waste,    20.81 KB (  1%) overhead. 
       Both:     12.31 MB capacity,    10.68 MB ( 87%) used,     1.57 MB ( 13%) free+waste,    60.06 KB ( <1%) overhead. 

Virtual space:
  Non-class space:       12.00 MB reserved,      10.50 MB ( 88%) committed 
      Class space:        1.00 GB reserved,       2.00 MB ( <1%) committed 
             Both:        1.01 GB reserved,      12.50 MB (  1%) committed 

Chunk freelists:
   Non-Class:  18.00 KB
       Class:  16.00 KB
        Both:  34.00 KB

MaxMetaspaceSize: 17179869184.00 GB
CompressedClassSpaceSize: 1.00 GB

CodeHeap 'non-profiled nmethods': size=120000Kb used=2179Kb max_used=2179Kb free=117820Kb
 bounds [0x00000223af9d0000, 0x00000223afc40000, 0x00000223b6f00000]
CodeHeap 'profiled nmethods': size=120000Kb used=6273Kb max_used=6273Kb free=113726Kb
 bounds [0x00000223a84a0000, 0x00000223a8ad0000, 0x00000223af9d0000]
CodeHeap 'non-nmethods': size=5760Kb used=1169Kb max_used=1283Kb free=4590Kb
 bounds [0x00000223a7f00000, 0x00000223a8170000, 0x00000223a84a0000]
 total_blobs=3813 nmethods=3397 adapters=327
 compilation: enabled
              stopped_count=0, restarted_count=0
 full_count=0

Compilation events (20 events):
Event: 6.573 Thread 0x000002239d5a6800 3425       3       java.util.regex.Pattern::compile (500 bytes)
Event: 6.576 Thread 0x000002239d5a6800 nmethod 3425 0x00000223a8aba090 code [0x00000223a8aba540, 0x00000223a8abd448]
Event: 6.576 Thread 0x000002239d5a6800 3426       2       org.openkoreantext.processor.util.Hangul$::composeHangul (17 bytes)
Event: 6.576 Thread 0x000002239d5a6800 nmethod 3426 0x00000223a8abdf10 code [0x00000223a8abe0a0, 0x00000223a8abe208]
Event: 6.579 Thread 0x000002239d5a6800 3427       2       java.lang.Boolean::<init> (10 bytes)
Event: 6.579 Thread 0x000002239d5a6800 nmethod 3427 0x00000223a8abe310 code [0x00000223a8abe4a0, 0x00000223a8abe5b8]
Event: 6.580 Thread 0x000002239d5a6800 3428       2       kr.lucypark.okt.OktInterface::tokenize (163 bytes)
Event: 6.582 Thread 0x000002239d5a6800 nmethod 3428 0x00000223a8abe690 code [0x00000223a8abe940, 0x00000223a8abf388]
Event: 6.582 Thread 0x000002239d5a6800 3429       1       org.openkoreantext.processor.tokenizer.TokenizerProfile$::defaultProfile (5 bytes)
Event: 6.582 Thread 0x000002239d5a6800 nmethod 3429 0x00000223afbeb590 code [0x00000223afbeb720, 0x00000223afbeb7f8]
Event: 6.583 Thread 0x000002239d704800 nmethod 3394 0x00000223afbeb890 code [0x00000223afbebc40, 0x00000223afbed158]
Event: 6.583 Thread 0x000002239d704800 3430       4       java.util.regex.Pattern$Branch::match (66 bytes)
Event: 6.586 Thread 0x000002239d704800 nmethod 3430 0x00000223afbedb10 code [0x00000223afbedcc0, 0x00000223afbedeb8]
Event: 6.586 Thread 0x000002239d704800 3434       4       scala.collection.SeqLike::sorted (129 bytes)
Event: 6.588 Thread 0x000002239d599000 nmethod 3386 0x00000223afbee010 code [0x00000223afbee320, 0x00000223afbeeda8]
Event: 6.588 Thread 0x000002239d599000 3379       4       org.openkoreantext.processor.util.KoreanSubstantive$$$Lambda$113/0x0000000800ce6840::apply (14 bytes)
Event: 6.589 Thread 0x000002239d5a6800 3436       2       org.openkoreantext.processor.util.KoreanSubstantive$::$anonfun$isKoreanNameVariation$2 (213 bytes)
Event: 6.590 Thread 0x000002239d5a6800 nmethod 3436 0x00000223a8abfa90 code [0x00000223a8abfcc0, 0x00000223a8ac0308]
Event: 6.607 Thread 0x000002239d599000 nmethod 3379 0x00000223afbef290 code [0x00000223afbef700, 0x00000223afbf05f0]
Event: 6.607 Thread 0x000002239d599000 3380       4       org.openkoreantext.processor.util.KoreanSubstantive$::$anonfun$isKoreanNumber$1 (160 bytes)

GC Heap History (20 events):
Event: 3.649 GC heap after
{Heap after GC invocations=26 (full 7):
 garbage-first heap   total 122880K, used 45192K [0x00000000c0000000, 0x0000000100000000)
  region size 1024K, 0 young (0K), 0 survivors (0K)
 Metaspace       used 9848K, capacity 11534K, committed 11648K, reserved 1058816K
  class space    used 1545K, capacity 1871K, committed 1920K, reserved 1048576K
}
Event: 3.924 GC heap before
{Heap before GC invocations=26 (full 7):
 garbage-first heap   total 122880K, used 88200K [0x00000000c0000000, 0x0000000100000000)
  region size 1024K, 42 young (43008K), 0 survivors (0K)
 Metaspace       used 10129K, capacity 11827K, committed 11904K, reserved 1058816K
  class space    used 1576K, capacity 1913K, committed 1920K, reserved 1048576K
}
Event: 3.940 GC heap after
{Heap after GC invocations=27 (full 7):
 garbage-first heap   total 122880K, used 50312K [0x00000000c0000000, 0x0000000100000000)
  region size 1024K, 5 young (5120K), 5 survivors (5120K)
 Metaspace       used 10129K, capacity 11827K, committed 11904K, reserved 1058816K
  class space    used 1576K, capacity 1913K, committed 1920K, reserved 1048576K
}
Event: 4.035 GC heap before
{Heap before GC invocations=27 (full 7):
 garbage-first heap   total 122880K, used 92296K [0x00000000c0000000, 0x0000000100000000)
  region size 1024K, 46 young (47104K), 5 survivors (5120K)
 Metaspace       used 10129K, capacity 11827K, committed 11904K, reserved 1058816K
  class space    used 1576K, capacity 1913K, committed 1920K, reserved 1048576K
}
Event: 4.056 GC heap after
{Heap after GC invocations=28 (full 7):
 garbage-first heap   total 122880K, used 55969K [0x00000000c0000000, 0x0000000100000000)
  region size 1024K, 6 young (6144K), 6 survivors (6144K)
 Metaspace       used 10129K, capacity 11827K, committed 11904K, reserved 1058816K
  class space    used 1576K, capacity 1913K, committed 1920K, reserved 1048576K
}
Event: 4.160 GC heap before
{Heap before GC invocations=28 (full 7):
 garbage-first heap   total 122880K, used 94881K [0x00000000c0000000, 0x0000000100000000)
  region size 1024K, 44 young (45056K), 6 survivors (6144K)
 Metaspace       used 10129K, capacity 11827K, committed 11904K, reserved 1058816K
  class space    used 1576K, capacity 1913K, committed 1920K, reserved 1048576K
}
Event: 4.188 GC heap after
{Heap after GC invocations=29 (full 7):
 garbage-first heap   total 277504K, used 60777K [0x00000000c0000000, 0x0000000100000000)
  region size 1024K, 6 young (6144K), 6 survivors (6144K)
 Metaspace       used 10129K, capacity 11827K, committed 11904K, reserved 1058816K
  class space    used 1576K, capacity 1913K, committed 1920K, reserved 1048576K
}
Event: 4.256 GC heap before
{Heap before GC invocations=29 (full 7):
 garbage-first heap   total 277504K, used 73065K [0x00000000c0000000, 0x0000000100000000)
  region size 1024K, 19 young (19456K), 6 survivors (6144K)
 Metaspace       used 10176K, capacity 11860K, committed 12032K, reserved 1058816K
  class space    used 1608K, capacity 1945K, committed 2048K, reserved 1048576K
}
Event: 4.362 GC heap after
{Heap after GC invocations=30 (full 8):
 garbage-first heap   total 211968K, used 60784K [0x00000000c0000000, 0x0000000100000000)
  region size 1024K, 0 young (0K), 0 survivors (0K)
 Metaspace       used 10176K, capacity 11860K, committed 12032K, reserved 1058816K
  class space    used 1608K, capacity 1945K, committed 2048K, reserved 1048576K
}
Event: 4.581 GC heap before
{Heap before GC invocations=30 (full 8):
 garbage-first heap   total 211968K, used 143728K [0x00000000c0000000, 0x0000000100000000)
  region size 1024K, 81 young (82944K), 0 survivors (0K)
 Metaspace       used 10189K, capacity 11867K, committed 12032K, reserved 1058816K
  class space    used 1611K, capacity 1948K, committed 2048K, reserved 1048576K
}
Event: 4.595 GC heap after
{Heap after GC invocations=31 (full 8):
 garbage-first heap   total 211968K, used 70000K [0x00000000c0000000, 0x0000000100000000)
  region size 1024K, 9 young (9216K), 9 survivors (9216K)
 Metaspace       used 10189K, capacity 11867K, committed 12032K, reserved 1058816K
  class space    used 1611K, capacity 1948K, committed 2048K, reserved 1048576K
}
Event: 4.633 GC heap before
{Heap before GC invocations=31 (full 8):
 garbage-first heap   total 211968K, used 88432K [0x00000000c0000000, 0x0000000100000000)
  region size 1024K, 28 young (28672K), 9 survivors (9216K)
 Metaspace       used 10189K, capacity 11867K, committed 12032K, reserved 1058816K
  class space    used 1611K, capacity 1948K, committed 2048K, reserved 1048576K
}
Event: 4.720 GC heap after
{Heap after GC invocations=32 (full 9):
 garbage-first heap   total 211968K, used 67097K [0x00000000c0000000, 0x0000000100000000)
  region size 1024K, 0 young (0K), 0 survivors (0K)
 Metaspace       used 10189K, capacity 11867K, committed 12032K, reserved 1058816K
  class space    used 1611K, capacity 1948K, committed 2048K, reserved 1048576K
}
Event: 4.868 GC heap before
{Heap before GC invocations=32 (full 9):
 garbage-first heap   total 211968K, used 157209K [0x00000000c0000000, 0x0000000100000000)
  region size 1024K, 88 young (90112K), 0 survivors (0K)
 Metaspace       used 10190K, capacity 11867K, committed 12032K, reserved 1058816K
  class space    used 1611K, capacity 1948K, committed 2048K, reserved 1048576K
}
Event: 4.882 GC heap after
{Heap after GC invocations=33 (full 9):
 garbage-first heap   total 211968K, used 77728K [0x00000000c0000000, 0x0000000100000000)
  region size 1024K, 11 young (11264K), 11 survivors (11264K)
 Metaspace       used 10190K, capacity 11867K, committed 12032K, reserved 1058816K
  class space    used 1611K, capacity 1948K, committed 2048K, reserved 1048576K
}
Event: 5.094 GC heap before
{Heap before GC invocations=33 (full 9):
 garbage-first heap   total 211968K, used 160672K [0x00000000c0000000, 0x0000000100000000)
  region size 1024K, 92 young (94208K), 11 survivors (11264K)
 Metaspace       used 10578K, capacity 12232K, committed 12544K, reserved 1060864K
  class space    used 1642K, capacity 1959K, committed 2048K, reserved 1048576K
}
Event: 5.123 GC heap after
{Heap after GC invocations=34 (full 9):
 garbage-first heap   total 211968K, used 85367K [0x00000000c0000000, 0x0000000100000000)
  region size 1024K, 9 young (9216K), 9 survivors (9216K)
 Metaspace       used 10578K, capacity 12232K, committed 12544K, reserved 1060864K
  class space    used 1642K, capacity 1959K, committed 2048K, reserved 1048576K
}
Event: 5.800 GC heap before
{Heap before GC invocations=34 (full 9):
 garbage-first heap   total 211968K, used 136567K [0x00000000c0000000, 0x0000000100000000)
  region size 1024K, 60 young (61440K), 9 survivors (9216K)
 Metaspace       used 10891K, capacity 12538K, committed 12800K, reserved 1060864K
  class space    used 1664K, capacity 2000K, committed 2048K, reserved 1048576K
}
Event: 5.904 GC heap after
{Heap after GC invocations=35 (full 10):
 garbage-first heap   total 211968K, used 78926K [0x00000000c0000000, 0x0000000100000000)
  region size 1024K, 0 young (0K), 0 survivors (0K)
 Metaspace       used 10891K, capacity 12538K, committed 12800K, reserved 1060864K
  class space    used 1664K, capacity 2000K, committed 2048K, reserved 1048576K
}
Event: 6.619 GC heap before
{Heap before GC invocations=35 (full 10):
 garbage-first heap   total 211968K, used 162894K [0x00000000c0000000, 0x0000000100000000)
  region size 1024K, 82 young (83968K), 0 survivors (0K)
 Metaspace       used 10934K, capacity 12606K, committed 12800K, reserved 1060864K
  class space    used 1664K, capacity 2000K, committed 2048K, reserved 1048576K
}

Deoptimization events (20 events):
Event: 5.248 Thread 0x0000022396f0e000 Uncommon trap: trap_request=0xffffffde fr.pc=0x00000223afadea14 relative=0x00000000000002d4
Event: 5.248 Thread 0x0000022396f0e000 Uncommon trap: reason=class_check action=maybe_recompile pc=0x00000223afadea14 method=scala.collection.TraversableLike.builder$1(Lscala/collection/generic/CanBuildFrom;)Lscala/collection/mutable/Builder; @ 7 c2
Event: 5.248 Thread 0x0000022396f0e000 DEOPT PACKING pc=0x00000223afadea14 sp=0x0000004c37fe94e0
Event: 5.248 Thread 0x0000022396f0e000 DEOPT UNPACKING pc=0x00000223a7f4912f sp=0x0000004c37fe9318 mode 2
Event: 5.597 Thread 0x0000022396f0e000 Uncommon trap: trap_request=0xffffff45 fr.pc=0x00000223afb9a9bc relative=0x000000000000483c
Event: 5.597 Thread 0x0000022396f0e000 Uncommon trap: reason=unstable_if action=reinterpret pc=0x00000223afb9a9bc method=org.openkoreantext.processor.tokenizer.ParsedChunk.isNounHa()I @ 131 c2
Event: 5.598 Thread 0x0000022396f0e000 DEOPT PACKING pc=0x00000223afb9a9bc sp=0x0000004c37fe9870
Event: 5.598 Thread 0x0000022396f0e000 DEOPT UNPACKING pc=0x00000223a7f4912f sp=0x0000004c37fe96f0 mode 2
Event: 5.692 Thread 0x0000022396f0e000 Uncommon trap: trap_request=0xffffff45 fr.pc=0x00000223afba3960 relative=0x00000000000000a0
Event: 5.692 Thread 0x0000022396f0e000 Uncommon trap: reason=unstable_if action=reinterpret pc=0x00000223afba3960 method=java.util.regex.Pattern.lambda$CIRange$12(III)Z @ 25 c2
Event: 5.692 Thread 0x0000022396f0e000 DEOPT PACKING pc=0x00000223afba3960 sp=0x0000004c37fe99b0
Event: 5.692 Thread 0x0000022396f0e000 DEOPT UNPACKING pc=0x00000223a7f4912f sp=0x0000004c37fe98d0 mode 2
Event: 6.034 Thread 0x0000022396f0e000 Uncommon trap: trap_request=0xffffff45 fr.pc=0x00000223afba3e4c relative=0x000000000000010c
Event: 6.034 Thread 0x0000022396f0e000 Uncommon trap: reason=unstable_if action=reinterpret pc=0x00000223afba3e4c method=java.util.regex.ASCII.isUpper(I)Z @ 9 c2
Event: 6.034 Thread 0x0000022396f0e000 DEOPT PACKING pc=0x00000223afba3e4c sp=0x0000004c37fe9a60
Event: 6.034 Thread 0x0000022396f0e000 DEOPT UNPACKING pc=0x00000223a7f4912f sp=0x0000004c37fe9920 mode 2
Event: 6.100 Thread 0x0000022396f0e000 Uncommon trap: trap_request=0xffffff45 fr.pc=0x00000223afbb44a8 relative=0x00000000000042c8
Event: 6.100 Thread 0x0000022396f0e000 Uncommon trap: reason=unstable_if action=reinterpret pc=0x00000223afbb44a8 method=org.openkoreantext.processor.tokenizer.ParsedChunk.isNounHa()I @ 106 c2
Event: 6.100 Thread 0x0000022396f0e000 DEOPT PACKING pc=0x00000223afbb44a8 sp=0x0000004c37fe97e0
Event: 6.100 Thread 0x0000022396f0e000 DEOPT UNPACKING pc=0x00000223a7f4912f sp=0x0000004c37fe95d8 mode 2

Classes unloaded (0 events):
No events

Classes redefined (0 events):
No events

Internal exceptions (20 events):
Event: 0.288 Thread 0x0000022396f0e000 Exception <a 'java/lang/IncompatibleClassChangeError'{0x00000000c7a1e068}: Found class java.lang.Object, but interface was expected> (0x00000000c7a1e068) 
thrown [./open/src/hotspot/share/interpreter/linkResolver.cpp, line 832]
Event: 0.510 Thread 0x0000022396f0e000 Exception <a 'java/lang/NoSuchMethodError'{0x00000000c09ba9c8}: 'void java.lang.invoke.DirectMethodHandle$Holder.invokeSpecial(java.lang.Object, java.lang.Object, java.lang.Object, java.lang.Object)'> (0x00000000c09ba9c8) 
thrown [./open/src/hotspot/share/interpreter/linkResolver.cpp, line 766]
Event: 1.037 Thread 0x0000022396f0e000 Exception <a 'java/lang/NoSuchMethodError'{0x00000000c0fe3b50}: 'java.lang.Object java.lang.invoke.Invokers$Holder.invokeExact_MT(java.lang.Object, java.lang.Object, java.lang.Object, java.lang.Object, java.lang.Object, java.lang.Object)'> (0x00000000c0fe3b50) 
thrown [./open/src/hotspot/share/interpreter/linkResolver.cpp, line 766]
Event: 1.255 Thread 0x0000022396f0e000 Exception <a 'java/lang/NoSuchMethodError'{0x00000000c128c140}: 'java.lang.Object java.lang.invoke.DirectMethodHandle$Holder.invokeStaticInit(java.lang.Object, java.lang.Object, java.lang.Object)'> (0x00000000c128c140) 
thrown [./open/src/hotspot/share/interpreter/linkResolver.cpp, line 766]
Event: 1.300 Thread 0x0000022396f0e000 Exception <a 'java/lang/NoSuchMethodError'{0x00000000c10be638}: 'int java.lang.invoke.DirectMethodHandle$Holder.invokeSpecialIFC(java.lang.Object, java.lang.Object, int)'> (0x00000000c10be638) 
thrown [./open/src/hotspot/share/interpreter/linkResolver.cpp, line 766]
Event: 1.324 Thread 0x0000022396f0e000 Exception <a 'java/lang/NoSuchMethodError'{0x00000000c0f36910}: 'int java.lang.invoke.DirectMethodHandle$Holder.invokeStatic(java.lang.Object, java.lang.Object, int)'> (0x00000000c0f36910) 
thrown [./open/src/hotspot/share/interpreter/linkResolver.cpp, line 766]
Event: 1.372 Thread 0x0000022396f0e000 Exception <a 'java/lang/NoSuchMethodError'{0x00000000c0e59800}: 'java.lang.Object java.lang.invoke.DirectMethodHandle$Holder.invokeStatic(java.lang.Object, java.lang.Object, int, java.lang.Object)'> (0x00000000c0e59800) 
thrown [./open/src/hotspot/share/interpreter/linkResolver.cpp, line 766]
Event: 1.373 Thread 0x0000022396f0e000 Exception <a 'java/lang/NoSuchMethodError'{0x00000000c0e5f708}: 'java.lang.Object java.lang.invoke.Invokers$Holder.linkToTargetMethod(java.lang.Object, int, java.lang.Object, java.lang.Object)'> (0x00000000c0e5f708) 
thrown [./open/src/hotspot/share/interpreter/linkResolver.cpp, line 766]
Event: 1.396 Thread 0x0000022396f0e000 Exception <a 'java/lang/NoSuchMethodError'{0x00000000c0d21230}: 'java.lang.Object java.lang.invoke.DirectMethodHandle$Holder.invokeStaticInit(java.lang.Object, java.lang.Object, java.lang.Object, java.lang.Object)'> (0x00000000c0d21230) 
thrown [./open/src/hotspot/share/interpreter/linkResolver.cpp, line 766]
Event: 1.764 Thread 0x0000022396f0e000 Exception <a 'java/lang/NoSuchMethodError'{0x00000000c1ee5630}: 'java.lang.Object java.lang.invoke.Invokers$Holder.linkToTargetMethod(java.lang.Object, int, java.lang.Object)'> (0x00000000c1ee5630) 
thrown [./open/src/hotspot/share/interpreter/linkResolver.cpp, line 766]
Event: 1.773 Thread 0x0000022396f0e000 Exception <a 'java/lang/NoSuchMethodError'{0x00000000c1d09f40}: 'java.lang.Object java.lang.invoke.DirectMethodHandle$Holder.invokeStatic(java.lang.Object, int, java.lang.Object)'> (0x00000000c1d09f40) 
thrown [./open/src/hotspot/share/interpreter/linkResolver.cpp, line 766]
Event: 1.780 Thread 0x0000022396f0e000 Exception <a 'java/lang/NoSuchMethodError'{0x00000000c1d20980}: 'java.lang.Object java.lang.invoke.DirectMethodHandle$Holder.invokeStatic(java.lang.Object, int, int, java.lang.Object)'> (0x00000000c1d20980) 
thrown [./open/src/hotspot/share/interpreter/linkResolver.cpp, line 766]
Event: 3.128 Thread 0x0000022396f0e000 Exception <a 'java/lang/NoSuchMethodError'{0x00000000c605dab8}: 'java.lang.Object java.lang.invoke.DirectMethodHandle$Holder.invokeStatic(java.lang.Object, java.lang.Object, java.lang.Object, java.lang.Object, int, java.lang.Object)'> (0x00000000c605dab8) 
thrown [./open/src/hotspot/share/interpreter/linkResolver.cpp, line 766]
Event: 3.129 Thread 0x0000022396f0e000 Exception <a 'java/lang/NoSuchMethodError'{0x00000000c6061058}: 'java.lang.Object java.lang.invoke.DirectMethodHandle$Holder.invokeSpecial(java.lang.Object, java.lang.Object, java.lang.Object, java.lang.Object, java.lang.Object, int, java.lang.Object)'> (0x00000000c6061058) 
thrown [./open/src/hotspot/share/interpreter/linkResolver.cpp, line 766]
Event: 3.129 Thread 0x0000022396f0e000 Exception <a 'java/lang/NoSuchMethodError'{0x00000000c6063ec8}: 'java.lang.Object java.lang.invoke.Invokers$Holder.linkToTargetMethod(java.lang.Object, java.lang.Object, java.lang.Object, int, java.lang.Object, java.lang.Object)'> (0x00000000c6063ec8) 
thrown [./open/src/hotspot/share/interpreter/linkResolver.cpp, line 766]
Event: 3.156 Thread 0x0000022396f0e000 Exception <a 'java/lang/NoSuchMethodError'{0x00000000c60a2c98}: 'java.lang.Object java.lang.invoke.DirectMethodHandle$Holder.invokeStaticInit(java.lang.Object, java.lang.Object, java.lang.Object, java.lang.Object, java.lang.Object)'> (0x00000000c60a2c98) 
thrown [./open/src/hotspot/share/interpreter/linkResolver.cpp, line 766]
Event: 3.157 Thread 0x0000022396f0e000 Exception <a 'java/lang/NoSuchMethodError'{0x00000000c60a9918}: 'java.lang.Object java.lang.invoke.Invokers$Holder.invoke_MT(java.lang.Object, java.lang.Object, java.lang.Object, java.lang.Object, java.lang.Object, java.lang.Object)'> (0x00000000c60a9918) 
thrown [./open/src/hotspot/share/interpreter/linkResolver.cpp, line 766]
Event: 3.159 Thread 0x0000022396f0e000 Exception <a 'java/lang/NoSuchMethodError'{0x00000000c60b4018}: 'java.lang.Object java.lang.invoke.Invokers$Holder.invoker(java.lang.Object, java.lang.Object, java.lang.Object)'> (0x00000000c60b4018) 
thrown [./open/src/hotspot/share/interpreter/linkResolver.cpp, line 766]
Event: 3.163 Thread 0x0000022396f0e000 Exception <a 'java/lang/NoSuchMethodError'{0x00000000c60c2af0}: 'void java.lang.invoke.DelegatingMethodHandle$Holder.delegate(java.lang.Object, java.lang.Object, int, java.lang.Object)'> (0x00000000c60c2af0) 
thrown [./open/src/hotspot/share/interpreter/linkResolver.cpp, line 766]
Event: 3.164 Thread 0x0000022396f0e000 Exception <a 'java/lang/NoSuchMethodError'{0x00000000c60c9e08}: 'java.lang.Object java.lang.invoke.Invokers$Holder.invokeExact_MT(java.lang.Object, java.lang.Object, java.lang.Object, java.lang.Object)'> (0x00000000c60c9e08) 
thrown [./open/src/hotspot/share/interpreter/linkResolver.cpp, line 766]

Events (20 events):
Event: 5.040 loading class java/util/AbstractList$Itr done
Event: 5.040 loading class java/util/AbstractList$ListItr
Event: 5.040 loading class java/util/AbstractList$ListItr done
Event: 5.040 loading class java/util/AbstractList$RandomAccessSubList
Event: 5.040 loading class java/util/AbstractList$SubList
Event: 5.040 loading class java/util/AbstractList$SubList done
Event: 5.040 loading class java/util/AbstractList$RandomAccessSubList done
Event: 5.040 loading class java/util/AbstractList$RandomAccessSpliterator
Event: 5.040 loading class java/util/AbstractList$RandomAccessSpliterator done
Event: 5.040 loading class java/util/ArrayList$ListItr
Event: 5.040 loading class java/util/ArrayList$ListItr done
Event: 5.040 Executing VM operation: HandshakeAllThreads
Event: 5.040 Executing VM operation: HandshakeAllThreads done
Event: 5.094 Executing VM operation: G1CollectForAllocation
Event: 5.123 Executing VM operation: G1CollectForAllocation done
Event: 5.629 Executing VM operation: ICBufferFull
Event: 5.629 Executing VM operation: ICBufferFull done
Event: 5.800 Executing VM operation: G1CollectFull
Event: 5.905 Executing VM operation: G1CollectFull done
Event: 6.619 Executing VM operation: G1CollectForAllocation


Dynamic libraries:
0x000000001c6a0000 - 0x000000001c6bb000 	C:\Users\user\anaconda3\envs\py36\python.exe
0x00007ffe42360000 - 0x00007ffe42550000 	C:\WINDOWS\SYSTEM32\ntdll.dll
0x00007ffe40e80000 - 0x00007ffe40f32000 	C:\WINDOWS\System32\KERNEL32.DLL
0x00007ffe3f580000 - 0x00007ffe3f824000 	C:\WINDOWS\System32\KERNELBASE.dll
0x00007ffe3f830000 - 0x00007ffe3f92a000 	C:\WINDOWS\System32\ucrtbase.dll
0x00007ffe27cc0000 - 0x00007ffe27cd5000 	C:\Users\user\anaconda3\envs\py36\VCRUNTIME140.dll
0x0000000065dd0000 - 0x0000000066173000 	C:\Users\user\anaconda3\envs\py36\python36.dll
0x00007ffe40410000 - 0x00007ffe40462000 	C:\WINDOWS\System32\SHLWAPI.dll
0x00007ffe42280000 - 0x00007ffe4231e000 	C:\WINDOWS\System32\msvcrt.dll
0x00007ffe40780000 - 0x00007ffe40ab5000 	C:\WINDOWS\System32\combase.dll
0x00007ffe40c20000 - 0x00007ffe40d40000 	C:\WINDOWS\System32\RPCRT4.dll
0x00007ffe3f9e0000 - 0x00007ffe3fa60000 	C:\WINDOWS\System32\bcryptPrimitives.dll
0x00007ffe41a70000 - 0x00007ffe41a96000 	C:\WINDOWS\System32\GDI32.dll
0x00007ffe3f4b0000 - 0x00007ffe3f4d1000 	C:\WINDOWS\System32\win32u.dll
0x00007ffe3fa80000 - 0x00007ffe3fc16000 	C:\WINDOWS\System32\gdi32full.dll
0x00007ffe3f4e0000 - 0x00007ffe3f57e000 	C:\WINDOWS\System32\msvcp_win.dll
0x00007ffe41630000 - 0x00007ffe417c5000 	C:\WINDOWS\System32\USER32.dll
0x00007ffe40e10000 - 0x00007ffe40e7f000 	C:\WINDOWS\System32\WS2_32.dll
0x00007ffe40b70000 - 0x00007ffe40c13000 	C:\WINDOWS\System32\ADVAPI32.dll
0x00007ffe41ad0000 - 0x00007ffe41b67000 	C:\WINDOWS\System32\sechost.dll
0x00007ffe34d10000 - 0x00007ffe34d1a000 	C:\WINDOWS\SYSTEM32\VERSION.dll
0x00007ffe41aa0000 - 0x00007ffe41ace000 	C:\WINDOWS\System32\IMM32.DLL
0x00007ffe3fa60000 - 0x00007ffe3fa77000 	C:\WINDOWS\System32\CRYPTSP.dll
0x00007ffe3df60000 - 0x00007ffe3df93000 	C:\WINDOWS\system32\rsaenh.dll
0x00007ffe3f2e0000 - 0x00007ffe3f306000 	C:\WINDOWS\System32\bcrypt.dll
0x00007ffe3e5c0000 - 0x00007ffe3e5cc000 	C:\WINDOWS\SYSTEM32\CRYPTBASE.dll
0x00007ffe24740000 - 0x00007ffe2474f000 	C:\Users\user\anaconda3\envs\py36\python3.dll
0x0000000065db0000 - 0x0000000065dc8000 	C:\Users\user\anaconda3\envs\py36\DLLs\_bz2.pyd
0x00007ffe219f0000 - 0x00007ffe21a31000 	C:\Users\user\anaconda3\envs\py36\DLLs\_lzma.pyd
0x00007ffdfb7a0000 - 0x00007ffdfb942000 	C:\Users\user\anaconda3\envs\py36\DLLs\_hashlib.pyd
0x0000000065d50000 - 0x0000000065d73000 	C:\Users\user\anaconda3\envs\py36\DLLs\_ctypes.pyd
0x00007ffe417d0000 - 0x00007ffe41927000 	C:\WINDOWS\System32\ole32.dll
0x00007ffe40d40000 - 0x00007ffe40e05000 	C:\WINDOWS\System32\OLEAUT32.dll
0x00007ffe40f40000 - 0x00007ffe41627000 	C:\WINDOWS\System32\shell32.DLL
0x00007ffe3f310000 - 0x00007ffe3f35a000 	C:\WINDOWS\System32\cfgmgr32.dll
0x00007ffe40ac0000 - 0x00007ffe40b69000 	C:\WINDOWS\System32\shcore.dll
0x00007ffe3fc80000 - 0x00007ffe40402000 	C:\WINDOWS\System32\windows.storage.dll
0x00007ffe3f240000 - 0x00007ffe3f263000 	C:\WINDOWS\System32\profapi.dll
0x00007ffe3f270000 - 0x00007ffe3f2ba000 	C:\WINDOWS\System32\powrprof.dll
0x00007ffe3f210000 - 0x00007ffe3f220000 	C:\WINDOWS\System32\UMPDC.dll
0x00007ffe3f2c0000 - 0x00007ffe3f2d1000 	C:\WINDOWS\System32\kernel.appcore.dll
0x0000000065be0000 - 0x0000000065bf7000 	C:\Users\user\anaconda3\envs\py36\DLLs\_sqlite3.pyd
0x00007ffdfab30000 - 0x00007ffdfacaf000 	C:\Users\user\anaconda3\envs\py36\Library\bin\sqlite3.dll
0x0000000065d80000 - 0x0000000065d89000 	C:\Users\user\anaconda3\envs\py36\DLLs\select.pyd
0x0000000065d40000 - 0x0000000065d4d000 	C:\Users\user\anaconda3\envs\py36\DLLs\_overlapped.pyd
0x0000000065d90000 - 0x0000000065da4000 	C:\Users\user\anaconda3\envs\py36\DLLs\_socket.pyd
0x00007ffe3e3f0000 - 0x00007ffe3e457000 	C:\WINDOWS\system32\mswsock.dll
0x0000000065d30000 - 0x0000000065d3a000 	C:\Users\user\anaconda3\envs\py36\DLLs\_multiprocessing.pyd
0x00007ffe24350000 - 0x00007ffe24360000 	C:\Users\user\anaconda3\envs\py36\DLLs\_asyncio.pyd
0x00007ffdfacb0000 - 0x00007ffdfaec1000 	C:\Users\user\anaconda3\envs\py36\DLLs\_ssl.pyd
0x00007ffe3f360000 - 0x00007ffe3f4a9000 	C:\WINDOWS\System32\CRYPT32.dll
0x00007ffe3f220000 - 0x00007ffe3f232000 	C:\WINDOWS\System32\MSASN1.dll
0x00007ffe38aa0000 - 0x00007ffe38aaf000 	C:\Users\user\anaconda3\envs\py36\lib\site-packages\immutables\_map.cp36-win_amd64.pyd
0x0000000065c00000 - 0x0000000065cde000 	C:\Users\user\anaconda3\envs\py36\DLLs\unicodedata.pyd
0x00007ffe22880000 - 0x00007ffe22896000 	C:\Users\user\anaconda3\envs\py36\lib\site-packages\zmq\backend\cython\constants.cp36-win_amd64.pyd
0x00007ffe229d0000 - 0x00007ffe229dc000 	C:\Users\user\anaconda3\envs\py36\lib\site-packages\zmq\backend\cython\error.cp36-win_amd64.pyd
0x00007ffe1f160000 - 0x00007ffe1f1d6000 	C:\Users\user\anaconda3\envs\py36\Library\bin\libzmq-mt-4_3_2.dll
0x00007ffe3e100000 - 0x00007ffe3e13a000 	C:\WINDOWS\SYSTEM32\IPHLPAPI.DLL
0x00007ffe3c930000 - 0x00007ffe3c9c9000 	C:\WINDOWS\SYSTEM32\MSVCP140.dll
0x00007ffe22780000 - 0x00007ffe2279a000 	C:\Users\user\anaconda3\envs\py36\lib\site-packages\zmq\backend\cython\message.cp36-win_amd64.pyd
0x00007ffe22760000 - 0x00007ffe22774000 	C:\Users\user\anaconda3\envs\py36\lib\site-packages\zmq\backend\cython\context.cp36-win_amd64.pyd
0x00007ffe21410000 - 0x00007ffe21436000 	C:\Users\user\anaconda3\envs\py36\lib\site-packages\zmq\backend\cython\socket.cp36-win_amd64.pyd
0x00007ffe22990000 - 0x00007ffe2299e000 	C:\Users\user\anaconda3\envs\py36\lib\site-packages\zmq\backend\cython\utils.cp36-win_amd64.pyd
0x00007ffe21e70000 - 0x00007ffe21e84000 	C:\Users\user\anaconda3\envs\py36\lib\site-packages\zmq\backend\cython\_poll.cp36-win_amd64.pyd
0x00007ffe22730000 - 0x00007ffe2273c000 	C:\Users\user\anaconda3\envs\py36\lib\site-packages\zmq\backend\cython\_version.cp36-win_amd64.pyd
0x00007ffe21330000 - 0x00007ffe21342000 	C:\Users\user\anaconda3\envs\py36\lib\site-packages\zmq\backend\cython\_device.cp36-win_amd64.pyd
0x00007ffe219e0000 - 0x00007ffe219f0000 	C:\Users\user\anaconda3\envs\py36\lib\site-packages\zmq\backend\cython\_proxy_steerable.cp36-win_amd64.pyd
0x00007ffe24560000 - 0x00007ffe24567000 	C:\Users\user\anaconda3\envs\py36\lib\site-packages\tornado\speedups.cp36-win_amd64.pyd
0x0000000065ce0000 - 0x0000000065d24000 	C:\Users\user\anaconda3\envs\py36\DLLs\_decimal.pyd
0x00007ffe40700000 - 0x00007ffe40708000 	C:\WINDOWS\System32\NSI.dll
0x00007ffe324e0000 - 0x00007ffe324f6000 	C:\WINDOWS\SYSTEM32\dhcpcsvc6.DLL
0x00007ffe34d20000 - 0x00007ffe34d3c000 	C:\WINDOWS\SYSTEM32\dhcpcsvc.DLL
0x00007ffe3e140000 - 0x00007ffe3e20b000 	C:\WINDOWS\SYSTEM32\DNSAPI.dll
0x0000000065b70000 - 0x0000000065b94000 	C:\Users\user\anaconda3\envs\py36\lib\site-packages\win32\win32api.pyd
0x0000000065b40000 - 0x0000000065b66000 	C:\Users\user\anaconda3\envs\py36\lib\site-packages\win32\pywintypes36.dll
0x00007ffe3c130000 - 0x00007ffe3c13c000 	C:\WINDOWS\SYSTEM32\secur32.dll
0x00007ffe3f100000 - 0x00007ffe3f12f000 	C:\WINDOWS\SYSTEM32\SSPICLI.DLL
0x0000000065b10000 - 0x0000000065b36000 	C:\Users\user\anaconda3\envs\py36\lib\site-packages\win32\win32security.pyd
0x00007ffe28490000 - 0x00007ffe284a7000 	C:\WINDOWS\SYSTEM32\NETAPI32.dll
0x00007ffe3e260000 - 0x00007ffe3e26c000 	C:\WINDOWS\SYSTEM32\NETUTILS.DLL
0x00000223992b0000 - 0x00000223992b3000 	C:\WINDOWS\SYSTEM32\security.dll
0x00007ffe20300000 - 0x00007ffe20328000 	C:\WINDOWS\SYSTEM32\ntdsapi.dll
0x00007ffe3e210000 - 0x00007ffe3e252000 	C:\WINDOWS\SYSTEM32\LOGONCLI.DLL
0x00007ffe38280000 - 0x00007ffe38287000 	C:\Users\user\anaconda3\envs\py36\lib\site-packages\mkl\_mklinit.cp36-win_amd64.pyd
0x00007ffdd5150000 - 0x00007ffdd61ad000 	C:\Users\user\anaconda3\envs\py36\Library\bin\mkl_rt.dll
0x00007ffe38250000 - 0x00007ffe38272000 	C:\Users\user\anaconda3\envs\py36\lib\site-packages\mkl\_py_mkl_service.cp36-win_amd64.pyd
0x00007ffdfc110000 - 0x00007ffdfc3d8000 	C:\Users\user\anaconda3\envs\py36\lib\site-packages\numpy\core\_multiarray_umath.cp36-win_amd64.pyd
0x00007ffe38230000 - 0x00007ffe3824f000 	C:\Users\user\anaconda3\envs\py36\lib\site-packages\numpy\core\_multiarray_tests.cp36-win_amd64.pyd
0x00007ffe34080000 - 0x00007ffe34089000 	C:\Users\user\anaconda3\envs\py36\lib\site-packages\numpy\linalg\lapack_lite.cp36-win_amd64.pyd
0x00007ffe21750000 - 0x00007ffe2177a000 	C:\Users\user\anaconda3\envs\py36\lib\site-packages\numpy\linalg\_umath_linalg.cp36-win_amd64.pyd
0x00007ffe21730000 - 0x00007ffe21750000 	C:\Users\user\anaconda3\envs\py36\lib\site-packages\numpy\fft\_pocketfft_internal.cp36-win_amd64.pyd
0x00007ffe144c0000 - 0x00007ffe1454f000 	C:\Users\user\anaconda3\envs\py36\lib\site-packages\numpy\random\mtrand.cp36-win_amd64.pyd
0x00007ffe14490000 - 0x00007ffe144ba000 	C:\Users\user\anaconda3\envs\py36\lib\site-packages\numpy\random\bit_generator.cp36-win_amd64.pyd
0x00007ffe11630000 - 0x00007ffe11661000 	C:\Users\user\anaconda3\envs\py36\lib\site-packages\numpy\random\_common.cp36-win_amd64.pyd
0x00007ffe10fb0000 - 0x00007ffe10ff0000 	C:\Users\user\anaconda3\envs\py36\lib\site-packages\numpy\random\_bounded_integers.cp36-win_amd64.pyd
0x00007ffe21710000 - 0x00007ffe21728000 	C:\Users\user\anaconda3\envs\py36\lib\site-packages\numpy\random\_mt19937.cp36-win_amd64.pyd
0x00007ffe19b70000 - 0x00007ffe19b87000 	C:\Users\user\anaconda3\envs\py36\lib\site-packages\numpy\random\_philox.cp36-win_amd64.pyd
0x00007ffe14e30000 - 0x00007ffe14e45000 	C:\Users\user\anaconda3\envs\py36\lib\site-packages\numpy\random\_pcg64.cp36-win_amd64.pyd
0x00007ffe14470000 - 0x00007ffe14482000 	C:\Users\user\anaconda3\envs\py36\lib\site-packages\numpy\random\_sfc64.cp36-win_amd64.pyd
0x00007ffe10f00000 - 0x00007ffe10fa4000 	C:\Users\user\anaconda3\envs\py36\lib\site-packages\numpy\random\_generator.cp36-win_amd64.pyd
0x00007ffdd2380000 - 0x00007ffdd514d000 	C:\Users\user\anaconda3\envs\py36\Library\bin\mkl_intel_thread.dll
0x00007ffdc0130000 - 0x00007ffdc48ca000 	C:\Users\user\anaconda3\envs\py36\Library\bin\mkl_core.dll
0x00007ffdbd940000 - 0x00007ffdc0122000 	C:\Users\user\anaconda3\envs\py36\Library\bin\mkl_avx2.dll
0x00007ffdbcad0000 - 0x00007ffdbd93d000 	C:\Users\user\anaconda3\envs\py36\Library\bin\mkl_vml_avx2.dll
0x00007ffe10300000 - 0x00007ffe1040d000 	C:\Users\user\anaconda3\envs\py36\lib\site-packages\pandas\_libs\interval.cp36-win_amd64.pyd
0x00007ffe10e70000 - 0x00007ffe10ef1000 	C:\Users\user\anaconda3\envs\py36\lib\site-packages\pandas\_libs\hashtable.cp36-win_amd64.pyd
0x00007ffe10df0000 - 0x00007ffe10e1b000 	C:\Users\user\anaconda3\envs\py36\lib\site-packages\pandas\_libs\missing.cp36-win_amd64.pyd
0x00007ffe14390000 - 0x00007ffe143ad000 	C:\Users\user\anaconda3\envs\py36\lib\site-packages\pandas\_libs\tslibs\dtypes.cp36-win_amd64.pyd
0x00007ffe10db0000 - 0x00007ffe10dec000 	C:\Users\user\anaconda3\envs\py36\lib\site-packages\pandas\_libs\tslibs\conversion.cp36-win_amd64.pyd
0x00007ffe34070000 - 0x00007ffe3407f000 	C:\Users\user\anaconda3\envs\py36\lib\site-packages\pandas\_libs\tslibs\base.cp36-win_amd64.pyd
0x00007ffe108f0000 - 0x00007ffe1091f000 	C:\Users\user\anaconda3\envs\py36\lib\site-packages\pandas\_libs\tslibs\nattype.cp36-win_amd64.pyd
0x00007ffe230e0000 - 0x00007ffe230ef000 	C:\Users\user\anaconda3\envs\py36\lib\site-packages\pandas\_libs\tslibs\np_datetime.cp36-win_amd64.pyd
0x00007ffe102c0000 - 0x00007ffe102f4000 	C:\Users\user\anaconda3\envs\py36\lib\site-packages\pandas\_libs\tslibs\timezones.cp36-win_amd64.pyd
0x00007ffe10280000 - 0x00007ffe102bb000 	C:\Users\user\anaconda3\envs\py36\lib\site-packages\pandas\_libs\tslibs\tzconversion.cp36-win_amd64.pyd
0x00007ffe115b0000 - 0x00007ffe115c2000 	C:\Users\user\anaconda3\envs\py36\lib\site-packages\pandas\_libs\tslibs\ccalendar.cp36-win_amd64.pyd
0x00007ffe0fd40000 - 0x00007ffe0fd91000 	C:\Users\user\anaconda3\envs\py36\lib\site-packages\pandas\_libs\tslibs\parsing.cp36-win_amd64.pyd
0x00007ffe0fc70000 - 0x00007ffe0fd35000 	C:\Users\user\anaconda3\envs\py36\lib\site-packages\pandas\_libs\tslibs\offsets.cp36-win_amd64.pyd
0x00007ffe0f760000 - 0x00007ffe0f7bd000 	C:\Users\user\anaconda3\envs\py36\lib\site-packages\pandas\_libs\tslibs\timedeltas.cp36-win_amd64.pyd
0x00007ffe0f700000 - 0x00007ffe0f75f000 	C:\Users\user\anaconda3\envs\py36\lib\site-packages\pandas\_libs\tslibs\timestamps.cp36-win_amd64.pyd
0x00007ffe0f6c0000 - 0x00007ffe0f6fc000 	C:\Users\user\anaconda3\envs\py36\lib\site-packages\pandas\_libs\tslibs\fields.cp36-win_amd64.pyd
0x00007ffe0f520000 - 0x00007ffe0f56d000 	C:\Users\user\anaconda3\envs\py36\lib\site-packages\pandas\_libs\tslibs\strptime.cp36-win_amd64.pyd
0x00007ffe108d0000 - 0x00007ffe108e3000 	C:\Users\user\anaconda3\envs\py36\lib\site-packages\pandas\_libs\properties.cp36-win_amd64.pyd
0x00007ffe0f3b0000 - 0x00007ffe0f409000 	C:\Users\user\anaconda3\envs\py36\lib\site-packages\pandas\_libs\tslibs\period.cp36-win_amd64.pyd
0x00007ffe0f370000 - 0x00007ffe0f3a4000 	C:\Users\user\anaconda3\envs\py36\lib\site-packages\pandas\_libs\tslibs\vectorized.cp36-win_amd64.pyd
0x00007ffe10550000 - 0x00007ffe10562000 	C:\Users\user\anaconda3\envs\py36\lib\site-packages\pandas\_libs\ops_dispatch.cp36-win_amd64.pyd
0x00007ffdfbfe0000 - 0x00007ffdfc10e000 	C:\Users\user\anaconda3\envs\py36\lib\site-packages\pandas\_libs\algos.cp36-win_amd64.pyd
0x00007ffe06c60000 - 0x00007ffe06ccf000 	C:\Users\user\anaconda3\envs\py36\lib\site-packages\pandas\_libs\lib.cp36-win_amd64.pyd
0x00007ffe0f1b0000 - 0x00007ffe0f1d6000 	C:\Users\user\anaconda3\envs\py36\lib\site-packages\pandas\_libs\tslib.cp36-win_amd64.pyd

dbghelp: loaded successfully - version: 4.0.5 - missing functions: none
symbol engine: initialized successfully - sym options: 0x614 - pdb path: .;C:\Users\user\anaconda3\envs\py36;C:\WINDOWS\SYSTEM32;C:\Users\user\anaconda3\envs\py36\DLLs;C:\Users\user\anaconda3\envs\py36\Library\bin;C:\Users\user\anaconda3\envs\py36\lib\site-packages\immutables;C:\Users\user\anaconda3\envs\py36\lib\site-packages\zmq\backend\cython;C:\Users\user\anaconda3\envs\py36\lib\site-packages\tornado;C:\Users\user\anaconda3\envs\py36\lib\site-packages\win32;C:\Users\user\anaconda3\envs\py36\lib\site-packages\mkl;C:\Users\user\anaconda3\envs\py36\lib\site-packages\numpy\core;C:\Users\user\anaconda3\envs\py36\lib\site-packages\numpy\linalg;C:\Users\user\anaconda3\envs\py36\lib\site-packages\numpy\fft;C:\Users\user\anaconda3\envs\py36\lib\site-packages\numpy\random;C:\Users\user\anaconda3\envs\py36\lib\site-packages\pandas\_libs;C:\Users\user\anaconda3\envs\py36\lib\site-packages\pandas\_libs\tslibs;C:\Users\user\anaconda3\envs\py36\lib\site-packages\bottleneck;C:\Users\user\anaconda3\envs\py36\lib\site-packages\pandas\_libs\window;C:\Users\user\anaconda3\envs\py36\lib\site-packages;C:\Users\user\anaconda3\envs\py36\lib\site-packages\lxml;C:\Program Files\Java\jdk-14.0.2\bin\server;C:\Program Files\Java\jdk-14.0.2\bin

VM Arguments:
jvm_args: -Dfile.encoding=UTF8 -ea -Xmx1024m 
java_command: <unknown>
java_class_path (initial): C:\Users\user\anaconda3\envs\py36\lib\site-packages\konlpy\java;C:\Users\user\anaconda3\envs\py36\lib\site-packages\konlpy\java\bin;C:\Users\user\anaconda3\envs\py36\lib\site-packages\konlpy\java\*;C:\Users\user\anaconda3\envs\py36\lib\site-packages\konlpy\java\jhannanum-0.8.4.jar;C:\Users\user\anaconda3\envs\py36\lib\site-packages\konlpy\java\kkma-2.0.jar;C:\Users\user\anaconda3\envs\py36\lib\site-packages\konlpy\java\aho-corasick.jar;C:\Users\user\anaconda3\envs\py36\lib\site-packages\konlpy\java\shineware-common-1.0.jar;C:\Users\user\anaconda3\envs\py36\lib\site-packages\konlpy\java\shineware-ds-1.0.jar;C:\Users\user\anaconda3\envs\py36\lib\site-packages\konlpy\java\komoran-3.0.jar;C:\Users\user\anaconda3\envs\py36\lib\site-packages\konlpy\java\snakeyaml-1.12.jar;C:\Users\user\anaconda3\envs\py36\lib\site-packages\konlpy\java\scala-library-2.12.3.jar;C:\Users\user\anaconda3\envs\py36\lib\site-packages\konlpy\java\open-korean-text-2.1.0.jar;C:\Users\user\anaconda3\envs\py36\lib\site-packages\konlpy\java\twitter-text-1.14.7.jar;C:\Users\user\anaconda3\envs\py36\lib\site-packages\konlpy\java\*
Launcher Type: generic

[Global flags]
     intx CICompilerCount                          = 3                                         {product} {ergonomic}
     uint ConcGCThreads                            = 1                                         {product} {ergonomic}
     uint G1ConcRefinementThreads                  = 4                                         {product} {ergonomic}
   size_t G1HeapRegionSize                         = 1048576                                   {product} {ergonomic}
    uintx GCDrainStackTargetSize                   = 64                                        {product} {ergonomic}
   size_t InitialHeapSize                          = 132120576                                 {product} {ergonomic}
   size_t MarkStackSize                            = 4194304                                   {product} {ergonomic}
   size_t MaxHeapSize                              = 1073741824                                {product} {command line}
   size_t MaxNewSize                               = 643825664                                 {product} {ergonomic}
   size_t MinHeapDeltaBytes                        = 1048576                                   {product} {ergonomic}
   size_t MinHeapSize                              = 8388608                                   {product} {ergonomic}
    uintx NonNMethodCodeHeapSize                   = 5832780                                {pd product} {ergonomic}
    uintx NonProfiledCodeHeapSize                  = 122912730                              {pd product} {ergonomic}
    uintx ProfiledCodeHeapSize                     = 122912730                              {pd product} {ergonomic}
    uintx ReservedCodeCacheSize                    = 251658240                              {pd product} {ergonomic}
     bool SegmentedCodeCache                       = true                                      {product} {ergonomic}
   size_t SoftMaxHeapSize                          = 1073741824                             {manageable} {ergonomic}
     bool UseCompressedClassPointers               = true                                 {lp64_product} {ergonomic}
     bool UseCompressedOops                        = true                                 {lp64_product} {ergonomic}
     bool UseG1GC                                  = true                                      {product} {ergonomic}
     bool UseLargePagesIndividualAllocation        = false                                  {pd product} {ergonomic}

Logging:
Log output configuration:
 #0: stdout all=warning uptime,level,tags
 #1: stderr all=off uptime,level,tags

Environment Variables:
JAVA_HOME=C:\Program Files\Java\jdk-14.0.2\bin\server
PATH=C:\Users\user\anaconda3\envs\py36;C:\Users\user\anaconda3\envs\py36\Library\mingw-w64\bin;C:\Users\user\anaconda3\envs\py36\Library\usr\bin;C:\Users\user\anaconda3\envs\py36\Library\bin;C:\Users\user\anaconda3\envs\py36\Scripts;C:\Users\user\anaconda3\envs\py36\bin;C:\Users\user\anaconda3\condabin;C:\Users\user\anaconda3;C:\Users\user\anaconda3\Library\mingw-w64\bin;C:\Users\user\anaconda3\Library\usr\bin;C:\Users\user\anaconda3\Library\bin;C:\Users\user\anaconda3\Scripts;C:\Program Files (x86)\Intel\Intel(R) Management Engine Components\iCLS;C:\Program Files\Intel\Intel(R) Management Engine Components\iCLS;C:\WINDOWS\system32;C:\WINDOWS;C:\WINDOWS\System32\Wbem;C:\WINDOWS\System32\WindowsPowerShell\v1.0;C:\WINDOWS\System32\OpenSSH;C:\Program Files (x86)\Intel\Intel(R) Management Engine Components\DAL;C:\Program Files\Intel\Intel(R) Management Engine Components\DAL;C:\Program Files\Git\cmd;C:\Program Files\Java\jdk-14.0.2\bin;C:\Users\user\anaconda3;C:\Users\user\anaconda3\Library\mingw-w64\bin;C:\Users\user\anaconda3\Library\usr\bin;C:\Users\user\anaconda3\Library\bin;C:\Users\user\anaconda3\Scripts;C:\Users\user\AppData\Local\Microsoft\WindowsApps;C:\Microsoft VS Code\bin;C:\Users\user\AppData\Local\Programs\Microsoft VS Code Insiders\bin;C:\Users\user\anaconda3\envs\py36\lib\site-packages\numpy\.libs
USERNAME=user
OS=Windows_NT
PROCESSOR_IDENTIFIER=Intel64 Family 6 Model 142 Stepping 11, GenuineIntel



---------------  S Y S T E M  ---------------

OS: Windows 10 , 64 bit Build 18362 (10.0.18362.959)
OS uptime: 10 days 19:22 hours

CPU:total 4 (initial active 4) (2 cores per cpu, 2 threads per core) family 6 model 142 stepping 11, cmov, cx8, fxsr, mmx, sse, sse2, sse3, ssse3, sse4.1, sse4.2, popcnt, avx, avx2, aes, clmul, erms, 3dnowpref, lzcnt, ht, tsc, tscinvbit, bmi1, bmi2, adx, fma

Memory: 4k page, system-wide physical 8053M (725M free)
TotalPageFile size 22530M (AvailPageFile size 55M)
current process WorkingSet (physical memory assigned to process): 420M, peak: 460M
current process commit charge ("private bytes"): 508M, peak: 617M

vm_info: Java HotSpot(TM) 64-Bit Server VM (14.0.2+12-46) for windows-amd64 JRE (14.0.2+12-46), built on Jul  9 2020 00:35:52 by "mach5one" with MS VC++ 15.9 (VS2017)

END.
