#
# There is insufficient memory for the Java Runtime Environment to continue.
# Native memory allocation (malloc) failed to allocate 2097152 bytes for AllocateHeap
# Possible reasons:
#   The system is out of physical RAM or swap space
#   The process is running with CompressedOops enabled, and the Java Heap may be blocking the growth of the native heap
# Possible solutions:
#   Reduce memory load on the system
#   Increase physical memory or swap space
#   Check if swap backing store is full
#   Decrease Java heap size (-Xmx/-Xms)
#   Decrease number of Java threads
#   Decrease Java thread stack sizes (-Xss)
#   Set larger code cache with -XX:ReservedCodeCacheSize=
#   JVM is running with Unscaled Compressed Oops mode in which the Java heap is
#     placed in the first 4GB address space. The Java Heap base address is the
#     maximum limit for the native heap growth. Please use -XX:HeapBaseMinAddress
#     to set the Java Heap base and to place the Java Heap above 4GB virtual address.
# This output file may be truncated or incomplete.
#
#  Out of Memory Error (./open/src/hotspot/share/memory/allocation.cpp:44), pid=32400, tid=9384
#
# JRE version: Java(TM) SE Runtime Environment (14.0.2+12) (build 14.0.2+12-46)
# Java VM: Java HotSpot(TM) 64-Bit Server VM (14.0.2+12-46, mixed mode, sharing, tiered, compressed oops, g1 gc, windows-amd64)
# No core dump will be written. Minidumps are not enabled by default on client versions of Windows
#

---------------  S U M M A R Y ------------

Command Line: -Dfile.encoding=UTF8 -ea -Xmx1024m 

Host: Intel(R) Core(TM) i3-8145U CPU @ 2.10GHz, 4 cores, 7G,  Windows 10 , 64 bit Build 18362 (10.0.18362.959)
Time: Mon Sep  7 16:48:45 2020 ¢¥eCN©öI¡¾©ö C¡ÍA¨ª¨öA elapsed time: 131 seconds (0d 0h 2m 11s)

---------------  T H R E A D  ---------------

Current thread (0x00000211c8766000):  VMThread "VM Thread" [stack: 0x000000c1432c0000,0x000000c1434b0000] [id=9384]

Stack: [0x000000c1432c0000,0x000000c1434b0000]
[error occurred during error reporting (printing stack bounds), id 0xc0000005, EXCEPTION_ACCESS_VIOLATION (0xc0000005) at pc=0x00000211d30b10ad]

Native frames: (J=compiled Java code, j=interpreted, Vv=VM code, C=native code)
C  0x00007ffddc8e8a9a
C  0x00007ffddca3247a
C  0x00007ffddca33c2f
C  0x00007ffddca341d5
C  0x00007ffddca3418b
C  0x00007ffddc8e7f6f
C  0x00007ffddc8e8738
C  [ntdll.dll+0xa11cf]
C  [ntdll.dll+0x6a209]
C  [ntdll.dll+0x9fe3e]
C  0x00000211d30b10ad

VM_Operation (0x000000c144dde5b0): G1CollectFull, mode: safepoint, requested by thread 0x00000211c8a98000


---------------  P R O C E S S  ---------------

Threads class SMR info:
_java_thread_list=0x00000211e963f3a0, length=12, elements={
0x00000211c28cb800, 0x00000211c8771000, 0x00000211c8779800, 0x00000211c878f800,
0x00000211c8790800, 0x00000211c8791000, 0x00000211c4dee000, 0x00000211c4df0800,
0x00000211c87b3000, 0x00000211c8756800, 0x00000211c8910800, 0x00000211c8a98000
}

Java Threads: ( => current thread )
  0x00000211c28cb800 JavaThread "main" [_thread_in_native, id=2604, stack(0x000000c140c00000,0x000000c140df0000)]
  0x00000211c8771000 JavaThread "Reference Handler" daemon [_thread_blocked, id=33032, stack(0x000000c1434b0000,0x000000c1436a0000)]
  0x00000211c8779800 JavaThread "Finalizer" daemon [_thread_blocked, id=32076, stack(0x000000c1436a0000,0x000000c143890000)]
  0x00000211c878f800 JavaThread "Signal Dispatcher" daemon [_thread_blocked, id=4828, stack(0x000000c143890000,0x000000c143a80000)]
  0x00000211c8790800 JavaThread "Attach Listener" daemon [_thread_blocked, id=2088, stack(0x000000c143a80000,0x000000c143c70000)]
  0x00000211c8791000 JavaThread "Service Thread" daemon [_thread_blocked, id=24308, stack(0x000000c143c70000,0x000000c143e60000)]
  0x00000211c4dee000 JavaThread "C2 CompilerThread0" daemon [_thread_blocked, id=34276, stack(0x000000c143e60000,0x000000c144050000)]
  0x00000211c4df0800 JavaThread "C1 CompilerThread0" daemon [_thread_blocked, id=25164, stack(0x000000c144050000,0x000000c144240000)]
  0x00000211c87b3000 JavaThread "Sweeper thread" daemon [_thread_blocked, id=7660, stack(0x000000c144240000,0x000000c144430000)]
  0x00000211c8756800 JavaThread "Notification Thread" daemon [_thread_blocked, id=19300, stack(0x000000c144430000,0x000000c144620000)]
  0x00000211c8910800 JavaThread "Common-Cleaner" daemon [_thread_blocked, id=14392, stack(0x000000c144810000,0x000000c144a00000)]
  0x00000211c8a98000 JavaThread "Python Reference Queue" daemon [_thread_blocked, id=27416, stack(0x000000c144bf0000,0x000000c144de0000)]

Other Threads:
=>0x00000211c8766000 VMThread "VM Thread" [stack: 0x000000c1432c0000,0x000000c1434b0000] [id=9384]
  0x00000211c890e000 WatcherThread [stack: 0x000000c144620000,0x000000c144810000] [id=29284]
  0x00000211c8576800 GCTaskThread "GC Thread#0" [stack: 0x000000c142910000,0x000000c142b00000] [id=35176]
  0x00000211c8918800 GCTaskThread "GC Thread#1" [stack: 0x000000c144de0000,0x000000c144fd0000] [id=35196]
  0x00000211c8ac4800 GCTaskThread "GC Thread#2" [stack: 0x000000c144fd0000,0x000000c1451c0000] [id=30204]
  0x00000211e828b800 GCTaskThread "GC Thread#3" [stack: 0x000000c1453b0000,0x000000c1455a0000] [id=31972]
  0x00000211c8577000 ConcurrentGCThread "G1 Main Marker" [stack: 0x000000c142b00000,0x000000c142cf0000] [id=26412]
  0x00000211c8578000 ConcurrentGCThread "G1 Conc#0" [stack: 0x000000c142cf0000,0x000000c142ee0000] [id=32456]
  0x00000211c27fd000 ConcurrentGCThread "G1 Refine#0" [stack: 0x000000c142ee0000,0x000000c1430d0000] [id=15696]
  0x00000211c27fe800 ConcurrentGCThread "G1 Refine#1" [stack: 0x000000c1451c0000,0x000000c1453b0000] [id=21180]
  0x00000211c85f1800 ConcurrentGCThread "G1 Young RemSet Sampling" [stack: 0x000000c1430d0000,0x000000c1432c0000] [id=29052]

Threads with active compile tasks:

VM state:at safepoint (normal execution)

VM Mutex/Monitor currently owned by a thread:  ([mutex/lock_event])
[0x00000211c8541c30] Threads_lock - owner thread: 0x00000211c8766000
[0x00000211c8542920] Heap_lock - owner thread: 0x00000211c8a98000

Heap address: 0x00000000c0000000, size: 1024 MB, Compressed Oops mode: 32-bit
Narrow klass base: 0x0000000800000000, Narrow klass shift: 3
Compressed class space size: 1073741824 Address: 0x0000000800b30000

Heap:
 garbage-first heap   total 266240K, used 78942K [0x00000000c0000000, 0x0000000100000000)
  region size 1024K, 2 young (2048K), 1 survivors (1024K)
 Metaspace       used 10997K, capacity 12630K, committed 12800K, reserved 1060864K
  class space    used 1669K, capacity 2000K, committed 2048K, reserved 1048576K
Heap Regions: E=young(eden), S=young(survivor), O=old, HS=humongous(starts), HC=humongous(continues), CS=collection set, F=free, OA=open archive, CA=closed archive, TAMS=top-at-mark-start (previous, next)
|   0|0x00000000c0000000, 0x00000000c00ffff8, 0x00000000c0100000| 99%| O|  |TAMS 0x00000000c0000000, 0x00000000c0000000| Untracked 
|   1|0x00000000c0100000, 0x00000000c01ffff8, 0x00000000c0200000| 99%| O|  |TAMS 0x00000000c0100000, 0x00000000c0100000| Untracked 
|   2|0x00000000c0200000, 0x00000000c0300000, 0x00000000c0300000|100%| O|  |TAMS 0x00000000c0200000, 0x00000000c0200000| Untracked 
|   3|0x00000000c0300000, 0x00000000c0400000, 0x00000000c0400000|100%| O|  |TAMS 0x00000000c0300000, 0x00000000c0300000| Untracked 
|   4|0x00000000c0400000, 0x00000000c04ffff0, 0x00000000c0500000| 99%| O|  |TAMS 0x00000000c0400000, 0x00000000c0400000| Untracked 
|   5|0x00000000c0500000, 0x00000000c05ffff0, 0x00000000c0600000| 99%| O|  |TAMS 0x00000000c0500000, 0x00000000c0500000| Untracked 
|   6|0x00000000c0600000, 0x00000000c06ffff8, 0x00000000c0700000| 99%| O|  |TAMS 0x00000000c0600000, 0x00000000c0600000| Untracked 
|   7|0x00000000c0700000, 0x00000000c0800000, 0x00000000c0800000|100%| O|  |TAMS 0x00000000c0700000, 0x00000000c0700000| Untracked 
|   8|0x00000000c0800000, 0x00000000c08ffff0, 0x00000000c0900000| 99%| O|  |TAMS 0x00000000c0800000, 0x00000000c0800000| Untracked 
|   9|0x00000000c0900000, 0x00000000c09ffff0, 0x00000000c0a00000| 99%| O|  |TAMS 0x00000000c0900000, 0x00000000c0900000| Untracked 
|  10|0x00000000c0a00000, 0x00000000c0b00000, 0x00000000c0b00000|100%| O|  |TAMS 0x00000000c0a00000, 0x00000000c0a00000| Untracked 
|  11|0x00000000c0b00000, 0x00000000c0bffff0, 0x00000000c0c00000| 99%| O|  |TAMS 0x00000000c0b00000, 0x00000000c0b00000| Untracked 
|  12|0x00000000c0c00000, 0x00000000c0d00000, 0x00000000c0d00000|100%|HS|  |TAMS 0x00000000c0c00000, 0x00000000c0c00000| Untracked 
|  13|0x00000000c0d00000, 0x00000000c0e00000, 0x00000000c0e00000|100%|HC|  |TAMS 0x00000000c0d00000, 0x00000000c0d00000| Untracked 
|  14|0x00000000c0e00000, 0x00000000c0f00000, 0x00000000c0f00000|100%|HS|  |TAMS 0x00000000c0e00000, 0x00000000c0e00000| Untracked 
|  15|0x00000000c0f00000, 0x00000000c1000000, 0x00000000c1000000|100%|HC|  |TAMS 0x00000000c0f00000, 0x00000000c0f00000| Untracked 
|  16|0x00000000c1000000, 0x00000000c1100000, 0x00000000c1100000|100%| O|  |TAMS 0x00000000c1000000, 0x00000000c1000000| Untracked 
|  17|0x00000000c1100000, 0x00000000c11ffff0, 0x00000000c1200000| 99%| O|  |TAMS 0x00000000c1100000, 0x00000000c1100000| Untracked 
|  18|0x00000000c1200000, 0x00000000c12ffff8, 0x00000000c1300000| 99%| O|  |TAMS 0x00000000c1200000, 0x00000000c1200000| Untracked 
|  19|0x00000000c1300000, 0x00000000c13ffff8, 0x00000000c1400000| 99%| O|  |TAMS 0x00000000c1300000, 0x00000000c1300000| Untracked 
|  20|0x00000000c1400000, 0x00000000c1500000, 0x00000000c1500000|100%|HS|  |TAMS 0x00000000c1400000, 0x00000000c1400000| Untracked 
|  21|0x00000000c1500000, 0x00000000c1600000, 0x00000000c1600000|100%|HS|  |TAMS 0x00000000c1500000, 0x00000000c1500000| Untracked 
|  22|0x00000000c1600000, 0x00000000c1700000, 0x00000000c1700000|100%| O|  |TAMS 0x00000000c1600000, 0x00000000c1600000| Untracked 
|  23|0x00000000c1700000, 0x00000000c1800000, 0x00000000c1800000|100%| O|  |TAMS 0x00000000c1700000, 0x00000000c1700000| Untracked 
|  24|0x00000000c1800000, 0x00000000c1900000, 0x00000000c1900000|100%| O|  |TAMS 0x00000000c1800000, 0x00000000c1800000| Untracked 
|  25|0x00000000c1900000, 0x00000000c1a00000, 0x00000000c1a00000|100%| O|  |TAMS 0x00000000c1900000, 0x00000000c1900000| Untracked 
|  26|0x00000000c1a00000, 0x00000000c1b00000, 0x00000000c1b00000|100%|HS|  |TAMS 0x00000000c1a00000, 0x00000000c1a00000| Untracked 
|  27|0x00000000c1b00000, 0x00000000c1c00000, 0x00000000c1c00000|100%|HC|  |TAMS 0x00000000c1b00000, 0x00000000c1b00000| Untracked 
|  28|0x00000000c1c00000, 0x00000000c1d00000, 0x00000000c1d00000|100%|HS|  |TAMS 0x00000000c1c00000, 0x00000000c1c00000| Untracked 
|  29|0x00000000c1d00000, 0x00000000c1e00000, 0x00000000c1e00000|100%|HC|  |TAMS 0x00000000c1d00000, 0x00000000c1d00000| Untracked 
|  30|0x00000000c1e00000, 0x00000000c1effff8, 0x00000000c1f00000| 99%| O|  |TAMS 0x00000000c1e00000, 0x00000000c1e00000| Untracked 
|  31|0x00000000c1f00000, 0x00000000c1fffff8, 0x00000000c2000000| 99%| O|  |TAMS 0x00000000c1f00000, 0x00000000c1f00000| Untracked 
|  32|0x00000000c2000000, 0x00000000c2100000, 0x00000000c2100000|100%| O|  |TAMS 0x00000000c2000000, 0x00000000c2000000| Untracked 
|  33|0x00000000c2100000, 0x00000000c21ffff8, 0x00000000c2200000| 99%| O|  |TAMS 0x00000000c2100000, 0x00000000c2100000| Untracked 
|  34|0x00000000c2200000, 0x00000000c2300000, 0x00000000c2300000|100%| O|  |TAMS 0x00000000c2200000, 0x00000000c2200000| Untracked 
|  35|0x00000000c2300000, 0x00000000c2400000, 0x00000000c2400000|100%|HS|  |TAMS 0x00000000c2300000, 0x00000000c2300000| Untracked 
|  36|0x00000000c2400000, 0x00000000c2500000, 0x00000000c2500000|100%|HS|  |TAMS 0x00000000c2400000, 0x00000000c2400000| Untracked 
|  37|0x00000000c2500000, 0x00000000c2600000, 0x00000000c2600000|100%|HC|  |TAMS 0x00000000c2500000, 0x00000000c2500000| Untracked 
|  38|0x00000000c2600000, 0x00000000c2700000, 0x00000000c2700000|100%|HS|  |TAMS 0x00000000c2600000, 0x00000000c2600000| Untracked 
|  39|0x00000000c2700000, 0x00000000c2800000, 0x00000000c2800000|100%|HC|  |TAMS 0x00000000c2700000, 0x00000000c2700000| Untracked 
|  40|0x00000000c2800000, 0x00000000c28ffff8, 0x00000000c2900000| 99%| O|  |TAMS 0x00000000c2800000, 0x00000000c2800000| Untracked 
|  41|0x00000000c2900000, 0x00000000c29ffff8, 0x00000000c2a00000| 99%| O|  |TAMS 0x00000000c2900000, 0x00000000c2900000| Untracked 
|  42|0x00000000c2a00000, 0x00000000c2b00000, 0x00000000c2b00000|100%| O|  |TAMS 0x00000000c2a00000, 0x00000000c2a00000| Untracked 
|  43|0x00000000c2b00000, 0x00000000c2c00000, 0x00000000c2c00000|100%| O|  |TAMS 0x00000000c2b00000, 0x00000000c2b00000| Untracked 
|  44|0x00000000c2c00000, 0x00000000c2d00000, 0x00000000c2d00000|100%| O|  |TAMS 0x00000000c2c00000, 0x00000000c2c00000| Untracked 
|  45|0x00000000c2d00000, 0x00000000c2e00000, 0x00000000c2e00000|100%| O|  |TAMS 0x00000000c2d00000, 0x00000000c2d00000| Untracked 
|  46|0x00000000c2e00000, 0x00000000c2f00000, 0x00000000c2f00000|100%| O|  |TAMS 0x00000000c2e00000, 0x00000000c2e00000| Untracked 
|  47|0x00000000c2f00000, 0x00000000c2fffff0, 0x00000000c3000000| 99%| O|  |TAMS 0x00000000c2f00000, 0x00000000c2f00000| Untracked 
|  48|0x00000000c3000000, 0x00000000c30ffff8, 0x00000000c3100000| 99%| O|  |TAMS 0x00000000c3000000, 0x00000000c3000000| Untracked 
|  49|0x00000000c3100000, 0x00000000c3200000, 0x00000000c3200000|100%| O|  |TAMS 0x00000000c3100000, 0x00000000c3100000| Untracked 
|  50|0x00000000c3200000, 0x00000000c32ffff8, 0x00000000c3300000| 99%| O|  |TAMS 0x00000000c3200000, 0x00000000c3200000| Untracked 
|  51|0x00000000c3300000, 0x00000000c33ffff0, 0x00000000c3400000| 99%| O|  |TAMS 0x00000000c3300000, 0x00000000c3300000| Untracked 
|  52|0x00000000c3400000, 0x00000000c3500000, 0x00000000c3500000|100%| O|  |TAMS 0x00000000c3400000, 0x00000000c3400000| Untracked 
|  53|0x00000000c3500000, 0x00000000c35ffff0, 0x00000000c3600000| 99%| O|  |TAMS 0x00000000c3500000, 0x00000000c3500000| Untracked 
|  54|0x00000000c3600000, 0x00000000c3700000, 0x00000000c3700000|100%| O|  |TAMS 0x00000000c3600000, 0x00000000c3600000| Untracked 
|  55|0x00000000c3700000, 0x00000000c37ffff8, 0x00000000c3800000| 99%| O|  |TAMS 0x00000000c3700000, 0x00000000c3700000| Untracked 
|  56|0x00000000c3800000, 0x00000000c3900000, 0x00000000c3900000|100%| O|  |TAMS 0x00000000c3800000, 0x00000000c3800000| Untracked 
|  57|0x00000000c3900000, 0x00000000c39ffff8, 0x00000000c3a00000| 99%| O|  |TAMS 0x00000000c3900000, 0x00000000c3900000| Untracked 
|  58|0x00000000c3a00000, 0x00000000c3affff8, 0x00000000c3b00000| 99%| O|  |TAMS 0x00000000c3a00000, 0x00000000c3a00000| Untracked 
|  59|0x00000000c3b00000, 0x00000000c3bffff0, 0x00000000c3c00000| 99%| O|  |TAMS 0x00000000c3b00000, 0x00000000c3b00000| Untracked 
|  60|0x00000000c3c00000, 0x00000000c3cffff0, 0x00000000c3d00000| 99%| O|  |TAMS 0x00000000c3c00000, 0x00000000c3c00000| Untracked 
|  61|0x00000000c3d00000, 0x00000000c3dffff0, 0x00000000c3e00000| 99%| O|  |TAMS 0x00000000c3d00000, 0x00000000c3d00000| Untracked 
|  62|0x00000000c3e00000, 0x00000000c3f00000, 0x00000000c3f00000|100%| O|  |TAMS 0x00000000c3e00000, 0x00000000c3e00000| Untracked 
|  63|0x00000000c3f00000, 0x00000000c4000000, 0x00000000c4000000|100%| O|  |TAMS 0x00000000c3f00000, 0x00000000c3f00000| Untracked 
|  64|0x00000000c4000000, 0x00000000c40ffff0, 0x00000000c4100000| 99%| O|  |TAMS 0x00000000c4000000, 0x00000000c4000000| Untracked 
|  65|0x00000000c4100000, 0x00000000c41ffff8, 0x00000000c4200000| 99%| O|  |TAMS 0x00000000c4100000, 0x00000000c4100000| Untracked 
|  66|0x00000000c4200000, 0x00000000c4300000, 0x00000000c4300000|100%| O|  |TAMS 0x00000000c4200000, 0x00000000c4200000| Untracked 
|  67|0x00000000c4300000, 0x00000000c4400000, 0x00000000c4400000|100%| O|  |TAMS 0x00000000c4300000, 0x00000000c4300000| Untracked 
|  68|0x00000000c4400000, 0x00000000c44ffff8, 0x00000000c4500000| 99%| O|  |TAMS 0x00000000c4400000, 0x00000000c4400000| Untracked 
|  69|0x00000000c4500000, 0x00000000c45ffff8, 0x00000000c4600000| 99%| O|  |TAMS 0x00000000c4500000, 0x00000000c4500000| Untracked 
|  70|0x00000000c4600000, 0x00000000c46ffff8, 0x00000000c4700000| 99%| O|  |TAMS 0x00000000c4600000, 0x00000000c4600000| Untracked 
|  71|0x00000000c4700000, 0x00000000c47ffff0, 0x00000000c4800000| 99%| O|  |TAMS 0x00000000c4700000, 0x00000000c4700000| Untracked 
|  72|0x00000000c4800000, 0x00000000c48fffa0, 0x00000000c4900000| 99%| O|  |TAMS 0x00000000c4800000, 0x00000000c4800000| Untracked 
|  73|0x00000000c4900000, 0x00000000c49ffff8, 0x00000000c4a00000| 99%| O|  |TAMS 0x00000000c4900000, 0x00000000c4900000| Untracked 
|  74|0x00000000c4a00000, 0x00000000c4afffe8, 0x00000000c4b00000| 99%| O|  |TAMS 0x00000000c4a00000, 0x00000000c4a00000| Untracked 
|  75|0x00000000c4b00000, 0x00000000c4bfffc8, 0x00000000c4c00000| 99%| O|  |TAMS 0x00000000c4b00000, 0x00000000c4b00000| Untracked 
|  76|0x00000000c4c00000, 0x00000000c4ca2e30, 0x00000000c4d00000| 63%| O|  |TAMS 0x00000000c4c00000, 0x00000000c4c00000| Untracked 
|  77|0x00000000c4d00000, 0x00000000c4d71378, 0x00000000c4e00000| 44%| O|  |TAMS 0x00000000c4d00000, 0x00000000c4d00000| Untracked 
|  78|0x00000000c4e00000, 0x00000000c4e00038, 0x00000000c4f00000|  0%| O|  |TAMS 0x00000000c4e00000, 0x00000000c4e00000| Untracked 
|  79|0x00000000c4f00000, 0x00000000c4f00000, 0x00000000c5000000|  0%| F|  |TAMS 0x00000000c4f00000, 0x00000000c4f00000| Untracked 
|  80|0x00000000c5000000, 0x00000000c5000000, 0x00000000c5100000|  0%| F|  |TAMS 0x00000000c5000000, 0x00000000c5000000| Untracked 
|  81|0x00000000c5100000, 0x00000000c5100000, 0x00000000c5200000|  0%| F|  |TAMS 0x00000000c5100000, 0x00000000c5100000| Untracked 
|  82|0x00000000c5200000, 0x00000000c5200000, 0x00000000c5300000|  0%| F|  |TAMS 0x00000000c5200000, 0x00000000c5200000| Untracked 
|  83|0x00000000c5300000, 0x00000000c5300000, 0x00000000c5400000|  0%| F|  |TAMS 0x00000000c5300000, 0x00000000c5300000| Untracked 
|  84|0x00000000c5400000, 0x00000000c5400000, 0x00000000c5500000|  0%| F|  |TAMS 0x00000000c5400000, 0x00000000c5400000| Untracked 
|  85|0x00000000c5500000, 0x00000000c5500000, 0x00000000c5600000|  0%| F|  |TAMS 0x00000000c5500000, 0x00000000c5500000| Untracked 
|  86|0x00000000c5600000, 0x00000000c5600000, 0x00000000c5700000|  0%| F|  |TAMS 0x00000000c5600000, 0x00000000c5600000| Untracked 
|  87|0x00000000c5700000, 0x00000000c5700000, 0x00000000c5800000|  0%| F|  |TAMS 0x00000000c5700000, 0x00000000c5700000| Untracked 
|  88|0x00000000c5800000, 0x00000000c5800000, 0x00000000c5900000|  0%| F|  |TAMS 0x00000000c5800000, 0x00000000c5800000| Untracked 
|  89|0x00000000c5900000, 0x00000000c5900000, 0x00000000c5a00000|  0%| F|  |TAMS 0x00000000c5900000, 0x00000000c5900000| Untracked 
|  90|0x00000000c5a00000, 0x00000000c5a00000, 0x00000000c5b00000|  0%| F|  |TAMS 0x00000000c5a00000, 0x00000000c5a00000| Untracked 
|  91|0x00000000c5b00000, 0x00000000c5b00000, 0x00000000c5c00000|  0%| F|  |TAMS 0x00000000c5b00000, 0x00000000c5b00000| Untracked 
|  92|0x00000000c5c00000, 0x00000000c5c00000, 0x00000000c5d00000|  0%| F|  |TAMS 0x00000000c5c00000, 0x00000000c5c00000| Untracked 
|  93|0x00000000c5d00000, 0x00000000c5d00000, 0x00000000c5e00000|  0%| F|  |TAMS 0x00000000c5d00000, 0x00000000c5d00000| Untracked 
|  94|0x00000000c5e00000, 0x00000000c5e00000, 0x00000000c5f00000|  0%| F|  |TAMS 0x00000000c5e00000, 0x00000000c5e00000| Untracked 
|  95|0x00000000c5f00000, 0x00000000c5f00000, 0x00000000c6000000|  0%| F|  |TAMS 0x00000000c5f00000, 0x00000000c5f00000| Untracked 
|  96|0x00000000c6000000, 0x00000000c6000000, 0x00000000c6100000|  0%| F|  |TAMS 0x00000000c6000000, 0x00000000c6000000| Untracked 
|  97|0x00000000c6100000, 0x00000000c6100000, 0x00000000c6200000|  0%| F|  |TAMS 0x00000000c6100000, 0x00000000c6100000| Untracked 
|  98|0x00000000c6200000, 0x00000000c6200000, 0x00000000c6300000|  0%| F|  |TAMS 0x00000000c6200000, 0x00000000c6200000| Untracked 
|  99|0x00000000c6300000, 0x00000000c6300000, 0x00000000c6400000|  0%| F|  |TAMS 0x00000000c6300000, 0x00000000c6300000| Untracked 
| 100|0x00000000c6400000, 0x00000000c6400000, 0x00000000c6500000|  0%| F|  |TAMS 0x00000000c6400000, 0x00000000c6400000| Untracked 
| 101|0x00000000c6500000, 0x00000000c6500000, 0x00000000c6600000|  0%| F|  |TAMS 0x00000000c6500000, 0x00000000c6500000| Untracked 
| 102|0x00000000c6600000, 0x00000000c6600000, 0x00000000c6700000|  0%| F|  |TAMS 0x00000000c6600000, 0x00000000c6600000| Untracked 
| 103|0x00000000c6700000, 0x00000000c6700000, 0x00000000c6800000|  0%| F|  |TAMS 0x00000000c6700000, 0x00000000c6700000| Untracked 
| 104|0x00000000c6800000, 0x00000000c6800000, 0x00000000c6900000|  0%| F|  |TAMS 0x00000000c6800000, 0x00000000c6800000| Untracked 
| 105|0x00000000c6900000, 0x00000000c6903870, 0x00000000c6a00000|  1%| S|CS|TAMS 0x00000000c6900000, 0x00000000c6900000| Complete 
| 106|0x00000000c6a00000, 0x00000000c6a00000, 0x00000000c6b00000|  0%| F|  |TAMS 0x00000000c6a00000, 0x00000000c6a00000| Untracked 
| 107|0x00000000c6b00000, 0x00000000c6b00000, 0x00000000c6c00000|  0%| F|  |TAMS 0x00000000c6b00000, 0x00000000c6b00000| Untracked 
| 108|0x00000000c6c00000, 0x00000000c6c00000, 0x00000000c6d00000|  0%| F|  |TAMS 0x00000000c6c00000, 0x00000000c6c00000| Untracked 
| 109|0x00000000c6d00000, 0x00000000c6d00000, 0x00000000c6e00000|  0%| F|  |TAMS 0x00000000c6d00000, 0x00000000c6d00000| Untracked 
| 110|0x00000000c6e00000, 0x00000000c6e00000, 0x00000000c6f00000|  0%| F|  |TAMS 0x00000000c6e00000, 0x00000000c6e00000| Untracked 
| 111|0x00000000c6f00000, 0x00000000c6f00000, 0x00000000c7000000|  0%| F|  |TAMS 0x00000000c6f00000, 0x00000000c6f00000| Untracked 
| 112|0x00000000c7000000, 0x00000000c7000000, 0x00000000c7100000|  0%| F|  |TAMS 0x00000000c7000000, 0x00000000c7000000| Untracked 
| 113|0x00000000c7100000, 0x00000000c7100000, 0x00000000c7200000|  0%| F|  |TAMS 0x00000000c7100000, 0x00000000c7100000| Untracked 
| 114|0x00000000c7200000, 0x00000000c7200000, 0x00000000c7300000|  0%| F|  |TAMS 0x00000000c7200000, 0x00000000c7200000| Untracked 
| 115|0x00000000c7300000, 0x00000000c7300000, 0x00000000c7400000|  0%| F|  |TAMS 0x00000000c7300000, 0x00000000c7300000| Untracked 
| 116|0x00000000c7400000, 0x00000000c7400000, 0x00000000c7500000|  0%| F|  |TAMS 0x00000000c7400000, 0x00000000c7400000| Untracked 
| 117|0x00000000c7500000, 0x00000000c7500000, 0x00000000c7600000|  0%| F|  |TAMS 0x00000000c7500000, 0x00000000c7500000| Untracked 
| 118|0x00000000c7600000, 0x00000000c7600000, 0x00000000c7700000|  0%| F|  |TAMS 0x00000000c7600000, 0x00000000c7600000| Untracked 
| 119|0x00000000c7700000, 0x00000000c7700000, 0x00000000c7800000|  0%| F|  |TAMS 0x00000000c7700000, 0x00000000c7700000| Untracked 
| 120|0x00000000c7800000, 0x00000000c7800000, 0x00000000c7900000|  0%| F|  |TAMS 0x00000000c7800000, 0x00000000c7800000| Untracked 
| 121|0x00000000c7900000, 0x00000000c7900000, 0x00000000c7a00000|  0%| F|  |TAMS 0x00000000c7900000, 0x00000000c7900000| Untracked 
| 122|0x00000000c7a00000, 0x00000000c7a00000, 0x00000000c7b00000|  0%| F|  |TAMS 0x00000000c7a00000, 0x00000000c7a00000| Untracked 
| 123|0x00000000c7b00000, 0x00000000c7b00000, 0x00000000c7c00000|  0%| F|  |TAMS 0x00000000c7b00000, 0x00000000c7b00000| Untracked 
| 124|0x00000000c7c00000, 0x00000000c7c00000, 0x00000000c7d00000|  0%| F|  |TAMS 0x00000000c7c00000, 0x00000000c7c00000| Untracked 
| 125|0x00000000c7d00000, 0x00000000c7d00000, 0x00000000c7e00000|  0%| F|  |TAMS 0x00000000c7d00000, 0x00000000c7d00000| Untracked 
| 126|0x00000000c7e00000, 0x00000000c7e00000, 0x00000000c7f00000|  0%| F|  |TAMS 0x00000000c7e00000, 0x00000000c7e00000| Untracked 
| 127|0x00000000c7f00000, 0x00000000c7f00000, 0x00000000c8000000|  0%| F|  |TAMS 0x00000000c7f00000, 0x00000000c7f00000| Untracked 
| 128|0x00000000c8000000, 0x00000000c8000000, 0x00000000c8100000|  0%| F|  |TAMS 0x00000000c8000000, 0x00000000c8000000| Untracked 
| 129|0x00000000c8100000, 0x00000000c8100000, 0x00000000c8200000|  0%| F|  |TAMS 0x00000000c8100000, 0x00000000c8100000| Untracked 
| 130|0x00000000c8200000, 0x00000000c8200000, 0x00000000c8300000|  0%| F|  |TAMS 0x00000000c8200000, 0x00000000c8200000| Untracked 
| 131|0x00000000c8300000, 0x00000000c8300000, 0x00000000c8400000|  0%| F|  |TAMS 0x00000000c8300000, 0x00000000c8300000| Untracked 
| 132|0x00000000c8400000, 0x00000000c8400000, 0x00000000c8500000|  0%| F|  |TAMS 0x00000000c8400000, 0x00000000c8400000| Untracked 
| 133|0x00000000c8500000, 0x00000000c8500000, 0x00000000c8600000|  0%| F|  |TAMS 0x00000000c8500000, 0x00000000c8500000| Untracked 
| 134|0x00000000c8600000, 0x00000000c8600000, 0x00000000c8700000|  0%| F|  |TAMS 0x00000000c8600000, 0x00000000c8600000| Untracked 
| 135|0x00000000c8700000, 0x00000000c8700000, 0x00000000c8800000|  0%| F|  |TAMS 0x00000000c8700000, 0x00000000c8700000| Untracked 
| 136|0x00000000c8800000, 0x00000000c8800000, 0x00000000c8900000|  0%| F|  |TAMS 0x00000000c8800000, 0x00000000c8800000| Untracked 
| 137|0x00000000c8900000, 0x00000000c8900000, 0x00000000c8a00000|  0%| F|  |TAMS 0x00000000c8900000, 0x00000000c8900000| Untracked 
| 138|0x00000000c8a00000, 0x00000000c8a00000, 0x00000000c8b00000|  0%| F|  |TAMS 0x00000000c8a00000, 0x00000000c8a00000| Untracked 
| 139|0x00000000c8b00000, 0x00000000c8b00000, 0x00000000c8c00000|  0%| F|  |TAMS 0x00000000c8b00000, 0x00000000c8b00000| Untracked 
| 140|0x00000000c8c00000, 0x00000000c8c00000, 0x00000000c8d00000|  0%| F|  |TAMS 0x00000000c8c00000, 0x00000000c8c00000| Untracked 
| 141|0x00000000c8d00000, 0x00000000c8d00000, 0x00000000c8e00000|  0%| F|  |TAMS 0x00000000c8d00000, 0x00000000c8d00000| Untracked 
| 142|0x00000000c8e00000, 0x00000000c8e00000, 0x00000000c8f00000|  0%| F|  |TAMS 0x00000000c8e00000, 0x00000000c8e00000| Untracked 
| 143|0x00000000c8f00000, 0x00000000c8f00000, 0x00000000c9000000|  0%| F|  |TAMS 0x00000000c8f00000, 0x00000000c8f00000| Untracked 
| 144|0x00000000c9000000, 0x00000000c9000000, 0x00000000c9100000|  0%| F|  |TAMS 0x00000000c9000000, 0x00000000c9000000| Untracked 
| 145|0x00000000c9100000, 0x00000000c9100000, 0x00000000c9200000|  0%| F|  |TAMS 0x00000000c9100000, 0x00000000c9100000| Untracked 
| 146|0x00000000c9200000, 0x00000000c9200000, 0x00000000c9300000|  0%| F|  |TAMS 0x00000000c9200000, 0x00000000c9200000| Untracked 
| 147|0x00000000c9300000, 0x00000000c9300000, 0x00000000c9400000|  0%| F|  |TAMS 0x00000000c9300000, 0x00000000c9300000| Untracked 
| 148|0x00000000c9400000, 0x00000000c9400000, 0x00000000c9500000|  0%| F|  |TAMS 0x00000000c9400000, 0x00000000c9400000| Untracked 
| 149|0x00000000c9500000, 0x00000000c9500000, 0x00000000c9600000|  0%| F|  |TAMS 0x00000000c9500000, 0x00000000c9500000| Untracked 
| 150|0x00000000c9600000, 0x00000000c9600000, 0x00000000c9700000|  0%| F|  |TAMS 0x00000000c9600000, 0x00000000c9600000| Untracked 
| 151|0x00000000c9700000, 0x00000000c9700000, 0x00000000c9800000|  0%| F|  |TAMS 0x00000000c9700000, 0x00000000c9700000| Untracked 
| 152|0x00000000c9800000, 0x00000000c9800000, 0x00000000c9900000|  0%| F|  |TAMS 0x00000000c9800000, 0x00000000c9800000| Untracked 
| 153|0x00000000c9900000, 0x00000000c9900000, 0x00000000c9a00000|  0%| F|  |TAMS 0x00000000c9900000, 0x00000000c9900000| Untracked 
| 154|0x00000000c9a00000, 0x00000000c9a00000, 0x00000000c9b00000|  0%| F|  |TAMS 0x00000000c9a00000, 0x00000000c9a00000| Untracked 
| 155|0x00000000c9b00000, 0x00000000c9b00000, 0x00000000c9c00000|  0%| F|  |TAMS 0x00000000c9b00000, 0x00000000c9b00000| Untracked 
| 156|0x00000000c9c00000, 0x00000000c9c00000, 0x00000000c9d00000|  0%| F|  |TAMS 0x00000000c9c00000, 0x00000000c9c00000| Untracked 
| 157|0x00000000c9d00000, 0x00000000c9d00000, 0x00000000c9e00000|  0%| F|  |TAMS 0x00000000c9d00000, 0x00000000c9d00000| Untracked 
| 158|0x00000000c9e00000, 0x00000000c9e00000, 0x00000000c9f00000|  0%| F|  |TAMS 0x00000000c9e00000, 0x00000000c9e00000| Untracked 
| 159|0x00000000c9f00000, 0x00000000c9f00000, 0x00000000ca000000|  0%| F|  |TAMS 0x00000000c9f00000, 0x00000000c9f00000| Untracked 
| 160|0x00000000ca000000, 0x00000000ca000000, 0x00000000ca100000|  0%| F|  |TAMS 0x00000000ca000000, 0x00000000ca000000| Untracked 
| 161|0x00000000ca100000, 0x00000000ca100000, 0x00000000ca200000|  0%| F|  |TAMS 0x00000000ca100000, 0x00000000ca100000| Untracked 
| 162|0x00000000ca200000, 0x00000000ca200000, 0x00000000ca300000|  0%| F|  |TAMS 0x00000000ca200000, 0x00000000ca200000| Untracked 
| 163|0x00000000ca300000, 0x00000000ca300000, 0x00000000ca400000|  0%| F|  |TAMS 0x00000000ca300000, 0x00000000ca300000| Untracked 
| 164|0x00000000ca400000, 0x00000000ca400000, 0x00000000ca500000|  0%| F|  |TAMS 0x00000000ca400000, 0x00000000ca400000| Untracked 
| 165|0x00000000ca500000, 0x00000000ca500000, 0x00000000ca600000|  0%| F|  |TAMS 0x00000000ca500000, 0x00000000ca500000| Untracked 
| 166|0x00000000ca600000, 0x00000000ca600000, 0x00000000ca700000|  0%| F|  |TAMS 0x00000000ca600000, 0x00000000ca600000| Untracked 
| 167|0x00000000ca700000, 0x00000000ca700000, 0x00000000ca800000|  0%| F|  |TAMS 0x00000000ca700000, 0x00000000ca700000| Untracked 
| 168|0x00000000ca800000, 0x00000000ca800000, 0x00000000ca900000|  0%| F|  |TAMS 0x00000000ca800000, 0x00000000ca800000| Untracked 
| 169|0x00000000ca900000, 0x00000000ca900000, 0x00000000caa00000|  0%| F|  |TAMS 0x00000000ca900000, 0x00000000ca900000| Untracked 
| 170|0x00000000caa00000, 0x00000000caa00000, 0x00000000cab00000|  0%| F|  |TAMS 0x00000000caa00000, 0x00000000caa00000| Untracked 
| 171|0x00000000cab00000, 0x00000000cab00000, 0x00000000cac00000|  0%| F|  |TAMS 0x00000000cab00000, 0x00000000cab00000| Untracked 
| 172|0x00000000cac00000, 0x00000000cac00000, 0x00000000cad00000|  0%| F|  |TAMS 0x00000000cac00000, 0x00000000cac00000| Untracked 
| 173|0x00000000cad00000, 0x00000000cad00000, 0x00000000cae00000|  0%| F|  |TAMS 0x00000000cad00000, 0x00000000cad00000| Untracked 
| 174|0x00000000cae00000, 0x00000000cae00000, 0x00000000caf00000|  0%| F|  |TAMS 0x00000000cae00000, 0x00000000cae00000| Untracked 
| 175|0x00000000caf00000, 0x00000000caf00000, 0x00000000cb000000|  0%| F|  |TAMS 0x00000000caf00000, 0x00000000caf00000| Untracked 
| 176|0x00000000cb000000, 0x00000000cb000000, 0x00000000cb100000|  0%| F|  |TAMS 0x00000000cb000000, 0x00000000cb000000| Untracked 
| 177|0x00000000cb100000, 0x00000000cb100000, 0x00000000cb200000|  0%| F|  |TAMS 0x00000000cb100000, 0x00000000cb100000| Untracked 
| 178|0x00000000cb200000, 0x00000000cb200000, 0x00000000cb300000|  0%| F|  |TAMS 0x00000000cb200000, 0x00000000cb200000| Untracked 
| 179|0x00000000cb300000, 0x00000000cb300000, 0x00000000cb400000|  0%| F|  |TAMS 0x00000000cb300000, 0x00000000cb300000| Untracked 
| 180|0x00000000cb400000, 0x00000000cb400000, 0x00000000cb500000|  0%| F|  |TAMS 0x00000000cb400000, 0x00000000cb400000| Untracked 
| 181|0x00000000cb500000, 0x00000000cb500000, 0x00000000cb600000|  0%| F|  |TAMS 0x00000000cb500000, 0x00000000cb500000| Untracked 
| 182|0x00000000cb600000, 0x00000000cb600000, 0x00000000cb700000|  0%| F|  |TAMS 0x00000000cb600000, 0x00000000cb600000| Untracked 
| 183|0x00000000cb700000, 0x00000000cb700000, 0x00000000cb800000|  0%| F|  |TAMS 0x00000000cb700000, 0x00000000cb700000| Untracked 
| 184|0x00000000cb800000, 0x00000000cb800000, 0x00000000cb900000|  0%| F|  |TAMS 0x00000000cb800000, 0x00000000cb800000| Untracked 
| 185|0x00000000cb900000, 0x00000000cb900000, 0x00000000cba00000|  0%| F|  |TAMS 0x00000000cb900000, 0x00000000cb900000| Untracked 
| 186|0x00000000cba00000, 0x00000000cba00000, 0x00000000cbb00000|  0%| F|  |TAMS 0x00000000cba00000, 0x00000000cba00000| Untracked 
| 187|0x00000000cbb00000, 0x00000000cbb00000, 0x00000000cbc00000|  0%| F|  |TAMS 0x00000000cbb00000, 0x00000000cbb00000| Untracked 
| 188|0x00000000cbc00000, 0x00000000cbc00000, 0x00000000cbd00000|  0%| F|  |TAMS 0x00000000cbc00000, 0x00000000cbc00000| Untracked 
| 189|0x00000000cbd00000, 0x00000000cbd00000, 0x00000000cbe00000|  0%| F|  |TAMS 0x00000000cbd00000, 0x00000000cbd00000| Untracked 
| 190|0x00000000cbe00000, 0x00000000cbe00000, 0x00000000cbf00000|  0%| F|  |TAMS 0x00000000cbe00000, 0x00000000cbe00000| Untracked 
| 191|0x00000000cbf00000, 0x00000000cbf00000, 0x00000000cc000000|  0%| F|  |TAMS 0x00000000cbf00000, 0x00000000cbf00000| Untracked 
| 192|0x00000000cc000000, 0x00000000cc000000, 0x00000000cc100000|  0%| F|  |TAMS 0x00000000cc000000, 0x00000000cc000000| Untracked 
| 193|0x00000000cc100000, 0x00000000cc100000, 0x00000000cc200000|  0%| F|  |TAMS 0x00000000cc100000, 0x00000000cc100000| Untracked 
| 194|0x00000000cc200000, 0x00000000cc200000, 0x00000000cc300000|  0%| F|  |TAMS 0x00000000cc200000, 0x00000000cc200000| Untracked 
| 195|0x00000000cc300000, 0x00000000cc300000, 0x00000000cc400000|  0%| F|  |TAMS 0x00000000cc300000, 0x00000000cc300000| Untracked 
| 196|0x00000000cc400000, 0x00000000cc400000, 0x00000000cc500000|  0%| F|  |TAMS 0x00000000cc400000, 0x00000000cc400000| Untracked 
| 197|0x00000000cc500000, 0x00000000cc500000, 0x00000000cc600000|  0%| F|  |TAMS 0x00000000cc500000, 0x00000000cc500000| Untracked 
| 198|0x00000000cc600000, 0x00000000cc600000, 0x00000000cc700000|  0%| F|  |TAMS 0x00000000cc600000, 0x00000000cc600000| Untracked 
| 199|0x00000000cc700000, 0x00000000cc700000, 0x00000000cc800000|  0%| F|  |TAMS 0x00000000cc700000, 0x00000000cc700000| Untracked 
| 200|0x00000000cc800000, 0x00000000cc800000, 0x00000000cc900000|  0%| F|  |TAMS 0x00000000cc800000, 0x00000000cc800000| Untracked 
| 201|0x00000000cc900000, 0x00000000cc900000, 0x00000000cca00000|  0%| F|  |TAMS 0x00000000cc900000, 0x00000000cc900000| Untracked 
| 202|0x00000000cca00000, 0x00000000cca00000, 0x00000000ccb00000|  0%| F|  |TAMS 0x00000000cca00000, 0x00000000cca00000| Untracked 
| 203|0x00000000ccb00000, 0x00000000ccb00000, 0x00000000ccc00000|  0%| F|  |TAMS 0x00000000ccb00000, 0x00000000ccb00000| Untracked 
| 204|0x00000000ccc00000, 0x00000000ccc00000, 0x00000000ccd00000|  0%| F|  |TAMS 0x00000000ccc00000, 0x00000000ccc00000| Untracked 
| 205|0x00000000ccd00000, 0x00000000ccd00000, 0x00000000cce00000|  0%| F|  |TAMS 0x00000000ccd00000, 0x00000000ccd00000| Untracked 
| 206|0x00000000cce00000, 0x00000000cce00000, 0x00000000ccf00000|  0%| F|  |TAMS 0x00000000cce00000, 0x00000000cce00000| Untracked 
| 207|0x00000000ccf00000, 0x00000000ccf00000, 0x00000000cd000000|  0%| F|  |TAMS 0x00000000ccf00000, 0x00000000ccf00000| Untracked 
| 208|0x00000000cd000000, 0x00000000cd000000, 0x00000000cd100000|  0%| F|  |TAMS 0x00000000cd000000, 0x00000000cd000000| Untracked 
| 209|0x00000000cd100000, 0x00000000cd100000, 0x00000000cd200000|  0%| F|  |TAMS 0x00000000cd100000, 0x00000000cd100000| Untracked 
| 210|0x00000000cd200000, 0x00000000cd200000, 0x00000000cd300000|  0%| F|  |TAMS 0x00000000cd200000, 0x00000000cd200000| Untracked 
| 211|0x00000000cd300000, 0x00000000cd300000, 0x00000000cd400000|  0%| F|  |TAMS 0x00000000cd300000, 0x00000000cd300000| Untracked 
| 212|0x00000000cd400000, 0x00000000cd400000, 0x00000000cd500000|  0%| F|  |TAMS 0x00000000cd400000, 0x00000000cd400000| Untracked 
| 213|0x00000000cd500000, 0x00000000cd500000, 0x00000000cd600000|  0%| F|  |TAMS 0x00000000cd500000, 0x00000000cd500000| Untracked 
| 214|0x00000000cd600000, 0x00000000cd600000, 0x00000000cd700000|  0%| F|  |TAMS 0x00000000cd600000, 0x00000000cd600000| Untracked 
| 215|0x00000000cd700000, 0x00000000cd700000, 0x00000000cd800000|  0%| F|  |TAMS 0x00000000cd700000, 0x00000000cd700000| Untracked 
| 216|0x00000000cd800000, 0x00000000cd800000, 0x00000000cd900000|  0%| F|  |TAMS 0x00000000cd800000, 0x00000000cd800000| Untracked 
| 217|0x00000000cd900000, 0x00000000cd900000, 0x00000000cda00000|  0%| F|  |TAMS 0x00000000cd900000, 0x00000000cd900000| Untracked 
| 218|0x00000000cda00000, 0x00000000cda00000, 0x00000000cdb00000|  0%| F|  |TAMS 0x00000000cda00000, 0x00000000cda00000| Untracked 
| 219|0x00000000cdb00000, 0x00000000cdb00000, 0x00000000cdc00000|  0%| F|  |TAMS 0x00000000cdb00000, 0x00000000cdb00000| Untracked 
| 220|0x00000000cdc00000, 0x00000000cdc00000, 0x00000000cdd00000|  0%| F|  |TAMS 0x00000000cdc00000, 0x00000000cdc00000| Untracked 
| 221|0x00000000cdd00000, 0x00000000cdd00000, 0x00000000cde00000|  0%| F|  |TAMS 0x00000000cdd00000, 0x00000000cdd00000| Untracked 
| 222|0x00000000cde00000, 0x00000000cde00000, 0x00000000cdf00000|  0%| F|  |TAMS 0x00000000cde00000, 0x00000000cde00000| Untracked 
| 223|0x00000000cdf00000, 0x00000000cdf00000, 0x00000000ce000000|  0%| F|  |TAMS 0x00000000cdf00000, 0x00000000cdf00000| Untracked 
| 224|0x00000000ce000000, 0x00000000ce000000, 0x00000000ce100000|  0%| F|  |TAMS 0x00000000ce000000, 0x00000000ce000000| Untracked 
| 225|0x00000000ce100000, 0x00000000ce100000, 0x00000000ce200000|  0%| F|  |TAMS 0x00000000ce100000, 0x00000000ce100000| Untracked 
| 226|0x00000000ce200000, 0x00000000ce200000, 0x00000000ce300000|  0%| F|  |TAMS 0x00000000ce200000, 0x00000000ce200000| Untracked 
| 227|0x00000000ce300000, 0x00000000ce300000, 0x00000000ce400000|  0%| F|  |TAMS 0x00000000ce300000, 0x00000000ce300000| Untracked 
| 228|0x00000000ce400000, 0x00000000ce400000, 0x00000000ce500000|  0%| F|  |TAMS 0x00000000ce400000, 0x00000000ce400000| Untracked 
| 229|0x00000000ce500000, 0x00000000ce500000, 0x00000000ce600000|  0%| F|  |TAMS 0x00000000ce500000, 0x00000000ce500000| Untracked 
| 230|0x00000000ce600000, 0x00000000ce600000, 0x00000000ce700000|  0%| F|  |TAMS 0x00000000ce600000, 0x00000000ce600000| Untracked 
| 231|0x00000000ce700000, 0x00000000ce700000, 0x00000000ce800000|  0%| F|  |TAMS 0x00000000ce700000, 0x00000000ce700000| Untracked 
| 232|0x00000000ce800000, 0x00000000ce800000, 0x00000000ce900000|  0%| F|  |TAMS 0x00000000ce800000, 0x00000000ce800000| Untracked 
| 233|0x00000000ce900000, 0x00000000ce900000, 0x00000000cea00000|  0%| F|  |TAMS 0x00000000ce900000, 0x00000000ce900000| Untracked 
| 234|0x00000000cea00000, 0x00000000cea00000, 0x00000000ceb00000|  0%| F|  |TAMS 0x00000000cea00000, 0x00000000cea00000| Untracked 
| 235|0x00000000ceb00000, 0x00000000ceb00000, 0x00000000cec00000|  0%| F|  |TAMS 0x00000000ceb00000, 0x00000000ceb00000| Untracked 
| 236|0x00000000cec00000, 0x00000000cec00000, 0x00000000ced00000|  0%| F|  |TAMS 0x00000000cec00000, 0x00000000cec00000| Untracked 
| 237|0x00000000ced00000, 0x00000000ced00000, 0x00000000cee00000|  0%| F|  |TAMS 0x00000000ced00000, 0x00000000ced00000| Untracked 
| 238|0x00000000cee00000, 0x00000000cee00000, 0x00000000cef00000|  0%| F|  |TAMS 0x00000000cee00000, 0x00000000cee00000| Untracked 
| 239|0x00000000cef00000, 0x00000000cef00000, 0x00000000cf000000|  0%| F|  |TAMS 0x00000000cef00000, 0x00000000cef00000| Untracked 
| 240|0x00000000cf000000, 0x00000000cf000000, 0x00000000cf100000|  0%| F|  |TAMS 0x00000000cf000000, 0x00000000cf000000| Untracked 
| 241|0x00000000cf100000, 0x00000000cf100000, 0x00000000cf200000|  0%| F|  |TAMS 0x00000000cf100000, 0x00000000cf100000| Untracked 
| 242|0x00000000cf200000, 0x00000000cf200000, 0x00000000cf300000|  0%| F|  |TAMS 0x00000000cf200000, 0x00000000cf200000| Untracked 
| 243|0x00000000cf300000, 0x00000000cf300000, 0x00000000cf400000|  0%| F|  |TAMS 0x00000000cf300000, 0x00000000cf300000| Untracked 
| 244|0x00000000cf400000, 0x00000000cf400000, 0x00000000cf500000|  0%| F|  |TAMS 0x00000000cf400000, 0x00000000cf400000| Untracked 
| 245|0x00000000cf500000, 0x00000000cf500000, 0x00000000cf600000|  0%| F|  |TAMS 0x00000000cf500000, 0x00000000cf500000| Untracked 
| 246|0x00000000cf600000, 0x00000000cf600000, 0x00000000cf700000|  0%| F|  |TAMS 0x00000000cf600000, 0x00000000cf600000| Untracked 
| 247|0x00000000cf700000, 0x00000000cf700000, 0x00000000cf800000|  0%| F|  |TAMS 0x00000000cf700000, 0x00000000cf700000| Untracked 
| 248|0x00000000cf800000, 0x00000000cf800000, 0x00000000cf900000|  0%| F|  |TAMS 0x00000000cf800000, 0x00000000cf800000| Untracked 
| 249|0x00000000cf900000, 0x00000000cf900000, 0x00000000cfa00000|  0%| F|  |TAMS 0x00000000cf900000, 0x00000000cf900000| Untracked 
| 250|0x00000000cfa00000, 0x00000000cfa00000, 0x00000000cfb00000|  0%| F|  |TAMS 0x00000000cfa00000, 0x00000000cfa00000| Untracked 
| 251|0x00000000cfb00000, 0x00000000cfb00000, 0x00000000cfc00000|  0%| F|  |TAMS 0x00000000cfb00000, 0x00000000cfb00000| Untracked 
| 252|0x00000000cfc00000, 0x00000000cfc00000, 0x00000000cfd00000|  0%| F|  |TAMS 0x00000000cfc00000, 0x00000000cfc00000| Untracked 
| 253|0x00000000cfd00000, 0x00000000cfd00000, 0x00000000cfe00000|  0%| F|  |TAMS 0x00000000cfd00000, 0x00000000cfd00000| Untracked 
| 254|0x00000000cfe00000, 0x00000000cfe00000, 0x00000000cff00000|  0%| F|  |TAMS 0x00000000cfe00000, 0x00000000cfe00000| Untracked 
| 255|0x00000000cff00000, 0x00000000cff00000, 0x00000000d0000000|  0%| F|  |TAMS 0x00000000cff00000, 0x00000000cff00000| Untracked 
| 256|0x00000000d0000000, 0x00000000d0000000, 0x00000000d0100000|  0%| F|  |TAMS 0x00000000d0000000, 0x00000000d0000000| Untracked 
| 257|0x00000000d0100000, 0x00000000d0100000, 0x00000000d0200000|  0%| F|  |TAMS 0x00000000d0100000, 0x00000000d0100000| Untracked 
| 258|0x00000000d0200000, 0x00000000d0200000, 0x00000000d0300000|  0%| F|  |TAMS 0x00000000d0200000, 0x00000000d0200000| Untracked 
| 259|0x00000000d0300000, 0x00000000d0381278, 0x00000000d0400000| 50%| E|  |TAMS 0x00000000d0300000, 0x00000000d0300000| Complete 

Card table byte_map: [0x00000211c7cf0000,0x00000211c7ef0000] _byte_map_base: 0x00000211c76f0000

Marking Bits (Prev, Next): (CMBitMap*) 0x00000211c56de998, (CMBitMap*) 0x00000211c56de9d8
 Prev Bits: [0x00000211e20b0000, 0x00000211e30b0000)
 Next Bits: [0x00000211e30b0000, 0x00000211e40b0000)

Polling page: 0x00000211c6ca0000

Metaspace:

Usage:
  Non-class:     10.38 MB capacity,     9.11 MB ( 88%) used,     1.23 MB ( 12%) free+waste,    40.00 KB ( <1%) overhead. 
      Class:      1.95 MB capacity,     1.63 MB ( 83%) used,   309.66 KB ( 15%) free+waste,    20.81 KB (  1%) overhead. 
       Both:     12.33 MB capacity,    10.74 MB ( 87%) used,     1.53 MB ( 12%) free+waste,    60.81 KB ( <1%) overhead. 

Virtual space:
  Non-class space:       12.00 MB reserved,      10.50 MB ( 88%) committed 
      Class space:        1.00 GB reserved,       2.00 MB ( <1%) committed 
             Both:        1.01 GB reserved,      12.50 MB (  1%) committed 

Chunk freelists:
   Non-Class:  2.00 KB
       Class:  0 bytes
        Both:  2.00 KB

MaxMetaspaceSize: 17179869184.00 GB
CompressedClassSpaceSize: 1.00 GB

CodeHeap 'non-profiled nmethods': size=120000Kb used=2708Kb max_used=3055Kb free=117291Kb
 bounds [0x00000211dab80000, 0x00000211dae80000, 0x00000211e20b0000]
CodeHeap 'profiled nmethods': size=120000Kb used=3731Kb max_used=6478Kb free=116268Kb
 bounds [0x00000211d3650000, 0x00000211d3cb0000, 0x00000211dab80000]
CodeHeap 'non-nmethods': size=5760Kb used=1168Kb max_used=1266Kb free=4591Kb
 bounds [0x00000211d30b0000, 0x00000211d3320000, 0x00000211d3650000]
 total_blobs=3188 nmethods=2772 adapters=327
 compilation: enabled
              stopped_count=0, restarted_count=0
 full_count=0

Compilation events (20 events):
Event: 104.821 Thread 0x00000211c4df0800 3846   !   3       java.lang.ref.Reference::processPendingReferences (132 bytes)
Event: 104.822 Thread 0x00000211c4df0800 nmethod 3846 0x00000211d37cf610 code [0x00000211d37cf8c0, 0x00000211d37d09d8]
Event: 104.864 Thread 0x00000211c4df0800 3848       3       java.util.TimSort::mergeHi (732 bytes)
Event: 104.865 Thread 0x00000211c4df0800 nmethod 3848 0x00000211d3b54090 code [0x00000211d3b54400, 0x00000211d3b56a98]
Event: 107.326 Thread 0x00000211c4dee000 3850       4       java.util.regex.Pattern$GroupCurly::match (252 bytes)
Event: 107.329 Thread 0x00000211c4dee000 nmethod 3850 0x00000211dae78d10 code [0x00000211dae78f20, 0x00000211dae79328]
Event: 108.404 Thread 0x00000211c4df0800 3851       3       org.jpype.ref.JPypeReferenceQueue::addSentinel (18 bytes)
Event: 108.404 Thread 0x00000211c4df0800 nmethod 3851 0x00000211d3992d90 code [0x00000211d3992f60, 0x00000211d3993478]
Event: 108.404 Thread 0x00000211c4df0800 3852       3       org.jpype.ref.JPypeReference::<init> (18 bytes)
Event: 108.404 Thread 0x00000211c4df0800 nmethod 3852 0x00000211d3928490 code [0x00000211d3928640, 0x00000211d3928998]
Event: 108.935 Thread 0x00000211c4dee000 3854       4       java.util.regex.Pattern$Prolog::match (11 bytes)
Event: 108.961 Thread 0x00000211c4dee000 nmethod 3854 0x00000211dae79a10 code [0x00000211dae79d40, 0x00000211dae7add8]
Event: 109.028 Thread 0x00000211c4df0800 3855       3       java.util.regex.Pattern$Curly::match0 (174 bytes)
Event: 109.028 Thread 0x00000211c4df0800 nmethod 3855 0x00000211d374f790 code [0x00000211d374f9c0, 0x00000211d3750398]
Event: 109.850 Thread 0x00000211c4dee000 3856       4       java.util.regex.IntHashSet::clear (22 bytes)
Event: 109.855 Thread 0x00000211c4dee000 nmethod 3856 0x00000211dae7b610 code [0x00000211dae7b7e0, 0x00000211dae7bad8]
Event: 127.392 Thread 0x00000211c4dee000 3857       4       java.util.regex.Pattern$GroupCurly::match0 (336 bytes)
Event: 127.409 Thread 0x00000211c4dee000 nmethod 3857 0x00000211dac86b10 code [0x00000211dac86ec0, 0x00000211dac880a8]
Event: 131.873 Thread 0x00000211c4dee000 3858       4       java.util.TimSort::mergeHi (732 bytes)
Event: 131.930 Thread 0x00000211c4dee000 nmethod 3858 0x00000211dada8c90 code [0x00000211dada9160, 0x00000211dadab8b0]

GC Heap History (20 events):
Event: 127.420 GC heap before
{Heap before GC invocations=305 (full 28):
 garbage-first heap   total 266240K, used 235616K [0x00000000c0000000, 0x0000000100000000)
  region size 1024K, 154 young (157696K), 1 survivors (1024K)
 Metaspace       used 10997K, capacity 12630K, committed 12800K, reserved 1060864K
  class space    used 1669K, capacity 2000K, committed 2048K, reserved 1048576K
}
Event: 127.420 GC heap after
{Heap after GC invocations=306 (full 28):
 garbage-first heap   total 266240K, used 78938K [0x00000000c0000000, 0x0000000100000000)
  region size 1024K, 1 young (1024K), 1 survivors (1024K)
 Metaspace       used 10997K, capacity 12630K, committed 12800K, reserved 1060864K
  class space    used 1669K, capacity 2000K, committed 2048K, reserved 1048576K
}
Event: 127.869 GC heap before
{Heap before GC invocations=306 (full 28):
 garbage-first heap   total 266240K, used 235610K [0x00000000c0000000, 0x0000000100000000)
  region size 1024K, 154 young (157696K), 1 survivors (1024K)
 Metaspace       used 10997K, capacity 12630K, committed 12800K, reserved 1060864K
  class space    used 1669K, capacity 2000K, committed 2048K, reserved 1048576K
}
Event: 127.870 GC heap after
{Heap after GC invocations=307 (full 28):
 garbage-first heap   total 266240K, used 78984K [0x00000000c0000000, 0x0000000100000000)
  region size 1024K, 1 young (1024K), 1 survivors (1024K)
 Metaspace       used 10997K, capacity 12630K, committed 12800K, reserved 1060864K
  class space    used 1669K, capacity 2000K, committed 2048K, reserved 1048576K
}
Event: 128.344 GC heap before
{Heap before GC invocations=307 (full 28):
 garbage-first heap   total 266240K, used 235656K [0x00000000c0000000, 0x0000000100000000)
  region size 1024K, 154 young (157696K), 1 survivors (1024K)
 Metaspace       used 10997K, capacity 12630K, committed 12800K, reserved 1060864K
  class space    used 1669K, capacity 2000K, committed 2048K, reserved 1048576K
}
Event: 128.344 GC heap after
{Heap after GC invocations=308 (full 28):
 garbage-first heap   total 266240K, used 78942K [0x00000000c0000000, 0x0000000100000000)
  region size 1024K, 1 young (1024K), 1 survivors (1024K)
 Metaspace       used 10997K, capacity 12630K, committed 12800K, reserved 1060864K
  class space    used 1669K, capacity 2000K, committed 2048K, reserved 1048576K
}
Event: 128.842 GC heap before
{Heap before GC invocations=308 (full 28):
 garbage-first heap   total 266240K, used 235614K [0x00000000c0000000, 0x0000000100000000)
  region size 1024K, 154 young (157696K), 1 survivors (1024K)
 Metaspace       used 10997K, capacity 12630K, committed 12800K, reserved 1060864K
  class space    used 1669K, capacity 2000K, committed 2048K, reserved 1048576K
}
Event: 128.843 GC heap after
{Heap after GC invocations=309 (full 28):
 garbage-first heap   total 266240K, used 78954K [0x00000000c0000000, 0x0000000100000000)
  region size 1024K, 1 young (1024K), 1 survivors (1024K)
 Metaspace       used 10997K, capacity 12630K, committed 12800K, reserved 1060864K
  class space    used 1669K, capacity 2000K, committed 2048K, reserved 1048576K
}
Event: 129.323 GC heap before
{Heap before GC invocations=309 (full 28):
 garbage-first heap   total 266240K, used 235626K [0x00000000c0000000, 0x0000000100000000)
  region size 1024K, 154 young (157696K), 1 survivors (1024K)
 Metaspace       used 10997K, capacity 12630K, committed 12800K, reserved 1060864K
  class space    used 1669K, capacity 2000K, committed 2048K, reserved 1048576K
}
Event: 129.323 GC heap after
{Heap after GC invocations=310 (full 28):
 garbage-first heap   total 266240K, used 78940K [0x00000000c0000000, 0x0000000100000000)
  region size 1024K, 1 young (1024K), 1 survivors (1024K)
 Metaspace       used 10997K, capacity 12630K, committed 12800K, reserved 1060864K
  class space    used 1669K, capacity 2000K, committed 2048K, reserved 1048576K
}
Event: 129.727 GC heap before
{Heap before GC invocations=310 (full 28):
 garbage-first heap   total 266240K, used 235612K [0x00000000c0000000, 0x0000000100000000)
  region size 1024K, 154 young (157696K), 1 survivors (1024K)
 Metaspace       used 10997K, capacity 12630K, committed 12800K, reserved 1060864K
  class space    used 1669K, capacity 2000K, committed 2048K, reserved 1048576K
}
Event: 129.728 GC heap after
{Heap after GC invocations=311 (full 28):
 garbage-first heap   total 266240K, used 78958K [0x00000000c0000000, 0x0000000100000000)
  region size 1024K, 1 young (1024K), 1 survivors (1024K)
 Metaspace       used 10997K, capacity 12630K, committed 12800K, reserved 1060864K
  class space    used 1669K, capacity 2000K, committed 2048K, reserved 1048576K
}
Event: 130.236 GC heap before
{Heap before GC invocations=311 (full 28):
 garbage-first heap   total 266240K, used 235630K [0x00000000c0000000, 0x0000000100000000)
  region size 1024K, 154 young (157696K), 1 survivors (1024K)
 Metaspace       used 10997K, capacity 12630K, committed 12800K, reserved 1060864K
  class space    used 1669K, capacity 2000K, committed 2048K, reserved 1048576K
}
Event: 130.236 GC heap after
{Heap after GC invocations=312 (full 28):
 garbage-first heap   total 266240K, used 78936K [0x00000000c0000000, 0x0000000100000000)
  region size 1024K, 1 young (1024K), 1 survivors (1024K)
 Metaspace       used 10997K, capacity 12630K, committed 12800K, reserved 1060864K
  class space    used 1669K, capacity 2000K, committed 2048K, reserved 1048576K
}
Event: 130.785 GC heap before
{Heap before GC invocations=312 (full 28):
 garbage-first heap   total 266240K, used 235608K [0x00000000c0000000, 0x0000000100000000)
  region size 1024K, 154 young (157696K), 1 survivors (1024K)
 Metaspace       used 10997K, capacity 12630K, committed 12800K, reserved 1060864K
  class space    used 1669K, capacity 2000K, committed 2048K, reserved 1048576K
}
Event: 130.786 GC heap after
{Heap after GC invocations=313 (full 28):
 garbage-first heap   total 266240K, used 78942K [0x00000000c0000000, 0x0000000100000000)
  region size 1024K, 1 young (1024K), 1 survivors (1024K)
 Metaspace       used 10997K, capacity 12630K, committed 12800K, reserved 1060864K
  class space    used 1669K, capacity 2000K, committed 2048K, reserved 1048576K
}
Event: 131.261 GC heap before
{Heap before GC invocations=313 (full 28):
 garbage-first heap   total 266240K, used 235614K [0x00000000c0000000, 0x0000000100000000)
  region size 1024K, 154 young (157696K), 1 survivors (1024K)
 Metaspace       used 10997K, capacity 12630K, committed 12800K, reserved 1060864K
  class space    used 1669K, capacity 2000K, committed 2048K, reserved 1048576K
}
Event: 131.262 GC heap after
{Heap after GC invocations=314 (full 28):
 garbage-first heap   total 266240K, used 78944K [0x00000000c0000000, 0x0000000100000000)
  region size 1024K, 1 young (1024K), 1 survivors (1024K)
 Metaspace       used 10997K, capacity 12630K, committed 12800K, reserved 1060864K
  class space    used 1669K, capacity 2000K, committed 2048K, reserved 1048576K
}
Event: 131.895 GC heap before
{Heap before GC invocations=314 (full 28):
 garbage-first heap   total 266240K, used 235616K [0x00000000c0000000, 0x0000000100000000)
  region size 1024K, 154 young (157696K), 1 survivors (1024K)
 Metaspace       used 10997K, capacity 12630K, committed 12800K, reserved 1060864K
  class space    used 1669K, capacity 2000K, committed 2048K, reserved 1048576K
}
Event: 131.896 GC heap after
{Heap after GC invocations=315 (full 28):
 garbage-first heap   total 266240K, used 78942K [0x00000000c0000000, 0x0000000100000000)
  region size 1024K, 1 young (1024K), 1 survivors (1024K)
 Metaspace       used 10997K, capacity 12630K, committed 12800K, reserved 1060864K
  class space    used 1669K, capacity 2000K, committed 2048K, reserved 1048576K
}

Deoptimization events (20 events):
Event: 25.517 Thread 0x00000211c28cb800 Uncommon trap: trap_request=0xffffff66 fr.pc=0x00000211dae228b4 relative=0x00000000000054f4
Event: 25.517 Thread 0x00000211c28cb800 Uncommon trap: reason=speculate_class_check action=maybe_recompile pc=0x00000211dae228b4 method=scala.collection.LinearSeqOptimized.length()I @ 5 c2
Event: 25.517 Thread 0x00000211c28cb800 DEOPT PACKING pc=0x00000211dae228b4 sp=0x000000c140de9fb0
Event: 25.517 Thread 0x00000211c28cb800 DEOPT UNPACKING pc=0x00000211d30f912f sp=0x000000c140de9ab8 mode 2
Event: 27.268 Thread 0x00000211c28cb800 Uncommon trap: trap_request=0xffffff66 fr.pc=0x00000211dae228b4 relative=0x00000000000054f4
Event: 27.268 Thread 0x00000211c28cb800 Uncommon trap: reason=speculate_class_check action=maybe_recompile pc=0x00000211dae228b4 method=scala.collection.LinearSeqOptimized.length()I @ 5 c2
Event: 27.268 Thread 0x00000211c28cb800 DEOPT PACKING pc=0x00000211dae228b4 sp=0x000000c140de9fb0
Event: 27.268 Thread 0x00000211c28cb800 DEOPT UNPACKING pc=0x00000211d30f912f sp=0x000000c140de9ab8 mode 2
Event: 31.191 Thread 0x00000211c28cb800 Uncommon trap: trap_request=0xffffffc6 fr.pc=0x00000211dabaab10 relative=0x0000000000000850
Event: 31.191 Thread 0x00000211c28cb800 Uncommon trap: reason=bimorphic_or_optimized_type_check action=maybe_recompile pc=0x00000211dabaab10 method=scala.collection.immutable.HashMap$HashTrieMap.get0(Ljava/lang/Object;II)Lscala/Option; @ 28 c2
Event: 31.191 Thread 0x00000211c28cb800 DEOPT PACKING pc=0x00000211dabaab10 sp=0x000000c140dea1a0
Event: 31.191 Thread 0x00000211c28cb800 DEOPT UNPACKING pc=0x00000211d30f912f sp=0x000000c140dea100 mode 2
Event: 73.334 Thread 0x00000211c28cb800 Uncommon trap: trap_request=0xffffffc6 fr.pc=0x00000211dabaab10 relative=0x0000000000000850
Event: 73.334 Thread 0x00000211c28cb800 Uncommon trap: reason=bimorphic_or_optimized_type_check action=maybe_recompile pc=0x00000211dabaab10 method=scala.collection.immutable.HashMap$HashTrieMap.get0(Ljava/lang/Object;II)Lscala/Option; @ 28 c2
Event: 73.334 Thread 0x00000211c28cb800 DEOPT PACKING pc=0x00000211dabaab10 sp=0x000000c140dea1a0
Event: 73.334 Thread 0x00000211c28cb800 DEOPT UNPACKING pc=0x00000211d30f912f sp=0x000000c140dea100 mode 2
Event: 103.700 Thread 0x00000211c28cb800 Uncommon trap: trap_request=0xffffff45 fr.pc=0x00000211dae73b4c relative=0x0000000000001f4c
Event: 103.700 Thread 0x00000211c28cb800 Uncommon trap: reason=unstable_if action=reinterpret pc=0x00000211dae73b4c method=java.util.TimSort.mergeHi(IIII)V @ 554 c2
Event: 103.700 Thread 0x00000211c28cb800 DEOPT PACKING pc=0x00000211dae73b4c sp=0x000000c140de9d80
Event: 103.700 Thread 0x00000211c28cb800 DEOPT UNPACKING pc=0x00000211d30f912f sp=0x000000c140de9d48 mode 2

Classes unloaded (0 events):
No events

Classes redefined (0 events):
No events

Internal exceptions (20 events):
Event: 0.231 Thread 0x00000211c28cb800 Exception <a 'java/lang/IncompatibleClassChangeError'{0x00000000c7a1e068}: Found class java.lang.Object, but interface was expected> (0x00000000c7a1e068) 
thrown [./open/src/hotspot/share/interpreter/linkResolver.cpp, line 832]
Event: 0.422 Thread 0x00000211c28cb800 Exception <a 'java/lang/NoSuchMethodError'{0x00000000c08416c8}: 'void java.lang.invoke.DirectMethodHandle$Holder.invokeSpecial(java.lang.Object, java.lang.Object, java.lang.Object, java.lang.Object)'> (0x00000000c08416c8) 
thrown [./open/src/hotspot/share/interpreter/linkResolver.cpp, line 766]
Event: 1.072 Thread 0x00000211c28cb800 Exception <a 'java/lang/NoSuchMethodError'{0x00000000c0fd9e08}: 'java.lang.Object java.lang.invoke.Invokers$Holder.invokeExact_MT(java.lang.Object, java.lang.Object, java.lang.Object, java.lang.Object, java.lang.Object, java.lang.Object)'> (0x00000000c0fd9e08) 
thrown [./open/src/hotspot/share/interpreter/linkResolver.cpp, line 766]
Event: 1.301 Thread 0x00000211c28cb800 Exception <a 'java/lang/NoSuchMethodError'{0x00000000c139ff68}: 'java.lang.Object java.lang.invoke.DirectMethodHandle$Holder.invokeStaticInit(java.lang.Object, java.lang.Object, java.lang.Object)'> (0x00000000c139ff68) 
thrown [./open/src/hotspot/share/interpreter/linkResolver.cpp, line 766]
Event: 1.344 Thread 0x00000211c28cb800 Exception <a 'java/lang/NoSuchMethodError'{0x00000000c11d6440}: 'int java.lang.invoke.DirectMethodHandle$Holder.invokeSpecialIFC(java.lang.Object, java.lang.Object, int)'> (0x00000000c11d6440) 
thrown [./open/src/hotspot/share/interpreter/linkResolver.cpp, line 766]
Event: 1.364 Thread 0x00000211c28cb800 Exception <a 'java/lang/NoSuchMethodError'{0x00000000c104eeb0}: 'int java.lang.invoke.DirectMethodHandle$Holder.invokeStatic(java.lang.Object, java.lang.Object, int)'> (0x00000000c104eeb0) 
thrown [./open/src/hotspot/share/interpreter/linkResolver.cpp, line 766]
Event: 1.406 Thread 0x00000211c28cb800 Exception <a 'java/lang/NoSuchMethodError'{0x00000000c0f70d90}: 'java.lang.Object java.lang.invoke.DirectMethodHandle$Holder.invokeStatic(java.lang.Object, java.lang.Object, int, java.lang.Object)'> (0x00000000c0f70d90) 
thrown [./open/src/hotspot/share/interpreter/linkResolver.cpp, line 766]
Event: 1.407 Thread 0x00000211c28cb800 Exception <a 'java/lang/NoSuchMethodError'{0x00000000c0f76c98}: 'java.lang.Object java.lang.invoke.Invokers$Holder.linkToTargetMethod(java.lang.Object, int, java.lang.Object, java.lang.Object)'> (0x00000000c0f76c98) 
thrown [./open/src/hotspot/share/interpreter/linkResolver.cpp, line 766]
Event: 1.429 Thread 0x00000211c28cb800 Exception <a 'java/lang/NoSuchMethodError'{0x00000000c0e28778}: 'java.lang.Object java.lang.invoke.DirectMethodHandle$Holder.invokeStaticInit(java.lang.Object, java.lang.Object, java.lang.Object, java.lang.Object)'> (0x00000000c0e28778) 
thrown [./open/src/hotspot/share/interpreter/linkResolver.cpp, line 766]
Event: 1.807 Thread 0x00000211c28cb800 Exception <a 'java/lang/NoSuchMethodError'{0x00000000c3bef0e0}: 'java.lang.Object java.lang.invoke.Invokers$Holder.linkToTargetMethod(java.lang.Object, int, java.lang.Object)'> (0x00000000c3bef0e0) 
thrown [./open/src/hotspot/share/interpreter/linkResolver.cpp, line 766]
Event: 1.816 Thread 0x00000211c28cb800 Exception <a 'java/lang/NoSuchMethodError'{0x00000000c3a13db8}: 'java.lang.Object java.lang.invoke.DirectMethodHandle$Holder.invokeStatic(java.lang.Object, int, java.lang.Object)'> (0x00000000c3a13db8) 
thrown [./open/src/hotspot/share/interpreter/linkResolver.cpp, line 766]
Event: 1.822 Thread 0x00000211c28cb800 Exception <a 'java/lang/NoSuchMethodError'{0x00000000c3a2a7f8}: 'java.lang.Object java.lang.invoke.DirectMethodHandle$Holder.invokeStatic(java.lang.Object, int, int, java.lang.Object)'> (0x00000000c3a2a7f8) 
thrown [./open/src/hotspot/share/interpreter/linkResolver.cpp, line 766]
Event: 3.176 Thread 0x00000211c28cb800 Exception <a 'java/lang/NoSuchMethodError'{0x00000000c4cb4208}: 'java.lang.Object java.lang.invoke.DirectMethodHandle$Holder.invokeStatic(java.lang.Object, java.lang.Object, java.lang.Object, java.lang.Object, int, java.lang.Object)'> (0x00000000c4cb4208) 
thrown [./open/src/hotspot/share/interpreter/linkResolver.cpp, line 766]
Event: 3.176 Thread 0x00000211c28cb800 Exception <a 'java/lang/NoSuchMethodError'{0x00000000c4cb77a8}: 'java.lang.Object java.lang.invoke.DirectMethodHandle$Holder.invokeSpecial(java.lang.Object, java.lang.Object, java.lang.Object, java.lang.Object, java.lang.Object, int, java.lang.Object)'> (0x00000000c4cb77a8) 
thrown [./open/src/hotspot/share/interpreter/linkResolver.cpp, line 766]
Event: 3.177 Thread 0x00000211c28cb800 Exception <a 'java/lang/NoSuchMethodError'{0x00000000c4cba618}: 'java.lang.Object java.lang.invoke.Invokers$Holder.linkToTargetMethod(java.lang.Object, java.lang.Object, java.lang.Object, int, java.lang.Object, java.lang.Object)'> (0x00000000c4cba618) 
thrown [./open/src/hotspot/share/interpreter/linkResolver.cpp, line 766]
Event: 3.201 Thread 0x00000211c28cb800 Exception <a 'java/lang/NoSuchMethodError'{0x00000000c4cf8f30}: 'java.lang.Object java.lang.invoke.DirectMethodHandle$Holder.invokeStaticInit(java.lang.Object, java.lang.Object, java.lang.Object, java.lang.Object, java.lang.Object)'> (0x00000000c4cf8f30) 
thrown [./open/src/hotspot/share/interpreter/linkResolver.cpp, line 766]
Event: 3.202 Thread 0x00000211c28cb800 Exception <a 'java/lang/NoSuchMethodError'{0x00000000c4cffbb0}: 'java.lang.Object java.lang.invoke.Invokers$Holder.invoke_MT(java.lang.Object, java.lang.Object, java.lang.Object, java.lang.Object, java.lang.Object, java.lang.Object)'> (0x00000000c4cffbb0) 
thrown [./open/src/hotspot/share/interpreter/linkResolver.cpp, line 766]
Event: 3.204 Thread 0x00000211c28cb800 Exception <a 'java/lang/NoSuchMethodError'{0x00000000c4b0a790}: 'java.lang.Object java.lang.invoke.Invokers$Holder.invoker(java.lang.Object, java.lang.Object, java.lang.Object)'> (0x00000000c4b0a790) 
thrown [./open/src/hotspot/share/interpreter/linkResolver.cpp, line 766]
Event: 3.207 Thread 0x00000211c28cb800 Exception <a 'java/lang/NoSuchMethodError'{0x00000000c4b19268}: 'void java.lang.invoke.DelegatingMethodHandle$Holder.delegate(java.lang.Object, java.lang.Object, int, java.lang.Object)'> (0x00000000c4b19268) 
thrown [./open/src/hotspot/share/interpreter/linkResolver.cpp, line 766]
Event: 3.208 Thread 0x00000211c28cb800 Exception <a 'java/lang/NoSuchMethodError'{0x00000000c4b20580}: 'java.lang.Object java.lang.invoke.Invokers$Holder.invokeExact_MT(java.lang.Object, java.lang.Object, java.lang.Object, java.lang.Object)'> (0x00000000c4b20580) 
thrown [./open/src/hotspot/share/interpreter/linkResolver.cpp, line 766]

Events (20 events):
Event: 127.420 Executing VM operation: G1CollectForAllocation done
Event: 127.869 Executing VM operation: G1CollectForAllocation
Event: 127.870 Executing VM operation: G1CollectForAllocation done
Event: 128.344 Executing VM operation: G1CollectForAllocation
Event: 128.344 Executing VM operation: G1CollectForAllocation done
Event: 128.842 Executing VM operation: G1CollectForAllocation
Event: 128.843 Executing VM operation: G1CollectForAllocation done
Event: 129.323 Executing VM operation: G1CollectForAllocation
Event: 129.323 Executing VM operation: G1CollectForAllocation done
Event: 129.727 Executing VM operation: G1CollectForAllocation
Event: 129.728 Executing VM operation: G1CollectForAllocation done
Event: 130.236 Executing VM operation: G1CollectForAllocation
Event: 130.236 Executing VM operation: G1CollectForAllocation done
Event: 130.785 Executing VM operation: G1CollectForAllocation
Event: 130.786 Executing VM operation: G1CollectForAllocation done
Event: 131.261 Executing VM operation: G1CollectForAllocation
Event: 131.262 Executing VM operation: G1CollectForAllocation done
Event: 131.895 Executing VM operation: G1CollectForAllocation
Event: 131.896 Executing VM operation: G1CollectForAllocation done
Event: 131.950 Executing VM operation: G1CollectFull


Dynamic libraries:
0x000000001c6a0000 - 0x000000001c6bb000 	C:\Users\user\anaconda3\envs\py36\python.exe
0x00007ffe42360000 - 0x00007ffe42550000 	C:\WINDOWS\SYSTEM32\ntdll.dll
0x00007ffe40e80000 - 0x00007ffe40f32000 	C:\WINDOWS\System32\KERNEL32.DLL
0x00007ffe3f580000 - 0x00007ffe3f824000 	C:\WINDOWS\System32\KERNELBASE.dll
0x00007ffe3f830000 - 0x00007ffe3f92a000 	C:\WINDOWS\System32\ucrtbase.dll
0x00007ffe27cc0000 - 0x00007ffe27cd5000 	C:\Users\user\anaconda3\envs\py36\VCRUNTIME140.dll
0x0000000065dd0000 - 0x0000000066173000 	C:\Users\user\anaconda3\envs\py36\python36.dll
0x00007ffe40410000 - 0x00007ffe40462000 	C:\WINDOWS\System32\SHLWAPI.dll
0x00007ffe42280000 - 0x00007ffe4231e000 	C:\WINDOWS\System32\msvcrt.dll
0x00007ffe40780000 - 0x00007ffe40ab5000 	C:\WINDOWS\System32\combase.dll
0x00007ffe40c20000 - 0x00007ffe40d40000 	C:\WINDOWS\System32\RPCRT4.dll
0x00007ffe3f9e0000 - 0x00007ffe3fa60000 	C:\WINDOWS\System32\bcryptPrimitives.dll
0x00007ffe41a70000 - 0x00007ffe41a96000 	C:\WINDOWS\System32\GDI32.dll
0x00007ffe3f4b0000 - 0x00007ffe3f4d1000 	C:\WINDOWS\System32\win32u.dll
0x00007ffe3fa80000 - 0x00007ffe3fc16000 	C:\WINDOWS\System32\gdi32full.dll
0x00007ffe34d10000 - 0x00007ffe34d1a000 	C:\WINDOWS\SYSTEM32\VERSION.dll
0x00007ffe3f4e0000 - 0x00007ffe3f57e000 	C:\WINDOWS\System32\msvcp_win.dll
0x00007ffe41630000 - 0x00007ffe417c5000 	C:\WINDOWS\System32\USER32.dll
0x00007ffe40e10000 - 0x00007ffe40e7f000 	C:\WINDOWS\System32\WS2_32.dll
0x00007ffe40b70000 - 0x00007ffe40c13000 	C:\WINDOWS\System32\ADVAPI32.dll
0x00007ffe41ad0000 - 0x00007ffe41b67000 	C:\WINDOWS\System32\sechost.dll
0x00007ffe41aa0000 - 0x00007ffe41ace000 	C:\WINDOWS\System32\IMM32.DLL
0x00007ffe3fa60000 - 0x00007ffe3fa77000 	C:\WINDOWS\System32\CRYPTSP.dll
0x00007ffe3df60000 - 0x00007ffe3df93000 	C:\WINDOWS\system32\rsaenh.dll
0x00007ffe3f2e0000 - 0x00007ffe3f306000 	C:\WINDOWS\System32\bcrypt.dll
0x00007ffe3e5c0000 - 0x00007ffe3e5cc000 	C:\WINDOWS\SYSTEM32\CRYPTBASE.dll
0x00007ffe24740000 - 0x00007ffe2474f000 	C:\Users\user\anaconda3\envs\py36\python3.dll
0x0000000065db0000 - 0x0000000065dc8000 	C:\Users\user\anaconda3\envs\py36\DLLs\_bz2.pyd
0x00007ffe219f0000 - 0x00007ffe21a31000 	C:\Users\user\anaconda3\envs\py36\DLLs\_lzma.pyd
0x00007ffdfb7a0000 - 0x00007ffdfb942000 	C:\Users\user\anaconda3\envs\py36\DLLs\_hashlib.pyd
0x0000000065d50000 - 0x0000000065d73000 	C:\Users\user\anaconda3\envs\py36\DLLs\_ctypes.pyd
0x00007ffe417d0000 - 0x00007ffe41927000 	C:\WINDOWS\System32\ole32.dll
0x00007ffe40d40000 - 0x00007ffe40e05000 	C:\WINDOWS\System32\OLEAUT32.dll
0x00007ffe40f40000 - 0x00007ffe41627000 	C:\WINDOWS\System32\shell32.DLL
0x00007ffe3f310000 - 0x00007ffe3f35a000 	C:\WINDOWS\System32\cfgmgr32.dll
0x00007ffe40ac0000 - 0x00007ffe40b69000 	C:\WINDOWS\System32\shcore.dll
0x00007ffe3fc80000 - 0x00007ffe40402000 	C:\WINDOWS\System32\windows.storage.dll
0x00007ffe3f240000 - 0x00007ffe3f263000 	C:\WINDOWS\System32\profapi.dll
0x00007ffe3f270000 - 0x00007ffe3f2ba000 	C:\WINDOWS\System32\powrprof.dll
0x00007ffe3f210000 - 0x00007ffe3f220000 	C:\WINDOWS\System32\UMPDC.dll
0x00007ffe3f2c0000 - 0x00007ffe3f2d1000 	C:\WINDOWS\System32\kernel.appcore.dll
0x0000000065be0000 - 0x0000000065bf7000 	C:\Users\user\anaconda3\envs\py36\DLLs\_sqlite3.pyd
0x00007ffdfab30000 - 0x00007ffdfacaf000 	C:\Users\user\anaconda3\envs\py36\Library\bin\sqlite3.dll
0x0000000065d80000 - 0x0000000065d89000 	C:\Users\user\anaconda3\envs\py36\DLLs\select.pyd
0x0000000065d40000 - 0x0000000065d4d000 	C:\Users\user\anaconda3\envs\py36\DLLs\_overlapped.pyd
0x0000000065d90000 - 0x0000000065da4000 	C:\Users\user\anaconda3\envs\py36\DLLs\_socket.pyd
0x00007ffe3e3f0000 - 0x00007ffe3e457000 	C:\WINDOWS\system32\mswsock.dll
0x0000000065d30000 - 0x0000000065d3a000 	C:\Users\user\anaconda3\envs\py36\DLLs\_multiprocessing.pyd
0x00007ffe24350000 - 0x00007ffe24360000 	C:\Users\user\anaconda3\envs\py36\DLLs\_asyncio.pyd
0x00007ffdfacb0000 - 0x00007ffdfaec1000 	C:\Users\user\anaconda3\envs\py36\DLLs\_ssl.pyd
0x00007ffe3f360000 - 0x00007ffe3f4a9000 	C:\WINDOWS\System32\CRYPT32.dll
0x00007ffe3f220000 - 0x00007ffe3f232000 	C:\WINDOWS\System32\MSASN1.dll
0x00007ffe38aa0000 - 0x00007ffe38aaf000 	C:\Users\user\anaconda3\envs\py36\lib\site-packages\immutables\_map.cp36-win_amd64.pyd
0x0000000065c00000 - 0x0000000065cde000 	C:\Users\user\anaconda3\envs\py36\DLLs\unicodedata.pyd
0x00007ffe22880000 - 0x00007ffe22896000 	C:\Users\user\anaconda3\envs\py36\lib\site-packages\zmq\backend\cython\constants.cp36-win_amd64.pyd
0x00007ffe229d0000 - 0x00007ffe229dc000 	C:\Users\user\anaconda3\envs\py36\lib\site-packages\zmq\backend\cython\error.cp36-win_amd64.pyd
0x00007ffe1f160000 - 0x00007ffe1f1d6000 	C:\Users\user\anaconda3\envs\py36\Library\bin\libzmq-mt-4_3_2.dll
0x00007ffe3e100000 - 0x00007ffe3e13a000 	C:\WINDOWS\SYSTEM32\IPHLPAPI.DLL
0x00007ffe3c930000 - 0x00007ffe3c9c9000 	C:\WINDOWS\SYSTEM32\MSVCP140.dll
0x00007ffe22780000 - 0x00007ffe2279a000 	C:\Users\user\anaconda3\envs\py36\lib\site-packages\zmq\backend\cython\message.cp36-win_amd64.pyd
0x00007ffe22760000 - 0x00007ffe22774000 	C:\Users\user\anaconda3\envs\py36\lib\site-packages\zmq\backend\cython\context.cp36-win_amd64.pyd
0x00007ffe21410000 - 0x00007ffe21436000 	C:\Users\user\anaconda3\envs\py36\lib\site-packages\zmq\backend\cython\socket.cp36-win_amd64.pyd
0x00007ffe22990000 - 0x00007ffe2299e000 	C:\Users\user\anaconda3\envs\py36\lib\site-packages\zmq\backend\cython\utils.cp36-win_amd64.pyd
0x00007ffe21e70000 - 0x00007ffe21e84000 	C:\Users\user\anaconda3\envs\py36\lib\site-packages\zmq\backend\cython\_poll.cp36-win_amd64.pyd
0x00007ffe22730000 - 0x00007ffe2273c000 	C:\Users\user\anaconda3\envs\py36\lib\site-packages\zmq\backend\cython\_version.cp36-win_amd64.pyd
0x00007ffe21330000 - 0x00007ffe21342000 	C:\Users\user\anaconda3\envs\py36\lib\site-packages\zmq\backend\cython\_device.cp36-win_amd64.pyd
0x00007ffe219e0000 - 0x00007ffe219f0000 	C:\Users\user\anaconda3\envs\py36\lib\site-packages\zmq\backend\cython\_proxy_steerable.cp36-win_amd64.pyd
0x00007ffe24560000 - 0x00007ffe24567000 	C:\Users\user\anaconda3\envs\py36\lib\site-packages\tornado\speedups.cp36-win_amd64.pyd
0x0000000065ce0000 - 0x0000000065d24000 	C:\Users\user\anaconda3\envs\py36\DLLs\_decimal.pyd
0x00007ffe40700000 - 0x00007ffe40708000 	C:\WINDOWS\System32\NSI.dll
0x00007ffe324e0000 - 0x00007ffe324f6000 	C:\WINDOWS\SYSTEM32\dhcpcsvc6.DLL
0x00007ffe34d20000 - 0x00007ffe34d3c000 	C:\WINDOWS\SYSTEM32\dhcpcsvc.DLL
0x00007ffe3e140000 - 0x00007ffe3e20b000 	C:\WINDOWS\SYSTEM32\DNSAPI.dll
0x0000000065b70000 - 0x0000000065b94000 	C:\Users\user\anaconda3\envs\py36\lib\site-packages\win32\win32api.pyd
0x0000000065b40000 - 0x0000000065b66000 	C:\Users\user\anaconda3\envs\py36\lib\site-packages\win32\pywintypes36.dll
0x00007ffe3c130000 - 0x00007ffe3c13c000 	C:\WINDOWS\SYSTEM32\secur32.dll
0x00007ffe3f100000 - 0x00007ffe3f12f000 	C:\WINDOWS\SYSTEM32\SSPICLI.DLL
0x0000000065b10000 - 0x0000000065b36000 	C:\Users\user\anaconda3\envs\py36\lib\site-packages\win32\win32security.pyd
0x00007ffe28490000 - 0x00007ffe284a7000 	C:\WINDOWS\SYSTEM32\NETAPI32.dll
0x00007ffe3e260000 - 0x00007ffe3e26c000 	C:\WINDOWS\SYSTEM32\NETUTILS.DLL
0x00000211c43e0000 - 0x00000211c43e3000 	C:\WINDOWS\SYSTEM32\security.dll
0x00007ffe20300000 - 0x00007ffe20328000 	C:\WINDOWS\SYSTEM32\ntdsapi.dll
0x00007ffe3e210000 - 0x00007ffe3e252000 	C:\WINDOWS\SYSTEM32\LOGONCLI.DLL
0x00007ffe38280000 - 0x00007ffe38287000 	C:\Users\user\anaconda3\envs\py36\lib\site-packages\mkl\_mklinit.cp36-win_amd64.pyd
0x00007ffdd5150000 - 0x00007ffdd61ad000 	C:\Users\user\anaconda3\envs\py36\Library\bin\mkl_rt.dll
0x00007ffe38250000 - 0x00007ffe38272000 	C:\Users\user\anaconda3\envs\py36\lib\site-packages\mkl\_py_mkl_service.cp36-win_amd64.pyd
0x00007ffdfc110000 - 0x00007ffdfc3d8000 	C:\Users\user\anaconda3\envs\py36\lib\site-packages\numpy\core\_multiarray_umath.cp36-win_amd64.pyd
0x00007ffe38230000 - 0x00007ffe3824f000 	C:\Users\user\anaconda3\envs\py36\lib\site-packages\numpy\core\_multiarray_tests.cp36-win_amd64.pyd
0x00007ffe34080000 - 0x00007ffe34089000 	C:\Users\user\anaconda3\envs\py36\lib\site-packages\numpy\linalg\lapack_lite.cp36-win_amd64.pyd
0x00007ffe21750000 - 0x00007ffe2177a000 	C:\Users\user\anaconda3\envs\py36\lib\site-packages\numpy\linalg\_umath_linalg.cp36-win_amd64.pyd
0x00007ffe21730000 - 0x00007ffe21750000 	C:\Users\user\anaconda3\envs\py36\lib\site-packages\numpy\fft\_pocketfft_internal.cp36-win_amd64.pyd
0x00007ffe144c0000 - 0x00007ffe1454f000 	C:\Users\user\anaconda3\envs\py36\lib\site-packages\numpy\random\mtrand.cp36-win_amd64.pyd
0x00007ffe14490000 - 0x00007ffe144ba000 	C:\Users\user\anaconda3\envs\py36\lib\site-packages\numpy\random\bit_generator.cp36-win_amd64.pyd
0x00007ffe11630000 - 0x00007ffe11661000 	C:\Users\user\anaconda3\envs\py36\lib\site-packages\numpy\random\_common.cp36-win_amd64.pyd
0x00007ffe10fb0000 - 0x00007ffe10ff0000 	C:\Users\user\anaconda3\envs\py36\lib\site-packages\numpy\random\_bounded_integers.cp36-win_amd64.pyd
0x00007ffe21710000 - 0x00007ffe21728000 	C:\Users\user\anaconda3\envs\py36\lib\site-packages\numpy\random\_mt19937.cp36-win_amd64.pyd
0x00007ffe19b70000 - 0x00007ffe19b87000 	C:\Users\user\anaconda3\envs\py36\lib\site-packages\numpy\random\_philox.cp36-win_amd64.pyd
0x00007ffe14e30000 - 0x00007ffe14e45000 	C:\Users\user\anaconda3\envs\py36\lib\site-packages\numpy\random\_pcg64.cp36-win_amd64.pyd
0x00007ffe14470000 - 0x00007ffe14482000 	C:\Users\user\anaconda3\envs\py36\lib\site-packages\numpy\random\_sfc64.cp36-win_amd64.pyd
0x00007ffe10f00000 - 0x00007ffe10fa4000 	C:\Users\user\anaconda3\envs\py36\lib\site-packages\numpy\random\_generator.cp36-win_amd64.pyd
0x00007ffdd2380000 - 0x00007ffdd514d000 	C:\Users\user\anaconda3\envs\py36\Library\bin\mkl_intel_thread.dll
0x00007ffdc0130000 - 0x00007ffdc48ca000 	C:\Users\user\anaconda3\envs\py36\Library\bin\mkl_core.dll
0x00007ffdbd940000 - 0x00007ffdc0122000 	C:\Users\user\anaconda3\envs\py36\Library\bin\mkl_avx2.dll
0x00007ffdbcad0000 - 0x00007ffdbd93d000 	C:\Users\user\anaconda3\envs\py36\Library\bin\mkl_vml_avx2.dll
0x00007ffe10300000 - 0x00007ffe1040d000 	C:\Users\user\anaconda3\envs\py36\lib\site-packages\pandas\_libs\interval.cp36-win_amd64.pyd
0x00007ffe10e70000 - 0x00007ffe10ef1000 	C:\Users\user\anaconda3\envs\py36\lib\site-packages\pandas\_libs\hashtable.cp36-win_amd64.pyd
0x00007ffe10df0000 - 0x00007ffe10e1b000 	C:\Users\user\anaconda3\envs\py36\lib\site-packages\pandas\_libs\missing.cp36-win_amd64.pyd
0x00007ffe14390000 - 0x00007ffe143ad000 	C:\Users\user\anaconda3\envs\py36\lib\site-packages\pandas\_libs\tslibs\dtypes.cp36-win_amd64.pyd
0x00007ffe10db0000 - 0x00007ffe10dec000 	C:\Users\user\anaconda3\envs\py36\lib\site-packages\pandas\_libs\tslibs\conversion.cp36-win_amd64.pyd
0x00007ffe34070000 - 0x00007ffe3407f000 	C:\Users\user\anaconda3\envs\py36\lib\site-packages\pandas\_libs\tslibs\base.cp36-win_amd64.pyd
0x00007ffe108f0000 - 0x00007ffe1091f000 	C:\Users\user\anaconda3\envs\py36\lib\site-packages\pandas\_libs\tslibs\nattype.cp36-win_amd64.pyd
0x00007ffe230e0000 - 0x00007ffe230ef000 	C:\Users\user\anaconda3\envs\py36\lib\site-packages\pandas\_libs\tslibs\np_datetime.cp36-win_amd64.pyd
0x00007ffe102c0000 - 0x00007ffe102f4000 	C:\Users\user\anaconda3\envs\py36\lib\site-packages\pandas\_libs\tslibs\timezones.cp36-win_amd64.pyd
0x00007ffe10280000 - 0x00007ffe102bb000 	C:\Users\user\anaconda3\envs\py36\lib\site-packages\pandas\_libs\tslibs\tzconversion.cp36-win_amd64.pyd
0x00007ffe115b0000 - 0x00007ffe115c2000 	C:\Users\user\anaconda3\envs\py36\lib\site-packages\pandas\_libs\tslibs\ccalendar.cp36-win_amd64.pyd
0x00007ffe0fd40000 - 0x00007ffe0fd91000 	C:\Users\user\anaconda3\envs\py36\lib\site-packages\pandas\_libs\tslibs\parsing.cp36-win_amd64.pyd
0x00007ffe0fc70000 - 0x00007ffe0fd35000 	C:\Users\user\anaconda3\envs\py36\lib\site-packages\pandas\_libs\tslibs\offsets.cp36-win_amd64.pyd
0x00007ffe0f760000 - 0x00007ffe0f7bd000 	C:\Users\user\anaconda3\envs\py36\lib\site-packages\pandas\_libs\tslibs\timedeltas.cp36-win_amd64.pyd
0x00007ffe0f700000 - 0x00007ffe0f75f000 	C:\Users\user\anaconda3\envs\py36\lib\site-packages\pandas\_libs\tslibs\timestamps.cp36-win_amd64.pyd
0x00007ffe0f6c0000 - 0x00007ffe0f6fc000 	C:\Users\user\anaconda3\envs\py36\lib\site-packages\pandas\_libs\tslibs\fields.cp36-win_amd64.pyd
0x00007ffe0f520000 - 0x00007ffe0f56d000 	C:\Users\user\anaconda3\envs\py36\lib\site-packages\pandas\_libs\tslibs\strptime.cp36-win_amd64.pyd
0x00007ffe108d0000 - 0x00007ffe108e3000 	C:\Users\user\anaconda3\envs\py36\lib\site-packages\pandas\_libs\properties.cp36-win_amd64.pyd
0x00007ffe0f3b0000 - 0x00007ffe0f409000 	C:\Users\user\anaconda3\envs\py36\lib\site-packages\pandas\_libs\tslibs\period.cp36-win_amd64.pyd
0x00007ffe0f370000 - 0x00007ffe0f3a4000 	C:\Users\user\anaconda3\envs\py36\lib\site-packages\pandas\_libs\tslibs\vectorized.cp36-win_amd64.pyd
0x00007ffe10550000 - 0x00007ffe10562000 	C:\Users\user\anaconda3\envs\py36\lib\site-packages\pandas\_libs\ops_dispatch.cp36-win_amd64.pyd
0x00007ffdfbfe0000 - 0x00007ffdfc10e000 	C:\Users\user\anaconda3\envs\py36\lib\site-packages\pandas\_libs\algos.cp36-win_amd64.pyd
0x00007ffe06c60000 - 0x00007ffe06ccf000 	C:\Users\user\anaconda3\envs\py36\lib\site-packages\pandas\_libs\lib.cp36-win_amd64.pyd
0x00007ffe0f1b0000 - 0x00007ffe0f1d6000 	C:\Users\user\anaconda3\envs\py36\lib\site-packages\pandas\_libs\tslib.cp36-win_amd64.pyd

dbghelp: loaded successfully - version: 4.0.5 - missing functions: none
symbol engine: initialized successfully - sym options: 0x614 - pdb path: .;C:\Users\user\anaconda3\envs\py36;C:\WINDOWS\SYSTEM32;C:\Users\user\anaconda3\envs\py36\DLLs;C:\Users\user\anaconda3\envs\py36\Library\bin;C:\Users\user\anaconda3\envs\py36\lib\site-packages\immutables;C:\Users\user\anaconda3\envs\py36\lib\site-packages\zmq\backend\cython;C:\Users\user\anaconda3\envs\py36\lib\site-packages\tornado;C:\Users\user\anaconda3\envs\py36\lib\site-packages\win32;C:\Users\user\anaconda3\envs\py36\lib\site-packages\mkl;C:\Users\user\anaconda3\envs\py36\lib\site-packages\numpy\core;C:\Users\user\anaconda3\envs\py36\lib\site-packages\numpy\linalg;C:\Users\user\anaconda3\envs\py36\lib\site-packages\numpy\fft;C:\Users\user\anaconda3\envs\py36\lib\site-packages\numpy\random;C:\Users\user\anaconda3\envs\py36\lib\site-packages\pandas\_libs;C:\Users\user\anaconda3\envs\py36\lib\site-packages\pandas\_libs\tslibs;C:\Users\user\anaconda3\envs\py36\lib\site-packages\bottleneck;C:\Users\user\anaconda3\envs\py36\lib\site-packages\pandas\_libs\window;C:\Users\user\anaconda3\envs\py36\lib\site-packages;C:\Users\user\anaconda3\envs\py36\lib\site-packages\lxml;C:\Program Files\Java\jdk-14.0.2\bin\server;C:\Program Files\Java\jdk-14.0.2\bin

VM Arguments:
jvm_args: -Dfile.encoding=UTF8 -ea -Xmx1024m 
java_command: <unknown>
java_class_path (initial): C:\Users\user\anaconda3\envs\py36\lib\site-packages\konlpy\java;C:\Users\user\anaconda3\envs\py36\lib\site-packages\konlpy\java\bin;C:\Users\user\anaconda3\envs\py36\lib\site-packages\konlpy\java\*;C:\Users\user\anaconda3\envs\py36\lib\site-packages\konlpy\java\jhannanum-0.8.4.jar;C:\Users\user\anaconda3\envs\py36\lib\site-packages\konlpy\java\kkma-2.0.jar;C:\Users\user\anaconda3\envs\py36\lib\site-packages\konlpy\java\aho-corasick.jar;C:\Users\user\anaconda3\envs\py36\lib\site-packages\konlpy\java\shineware-common-1.0.jar;C:\Users\user\anaconda3\envs\py36\lib\site-packages\konlpy\java\shineware-ds-1.0.jar;C:\Users\user\anaconda3\envs\py36\lib\site-packages\konlpy\java\komoran-3.0.jar;C:\Users\user\anaconda3\envs\py36\lib\site-packages\konlpy\java\snakeyaml-1.12.jar;C:\Users\user\anaconda3\envs\py36\lib\site-packages\konlpy\java\scala-library-2.12.3.jar;C:\Users\user\anaconda3\envs\py36\lib\site-packages\konlpy\java\open-korean-text-2.1.0.jar;C:\Users\user\anaconda3\envs\py36\lib\site-packages\konlpy\java\twitter-text-1.14.7.jar;C:\Users\user\anaconda3\envs\py36\lib\site-packages\konlpy\java\*
Launcher Type: generic

[Global flags]
     intx CICompilerCount                          = 3                                         {product} {ergonomic}
     uint ConcGCThreads                            = 1                                         {product} {ergonomic}
     uint G1ConcRefinementThreads                  = 4                                         {product} {ergonomic}
   size_t G1HeapRegionSize                         = 1048576                                   {product} {ergonomic}
    uintx GCDrainStackTargetSize                   = 64                                        {product} {ergonomic}
   size_t InitialHeapSize                          = 132120576                                 {product} {ergonomic}
   size_t MarkStackSize                            = 4194304                                   {product} {ergonomic}
   size_t MaxHeapSize                              = 1073741824                                {product} {command line}
   size_t MaxNewSize                               = 643825664                                 {product} {ergonomic}
   size_t MinHeapDeltaBytes                        = 1048576                                   {product} {ergonomic}
   size_t MinHeapSize                              = 8388608                                   {product} {ergonomic}
    uintx NonNMethodCodeHeapSize                   = 5832780                                {pd product} {ergonomic}
    uintx NonProfiledCodeHeapSize                  = 122912730                              {pd product} {ergonomic}
    uintx ProfiledCodeHeapSize                     = 122912730                              {pd product} {ergonomic}
    uintx ReservedCodeCacheSize                    = 251658240                              {pd product} {ergonomic}
     bool SegmentedCodeCache                       = true                                      {product} {ergonomic}
   size_t SoftMaxHeapSize                          = 1073741824                             {manageable} {ergonomic}
     bool UseCompressedClassPointers               = true                                 {lp64_product} {ergonomic}
     bool UseCompressedOops                        = true                                 {lp64_product} {ergonomic}
     bool UseG1GC                                  = true                                      {product} {ergonomic}
     bool UseLargePagesIndividualAllocation        = false                                  {pd product} {ergonomic}

Logging:
Log output configuration:
 #0: stdout all=warning uptime,level,tags
 #1: stderr all=off uptime,level,tags

Environment Variables:
JAVA_HOME=C:\Program Files\Java\jdk-14.0.2\bin\server
PATH=C:\Users\user\anaconda3\envs\py36;C:\Users\user\anaconda3\envs\py36\Library\mingw-w64\bin;C:\Users\user\anaconda3\envs\py36\Library\usr\bin;C:\Users\user\anaconda3\envs\py36\Library\bin;C:\Users\user\anaconda3\envs\py36\Scripts;C:\Users\user\anaconda3\envs\py36\bin;C:\Users\user\anaconda3\condabin;C:\Users\user\anaconda3;C:\Users\user\anaconda3\Library\mingw-w64\bin;C:\Users\user\anaconda3\Library\usr\bin;C:\Users\user\anaconda3\Library\bin;C:\Users\user\anaconda3\Scripts;C:\Program Files (x86)\Intel\Intel(R) Management Engine Components\iCLS;C:\Program Files\Intel\Intel(R) Management Engine Components\iCLS;C:\WINDOWS\system32;C:\WINDOWS;C:\WINDOWS\System32\Wbem;C:\WINDOWS\System32\WindowsPowerShell\v1.0;C:\WINDOWS\System32\OpenSSH;C:\Program Files (x86)\Intel\Intel(R) Management Engine Components\DAL;C:\Program Files\Intel\Intel(R) Management Engine Components\DAL;C:\Program Files\Git\cmd;C:\Program Files\Java\jdk-14.0.2\bin;C:\Users\user\anaconda3;C:\Users\user\anaconda3\Library\mingw-w64\bin;C:\Users\user\anaconda3\Library\usr\bin;C:\Users\user\anaconda3\Library\bin;C:\Users\user\anaconda3\Scripts;C:\Users\user\AppData\Local\Microsoft\WindowsApps;C:\Microsoft VS Code\bin;C:\Users\user\AppData\Local\Programs\Microsoft VS Code Insiders\bin;C:\Users\user\anaconda3\envs\py36\lib\site-packages\numpy\.libs
USERNAME=user
OS=Windows_NT
PROCESSOR_IDENTIFIER=Intel64 Family 6 Model 142 Stepping 11, GenuineIntel



---------------  S Y S T E M  ---------------

OS: Windows 10 , 64 bit Build 18362 (10.0.18362.959)
OS uptime: 10 days 19:20 hours

CPU:total 4 (initial active 4) (2 cores per cpu, 2 threads per core) family 6 model 142 stepping 11, cmov, cx8, fxsr, mmx, sse, sse2, sse3, ssse3, sse4.1, sse4.2, popcnt, avx, avx2, aes, clmul, erms, 3dnowpref, lzcnt, ht, tsc, tscinvbit, bmi1, bmi2, adx, fma

Memory: 4k page, system-wide physical 8053M (457M free)
TotalPageFile size 22530M (AvailPageFile size 6M)
current process WorkingSet (physical memory assigned to process): 568M, peak: 568M
current process commit charge ("private bytes"): 613M, peak: 615M

vm_info: Java HotSpot(TM) 64-Bit Server VM (14.0.2+12-46) for windows-amd64 JRE (14.0.2+12-46), built on Jul  9 2020 00:35:52 by "mach5one" with MS VC++ 15.9 (VS2017)

END.
