#
# There is insufficient memory for the Java Runtime Environment to continue.
# Native memory allocation (malloc) failed to allocate 2097152 bytes for AllocateHeap
# Possible reasons:
#   The system is out of physical RAM or swap space
#   The process is running with CompressedOops enabled, and the Java Heap may be blocking the growth of the native heap
# Possible solutions:
#   Reduce memory load on the system
#   Increase physical memory or swap space
#   Check if swap backing store is full
#   Decrease Java heap size (-Xmx/-Xms)
#   Decrease number of Java threads
#   Decrease Java thread stack sizes (-Xss)
#   Set larger code cache with -XX:ReservedCodeCacheSize=
#   JVM is running with Unscaled Compressed Oops mode in which the Java heap is
#     placed in the first 4GB address space. The Java Heap base address is the
#     maximum limit for the native heap growth. Please use -XX:HeapBaseMinAddress
#     to set the Java Heap base and to place the Java Heap above 4GB virtual address.
# This output file may be truncated or incomplete.
#
#  Out of Memory Error (./open/src/hotspot/share/memory/allocation.cpp:44), pid=33568, tid=30700
#
# JRE version: Java(TM) SE Runtime Environment (14.0.2+12) (build 14.0.2+12-46)
# Java VM: Java HotSpot(TM) 64-Bit Server VM (14.0.2+12-46, mixed mode, sharing, tiered, compressed oops, g1 gc, windows-amd64)
# No core dump will be written. Minidumps are not enabled by default on client versions of Windows
#

---------------  S U M M A R Y ------------

Command Line: -Dfile.encoding=UTF8 -ea -Xmx1024m 

Host: Intel(R) Core(TM) i3-8145U CPU @ 2.10GHz, 4 cores, 7G,  Windows 10 , 64 bit Build 18362 (10.0.18362.959)
Time: Mon Sep  7 16:45:34 2020 ¢¥eCN©öI¡¾©ö C¡ÍA¨ª¨öA elapsed time: 26 seconds (0d 0h 0m 26s)

---------------  T H R E A D  ---------------

Current thread (0x0000028564aa6000):  VMThread "VM Thread" [stack: 0x00000099e4ec0000,0x00000099e50b0000] [id=30700]

Stack: [0x00000099e4ec0000,0x00000099e50b0000]
[error occurred during error reporting (printing stack bounds), id 0xc0000005, EXCEPTION_ACCESS_VIOLATION (0xc0000005) at pc=0x00000285703410ad]

Native frames: (J=compiled Java code, j=interpreted, Vv=VM code, C=native code)
V  [jvm.dll+0x5f8a9a]
V  [jvm.dll+0x74247a]
V  [jvm.dll+0x743c2f]
V  [jvm.dll+0x7441d5]
V  [jvm.dll+0x74418b]
V  [jvm.dll+0x5f7f6f]
V  [jvm.dll+0x5f8738]
C  [ntdll.dll+0xa11cf]
C  [ntdll.dll+0x6a209]
C  [ntdll.dll+0x9fe3e]
C  0x00000285703410ad

VM_Operation (0x00000099e29e99d0): G1CollectFull, mode: safepoint, requested by thread 0x0000028566d61800


---------------  P R O C E S S  ---------------

Threads class SMR info:
_java_thread_list=0x0000028508e9e6c0, length=13, elements={
0x0000028566d61800, 0x0000028566fca000, 0x0000028566fcb000, 0x0000028566fd8000,
0x0000028566fda800, 0x0000028566fdb800, 0x0000028566fdc000, 0x0000028566fec800,
0x0000028566ffd800, 0x0000028567130000, 0x0000028567127800, 0x00000285671fd800,
0x00000285671ba800
}

Java Threads: ( => current thread )
  0x0000028566d61800 JavaThread "main" [_thread_blocked, id=4160, stack(0x00000099e2800000,0x00000099e29f0000)]
  0x0000028566fca000 JavaThread "Reference Handler" daemon [_thread_blocked, id=21976, stack(0x00000099e50b0000,0x00000099e52a0000)]
  0x0000028566fcb000 JavaThread "Finalizer" daemon [_thread_blocked, id=26956, stack(0x00000099e52a0000,0x00000099e5490000)]
  0x0000028566fd8000 JavaThread "Signal Dispatcher" daemon [_thread_blocked, id=124, stack(0x00000099e5490000,0x00000099e5680000)]
  0x0000028566fda800 JavaThread "Attach Listener" daemon [_thread_blocked, id=24012, stack(0x00000099e5680000,0x00000099e5870000)]
  0x0000028566fdb800 JavaThread "Service Thread" daemon [_thread_blocked, id=20792, stack(0x00000099e5870000,0x00000099e5a60000)]
  0x0000028566fdc000 JavaThread "C2 CompilerThread0" daemon [_thread_blocked, id=13708, stack(0x00000099e5a60000,0x00000099e5c50000)]
  0x0000028566fec800 JavaThread "C1 CompilerThread0" daemon [_thread_blocked, id=9888, stack(0x00000099e5c50000,0x00000099e5e40000)]
  0x0000028566ffd800 JavaThread "Sweeper thread" daemon [_thread_blocked, id=15236, stack(0x00000099e5e40000,0x00000099e6030000)]
  0x0000028567130000 JavaThread "Notification Thread" daemon [_thread_blocked, id=29292, stack(0x00000099e6030000,0x00000099e6220000)]
  0x0000028567127800 JavaThread "Common-Cleaner" daemon [_thread_blocked, id=35804, stack(0x00000099e6410000,0x00000099e6600000)]
  0x00000285671fd800 JavaThread "Python Reference Queue" daemon [_thread_blocked, id=8536, stack(0x00000099e67f0000,0x00000099e69e0000)]
  0x00000285671ba800 JavaThread "C2 CompilerThread1" daemon [_thread_blocked, id=19004, stack(0x00000099e6600000,0x00000099e67f0000)]

Other Threads:
=>0x0000028564aa6000 VMThread "VM Thread" [stack: 0x00000099e4ec0000,0x00000099e50b0000] [id=30700]
  0x0000028567126000 WatcherThread [stack: 0x00000099e6220000,0x00000099e6410000] [id=12144]
  0x0000028564aab000 GCTaskThread "GC Thread#0" [stack: 0x00000099e4510000,0x00000099e4700000] [id=29832]
  0x0000028564aaa000 GCTaskThread "GC Thread#1" [stack: 0x00000099e69e0000,0x00000099e6bd0000] [id=32868]
  0x0000028564aa6800 GCTaskThread "GC Thread#2" [stack: 0x00000099e6bd0000,0x00000099e6dc0000] [id=21628]
  0x000002856704a000 GCTaskThread "GC Thread#3" [stack: 0x00000099e71a0000,0x00000099e7390000] [id=16072]
  0x0000028566d8b000 ConcurrentGCThread "G1 Main Marker" [stack: 0x00000099e4700000,0x00000099e48f0000] [id=25788]
  0x0000028564aab800 ConcurrentGCThread "G1 Conc#0" [stack: 0x00000099e48f0000,0x00000099e4ae0000] [id=30024]
  0x0000028565f3b800 ConcurrentGCThread "G1 Refine#0" [stack: 0x00000099e4ae0000,0x00000099e4cd0000] [id=20772]
  0x0000028567063800 ConcurrentGCThread "G1 Refine#1" [stack: 0x00000099e6dc0000,0x00000099e6fb0000] [id=21320]
  0x000002856706a800 ConcurrentGCThread "G1 Refine#2" [stack: 0x00000099e6fb0000,0x00000099e71a0000] [id=29728]
  0x0000028566deb000 ConcurrentGCThread "G1 Young RemSet Sampling" [stack: 0x00000099e4cd0000,0x00000099e4ec0000] [id=28928]

Threads with active compile tasks:
C2 CompilerThread0    26825 3325       4       scala.collection.SeqLike::sorted (129 bytes)
C2 CompilerThread1    26825 3216       4       org.openkoreantext.processor.tokenizer.KoreanTokenizer$::$anonfun$findTopCandidates$8 (350 bytes)

VM state:at safepoint (normal execution)

VM Mutex/Monitor currently owned by a thread:  ([mutex/lock_event])
[0x0000028566d5ef20] Threads_lock - owner thread: 0x0000028564aa6000
[0x0000028566d5d4b0] Heap_lock - owner thread: 0x0000028566d61800

Heap address: 0x00000000c0000000, size: 1024 MB, Compressed Oops mode: 32-bit
Narrow klass base: 0x0000000800000000, Narrow klass shift: 3
Compressed class space size: 1073741824 Address: 0x0000000800b30000

Heap:
 garbage-first heap   total 283648K, used 134754K [0x00000000c0000000, 0x0000000100000000)
  region size 1024K, 51 young (52224K), 0 survivors (0K)
 Metaspace       used 10909K, capacity 12535K, committed 12800K, reserved 1060864K
  class space    used 1679K, capacity 2000K, committed 2048K, reserved 1048576K
Heap Regions: E=young(eden), S=young(survivor), O=old, HS=humongous(starts), HC=humongous(continues), CS=collection set, F=free, OA=open archive, CA=closed archive, TAMS=top-at-mark-start (previous, next)
|   0|0x00000000c0000000, 0x00000000c00ffff0, 0x00000000c0100000| 99%| O|  |TAMS 0x00000000c0000000, 0x00000000c0000000| Untracked 
|   1|0x00000000c0100000, 0x00000000c01ffff0, 0x00000000c0200000| 99%| O|  |TAMS 0x00000000c0100000, 0x00000000c0100000| Untracked 
|   2|0x00000000c0200000, 0x00000000c0300000, 0x00000000c0300000|100%| O|  |TAMS 0x00000000c0200000, 0x00000000c0200000| Untracked 
|   3|0x00000000c0300000, 0x00000000c0400000, 0x00000000c0400000|100%| O|  |TAMS 0x00000000c0300000, 0x00000000c0300000| Untracked 
|   4|0x00000000c0400000, 0x00000000c04fffe8, 0x00000000c0500000| 99%| O|  |TAMS 0x00000000c0400000, 0x00000000c0400000| Untracked 
|   5|0x00000000c0500000, 0x00000000c05ffff8, 0x00000000c0600000| 99%| O|  |TAMS 0x00000000c0500000, 0x00000000c0500000| Untracked 
|   6|0x00000000c0600000, 0x00000000c06ffff0, 0x00000000c0700000| 99%| O|  |TAMS 0x00000000c0600000, 0x00000000c0600000| Untracked 
|   7|0x00000000c0700000, 0x00000000c0800000, 0x00000000c0800000|100%| O|  |TAMS 0x00000000c0700000, 0x00000000c0700000| Untracked 
|   8|0x00000000c0800000, 0x00000000c0900000, 0x00000000c0900000|100%| O|  |TAMS 0x00000000c0800000, 0x00000000c0800000| Untracked 
|   9|0x00000000c0900000, 0x00000000c09ffff0, 0x00000000c0a00000| 99%| O|  |TAMS 0x00000000c0900000, 0x00000000c0900000| Untracked 
|  10|0x00000000c0a00000, 0x00000000c0affff8, 0x00000000c0b00000| 99%| O|  |TAMS 0x00000000c0a00000, 0x00000000c0a00000| Untracked 
|  11|0x00000000c0b00000, 0x00000000c0bffff8, 0x00000000c0c00000| 99%| O|  |TAMS 0x00000000c0b00000, 0x00000000c0b00000| Untracked 
|  12|0x00000000c0c00000, 0x00000000c0d00000, 0x00000000c0d00000|100%| O|  |TAMS 0x00000000c0c00000, 0x00000000c0c00000| Untracked 
|  13|0x00000000c0d00000, 0x00000000c0e00000, 0x00000000c0e00000|100%|HS|  |TAMS 0x00000000c0d00000, 0x00000000c0d00000| Untracked 
|  14|0x00000000c0e00000, 0x00000000c0f00000, 0x00000000c0f00000|100%|HC|  |TAMS 0x00000000c0e00000, 0x00000000c0e00000| Untracked 
|  15|0x00000000c0f00000, 0x00000000c1000000, 0x00000000c1000000|100%|HS|  |TAMS 0x00000000c0f00000, 0x00000000c0f00000| Untracked 
|  16|0x00000000c1000000, 0x00000000c1100000, 0x00000000c1100000|100%|HC|  |TAMS 0x00000000c1000000, 0x00000000c1000000| Untracked 
|  17|0x00000000c1100000, 0x00000000c11ffff0, 0x00000000c1200000| 99%| O|  |TAMS 0x00000000c1100000, 0x00000000c1100000| Untracked 
|  18|0x00000000c1200000, 0x00000000c12f0640, 0x00000000c1300000| 93%| O|  |TAMS 0x00000000c1200000, 0x00000000c1200000| Untracked 
|  19|0x00000000c1300000, 0x00000000c1400000, 0x00000000c1400000|100%| O|  |TAMS 0x00000000c1300000, 0x00000000c1300000| Untracked 
|  20|0x00000000c1400000, 0x00000000c14ffff8, 0x00000000c1500000| 99%| O|  |TAMS 0x00000000c1400000, 0x00000000c1400000| Untracked 
|  21|0x00000000c1500000, 0x00000000c15fffe8, 0x00000000c1600000| 99%| O|  |TAMS 0x00000000c1500000, 0x00000000c1500000| Untracked 
|  22|0x00000000c1600000, 0x00000000c16fffe8, 0x00000000c1700000| 99%| O|  |TAMS 0x00000000c1600000, 0x00000000c1600000| Untracked 
|  23|0x00000000c1700000, 0x00000000c17ffff0, 0x00000000c1800000| 99%| O|  |TAMS 0x00000000c1700000, 0x00000000c1700000| Untracked 
|  24|0x00000000c1800000, 0x00000000c1900000, 0x00000000c1900000|100%|HS|  |TAMS 0x00000000c1800000, 0x00000000c1800000| Untracked 
|  25|0x00000000c1900000, 0x00000000c1a00000, 0x00000000c1a00000|100%|HS|  |TAMS 0x00000000c1900000, 0x00000000c1900000| Untracked 
|  26|0x00000000c1a00000, 0x00000000c1b00000, 0x00000000c1b00000|100%|HS|  |TAMS 0x00000000c1a00000, 0x00000000c1a00000| Untracked 
|  27|0x00000000c1b00000, 0x00000000c1c00000, 0x00000000c1c00000|100%|HC|  |TAMS 0x00000000c1b00000, 0x00000000c1b00000| Untracked 
|  28|0x00000000c1c00000, 0x00000000c1d00000, 0x00000000c1d00000|100%| O|  |TAMS 0x00000000c1c00000, 0x00000000c1c00000| Untracked 
|  29|0x00000000c1d00000, 0x00000000c1dffff8, 0x00000000c1e00000| 99%| O|  |TAMS 0x00000000c1d00000, 0x00000000c1d00000| Untracked 
|  30|0x00000000c1e00000, 0x00000000c1f00000, 0x00000000c1f00000|100%|HS|  |TAMS 0x00000000c1e00000, 0x00000000c1e00000| Untracked 
|  31|0x00000000c1f00000, 0x00000000c2000000, 0x00000000c2000000|100%|HC|  |TAMS 0x00000000c1f00000, 0x00000000c1f00000| Untracked 
|  32|0x00000000c2000000, 0x00000000c20ffff8, 0x00000000c2100000| 99%| O|  |TAMS 0x00000000c2000000, 0x00000000c2000000| Untracked 
|  33|0x00000000c2100000, 0x00000000c21ffff0, 0x00000000c2200000| 99%| O|  |TAMS 0x00000000c2100000, 0x00000000c2100000| Untracked 
|  34|0x00000000c2200000, 0x00000000c2300000, 0x00000000c2300000|100%|HS|  |TAMS 0x00000000c2200000, 0x00000000c2200000| Untracked 
|  35|0x00000000c2300000, 0x00000000c2400000, 0x00000000c2400000|100%|HC|  |TAMS 0x00000000c2300000, 0x00000000c2300000| Untracked 
|  36|0x00000000c2400000, 0x00000000c2500000, 0x00000000c2500000|100%|HS|  |TAMS 0x00000000c2400000, 0x00000000c2400000| Untracked 
|  37|0x00000000c2500000, 0x00000000c2600000, 0x00000000c2600000|100%|HC|  |TAMS 0x00000000c2500000, 0x00000000c2500000| Untracked 
|  38|0x00000000c2600000, 0x00000000c2700000, 0x00000000c2700000|100%|HS|  |TAMS 0x00000000c2600000, 0x00000000c2600000| Untracked 
|  39|0x00000000c2700000, 0x00000000c2800000, 0x00000000c2800000|100%| O|  |TAMS 0x00000000c2700000, 0x00000000c2700000| Untracked 
|  40|0x00000000c2800000, 0x00000000c28fffd8, 0x00000000c2900000| 99%| O|  |TAMS 0x00000000c2800000, 0x00000000c2800000| Untracked 
|  41|0x00000000c2900000, 0x00000000c29ffff8, 0x00000000c2a00000| 99%| O|  |TAMS 0x00000000c2900000, 0x00000000c2900000| Untracked 
|  42|0x00000000c2a00000, 0x00000000c2affff8, 0x00000000c2b00000| 99%| O|  |TAMS 0x00000000c2a00000, 0x00000000c2a00000| Untracked 
|  43|0x00000000c2b00000, 0x00000000c2bffff8, 0x00000000c2c00000| 99%| O|  |TAMS 0x00000000c2b00000, 0x00000000c2b00000| Untracked 
|  44|0x00000000c2c00000, 0x00000000c2cfffe8, 0x00000000c2d00000| 99%| O|  |TAMS 0x00000000c2c00000, 0x00000000c2c00000| Untracked 
|  45|0x00000000c2d00000, 0x00000000c2dffff8, 0x00000000c2e00000| 99%| O|  |TAMS 0x00000000c2d00000, 0x00000000c2d00000| Untracked 
|  46|0x00000000c2e00000, 0x00000000c2effff8, 0x00000000c2f00000| 99%| O|  |TAMS 0x00000000c2e00000, 0x00000000c2e00000| Untracked 
|  47|0x00000000c2f00000, 0x00000000c2fffff8, 0x00000000c3000000| 99%| O|  |TAMS 0x00000000c2f00000, 0x00000000c2f00000| Untracked 
|  48|0x00000000c3000000, 0x00000000c30ffff0, 0x00000000c3100000| 99%| O|  |TAMS 0x00000000c3000000, 0x00000000c3000000| Untracked 
|  49|0x00000000c3100000, 0x00000000c31ffff0, 0x00000000c3200000| 99%| O|  |TAMS 0x00000000c3100000, 0x00000000c3100000| Untracked 
|  50|0x00000000c3200000, 0x00000000c3300000, 0x00000000c3300000|100%| O|  |TAMS 0x00000000c3200000, 0x00000000c3200000| Untracked 
|  51|0x00000000c3300000, 0x00000000c33ffff8, 0x00000000c3400000| 99%| O|  |TAMS 0x00000000c3300000, 0x00000000c3300000| Untracked 
|  52|0x00000000c3400000, 0x00000000c34ffff8, 0x00000000c3500000| 99%| O|  |TAMS 0x00000000c3400000, 0x00000000c3400000| Untracked 
|  53|0x00000000c3500000, 0x00000000c35ffff0, 0x00000000c3600000| 99%| O|  |TAMS 0x00000000c3500000, 0x00000000c3500000| Untracked 
|  54|0x00000000c3600000, 0x00000000c36ffff8, 0x00000000c3700000| 99%| O|  |TAMS 0x00000000c3600000, 0x00000000c3600000| Untracked 
|  55|0x00000000c3700000, 0x00000000c37ffff8, 0x00000000c3800000| 99%| O|  |TAMS 0x00000000c3700000, 0x00000000c3700000| Untracked 
|  56|0x00000000c3800000, 0x00000000c38ffff0, 0x00000000c3900000| 99%| O|  |TAMS 0x00000000c3800000, 0x00000000c3800000| Untracked 
|  57|0x00000000c3900000, 0x00000000c39ffff0, 0x00000000c3a00000| 99%| O|  |TAMS 0x00000000c3900000, 0x00000000c3900000| Untracked 
|  58|0x00000000c3a00000, 0x00000000c3affff8, 0x00000000c3b00000| 99%| O|  |TAMS 0x00000000c3a00000, 0x00000000c3a00000| Untracked 
|  59|0x00000000c3b00000, 0x00000000c3bffff0, 0x00000000c3c00000| 99%| O|  |TAMS 0x00000000c3b00000, 0x00000000c3b00000| Untracked 
|  60|0x00000000c3c00000, 0x00000000c3d00000, 0x00000000c3d00000|100%| O|  |TAMS 0x00000000c3c00000, 0x00000000c3c00000| Untracked 
|  61|0x00000000c3d00000, 0x00000000c3e00000, 0x00000000c3e00000|100%| O|  |TAMS 0x00000000c3d00000, 0x00000000c3d00000| Untracked 
|  62|0x00000000c3e00000, 0x00000000c3f00000, 0x00000000c3f00000|100%| O|  |TAMS 0x00000000c3e00000, 0x00000000c3e00000| Untracked 
|  63|0x00000000c3f00000, 0x00000000c3fffff8, 0x00000000c4000000| 99%| O|  |TAMS 0x00000000c3f00000, 0x00000000c3f00000| Untracked 
|  64|0x00000000c4000000, 0x00000000c4100000, 0x00000000c4100000|100%| O|  |TAMS 0x00000000c4000000, 0x00000000c4000000| Untracked 
|  65|0x00000000c4100000, 0x00000000c41fffe8, 0x00000000c4200000| 99%| O|  |TAMS 0x00000000c4100000, 0x00000000c4100000| Untracked 
|  66|0x00000000c4200000, 0x00000000c4300000, 0x00000000c4300000|100%| O|  |TAMS 0x00000000c4200000, 0x00000000c4200000| Untracked 
|  67|0x00000000c4300000, 0x00000000c4400000, 0x00000000c4400000|100%| O|  |TAMS 0x00000000c4300000, 0x00000000c4300000| Untracked 
|  68|0x00000000c4400000, 0x00000000c4500000, 0x00000000c4500000|100%| O|  |TAMS 0x00000000c4400000, 0x00000000c4400000| Untracked 
|  69|0x00000000c4500000, 0x00000000c45ffff8, 0x00000000c4600000| 99%| O|  |TAMS 0x00000000c4500000, 0x00000000c4500000| Untracked 
|  70|0x00000000c4600000, 0x00000000c46ffff8, 0x00000000c4700000| 99%| O|  |TAMS 0x00000000c4600000, 0x00000000c4600000| Untracked 
|  71|0x00000000c4700000, 0x00000000c47fffe8, 0x00000000c4800000| 99%| O|  |TAMS 0x00000000c4700000, 0x00000000c4700000| Untracked 
|  72|0x00000000c4800000, 0x00000000c4885700, 0x00000000c4900000| 52%| O|  |TAMS 0x00000000c4800000, 0x00000000c4800000| Untracked 
|  73|0x00000000c4900000, 0x00000000c4900000, 0x00000000c4a00000|  0%| F|  |TAMS 0x00000000c4900000, 0x00000000c4900000| Untracked 
|  74|0x00000000c4a00000, 0x00000000c4a00000, 0x00000000c4b00000|  0%| F|  |TAMS 0x00000000c4a00000, 0x00000000c4a00000| Untracked 
|  75|0x00000000c4b00000, 0x00000000c4b00000, 0x00000000c4c00000|  0%| F|  |TAMS 0x00000000c4b00000, 0x00000000c4b00000| Untracked 
|  76|0x00000000c4c00000, 0x00000000c4c00000, 0x00000000c4d00000|  0%| F|  |TAMS 0x00000000c4c00000, 0x00000000c4c00000| Untracked 
|  77|0x00000000c4d00000, 0x00000000c4d00000, 0x00000000c4e00000|  0%| F|  |TAMS 0x00000000c4d00000, 0x00000000c4d00000| Untracked 
|  78|0x00000000c4e00000, 0x00000000c4e00000, 0x00000000c4f00000|  0%| F|  |TAMS 0x00000000c4e00000, 0x00000000c4e00000| Untracked 
|  79|0x00000000c4f00000, 0x00000000c4f00000, 0x00000000c5000000|  0%| F|  |TAMS 0x00000000c4f00000, 0x00000000c4f00000| Untracked 
|  80|0x00000000c5000000, 0x00000000c50fffe8, 0x00000000c5100000| 99%| O|  |TAMS 0x00000000c5000000, 0x00000000c5000000| Untracked 
|  81|0x00000000c5100000, 0x00000000c51ffff8, 0x00000000c5200000| 99%| O|  |TAMS 0x00000000c5100000, 0x00000000c5100000| Untracked 
|  82|0x00000000c5200000, 0x00000000c5300000, 0x00000000c5300000|100%| O|  |TAMS 0x00000000c5200000, 0x00000000c5200000| Untracked 
|  83|0x00000000c5300000, 0x00000000c5400000, 0x00000000c5400000|100%| O|  |TAMS 0x00000000c5300000, 0x00000000c5300000| Untracked 
|  84|0x00000000c5400000, 0x00000000c54ffff8, 0x00000000c5500000| 99%| O|  |TAMS 0x00000000c5400000, 0x00000000c5400000| Untracked 
|  85|0x00000000c5500000, 0x00000000c55b5df0, 0x00000000c5600000| 71%| O|  |TAMS 0x00000000c5500000, 0x00000000c5500000| Untracked 
|  86|0x00000000c5600000, 0x00000000c5600000, 0x00000000c5700000|  0%| F|  |TAMS 0x00000000c5600000, 0x00000000c5600000| Untracked 
|  87|0x00000000c5700000, 0x00000000c5700000, 0x00000000c5800000|  0%| F|  |TAMS 0x00000000c5700000, 0x00000000c5700000| Untracked 
|  88|0x00000000c5800000, 0x00000000c5800000, 0x00000000c5900000|  0%| F|  |TAMS 0x00000000c5800000, 0x00000000c5800000| Untracked 
|  89|0x00000000c5900000, 0x00000000c5900000, 0x00000000c5a00000|  0%| F|  |TAMS 0x00000000c5900000, 0x00000000c5900000| Untracked 
|  90|0x00000000c5a00000, 0x00000000c5a00000, 0x00000000c5b00000|  0%| F|  |TAMS 0x00000000c5a00000, 0x00000000c5a00000| Untracked 
|  91|0x00000000c5b00000, 0x00000000c5b00000, 0x00000000c5c00000|  0%| F|  |TAMS 0x00000000c5b00000, 0x00000000c5b00000| Untracked 
|  92|0x00000000c5c00000, 0x00000000c5c00000, 0x00000000c5d00000|  0%| F|  |TAMS 0x00000000c5c00000, 0x00000000c5c00000| Untracked 
|  93|0x00000000c5d00000, 0x00000000c5dfffe0, 0x00000000c5e00000| 99%| O|  |TAMS 0x00000000c5d00000, 0x00000000c5d00000| Untracked 
|  94|0x00000000c5e00000, 0x00000000c5effff0, 0x00000000c5f00000| 99%| O|  |TAMS 0x00000000c5e00000, 0x00000000c5e00000| Untracked 
|  95|0x00000000c5f00000, 0x00000000c5f00000, 0x00000000c6000000|  0%| F|  |TAMS 0x00000000c5f00000, 0x00000000c5f00000| Untracked 
|  96|0x00000000c6000000, 0x00000000c6000000, 0x00000000c6100000|  0%| F|  |TAMS 0x00000000c6000000, 0x00000000c6000000| Untracked 
|  97|0x00000000c6100000, 0x00000000c6100000, 0x00000000c6200000|  0%| F|  |TAMS 0x00000000c6100000, 0x00000000c6100000| Untracked 
|  98|0x00000000c6200000, 0x00000000c6300000, 0x00000000c6300000|100%| O|  |TAMS 0x00000000c6200000, 0x00000000c6200000| Untracked 
|  99|0x00000000c6300000, 0x00000000c636d250, 0x00000000c6400000| 42%| O|  |TAMS 0x00000000c6300000, 0x00000000c6300000| Untracked 
| 100|0x00000000c6400000, 0x00000000c6400000, 0x00000000c6500000|  0%| F|  |TAMS 0x00000000c6400000, 0x00000000c6400000| Untracked 
| 101|0x00000000c6500000, 0x00000000c6500000, 0x00000000c6600000|  0%| F|  |TAMS 0x00000000c6500000, 0x00000000c6500000| Untracked 
| 102|0x00000000c6600000, 0x00000000c6600000, 0x00000000c6700000|  0%| F|  |TAMS 0x00000000c6600000, 0x00000000c6600000| Untracked 
| 103|0x00000000c6700000, 0x00000000c6700000, 0x00000000c6800000|  0%| F|  |TAMS 0x00000000c6700000, 0x00000000c6700000| Untracked 
| 104|0x00000000c6800000, 0x00000000c6800000, 0x00000000c6900000|  0%| F|  |TAMS 0x00000000c6800000, 0x00000000c6800000| Untracked 
| 105|0x00000000c6900000, 0x00000000c6900000, 0x00000000c6a00000|  0%| F|  |TAMS 0x00000000c6900000, 0x00000000c6900000| Untracked 
| 106|0x00000000c6a00000, 0x00000000c6a00000, 0x00000000c6b00000|  0%| F|  |TAMS 0x00000000c6a00000, 0x00000000c6a00000| Untracked 
| 107|0x00000000c6b00000, 0x00000000c6b00000, 0x00000000c6c00000|  0%| F|  |TAMS 0x00000000c6b00000, 0x00000000c6b00000| Untracked 
| 108|0x00000000c6c00000, 0x00000000c6c00000, 0x00000000c6d00000|  0%| F|  |TAMS 0x00000000c6c00000, 0x00000000c6c00000| Untracked 
| 109|0x00000000c6d00000, 0x00000000c6d00000, 0x00000000c6e00000|  0%| F|  |TAMS 0x00000000c6d00000, 0x00000000c6d00000| Untracked 
| 110|0x00000000c6e00000, 0x00000000c6e00000, 0x00000000c6f00000|  0%| F|  |TAMS 0x00000000c6e00000, 0x00000000c6e00000| Untracked 
| 111|0x00000000c6f00000, 0x00000000c6f00000, 0x00000000c7000000|  0%| F|  |TAMS 0x00000000c6f00000, 0x00000000c6f00000| Untracked 
| 112|0x00000000c7000000, 0x00000000c7000000, 0x00000000c7100000|  0%| F|  |TAMS 0x00000000c7000000, 0x00000000c7000000| Untracked 
| 113|0x00000000c7100000, 0x00000000c7100000, 0x00000000c7200000|  0%| F|  |TAMS 0x00000000c7100000, 0x00000000c7100000| Untracked 
| 114|0x00000000c7200000, 0x00000000c7200000, 0x00000000c7300000|  0%| F|  |TAMS 0x00000000c7200000, 0x00000000c7200000| Untracked 
| 115|0x00000000c7300000, 0x00000000c7300000, 0x00000000c7400000|  0%| F|  |TAMS 0x00000000c7300000, 0x00000000c7300000| Untracked 
| 116|0x00000000c7400000, 0x00000000c7400000, 0x00000000c7500000|  0%| F|  |TAMS 0x00000000c7400000, 0x00000000c7400000| Untracked 
| 117|0x00000000c7500000, 0x00000000c7500000, 0x00000000c7600000|  0%| F|  |TAMS 0x00000000c7500000, 0x00000000c7500000| Untracked 
| 118|0x00000000c7600000, 0x00000000c7600000, 0x00000000c7700000|  0%| F|  |TAMS 0x00000000c7600000, 0x00000000c7600000| Untracked 
| 119|0x00000000c7700000, 0x00000000c7700000, 0x00000000c7800000|  0%| F|  |TAMS 0x00000000c7700000, 0x00000000c7700000| Untracked 
| 120|0x00000000c7800000, 0x00000000c7800000, 0x00000000c7900000|  0%| F|  |TAMS 0x00000000c7800000, 0x00000000c7800000| Untracked 
| 121|0x00000000c7900000, 0x00000000c7900000, 0x00000000c7a00000|  0%| F|  |TAMS 0x00000000c7900000, 0x00000000c7900000| Untracked 
| 122|0x00000000c7a00000, 0x00000000c7a00000, 0x00000000c7b00000|  0%| F|  |TAMS 0x00000000c7a00000, 0x00000000c7a00000| Untracked 
| 123|0x00000000c7b00000, 0x00000000c7b00000, 0x00000000c7c00000|  0%| F|  |TAMS 0x00000000c7b00000, 0x00000000c7b00000| Untracked 
| 124|0x00000000c7c00000, 0x00000000c7c00000, 0x00000000c7d00000|  0%| F|  |TAMS 0x00000000c7c00000, 0x00000000c7c00000| Untracked 
| 125|0x00000000c7d00000, 0x00000000c7d00000, 0x00000000c7e00000|  0%| F|  |TAMS 0x00000000c7d00000, 0x00000000c7d00000| Untracked 
| 126|0x00000000c7e00000, 0x00000000c7e00000, 0x00000000c7f00000|  0%| F|  |TAMS 0x00000000c7e00000, 0x00000000c7e00000| Untracked 
| 127|0x00000000c7f00000, 0x00000000c7f00000, 0x00000000c8000000|  0%| F|  |TAMS 0x00000000c7f00000, 0x00000000c7f00000| Untracked 
| 128|0x00000000c8000000, 0x00000000c8000000, 0x00000000c8100000|  0%| F|  |TAMS 0x00000000c8000000, 0x00000000c8000000| Untracked 
| 129|0x00000000c8100000, 0x00000000c8100000, 0x00000000c8200000|  0%| F|  |TAMS 0x00000000c8100000, 0x00000000c8100000| Untracked 
| 130|0x00000000c8200000, 0x00000000c8200000, 0x00000000c8300000|  0%| F|  |TAMS 0x00000000c8200000, 0x00000000c8200000| Untracked 
| 131|0x00000000c8300000, 0x00000000c8300000, 0x00000000c8400000|  0%| F|  |TAMS 0x00000000c8300000, 0x00000000c8300000| Untracked 
| 132|0x00000000c8400000, 0x00000000c8400000, 0x00000000c8500000|  0%| F|  |TAMS 0x00000000c8400000, 0x00000000c8400000| Untracked 
| 133|0x00000000c8500000, 0x00000000c8500000, 0x00000000c8600000|  0%| F|  |TAMS 0x00000000c8500000, 0x00000000c8500000| Untracked 
| 134|0x00000000c8600000, 0x00000000c8600000, 0x00000000c8700000|  0%| F|  |TAMS 0x00000000c8600000, 0x00000000c8600000| Untracked 
| 135|0x00000000c8700000, 0x00000000c8700000, 0x00000000c8800000|  0%| F|  |TAMS 0x00000000c8700000, 0x00000000c8700000| Untracked 
| 136|0x00000000c8800000, 0x00000000c8800000, 0x00000000c8900000|  0%| F|  |TAMS 0x00000000c8800000, 0x00000000c8800000| Untracked 
| 137|0x00000000c8900000, 0x00000000c8900000, 0x00000000c8a00000|  0%| F|  |TAMS 0x00000000c8900000, 0x00000000c8900000| Untracked 
| 138|0x00000000c8a00000, 0x00000000c8a00000, 0x00000000c8b00000|  0%| F|  |TAMS 0x00000000c8a00000, 0x00000000c8a00000| Untracked 
| 139|0x00000000c8b00000, 0x00000000c8b00000, 0x00000000c8c00000|  0%| F|  |TAMS 0x00000000c8b00000, 0x00000000c8b00000| Untracked 
| 140|0x00000000c8c00000, 0x00000000c8c00000, 0x00000000c8d00000|  0%| F|  |TAMS 0x00000000c8c00000, 0x00000000c8c00000| Untracked 
| 141|0x00000000c8d00000, 0x00000000c8d00000, 0x00000000c8e00000|  0%| F|  |TAMS 0x00000000c8d00000, 0x00000000c8d00000| Untracked 
| 142|0x00000000c8e00000, 0x00000000c8e00000, 0x00000000c8f00000|  0%| F|  |TAMS 0x00000000c8e00000, 0x00000000c8e00000| Untracked 
| 143|0x00000000c8f00000, 0x00000000c8f00000, 0x00000000c9000000|  0%| F|  |TAMS 0x00000000c8f00000, 0x00000000c8f00000| Untracked 
| 144|0x00000000c9000000, 0x00000000c9000000, 0x00000000c9100000|  0%| F|  |TAMS 0x00000000c9000000, 0x00000000c9000000| Untracked 
| 145|0x00000000c9100000, 0x00000000c9100000, 0x00000000c9200000|  0%| F|  |TAMS 0x00000000c9100000, 0x00000000c9100000| Untracked 
| 146|0x00000000c9200000, 0x00000000c9200000, 0x00000000c9300000|  0%| F|  |TAMS 0x00000000c9200000, 0x00000000c9200000| Untracked 
| 147|0x00000000c9300000, 0x00000000c9300000, 0x00000000c9400000|  0%| F|  |TAMS 0x00000000c9300000, 0x00000000c9300000| Untracked 
| 148|0x00000000c9400000, 0x00000000c9400000, 0x00000000c9500000|  0%| F|  |TAMS 0x00000000c9400000, 0x00000000c9400000| Untracked 
| 149|0x00000000c9500000, 0x00000000c9500000, 0x00000000c9600000|  0%| F|  |TAMS 0x00000000c9500000, 0x00000000c9500000| Untracked 
| 150|0x00000000c9600000, 0x00000000c9600000, 0x00000000c9700000|  0%| F|  |TAMS 0x00000000c9600000, 0x00000000c9600000| Untracked 
| 151|0x00000000c9700000, 0x00000000c9700000, 0x00000000c9800000|  0%| F|  |TAMS 0x00000000c9700000, 0x00000000c9700000| Untracked 
| 152|0x00000000c9800000, 0x00000000c9800000, 0x00000000c9900000|  0%| F|  |TAMS 0x00000000c9800000, 0x00000000c9800000| Untracked 
| 153|0x00000000c9900000, 0x00000000c9900000, 0x00000000c9a00000|  0%| F|  |TAMS 0x00000000c9900000, 0x00000000c9900000| Untracked 
| 154|0x00000000c9a00000, 0x00000000c9a00000, 0x00000000c9b00000|  0%| F|  |TAMS 0x00000000c9a00000, 0x00000000c9a00000| Untracked 
| 155|0x00000000c9b00000, 0x00000000c9b00000, 0x00000000c9c00000|  0%| F|  |TAMS 0x00000000c9b00000, 0x00000000c9b00000| Untracked 
| 156|0x00000000c9c00000, 0x00000000c9c00000, 0x00000000c9d00000|  0%| F|  |TAMS 0x00000000c9c00000, 0x00000000c9c00000| Untracked 
| 157|0x00000000c9d00000, 0x00000000c9d00000, 0x00000000c9e00000|  0%| F|  |TAMS 0x00000000c9d00000, 0x00000000c9d00000| Untracked 
| 158|0x00000000c9e00000, 0x00000000c9e00000, 0x00000000c9f00000|  0%| F|  |TAMS 0x00000000c9e00000, 0x00000000c9e00000| Untracked 
| 159|0x00000000c9f00000, 0x00000000c9f00000, 0x00000000ca000000|  0%| F|  |TAMS 0x00000000c9f00000, 0x00000000c9f00000| Untracked 
| 160|0x00000000ca000000, 0x00000000ca000000, 0x00000000ca100000|  0%| F|  |TAMS 0x00000000ca000000, 0x00000000ca000000| Untracked 
| 161|0x00000000ca100000, 0x00000000ca100000, 0x00000000ca200000|  0%| F|  |TAMS 0x00000000ca100000, 0x00000000ca100000| Untracked 
| 162|0x00000000ca200000, 0x00000000ca200000, 0x00000000ca300000|  0%| F|  |TAMS 0x00000000ca200000, 0x00000000ca200000| Untracked 
| 163|0x00000000ca300000, 0x00000000ca300000, 0x00000000ca400000|  0%| F|  |TAMS 0x00000000ca300000, 0x00000000ca300000| Untracked 
| 164|0x00000000ca400000, 0x00000000ca400000, 0x00000000ca500000|  0%| F|  |TAMS 0x00000000ca400000, 0x00000000ca400000| Untracked 
| 165|0x00000000ca500000, 0x00000000ca500000, 0x00000000ca600000|  0%| F|  |TAMS 0x00000000ca500000, 0x00000000ca500000| Untracked 
| 166|0x00000000ca600000, 0x00000000ca600000, 0x00000000ca700000|  0%| F|  |TAMS 0x00000000ca600000, 0x00000000ca600000| Untracked 
| 167|0x00000000ca700000, 0x00000000ca700000, 0x00000000ca800000|  0%| F|  |TAMS 0x00000000ca700000, 0x00000000ca700000| Untracked 
| 168|0x00000000ca800000, 0x00000000ca800000, 0x00000000ca900000|  0%| F|  |TAMS 0x00000000ca800000, 0x00000000ca800000| Untracked 
| 169|0x00000000ca900000, 0x00000000ca900000, 0x00000000caa00000|  0%| F|  |TAMS 0x00000000ca900000, 0x00000000ca900000| Untracked 
| 170|0x00000000caa00000, 0x00000000caa00000, 0x00000000cab00000|  0%| F|  |TAMS 0x00000000caa00000, 0x00000000caa00000| Untracked 
| 171|0x00000000cab00000, 0x00000000cab00000, 0x00000000cac00000|  0%| F|  |TAMS 0x00000000cab00000, 0x00000000cab00000| Untracked 
| 172|0x00000000cac00000, 0x00000000cac00000, 0x00000000cad00000|  0%| F|  |TAMS 0x00000000cac00000, 0x00000000cac00000| Untracked 
| 173|0x00000000cad00000, 0x00000000cad00000, 0x00000000cae00000|  0%| F|  |TAMS 0x00000000cad00000, 0x00000000cad00000| Untracked 
| 174|0x00000000cae00000, 0x00000000cae00000, 0x00000000caf00000|  0%| F|  |TAMS 0x00000000cae00000, 0x00000000cae00000| Untracked 
| 175|0x00000000caf00000, 0x00000000caf00000, 0x00000000cb000000|  0%| F|  |TAMS 0x00000000caf00000, 0x00000000caf00000| Untracked 
| 176|0x00000000cb000000, 0x00000000cb000000, 0x00000000cb100000|  0%| F|  |TAMS 0x00000000cb000000, 0x00000000cb000000| Untracked 
| 177|0x00000000cb100000, 0x00000000cb100000, 0x00000000cb200000|  0%| F|  |TAMS 0x00000000cb100000, 0x00000000cb100000| Untracked 
| 178|0x00000000cb200000, 0x00000000cb200000, 0x00000000cb300000|  0%| F|  |TAMS 0x00000000cb200000, 0x00000000cb200000| Untracked 
| 179|0x00000000cb300000, 0x00000000cb300000, 0x00000000cb400000|  0%| F|  |TAMS 0x00000000cb300000, 0x00000000cb300000| Untracked 
| 180|0x00000000cb400000, 0x00000000cb400000, 0x00000000cb500000|  0%| F|  |TAMS 0x00000000cb400000, 0x00000000cb400000| Untracked 
| 181|0x00000000cb500000, 0x00000000cb500000, 0x00000000cb600000|  0%| F|  |TAMS 0x00000000cb500000, 0x00000000cb500000| Untracked 
| 182|0x00000000cb600000, 0x00000000cb600000, 0x00000000cb700000|  0%| F|  |TAMS 0x00000000cb600000, 0x00000000cb600000| Untracked 
| 183|0x00000000cb700000, 0x00000000cb700000, 0x00000000cb800000|  0%| F|  |TAMS 0x00000000cb700000, 0x00000000cb700000| Untracked 
| 184|0x00000000cb800000, 0x00000000cb800000, 0x00000000cb900000|  0%| F|  |TAMS 0x00000000cb800000, 0x00000000cb800000| Untracked 
| 185|0x00000000cb900000, 0x00000000cb900000, 0x00000000cba00000|  0%| F|  |TAMS 0x00000000cb900000, 0x00000000cb900000| Untracked 
| 186|0x00000000cba00000, 0x00000000cba00000, 0x00000000cbb00000|  0%| F|  |TAMS 0x00000000cba00000, 0x00000000cba00000| Untracked 
| 187|0x00000000cbb00000, 0x00000000cbb00000, 0x00000000cbc00000|  0%| F|  |TAMS 0x00000000cbb00000, 0x00000000cbb00000| Untracked 
| 188|0x00000000cbc00000, 0x00000000cbc00000, 0x00000000cbd00000|  0%| F|  |TAMS 0x00000000cbc00000, 0x00000000cbc00000| Untracked 
| 189|0x00000000cbd00000, 0x00000000cbd00000, 0x00000000cbe00000|  0%| F|  |TAMS 0x00000000cbd00000, 0x00000000cbd00000| Untracked 
| 190|0x00000000cbe00000, 0x00000000cbe00000, 0x00000000cbf00000|  0%| F|  |TAMS 0x00000000cbe00000, 0x00000000cbe00000| Untracked 
| 191|0x00000000cbf00000, 0x00000000cbf00000, 0x00000000cc000000|  0%| F|  |TAMS 0x00000000cbf00000, 0x00000000cbf00000| Untracked 
| 192|0x00000000cc000000, 0x00000000cc000000, 0x00000000cc100000|  0%| F|  |TAMS 0x00000000cc000000, 0x00000000cc000000| Untracked 
| 193|0x00000000cc100000, 0x00000000cc100000, 0x00000000cc200000|  0%| F|  |TAMS 0x00000000cc100000, 0x00000000cc100000| Untracked 
| 194|0x00000000cc200000, 0x00000000cc200000, 0x00000000cc300000|  0%| F|  |TAMS 0x00000000cc200000, 0x00000000cc200000| Untracked 
| 195|0x00000000cc300000, 0x00000000cc300000, 0x00000000cc400000|  0%| F|  |TAMS 0x00000000cc300000, 0x00000000cc300000| Untracked 
| 196|0x00000000cc400000, 0x00000000cc400000, 0x00000000cc500000|  0%| F|  |TAMS 0x00000000cc400000, 0x00000000cc400000| Untracked 
| 197|0x00000000cc500000, 0x00000000cc500000, 0x00000000cc600000|  0%| F|  |TAMS 0x00000000cc500000, 0x00000000cc500000| Untracked 
| 198|0x00000000cc600000, 0x00000000cc600000, 0x00000000cc700000|  0%| F|  |TAMS 0x00000000cc600000, 0x00000000cc600000| Untracked 
| 199|0x00000000cc700000, 0x00000000cc700000, 0x00000000cc800000|  0%| F|  |TAMS 0x00000000cc700000, 0x00000000cc700000| Untracked 
| 200|0x00000000cc800000, 0x00000000cc800000, 0x00000000cc900000|  0%| F|  |TAMS 0x00000000cc800000, 0x00000000cc800000| Untracked 
| 201|0x00000000cc900000, 0x00000000cc900000, 0x00000000cca00000|  0%| F|  |TAMS 0x00000000cc900000, 0x00000000cc900000| Untracked 
| 202|0x00000000cca00000, 0x00000000cca00000, 0x00000000ccb00000|  0%| F|  |TAMS 0x00000000cca00000, 0x00000000cca00000| Untracked 
| 203|0x00000000ccb00000, 0x00000000ccb00000, 0x00000000ccc00000|  0%| F|  |TAMS 0x00000000ccb00000, 0x00000000ccb00000| Untracked 
| 204|0x00000000ccc00000, 0x00000000ccc00000, 0x00000000ccd00000|  0%| F|  |TAMS 0x00000000ccc00000, 0x00000000ccc00000| Untracked 
| 205|0x00000000ccd00000, 0x00000000ccd00000, 0x00000000cce00000|  0%| F|  |TAMS 0x00000000ccd00000, 0x00000000ccd00000| Untracked 
| 206|0x00000000cce00000, 0x00000000cce00000, 0x00000000ccf00000|  0%| F|  |TAMS 0x00000000cce00000, 0x00000000cce00000| Untracked 
| 207|0x00000000ccf00000, 0x00000000ccf00000, 0x00000000cd000000|  0%| F|  |TAMS 0x00000000ccf00000, 0x00000000ccf00000| Untracked 
| 208|0x00000000cd000000, 0x00000000cd000000, 0x00000000cd100000|  0%| F|  |TAMS 0x00000000cd000000, 0x00000000cd000000| Untracked 
| 209|0x00000000cd100000, 0x00000000cd100000, 0x00000000cd200000|  0%| F|  |TAMS 0x00000000cd100000, 0x00000000cd100000| Untracked 
| 210|0x00000000cd200000, 0x00000000cd200000, 0x00000000cd300000|  0%| F|  |TAMS 0x00000000cd200000, 0x00000000cd200000| Untracked 
| 211|0x00000000cd300000, 0x00000000cd300000, 0x00000000cd400000|  0%| F|  |TAMS 0x00000000cd300000, 0x00000000cd300000| Untracked 
| 212|0x00000000cd400000, 0x00000000cd400000, 0x00000000cd500000|  0%| F|  |TAMS 0x00000000cd400000, 0x00000000cd400000| Untracked 
| 213|0x00000000cd500000, 0x00000000cd500000, 0x00000000cd600000|  0%| F|  |TAMS 0x00000000cd500000, 0x00000000cd500000| Untracked 
| 214|0x00000000cd600000, 0x00000000cd600000, 0x00000000cd700000|  0%| F|  |TAMS 0x00000000cd600000, 0x00000000cd600000| Untracked 
| 215|0x00000000cd700000, 0x00000000cd700000, 0x00000000cd800000|  0%| F|  |TAMS 0x00000000cd700000, 0x00000000cd700000| Untracked 
| 216|0x00000000cd800000, 0x00000000cd800000, 0x00000000cd900000|  0%| F|  |TAMS 0x00000000cd800000, 0x00000000cd800000| Untracked 
| 217|0x00000000cd900000, 0x00000000cd900000, 0x00000000cda00000|  0%| F|  |TAMS 0x00000000cd900000, 0x00000000cd900000| Untracked 
| 218|0x00000000cda00000, 0x00000000cda00000, 0x00000000cdb00000|  0%| F|  |TAMS 0x00000000cda00000, 0x00000000cda00000| Untracked 
| 219|0x00000000cdb00000, 0x00000000cdb00000, 0x00000000cdc00000|  0%| F|  |TAMS 0x00000000cdb00000, 0x00000000cdb00000| Untracked 
| 220|0x00000000cdc00000, 0x00000000cdc00000, 0x00000000cdd00000|  0%| F|  |TAMS 0x00000000cdc00000, 0x00000000cdc00000| Untracked 
| 221|0x00000000cdd00000, 0x00000000cdd00000, 0x00000000cde00000|  0%| F|  |TAMS 0x00000000cdd00000, 0x00000000cdd00000| Untracked 
| 222|0x00000000cde00000, 0x00000000cde00000, 0x00000000cdf00000|  0%| F|  |TAMS 0x00000000cde00000, 0x00000000cde00000| Untracked 
| 223|0x00000000cdf00000, 0x00000000cdf00000, 0x00000000ce000000|  0%| F|  |TAMS 0x00000000cdf00000, 0x00000000cdf00000| Untracked 
| 224|0x00000000ce000000, 0x00000000ce000000, 0x00000000ce100000|  0%| F|  |TAMS 0x00000000ce000000, 0x00000000ce000000| Untracked 
| 225|0x00000000ce100000, 0x00000000ce100000, 0x00000000ce200000|  0%| F|  |TAMS 0x00000000ce100000, 0x00000000ce100000| Untracked 
| 226|0x00000000ce200000, 0x00000000ce280800, 0x00000000ce300000| 50%| E|  |TAMS 0x00000000ce200000, 0x00000000ce200000| Complete 
| 227|0x00000000ce300000, 0x00000000ce400000, 0x00000000ce400000|100%| E|CS|TAMS 0x00000000ce300000, 0x00000000ce300000| Complete 
| 228|0x00000000ce400000, 0x00000000ce500000, 0x00000000ce500000|100%| E|CS|TAMS 0x00000000ce400000, 0x00000000ce400000| Complete 
| 229|0x00000000ce500000, 0x00000000ce600000, 0x00000000ce600000|100%| E|CS|TAMS 0x00000000ce500000, 0x00000000ce500000| Complete 
| 230|0x00000000ce600000, 0x00000000ce700000, 0x00000000ce700000|100%| E|CS|TAMS 0x00000000ce600000, 0x00000000ce600000| Complete 
| 231|0x00000000ce700000, 0x00000000ce800000, 0x00000000ce800000|100%| E|CS|TAMS 0x00000000ce700000, 0x00000000ce700000| Complete 
| 232|0x00000000ce800000, 0x00000000ce900000, 0x00000000ce900000|100%| E|CS|TAMS 0x00000000ce800000, 0x00000000ce800000| Complete 
| 233|0x00000000ce900000, 0x00000000cea00000, 0x00000000cea00000|100%| E|CS|TAMS 0x00000000ce900000, 0x00000000ce900000| Complete 
| 234|0x00000000cea00000, 0x00000000ceb00000, 0x00000000ceb00000|100%| E|CS|TAMS 0x00000000cea00000, 0x00000000cea00000| Complete 
| 235|0x00000000ceb00000, 0x00000000cec00000, 0x00000000cec00000|100%| E|CS|TAMS 0x00000000ceb00000, 0x00000000ceb00000| Complete 
| 236|0x00000000cec00000, 0x00000000ced00000, 0x00000000ced00000|100%| E|CS|TAMS 0x00000000cec00000, 0x00000000cec00000| Complete 
| 237|0x00000000ced00000, 0x00000000cee00000, 0x00000000cee00000|100%| E|CS|TAMS 0x00000000ced00000, 0x00000000ced00000| Complete 
| 238|0x00000000cee00000, 0x00000000cef00000, 0x00000000cef00000|100%| E|CS|TAMS 0x00000000cee00000, 0x00000000cee00000| Complete 
| 239|0x00000000cef00000, 0x00000000cf000000, 0x00000000cf000000|100%| E|CS|TAMS 0x00000000cef00000, 0x00000000cef00000| Complete 
| 240|0x00000000cf000000, 0x00000000cf100000, 0x00000000cf100000|100%| E|CS|TAMS 0x00000000cf000000, 0x00000000cf000000| Complete 
| 241|0x00000000cf100000, 0x00000000cf200000, 0x00000000cf200000|100%| E|CS|TAMS 0x00000000cf100000, 0x00000000cf100000| Complete 
| 242|0x00000000cf200000, 0x00000000cf300000, 0x00000000cf300000|100%| E|CS|TAMS 0x00000000cf200000, 0x00000000cf200000| Complete 
| 243|0x00000000cf300000, 0x00000000cf400000, 0x00000000cf400000|100%| E|CS|TAMS 0x00000000cf300000, 0x00000000cf300000| Complete 
| 244|0x00000000cf400000, 0x00000000cf500000, 0x00000000cf500000|100%| E|CS|TAMS 0x00000000cf400000, 0x00000000cf400000| Complete 
| 245|0x00000000cf500000, 0x00000000cf600000, 0x00000000cf600000|100%| E|CS|TAMS 0x00000000cf500000, 0x00000000cf500000| Complete 
| 246|0x00000000cf600000, 0x00000000cf700000, 0x00000000cf700000|100%| E|CS|TAMS 0x00000000cf600000, 0x00000000cf600000| Complete 
| 247|0x00000000cf700000, 0x00000000cf800000, 0x00000000cf800000|100%| E|CS|TAMS 0x00000000cf700000, 0x00000000cf700000| Complete 
| 248|0x00000000cf800000, 0x00000000cf900000, 0x00000000cf900000|100%| E|CS|TAMS 0x00000000cf800000, 0x00000000cf800000| Complete 
| 249|0x00000000cf900000, 0x00000000cfa00000, 0x00000000cfa00000|100%| E|CS|TAMS 0x00000000cf900000, 0x00000000cf900000| Complete 
| 250|0x00000000cfa00000, 0x00000000cfb00000, 0x00000000cfb00000|100%| E|CS|TAMS 0x00000000cfa00000, 0x00000000cfa00000| Complete 
| 251|0x00000000cfb00000, 0x00000000cfc00000, 0x00000000cfc00000|100%| E|CS|TAMS 0x00000000cfb00000, 0x00000000cfb00000| Complete 
| 252|0x00000000cfc00000, 0x00000000cfd00000, 0x00000000cfd00000|100%| E|CS|TAMS 0x00000000cfc00000, 0x00000000cfc00000| Complete 
| 253|0x00000000cfd00000, 0x00000000cfe00000, 0x00000000cfe00000|100%| E|CS|TAMS 0x00000000cfd00000, 0x00000000cfd00000| Complete 
| 254|0x00000000cfe00000, 0x00000000cff00000, 0x00000000cff00000|100%| E|CS|TAMS 0x00000000cfe00000, 0x00000000cfe00000| Complete 
| 255|0x00000000cff00000, 0x00000000d0000000, 0x00000000d0000000|100%| E|CS|TAMS 0x00000000cff00000, 0x00000000cff00000| Complete 
| 256|0x00000000d0000000, 0x00000000d0100000, 0x00000000d0100000|100%| E|CS|TAMS 0x00000000d0000000, 0x00000000d0000000| Complete 
| 257|0x00000000d0100000, 0x00000000d0200000, 0x00000000d0200000|100%| E|CS|TAMS 0x00000000d0100000, 0x00000000d0100000| Complete 
| 258|0x00000000d0200000, 0x00000000d0300000, 0x00000000d0300000|100%| E|CS|TAMS 0x00000000d0200000, 0x00000000d0200000| Complete 
| 259|0x00000000d0300000, 0x00000000d0400000, 0x00000000d0400000|100%| E|CS|TAMS 0x00000000d0300000, 0x00000000d0300000| Complete 
| 260|0x00000000d0400000, 0x00000000d0500000, 0x00000000d0500000|100%| E|CS|TAMS 0x00000000d0400000, 0x00000000d0400000| Complete 
| 261|0x00000000d0500000, 0x00000000d0600000, 0x00000000d0600000|100%| E|CS|TAMS 0x00000000d0500000, 0x00000000d0500000| Complete 
| 262|0x00000000d0600000, 0x00000000d0700000, 0x00000000d0700000|100%| E|CS|TAMS 0x00000000d0600000, 0x00000000d0600000| Complete 
| 263|0x00000000d0700000, 0x00000000d0800000, 0x00000000d0800000|100%| E|CS|TAMS 0x00000000d0700000, 0x00000000d0700000| Complete 
| 264|0x00000000d0800000, 0x00000000d0900000, 0x00000000d0900000|100%| E|CS|TAMS 0x00000000d0800000, 0x00000000d0800000| Complete 
| 265|0x00000000d0900000, 0x00000000d0a00000, 0x00000000d0a00000|100%| E|CS|TAMS 0x00000000d0900000, 0x00000000d0900000| Complete 
| 266|0x00000000d0a00000, 0x00000000d0b00000, 0x00000000d0b00000|100%| E|CS|TAMS 0x00000000d0a00000, 0x00000000d0a00000| Complete 
| 267|0x00000000d0b00000, 0x00000000d0c00000, 0x00000000d0c00000|100%| E|CS|TAMS 0x00000000d0b00000, 0x00000000d0b00000| Complete 
| 268|0x00000000d0c00000, 0x00000000d0d00000, 0x00000000d0d00000|100%| E|CS|TAMS 0x00000000d0c00000, 0x00000000d0c00000| Complete 
| 269|0x00000000d0d00000, 0x00000000d0e00000, 0x00000000d0e00000|100%| E|CS|TAMS 0x00000000d0d00000, 0x00000000d0d00000| Complete 
| 270|0x00000000d0e00000, 0x00000000d0f00000, 0x00000000d0f00000|100%| E|CS|TAMS 0x00000000d0e00000, 0x00000000d0e00000| Complete 
| 271|0x00000000d0f00000, 0x00000000d1000000, 0x00000000d1000000|100%| E|CS|TAMS 0x00000000d0f00000, 0x00000000d0f00000| Complete 
| 272|0x00000000d1000000, 0x00000000d1100000, 0x00000000d1100000|100%| E|CS|TAMS 0x00000000d1000000, 0x00000000d1000000| Complete 
| 273|0x00000000d1100000, 0x00000000d1200000, 0x00000000d1200000|100%| E|CS|TAMS 0x00000000d1100000, 0x00000000d1100000| Complete 
| 274|0x00000000d1200000, 0x00000000d1300000, 0x00000000d1300000|100%| E|CS|TAMS 0x00000000d1200000, 0x00000000d1200000| Complete 
| 275|0x00000000d1300000, 0x00000000d1400000, 0x00000000d1400000|100%| E|CS|TAMS 0x00000000d1300000, 0x00000000d1300000| Complete 
| 276|0x00000000d1400000, 0x00000000d1500000, 0x00000000d1500000|100%| E|CS|TAMS 0x00000000d1400000, 0x00000000d1400000| Complete 

Card table byte_map: [0x000002857fb70000,0x000002857fd70000] _byte_map_base: 0x000002857f570000

Marking Bits (Prev, Next): (CMBitMap*) 0x0000028566d87698, (CMBitMap*) 0x0000028566d87658
 Prev Bits: [0x0000028501000000, 0x0000028502000000)
 Next Bits: [0x0000028500000000, 0x0000028501000000)

Polling page: 0x0000028570320000

Metaspace:

Usage:
  Non-class:     10.29 MB capacity,     9.01 MB ( 88%) used,     1.24 MB ( 12%) free+waste,    38.94 KB ( <1%) overhead. 
      Class:      1.95 MB capacity,     1.64 MB ( 84%) used,   299.88 KB ( 15%) free+waste,    20.81 KB (  1%) overhead. 
       Both:     12.24 MB capacity,    10.65 MB ( 87%) used,     1.53 MB ( 12%) free+waste,    59.75 KB ( <1%) overhead. 

Virtual space:
  Non-class space:       12.00 MB reserved,      10.50 MB ( 88%) committed 
      Class space:        1.00 GB reserved,       2.00 MB ( <1%) committed 
             Both:        1.01 GB reserved,      12.50 MB (  1%) committed 

Chunk freelists:
   Non-Class:  25.00 KB
       Class:  0 bytes
        Both:  25.00 KB

MaxMetaspaceSize: 17179869184.00 GB
CompressedClassSpaceSize: 1.00 GB

CodeHeap 'non-profiled nmethods': size=120000Kb used=2231Kb max_used=2231Kb free=117769Kb
 bounds [0x0000028577e10000, 0x0000028578080000, 0x000002857f340000]
CodeHeap 'profiled nmethods': size=120000Kb used=6255Kb max_used=6255Kb free=113744Kb
 bounds [0x00000285708e0000, 0x0000028570f00000, 0x0000028577e10000]
CodeHeap 'non-nmethods': size=5760Kb used=1168Kb max_used=1281Kb free=4591Kb
 bounds [0x0000028570340000, 0x00000285705b0000, 0x00000285708e0000]
 total_blobs=3732 nmethods=3316 adapters=327
 compilation: enabled
              stopped_count=0, restarted_count=0
 full_count=0

Compilation events (20 events):
Event: 26.649 Thread 0x0000028566fdc000 nmethod 3313 0x0000028578039710 code [0x0000028578039a40, 0x000002857803a5c8]
Event: 26.649 Thread 0x0000028566fdc000 3314       4       java.lang.StringUTF16::indexOfLatin1Unsafe (212 bytes)
Event: 26.654 Thread 0x0000028566fdc000 nmethod 3314 0x000002857803ad90 code [0x000002857803af80, 0x000002857803b378]
Event: 26.654 Thread 0x0000028566fdc000 3291       4       org.openkoreantext.processor.tokenizer.ParsedChunk$$Lambda$134/0x0000000800cfb840::apply (8 bytes)
Event: 26.655 Thread 0x0000028566fdc000 nmethod 3291 0x000002857803b590 code [0x000002857803b720, 0x000002857803b7f8]
Event: 26.655 Thread 0x0000028566fdc000 3292       4       scala.collection.immutable.HashMap$HashMap1::get0 (35 bytes)
Event: 26.659 Thread 0x0000028566fdc000 nmethod 3292 0x000002857803b910 code [0x000002857803bb00, 0x000002857803be08]
Event: 26.659 Thread 0x0000028566fdc000 3310       4       scala.collection.immutable.HashMap::get (12 bytes)
Event: 26.666 Thread 0x0000028566fec800 3322       3       org.openkoreantext.processor.tokenizer.KoreanChunker$$$Lambda$59/0x0000000800c83040::apply (8 bytes)
Event: 26.666 Thread 0x0000028566fec800 nmethod 3322 0x0000028570efab90 code [0x0000028570efad60, 0x0000028570efb108]
Event: 26.666 Thread 0x0000028566fec800 3323       3       scala.collection.mutable.GrowingBuilder::$plus$eq (13 bytes)
Event: 26.666 Thread 0x0000028566fec800 nmethod 3323 0x0000028570efb290 code [0x0000028570efb440, 0x0000028570efb668]
Event: 26.666 Thread 0x0000028566fec800 3324       3       org.openkoreantext.processor.tokenizer.KoreanChunker$$$Lambda$60/0x0000000800c84040::apply (20 bytes)
Event: 26.667 Thread 0x0000028566fec800 nmethod 3324 0x0000028570efb790 code [0x0000028570efb940, 0x0000028570efbca8]
Event: 26.675 Thread 0x0000028566fdc000 nmethod 3310 0x000002857803c090 code [0x000002857803c380, 0x000002857803cce8]
Event: 26.675 Thread 0x0000028566fdc000 3321       4       java.util.regex.Pattern$$Lambda$48/0x0000000800c2a840::is (13 bytes)
Event: 26.677 Thread 0x0000028566fdc000 nmethod 3321 0x000002857803d310 code [0x000002857803d4a0, 0x000002857803d5d8]
Event: 26.677 Thread 0x0000028566fdc000 3320       4       java.util.regex.Pattern$Branch::match (66 bytes)
Event: 26.680 Thread 0x0000028566fdc000 nmethod 3320 0x000002857803d710 code [0x000002857803d8c0, 0x000002857803dab8]
Event: 26.681 Thread 0x0000028566fdc000 3325       4       scala.collection.SeqLike::sorted (129 bytes)

GC Heap History (20 events):
Event: 22.291 GC heap before
{Heap before GC invocations=42 (full 14):
 garbage-first heap   total 102400K, used 45192K [0x00000000c0000000, 0x0000000100000000)
  region size 1024K, 1 young (1024K), 0 survivors (0K)
 Metaspace       used 9946K, capacity 11620K, committed 11904K, reserved 1058816K
  class space    used 1557K, capacity 1883K, committed 1920K, reserved 1048576K
}
Event: 22.391 GC heap after
{Heap after GC invocations=43 (full 15):
 garbage-first heap   total 102400K, used 45344K [0x00000000c0000000, 0x0000000100000000)
  region size 1024K, 0 young (0K), 0 survivors (0K)
 Metaspace       used 9946K, capacity 11620K, committed 11904K, reserved 1058816K
  class space    used 1557K, capacity 1883K, committed 1920K, reserved 1048576K
}
Event: 22.753 GC heap before
{Heap before GC invocations=43 (full 15):
 garbage-first heap   total 102400K, used 76064K [0x00000000c0000000, 0x0000000100000000)
  region size 1024K, 30 young (30720K), 0 survivors (0K)
 Metaspace       used 10119K, capacity 11765K, committed 11904K, reserved 1058816K
  class space    used 1578K, capacity 1913K, committed 1920K, reserved 1048576K
}
Event: 22.764 GC heap after
{Heap after GC invocations=44 (full 15):
 garbage-first heap   total 102400K, used 49440K [0x00000000c0000000, 0x0000000100000000)
  region size 1024K, 4 young (4096K), 4 survivors (4096K)
 Metaspace       used 10119K, capacity 11765K, committed 11904K, reserved 1058816K
  class space    used 1578K, capacity 1913K, committed 1920K, reserved 1048576K
}
Event: 23.001 GC heap before
{Heap before GC invocations=45 (full 15):
 garbage-first heap   total 111616K, used 78112K [0x00000000c0000000, 0x0000000100000000)
  region size 1024K, 32 young (32768K), 4 survivors (4096K)
 Metaspace       used 10121K, capacity 11765K, committed 11904K, reserved 1058816K
  class space    used 1578K, capacity 1913K, committed 1920K, reserved 1048576K
}
Event: 23.024 GC heap after
{Heap after GC invocations=46 (full 15):
 garbage-first heap   total 248832K, used 52680K [0x00000000c0000000, 0x0000000100000000)
  region size 1024K, 4 young (4096K), 4 survivors (4096K)
 Metaspace       used 10121K, capacity 11765K, committed 11904K, reserved 1058816K
  class space    used 1578K, capacity 1913K, committed 1920K, reserved 1048576K
}
Event: 23.110 GC heap before
{Heap before GC invocations=46 (full 15):
 garbage-first heap   total 248832K, used 69064K [0x00000000c0000000, 0x0000000100000000)
  region size 1024K, 21 young (21504K), 4 survivors (4096K)
 Metaspace       used 10121K, capacity 11765K, committed 11904K, reserved 1058816K
  class space    used 1578K, capacity 1913K, committed 1920K, reserved 1048576K
}
Event: 23.234 GC heap after
{Heap after GC invocations=47 (full 16):
 garbage-first heap   total 188416K, used 54256K [0x00000000c0000000, 0x0000000100000000)
  region size 1024K, 0 young (0K), 0 survivors (0K)
 Metaspace       used 10121K, capacity 11765K, committed 11904K, reserved 1058816K
  class space    used 1578K, capacity 1913K, committed 1920K, reserved 1048576K
}
Event: 23.750 GC heap before
{Heap before GC invocations=47 (full 16):
 garbage-first heap   total 188416K, used 137200K [0x00000000c0000000, 0x0000000100000000)
  region size 1024K, 81 young (82944K), 0 survivors (0K)
 Metaspace       used 10213K, capacity 11868K, committed 12032K, reserved 1058816K
  class space    used 1621K, capacity 1948K, committed 2048K, reserved 1048576K
}
Event: 23.770 GC heap after
{Heap after GC invocations=48 (full 16):
 garbage-first heap   total 188416K, used 64221K [0x00000000c0000000, 0x0000000100000000)
  region size 1024K, 10 young (10240K), 10 survivors (10240K)
 Metaspace       used 10213K, capacity 11868K, committed 12032K, reserved 1058816K
  class space    used 1621K, capacity 1948K, committed 2048K, reserved 1048576K
}
Event: 23.825 GC heap before
{Heap before GC invocations=48 (full 16):
 garbage-first heap   total 188416K, used 79581K [0x00000000c0000000, 0x0000000100000000)
  region size 1024K, 26 young (26624K), 10 survivors (10240K)
 Metaspace       used 10215K, capacity 11868K, committed 12032K, reserved 1058816K
  class space    used 1621K, capacity 1948K, committed 2048K, reserved 1048576K
}
Event: 23.966 GC heap after
{Heap after GC invocations=49 (full 17):
 garbage-first heap   total 188416K, used 60642K [0x00000000c0000000, 0x0000000100000000)
  region size 1024K, 0 young (0K), 0 survivors (0K)
 Metaspace       used 10215K, capacity 11868K, committed 12032K, reserved 1058816K
  class space    used 1621K, capacity 1948K, committed 2048K, reserved 1048576K
}
Event: 24.202 GC heap before
{Heap before GC invocations=49 (full 17):
 garbage-first heap   total 188416K, used 135394K [0x00000000c0000000, 0x0000000100000000)
  region size 1024K, 73 young (74752K), 0 survivors (0K)
 Metaspace       used 10219K, capacity 11869K, committed 12032K, reserved 1058816K
  class space    used 1621K, capacity 1948K, committed 2048K, reserved 1048576K
}
Event: 24.221 GC heap after
{Heap after GC invocations=50 (full 17):
 garbage-first heap   total 188416K, used 69242K [0x00000000c0000000, 0x0000000100000000)
  region size 1024K, 9 young (9216K), 9 survivors (9216K)
 Metaspace       used 10219K, capacity 11869K, committed 12032K, reserved 1058816K
  class space    used 1621K, capacity 1948K, committed 2048K, reserved 1048576K
}
Event: 24.527 GC heap before
{Heap before GC invocations=50 (full 17):
 garbage-first heap   total 188416K, used 139898K [0x00000000c0000000, 0x0000000100000000)
  region size 1024K, 78 young (79872K), 9 survivors (9216K)
 Metaspace       used 10219K, capacity 11869K, committed 12032K, reserved 1058816K
  class space    used 1621K, capacity 1948K, committed 2048K, reserved 1048576K
}
Event: 24.557 GC heap after
{Heap after GC invocations=51 (full 17):
 garbage-first heap   total 188416K, used 76520K [0x00000000c0000000, 0x0000000100000000)
  region size 1024K, 9 young (9216K), 9 survivors (9216K)
 Metaspace       used 10219K, capacity 11869K, committed 12032K, reserved 1058816K
  class space    used 1621K, capacity 1948K, committed 2048K, reserved 1048576K
}
Event: 24.803 GC heap before
{Heap before GC invocations=51 (full 17):
 garbage-first heap   total 188416K, used 143080K [0x00000000c0000000, 0x0000000100000000)
  region size 1024K, 74 young (75776K), 9 survivors (9216K)
 Metaspace       used 10221K, capacity 11869K, committed 12032K, reserved 1058816K
  class space    used 1621K, capacity 1948K, committed 2048K, reserved 1048576K
}
Event: 24.830 GC heap after
{Heap after GC invocations=52 (full 17):
 garbage-first heap   total 311296K, used 83477K [0x00000000c0000000, 0x0000000100000000)
  region size 1024K, 8 young (8192K), 8 survivors (8192K)
 Metaspace       used 10221K, capacity 11869K, committed 12032K, reserved 1058816K
  class space    used 1621K, capacity 1948K, committed 2048K, reserved 1048576K
}
Event: 24.925 GC heap before
{Heap before GC invocations=52 (full 17):
 garbage-first heap   total 311296K, used 100885K [0x00000000c0000000, 0x0000000100000000)
  region size 1024K, 26 young (26624K), 8 survivors (8192K)
 Metaspace       used 10221K, capacity 11869K, committed 12032K, reserved 1058816K
  class space    used 1621K, capacity 1948K, committed 2048K, reserved 1048576K
}
Event: 25.132 GC heap after
{Heap after GC invocations=53 (full 18):
 garbage-first heap   total 283648K, used 83554K [0x00000000c0000000, 0x0000000100000000)
  region size 1024K, 0 young (0K), 0 survivors (0K)
 Metaspace       used 10221K, capacity 11869K, committed 12032K, reserved 1058816K
  class space    used 1621K, capacity 1948K, committed 2048K, reserved 1048576K
}

Deoptimization events (20 events):
Event: 25.854 Thread 0x0000028566d61800 Uncommon trap: trap_request=0xffffffde fr.pc=0x0000028577f2bb94 relative=0x00000000000002d4
Event: 25.854 Thread 0x0000028566d61800 Uncommon trap: reason=class_check action=maybe_recompile pc=0x0000028577f2bb94 method=scala.collection.TraversableLike.builder$1(Lscala/collection/generic/CanBuildFrom;)Lscala/collection/mutable/Builder; @ 7 c2
Event: 25.854 Thread 0x0000028566d61800 DEOPT PACKING pc=0x0000028577f2bb94 sp=0x00000099e29e9510
Event: 25.854 Thread 0x0000028566d61800 DEOPT UNPACKING pc=0x000002857038912f sp=0x00000099e29e9348 mode 2
Event: 25.855 Thread 0x0000028566d61800 Uncommon trap: trap_request=0xffffffde fr.pc=0x0000028577f2bb94 relative=0x00000000000002d4
Event: 25.855 Thread 0x0000028566d61800 Uncommon trap: reason=class_check action=maybe_recompile pc=0x0000028577f2bb94 method=scala.collection.TraversableLike.builder$1(Lscala/collection/generic/CanBuildFrom;)Lscala/collection/mutable/Builder; @ 7 c2
Event: 25.855 Thread 0x0000028566d61800 DEOPT PACKING pc=0x0000028577f2bb94 sp=0x00000099e29e9510
Event: 25.855 Thread 0x0000028566d61800 DEOPT UNPACKING pc=0x000002857038912f sp=0x00000099e29e9348 mode 2
Event: 25.855 Thread 0x0000028566d61800 Uncommon trap: trap_request=0xffffffde fr.pc=0x0000028577f2bb94 relative=0x00000000000002d4
Event: 25.855 Thread 0x0000028566d61800 Uncommon trap: reason=class_check action=maybe_recompile pc=0x0000028577f2bb94 method=scala.collection.TraversableLike.builder$1(Lscala/collection/generic/CanBuildFrom;)Lscala/collection/mutable/Builder; @ 7 c2
Event: 25.855 Thread 0x0000028566d61800 DEOPT PACKING pc=0x0000028577f2bb94 sp=0x00000099e29e9510
Event: 25.855 Thread 0x0000028566d61800 DEOPT UNPACKING pc=0x000002857038912f sp=0x00000099e29e9348 mode 2
Event: 26.235 Thread 0x0000028566d61800 Uncommon trap: trap_request=0xffffff45 fr.pc=0x0000028577fcdc88 relative=0x0000000000000068
Event: 26.235 Thread 0x0000028566d61800 Uncommon trap: reason=unstable_if action=reinterpret pc=0x0000028577fcdc88 method=java.util.regex.Pattern.lambda$Single$7(II)Z @ 2 c2
Event: 26.235 Thread 0x0000028566d61800 DEOPT PACKING pc=0x0000028577fcdc88 sp=0x00000099e29e9760
Event: 26.235 Thread 0x0000028566d61800 DEOPT UNPACKING pc=0x000002857038912f sp=0x00000099e29e9680 mode 2
Event: 26.526 Thread 0x0000028566d61800 Uncommon trap: trap_request=0xffffff45 fr.pc=0x0000028577fd1ce0 relative=0x00000000000000a0
Event: 26.526 Thread 0x0000028566d61800 Uncommon trap: reason=unstable_if action=reinterpret pc=0x0000028577fd1ce0 method=java.util.regex.Pattern.lambda$CIRange$12(III)Z @ 25 c2
Event: 26.526 Thread 0x0000028566d61800 DEOPT PACKING pc=0x0000028577fd1ce0 sp=0x00000099e29e9bc0
Event: 26.526 Thread 0x0000028566d61800 DEOPT UNPACKING pc=0x000002857038912f sp=0x00000099e29e9ae0 mode 2

Classes unloaded (0 events):
No events

Classes redefined (0 events):
No events

Internal exceptions (20 events):
Event: 0.336 Thread 0x0000028566d61800 Exception <a 'java/lang/IncompatibleClassChangeError'{0x00000000c7a1e068}: Found class java.lang.Object, but interface was expected> (0x00000000c7a1e068) 
thrown [./open/src/hotspot/share/interpreter/linkResolver.cpp, line 832]
Event: 0.566 Thread 0x0000028566d61800 Exception <a 'java/lang/NoSuchMethodError'{0x00000000c095c090}: 'void java.lang.invoke.DirectMethodHandle$Holder.invokeSpecial(java.lang.Object, java.lang.Object, java.lang.Object, java.lang.Object)'> (0x00000000c095c090) 
thrown [./open/src/hotspot/share/interpreter/linkResolver.cpp, line 766]
Event: 18.209 Thread 0x0000028566d61800 Exception <a 'java/lang/NoSuchMethodError'{0x00000000c0fe7f28}: 'java.lang.Object java.lang.invoke.Invokers$Holder.invokeExact_MT(java.lang.Object, java.lang.Object, java.lang.Object, java.lang.Object, java.lang.Object, java.lang.Object)'> (0x00000000c0fe7f28) 
thrown [./open/src/hotspot/share/interpreter/linkResolver.cpp, line 766]
Event: 18.600 Thread 0x0000028566d61800 Exception <a 'java/lang/NoSuchMethodError'{0x00000000c101c810}: 'java.lang.Object java.lang.invoke.DirectMethodHandle$Holder.invokeStaticInit(java.lang.Object, java.lang.Object, java.lang.Object)'> (0x00000000c101c810) 
thrown [./open/src/hotspot/share/interpreter/linkResolver.cpp, line 766]
Event: 18.676 Thread 0x0000028566d61800 Exception <a 'java/lang/NoSuchMethodError'{0x00000000c0e4f108}: 'int java.lang.invoke.DirectMethodHandle$Holder.invokeSpecialIFC(java.lang.Object, java.lang.Object, int)'> (0x00000000c0e4f108) 
thrown [./open/src/hotspot/share/interpreter/linkResolver.cpp, line 766]
Event: 18.708 Thread 0x0000028566d61800 Exception <a 'java/lang/NoSuchMethodError'{0x00000000c0ec70d0}: 'int java.lang.invoke.DirectMethodHandle$Holder.invokeStatic(java.lang.Object, java.lang.Object, int)'> (0x00000000c0ec70d0) 
thrown [./open/src/hotspot/share/interpreter/linkResolver.cpp, line 766]
Event: 18.769 Thread 0x0000028566d61800 Exception <a 'java/lang/NoSuchMethodError'{0x00000000c13ff330}: 'java.lang.Object java.lang.invoke.DirectMethodHandle$Holder.invokeStatic(java.lang.Object, java.lang.Object, int, java.lang.Object)'> (0x00000000c13ff330) 
thrown [./open/src/hotspot/share/interpreter/linkResolver.cpp, line 766]
Event: 18.770 Thread 0x0000028566d61800 Exception <a 'java/lang/NoSuchMethodError'{0x00000000c12057a8}: 'java.lang.Object java.lang.invoke.Invokers$Holder.linkToTargetMethod(java.lang.Object, int, java.lang.Object, java.lang.Object)'> (0x00000000c12057a8) 
thrown [./open/src/hotspot/share/interpreter/linkResolver.cpp, line 766]
Event: 18.798 Thread 0x0000028566d61800 Exception <a 'java/lang/NoSuchMethodError'{0x00000000c12c76b0}: 'java.lang.Object java.lang.invoke.DirectMethodHandle$Holder.invokeStaticInit(java.lang.Object, java.lang.Object, java.lang.Object, java.lang.Object)'> (0x00000000c12c76b0) 
thrown [./open/src/hotspot/share/interpreter/linkResolver.cpp, line 766]
Event: 19.373 Thread 0x0000028566d61800 Exception <a 'java/lang/NoSuchMethodError'{0x00000000c1fc7280}: 'java.lang.Object java.lang.invoke.Invokers$Holder.linkToTargetMethod(java.lang.Object, int, java.lang.Object)'> (0x00000000c1fc7280) 
thrown [./open/src/hotspot/share/interpreter/linkResolver.cpp, line 766]
Event: 19.428 Thread 0x0000028566d61800 Exception <a 'java/lang/NoSuchMethodError'{0x00000000c210c068}: 'java.lang.Object java.lang.invoke.DirectMethodHandle$Holder.invokeStatic(java.lang.Object, int, java.lang.Object)'> (0x00000000c210c068) 
thrown [./open/src/hotspot/share/interpreter/linkResolver.cpp, line 766]
Event: 19.440 Thread 0x0000028566d61800 Exception <a 'java/lang/NoSuchMethodError'{0x00000000c21230f0}: 'java.lang.Object java.lang.invoke.DirectMethodHandle$Holder.invokeStatic(java.lang.Object, int, int, java.lang.Object)'> (0x00000000c21230f0) 
thrown [./open/src/hotspot/share/interpreter/linkResolver.cpp, line 766]
Event: 21.644 Thread 0x0000028566d61800 Exception <a 'java/lang/NoSuchMethodError'{0x00000000c5a87248}: 'java.lang.Object java.lang.invoke.DirectMethodHandle$Holder.invokeStatic(java.lang.Object, java.lang.Object, java.lang.Object, java.lang.Object, int, java.lang.Object)'> (0x00000000c5a87248) 
thrown [./open/src/hotspot/share/interpreter/linkResolver.cpp, line 766]
Event: 21.645 Thread 0x0000028566d61800 Exception <a 'java/lang/NoSuchMethodError'{0x00000000c5a8a7e8}: 'java.lang.Object java.lang.invoke.DirectMethodHandle$Holder.invokeSpecial(java.lang.Object, java.lang.Object, java.lang.Object, java.lang.Object, java.lang.Object, int, java.lang.Object)'> (0x00000000c5a8a7e8) 
thrown [./open/src/hotspot/share/interpreter/linkResolver.cpp, line 766]
Event: 21.645 Thread 0x0000028566d61800 Exception <a 'java/lang/NoSuchMethodError'{0x00000000c5a8d658}: 'java.lang.Object java.lang.invoke.Invokers$Holder.linkToTargetMethod(java.lang.Object, java.lang.Object, java.lang.Object, int, java.lang.Object, java.lang.Object)'> (0x00000000c5a8d658) 
thrown [./open/src/hotspot/share/interpreter/linkResolver.cpp, line 766]
Event: 21.673 Thread 0x0000028566d61800 Exception <a 'java/lang/NoSuchMethodError'{0x00000000c5acc618}: 'java.lang.Object java.lang.invoke.DirectMethodHandle$Holder.invokeStaticInit(java.lang.Object, java.lang.Object, java.lang.Object, java.lang.Object, java.lang.Object)'> (0x00000000c5acc618) 
thrown [./open/src/hotspot/share/interpreter/linkResolver.cpp, line 766]
Event: 21.674 Thread 0x0000028566d61800 Exception <a 'java/lang/NoSuchMethodError'{0x00000000c5ad3298}: 'java.lang.Object java.lang.invoke.Invokers$Holder.invoke_MT(java.lang.Object, java.lang.Object, java.lang.Object, java.lang.Object, java.lang.Object, java.lang.Object)'> (0x00000000c5ad3298) 
thrown [./open/src/hotspot/share/interpreter/linkResolver.cpp, line 766]
Event: 21.677 Thread 0x0000028566d61800 Exception <a 'java/lang/NoSuchMethodError'{0x00000000c5add998}: 'java.lang.Object java.lang.invoke.Invokers$Holder.invoker(java.lang.Object, java.lang.Object, java.lang.Object)'> (0x00000000c5add998) 
thrown [./open/src/hotspot/share/interpreter/linkResolver.cpp, line 766]
Event: 21.681 Thread 0x0000028566d61800 Exception <a 'java/lang/NoSuchMethodError'{0x00000000c5aec470}: 'void java.lang.invoke.DelegatingMethodHandle$Holder.delegate(java.lang.Object, java.lang.Object, int, java.lang.Object)'> (0x00000000c5aec470) 
thrown [./open/src/hotspot/share/interpreter/linkResolver.cpp, line 766]
Event: 21.682 Thread 0x0000028566d61800 Exception <a 'java/lang/NoSuchMethodError'{0x00000000c5af3788}: 'java.lang.Object java.lang.invoke.Invokers$Holder.invokeExact_MT(java.lang.Object, java.lang.Object, java.lang.Object, java.lang.Object)'> (0x00000000c5af3788) 
thrown [./open/src/hotspot/share/interpreter/linkResolver.cpp, line 766]

Events (20 events):
Event: 25.205 loading class java/lang/SafeVarargs
Event: 25.205 loading class java/lang/SafeVarargs done
Event: 25.210 loading class java/util/AbstractList$Itr
Event: 25.211 loading class java/util/AbstractList$Itr done
Event: 25.211 loading class java/util/AbstractList$ListItr
Event: 25.212 loading class java/util/AbstractList$ListItr done
Event: 25.212 loading class java/util/AbstractList$RandomAccessSubList
Event: 25.212 loading class java/util/AbstractList$SubList
Event: 25.212 loading class java/util/AbstractList$SubList done
Event: 25.212 loading class java/util/AbstractList$RandomAccessSubList done
Event: 25.212 loading class java/util/AbstractList$RandomAccessSpliterator
Event: 25.212 loading class java/util/AbstractList$RandomAccessSpliterator done
Event: 25.213 loading class java/util/ArrayList$ListItr
Event: 25.213 loading class java/util/ArrayList$ListItr done
Event: 25.214 Executing VM operation: HandshakeAllThreads
Event: 25.214 Executing VM operation: HandshakeAllThreads done
Event: 25.304 Thread 0x00000285671ba800 Thread added: 0x00000285671ba800
Event: 25.872 Executing VM operation: ICBufferFull
Event: 25.872 Executing VM operation: ICBufferFull done
Event: 26.688 Executing VM operation: G1CollectFull


Dynamic libraries:
0x000000001c6a0000 - 0x000000001c6bb000 	C:\Users\user\anaconda3\envs\py36\python.exe
0x00007ffe42360000 - 0x00007ffe42550000 	C:\WINDOWS\SYSTEM32\ntdll.dll
0x00007ffe40e80000 - 0x00007ffe40f32000 	C:\WINDOWS\System32\KERNEL32.DLL
0x00007ffe3f580000 - 0x00007ffe3f824000 	C:\WINDOWS\System32\KERNELBASE.dll
0x00007ffe3f830000 - 0x00007ffe3f92a000 	C:\WINDOWS\System32\ucrtbase.dll
0x00007ffe27cc0000 - 0x00007ffe27cd5000 	C:\Users\user\anaconda3\envs\py36\VCRUNTIME140.dll
0x0000000065dd0000 - 0x0000000066173000 	C:\Users\user\anaconda3\envs\py36\python36.dll
0x00007ffe40410000 - 0x00007ffe40462000 	C:\WINDOWS\System32\SHLWAPI.dll
0x00007ffe42280000 - 0x00007ffe4231e000 	C:\WINDOWS\System32\msvcrt.dll
0x00007ffe40780000 - 0x00007ffe40ab5000 	C:\WINDOWS\System32\combase.dll
0x00007ffe40c20000 - 0x00007ffe40d40000 	C:\WINDOWS\System32\RPCRT4.dll
0x00007ffe3f9e0000 - 0x00007ffe3fa60000 	C:\WINDOWS\System32\bcryptPrimitives.dll
0x00007ffe41a70000 - 0x00007ffe41a96000 	C:\WINDOWS\System32\GDI32.dll
0x00007ffe3f4b0000 - 0x00007ffe3f4d1000 	C:\WINDOWS\System32\win32u.dll
0x00007ffe34d10000 - 0x00007ffe34d1a000 	C:\WINDOWS\SYSTEM32\VERSION.dll
0x00007ffe3fa80000 - 0x00007ffe3fc16000 	C:\WINDOWS\System32\gdi32full.dll
0x00007ffe3f4e0000 - 0x00007ffe3f57e000 	C:\WINDOWS\System32\msvcp_win.dll
0x00007ffe41630000 - 0x00007ffe417c5000 	C:\WINDOWS\System32\USER32.dll
0x00007ffe40e10000 - 0x00007ffe40e7f000 	C:\WINDOWS\System32\WS2_32.dll
0x00007ffe40b70000 - 0x00007ffe40c13000 	C:\WINDOWS\System32\ADVAPI32.dll
0x00007ffe41ad0000 - 0x00007ffe41b67000 	C:\WINDOWS\System32\sechost.dll
0x00007ffe41aa0000 - 0x00007ffe41ace000 	C:\WINDOWS\System32\IMM32.DLL
0x00007ffe3fa60000 - 0x00007ffe3fa77000 	C:\WINDOWS\System32\CRYPTSP.dll
0x00007ffe3df60000 - 0x00007ffe3df93000 	C:\WINDOWS\system32\rsaenh.dll
0x00007ffe3f2e0000 - 0x00007ffe3f306000 	C:\WINDOWS\System32\bcrypt.dll
0x00007ffe3e5c0000 - 0x00007ffe3e5cc000 	C:\WINDOWS\SYSTEM32\CRYPTBASE.dll
0x00007ffe24740000 - 0x00007ffe2474f000 	C:\Users\user\anaconda3\envs\py36\python3.dll
0x0000000065db0000 - 0x0000000065dc8000 	C:\Users\user\anaconda3\envs\py36\DLLs\_bz2.pyd
0x00007ffe219f0000 - 0x00007ffe21a31000 	C:\Users\user\anaconda3\envs\py36\DLLs\_lzma.pyd
0x00007ffdfb7a0000 - 0x00007ffdfb942000 	C:\Users\user\anaconda3\envs\py36\DLLs\_hashlib.pyd
0x0000000065d50000 - 0x0000000065d73000 	C:\Users\user\anaconda3\envs\py36\DLLs\_ctypes.pyd
0x00007ffe417d0000 - 0x00007ffe41927000 	C:\WINDOWS\System32\ole32.dll
0x00007ffe40d40000 - 0x00007ffe40e05000 	C:\WINDOWS\System32\OLEAUT32.dll
0x00007ffe40f40000 - 0x00007ffe41627000 	C:\WINDOWS\System32\shell32.DLL
0x00007ffe3f310000 - 0x00007ffe3f35a000 	C:\WINDOWS\System32\cfgmgr32.dll
0x00007ffe40ac0000 - 0x00007ffe40b69000 	C:\WINDOWS\System32\shcore.dll
0x00007ffe3fc80000 - 0x00007ffe40402000 	C:\WINDOWS\System32\windows.storage.dll
0x00007ffe3f240000 - 0x00007ffe3f263000 	C:\WINDOWS\System32\profapi.dll
0x00007ffe3f270000 - 0x00007ffe3f2ba000 	C:\WINDOWS\System32\powrprof.dll
0x00007ffe3f210000 - 0x00007ffe3f220000 	C:\WINDOWS\System32\UMPDC.dll
0x00007ffe3f2c0000 - 0x00007ffe3f2d1000 	C:\WINDOWS\System32\kernel.appcore.dll
0x0000000065be0000 - 0x0000000065bf7000 	C:\Users\user\anaconda3\envs\py36\DLLs\_sqlite3.pyd
0x00007ffdfab30000 - 0x00007ffdfacaf000 	C:\Users\user\anaconda3\envs\py36\Library\bin\sqlite3.dll
0x0000000065d80000 - 0x0000000065d89000 	C:\Users\user\anaconda3\envs\py36\DLLs\select.pyd
0x0000000065d40000 - 0x0000000065d4d000 	C:\Users\user\anaconda3\envs\py36\DLLs\_overlapped.pyd
0x0000000065d90000 - 0x0000000065da4000 	C:\Users\user\anaconda3\envs\py36\DLLs\_socket.pyd
0x00007ffe3e3f0000 - 0x00007ffe3e457000 	C:\WINDOWS\system32\mswsock.dll
0x0000000065d30000 - 0x0000000065d3a000 	C:\Users\user\anaconda3\envs\py36\DLLs\_multiprocessing.pyd
0x00007ffe24350000 - 0x00007ffe24360000 	C:\Users\user\anaconda3\envs\py36\DLLs\_asyncio.pyd
0x00007ffdfacb0000 - 0x00007ffdfaec1000 	C:\Users\user\anaconda3\envs\py36\DLLs\_ssl.pyd
0x00007ffe3f360000 - 0x00007ffe3f4a9000 	C:\WINDOWS\System32\CRYPT32.dll
0x00007ffe3f220000 - 0x00007ffe3f232000 	C:\WINDOWS\System32\MSASN1.dll
0x00007ffe38aa0000 - 0x00007ffe38aaf000 	C:\Users\user\anaconda3\envs\py36\lib\site-packages\immutables\_map.cp36-win_amd64.pyd
0x0000000065c00000 - 0x0000000065cde000 	C:\Users\user\anaconda3\envs\py36\DLLs\unicodedata.pyd
0x00007ffe22880000 - 0x00007ffe22896000 	C:\Users\user\anaconda3\envs\py36\lib\site-packages\zmq\backend\cython\constants.cp36-win_amd64.pyd
0x00007ffe229d0000 - 0x00007ffe229dc000 	C:\Users\user\anaconda3\envs\py36\lib\site-packages\zmq\backend\cython\error.cp36-win_amd64.pyd
0x00007ffe1f160000 - 0x00007ffe1f1d6000 	C:\Users\user\anaconda3\envs\py36\Library\bin\libzmq-mt-4_3_2.dll
0x00007ffe3c930000 - 0x00007ffe3c9c9000 	C:\WINDOWS\SYSTEM32\MSVCP140.dll
0x00007ffe3e100000 - 0x00007ffe3e13a000 	C:\WINDOWS\SYSTEM32\IPHLPAPI.DLL
0x00007ffe22780000 - 0x00007ffe2279a000 	C:\Users\user\anaconda3\envs\py36\lib\site-packages\zmq\backend\cython\message.cp36-win_amd64.pyd
0x00007ffe22760000 - 0x00007ffe22774000 	C:\Users\user\anaconda3\envs\py36\lib\site-packages\zmq\backend\cython\context.cp36-win_amd64.pyd
0x00007ffe21410000 - 0x00007ffe21436000 	C:\Users\user\anaconda3\envs\py36\lib\site-packages\zmq\backend\cython\socket.cp36-win_amd64.pyd
0x00007ffe22990000 - 0x00007ffe2299e000 	C:\Users\user\anaconda3\envs\py36\lib\site-packages\zmq\backend\cython\utils.cp36-win_amd64.pyd
0x00007ffe21e70000 - 0x00007ffe21e84000 	C:\Users\user\anaconda3\envs\py36\lib\site-packages\zmq\backend\cython\_poll.cp36-win_amd64.pyd
0x00007ffe22730000 - 0x00007ffe2273c000 	C:\Users\user\anaconda3\envs\py36\lib\site-packages\zmq\backend\cython\_version.cp36-win_amd64.pyd
0x00007ffe21330000 - 0x00007ffe21342000 	C:\Users\user\anaconda3\envs\py36\lib\site-packages\zmq\backend\cython\_device.cp36-win_amd64.pyd
0x00007ffe219e0000 - 0x00007ffe219f0000 	C:\Users\user\anaconda3\envs\py36\lib\site-packages\zmq\backend\cython\_proxy_steerable.cp36-win_amd64.pyd
0x00007ffe24560000 - 0x00007ffe24567000 	C:\Users\user\anaconda3\envs\py36\lib\site-packages\tornado\speedups.cp36-win_amd64.pyd
0x0000000065ce0000 - 0x0000000065d24000 	C:\Users\user\anaconda3\envs\py36\DLLs\_decimal.pyd
0x00007ffe40700000 - 0x00007ffe40708000 	C:\WINDOWS\System32\NSI.dll
0x00007ffe324e0000 - 0x00007ffe324f6000 	C:\WINDOWS\SYSTEM32\dhcpcsvc6.DLL
0x00007ffe34d20000 - 0x00007ffe34d3c000 	C:\WINDOWS\SYSTEM32\dhcpcsvc.DLL
0x00007ffe3e140000 - 0x00007ffe3e20b000 	C:\WINDOWS\SYSTEM32\DNSAPI.dll
0x0000000065b70000 - 0x0000000065b94000 	C:\Users\user\anaconda3\envs\py36\lib\site-packages\win32\win32api.pyd
0x0000000065b40000 - 0x0000000065b66000 	C:\Users\user\anaconda3\envs\py36\lib\site-packages\win32\pywintypes36.dll
0x00007ffe3c130000 - 0x00007ffe3c13c000 	C:\WINDOWS\SYSTEM32\secur32.dll
0x00007ffe3f100000 - 0x00007ffe3f12f000 	C:\WINDOWS\SYSTEM32\SSPICLI.DLL
0x0000000065b10000 - 0x0000000065b36000 	C:\Users\user\anaconda3\envs\py36\lib\site-packages\win32\win32security.pyd
0x00007ffe28490000 - 0x00007ffe284a7000 	C:\WINDOWS\SYSTEM32\NETAPI32.dll
0x00007ffe3e260000 - 0x00007ffe3e26c000 	C:\WINDOWS\SYSTEM32\NETUTILS.DLL
0x00000285666a0000 - 0x00000285666a3000 	C:\WINDOWS\SYSTEM32\security.dll
0x00007ffe20300000 - 0x00007ffe20328000 	C:\WINDOWS\SYSTEM32\ntdsapi.dll
0x00007ffe3e210000 - 0x00007ffe3e252000 	C:\WINDOWS\SYSTEM32\LOGONCLI.DLL
0x00007ffdfe200000 - 0x00007ffdfe2c2000 	C:\Users\user\anaconda3\envs\py36\lib\site-packages\_jpype.cp36-win_amd64.pyd
0x00007ffdfbbd0000 - 0x00007ffdfbf90000 	C:\Users\user\anaconda3\envs\py36\lib\site-packages\lxml\etree.cp36-win_amd64.pyd
0x00007ffe20190000 - 0x00007ffe201b9000 	C:\Users\user\anaconda3\envs\py36\lib\site-packages\lxml\_elementpath.cp36-win_amd64.pyd
0x00007ffe1f720000 - 0x00007ffe1f744000 	C:\Users\user\anaconda3\envs\py36\lib\site-packages\_MeCab.cp36-win_amd64.pyd
0x00007ffdfb9f0000 - 0x00007ffdfbbc8000 	C:\Users\user\anaconda3\envs\py36\lib\site-packages\libmecab.dll
0x00007ffddc2f0000 - 0x00007ffddce0e000 	C:\Program Files\Java\jdk-14.0.2\bin\server\jvm.dll
0x00007ffe40520000 - 0x00007ffe40528000 	C:\WINDOWS\System32\PSAPI.DLL
0x00007ffe278a0000 - 0x00007ffe278a9000 	C:\WINDOWS\SYSTEM32\WSOCK32.dll
0x00007ffe389c0000 - 0x00007ffe389e4000 	C:\WINDOWS\SYSTEM32\WINMM.dll
0x00007ffe38710000 - 0x00007ffe3873d000 	C:\WINDOWS\SYSTEM32\winmmbase.dll
0x00007ffe216b0000 - 0x00007ffe216ba000 	C:\Program Files\Java\jdk-14.0.2\bin\jimage.dll
0x00007ffe3ed30000 - 0x00007ffe3ef24000 	C:\WINDOWS\SYSTEM32\DBGHELP.DLL
0x00007ffe3ea90000 - 0x00007ffe3eaba000 	C:\WINDOWS\SYSTEM32\dbgcore.DLL
0x00007ffe14db0000 - 0x00007ffe14dd5000 	C:\Program Files\Java\jdk-14.0.2\bin\java.dll
0x00007ffe20290000 - 0x00007ffe202a6000 	C:\Program Files\Java\jdk-14.0.2\bin\zip.dll
0x00007ffe20150000 - 0x00007ffe20169000 	C:\Program Files\Java\jdk-14.0.2\bin\net.dll
0x00007ffe3c4f0000 - 0x00007ffe3c5e0000 	C:\WINDOWS\SYSTEM32\WINHTTP.dll
0x00007ffe1d010000 - 0x00007ffe1d022000 	C:\Program Files\Java\jdk-14.0.2\bin\nio.dll
0x00007ffe38280000 - 0x00007ffe38287000 	C:\Users\user\anaconda3\envs\py36\lib\site-packages\mkl\_mklinit.cp36-win_amd64.pyd
0x00007ffdd5150000 - 0x00007ffdd61ad000 	C:\Users\user\anaconda3\envs\py36\Library\bin\mkl_rt.dll
0x00007ffe38250000 - 0x00007ffe38272000 	C:\Users\user\anaconda3\envs\py36\lib\site-packages\mkl\_py_mkl_service.cp36-win_amd64.pyd
0x00007ffdfc110000 - 0x00007ffdfc3d8000 	C:\Users\user\anaconda3\envs\py36\lib\site-packages\numpy\core\_multiarray_umath.cp36-win_amd64.pyd
0x00007ffe38230000 - 0x00007ffe3824f000 	C:\Users\user\anaconda3\envs\py36\lib\site-packages\numpy\core\_multiarray_tests.cp36-win_amd64.pyd
0x00007ffe34080000 - 0x00007ffe34089000 	C:\Users\user\anaconda3\envs\py36\lib\site-packages\numpy\linalg\lapack_lite.cp36-win_amd64.pyd
0x00007ffe21750000 - 0x00007ffe2177a000 	C:\Users\user\anaconda3\envs\py36\lib\site-packages\numpy\linalg\_umath_linalg.cp36-win_amd64.pyd
0x00007ffe21730000 - 0x00007ffe21750000 	C:\Users\user\anaconda3\envs\py36\lib\site-packages\numpy\fft\_pocketfft_internal.cp36-win_amd64.pyd
0x00007ffe144c0000 - 0x00007ffe1454f000 	C:\Users\user\anaconda3\envs\py36\lib\site-packages\numpy\random\mtrand.cp36-win_amd64.pyd
0x00007ffe14490000 - 0x00007ffe144ba000 	C:\Users\user\anaconda3\envs\py36\lib\site-packages\numpy\random\bit_generator.cp36-win_amd64.pyd
0x00007ffe11630000 - 0x00007ffe11661000 	C:\Users\user\anaconda3\envs\py36\lib\site-packages\numpy\random\_common.cp36-win_amd64.pyd
0x00007ffe10fb0000 - 0x00007ffe10ff0000 	C:\Users\user\anaconda3\envs\py36\lib\site-packages\numpy\random\_bounded_integers.cp36-win_amd64.pyd
0x00007ffe21710000 - 0x00007ffe21728000 	C:\Users\user\anaconda3\envs\py36\lib\site-packages\numpy\random\_mt19937.cp36-win_amd64.pyd
0x00007ffe19b70000 - 0x00007ffe19b87000 	C:\Users\user\anaconda3\envs\py36\lib\site-packages\numpy\random\_philox.cp36-win_amd64.pyd
0x00007ffe14e30000 - 0x00007ffe14e45000 	C:\Users\user\anaconda3\envs\py36\lib\site-packages\numpy\random\_pcg64.cp36-win_amd64.pyd
0x00007ffe14470000 - 0x00007ffe14482000 	C:\Users\user\anaconda3\envs\py36\lib\site-packages\numpy\random\_sfc64.cp36-win_amd64.pyd
0x00007ffe10f00000 - 0x00007ffe10fa4000 	C:\Users\user\anaconda3\envs\py36\lib\site-packages\numpy\random\_generator.cp36-win_amd64.pyd
0x00007ffdd2380000 - 0x00007ffdd514d000 	C:\Users\user\anaconda3\envs\py36\Library\bin\mkl_intel_thread.dll
0x00007ffdc0130000 - 0x00007ffdc48ca000 	C:\Users\user\anaconda3\envs\py36\Library\bin\mkl_core.dll
0x00007ffdbd940000 - 0x00007ffdc0122000 	C:\Users\user\anaconda3\envs\py36\Library\bin\mkl_avx2.dll
0x00007ffdbcad0000 - 0x00007ffdbd93d000 	C:\Users\user\anaconda3\envs\py36\Library\bin\mkl_vml_avx2.dll
0x00007ffe10300000 - 0x00007ffe1040d000 	C:\Users\user\anaconda3\envs\py36\lib\site-packages\pandas\_libs\interval.cp36-win_amd64.pyd
0x00007ffe10e70000 - 0x00007ffe10ef1000 	C:\Users\user\anaconda3\envs\py36\lib\site-packages\pandas\_libs\hashtable.cp36-win_amd64.pyd
0x00007ffe10df0000 - 0x00007ffe10e1b000 	C:\Users\user\anaconda3\envs\py36\lib\site-packages\pandas\_libs\missing.cp36-win_amd64.pyd
0x00007ffe14390000 - 0x00007ffe143ad000 	C:\Users\user\anaconda3\envs\py36\lib\site-packages\pandas\_libs\tslibs\dtypes.cp36-win_amd64.pyd
0x00007ffe10db0000 - 0x00007ffe10dec000 	C:\Users\user\anaconda3\envs\py36\lib\site-packages\pandas\_libs\tslibs\conversion.cp36-win_amd64.pyd
0x00007ffe34070000 - 0x00007ffe3407f000 	C:\Users\user\anaconda3\envs\py36\lib\site-packages\pandas\_libs\tslibs\base.cp36-win_amd64.pyd

dbghelp: loaded successfully - version: 4.0.5 - missing functions: none
symbol engine: initialized successfully - sym options: 0x614 - pdb path: .;C:\Users\user\anaconda3\envs\py36;C:\WINDOWS\SYSTEM32;C:\Users\user\anaconda3\envs\py36\DLLs;C:\Users\user\anaconda3\envs\py36\Library\bin;C:\Users\user\anaconda3\envs\py36\lib\site-packages\immutables;C:\Users\user\anaconda3\envs\py36\lib\site-packages\zmq\backend\cython;C:\Users\user\anaconda3\envs\py36\lib\site-packages\tornado;C:\Users\user\anaconda3\envs\py36\lib\site-packages\win32;C:\Users\user\anaconda3\envs\py36\lib\site-packages;C:\Users\user\anaconda3\envs\py36\lib\site-packages\lxml;C:\Program Files\Java\jdk-14.0.2\bin\server;C:\Program Files\Java\jdk-14.0.2\bin;C:\Users\user\anaconda3\envs\py36\lib\site-packages\mkl;C:\Users\user\anaconda3\envs\py36\lib\site-packages\numpy\core;C:\Users\user\anaconda3\envs\py36\lib\site-packages\numpy\linalg;C:\Users\user\anaconda3\envs\py36\lib\site-packages\numpy\fft;C:\Users\user\anaconda3\envs\py36\lib\site-packages\numpy\random;C:\Users\user\anaconda3\envs\py36\lib\site-packages\pandas\_libs;C:\Users\user\anaconda3\envs\py36\lib\site-packages\pandas\_libs\tslibs;C:\Users\user\anaconda3\envs\py36\lib\site-packages\bottleneck;C:\Users\user\anaconda3\envs\py36\lib\site-packages\pandas\_libs\window

VM Arguments:
jvm_args: -Dfile.encoding=UTF8 -ea -Xmx1024m 
java_command: <unknown>
java_class_path (initial): C:\Users\user\anaconda3\envs\py36\lib\site-packages\konlpy\java;C:\Users\user\anaconda3\envs\py36\lib\site-packages\konlpy\java\bin;C:\Users\user\anaconda3\envs\py36\lib\site-packages\konlpy\java\*;C:\Users\user\anaconda3\envs\py36\lib\site-packages\konlpy\java\jhannanum-0.8.4.jar;C:\Users\user\anaconda3\envs\py36\lib\site-packages\konlpy\java\kkma-2.0.jar;C:\Users\user\anaconda3\envs\py36\lib\site-packages\konlpy\java\aho-corasick.jar;C:\Users\user\anaconda3\envs\py36\lib\site-packages\konlpy\java\shineware-common-1.0.jar;C:\Users\user\anaconda3\envs\py36\lib\site-packages\konlpy\java\shineware-ds-1.0.jar;C:\Users\user\anaconda3\envs\py36\lib\site-packages\konlpy\java\komoran-3.0.jar;C:\Users\user\anaconda3\envs\py36\lib\site-packages\konlpy\java\snakeyaml-1.12.jar;C:\Users\user\anaconda3\envs\py36\lib\site-packages\konlpy\java\scala-library-2.12.3.jar;C:\Users\user\anaconda3\envs\py36\lib\site-packages\konlpy\java\open-korean-text-2.1.0.jar;C:\Users\user\anaconda3\envs\py36\lib\site-packages\konlpy\java\twitter-text-1.14.7.jar;C:\Users\user\anaconda3\envs\py36\lib\site-packages\konlpy\java\*
Launcher Type: generic

[Global flags]
     intx CICompilerCount                          = 3                                         {product} {ergonomic}
     uint ConcGCThreads                            = 1                                         {product} {ergonomic}
     uint G1ConcRefinementThreads                  = 4                                         {product} {ergonomic}
   size_t G1HeapRegionSize                         = 1048576                                   {product} {ergonomic}
    uintx GCDrainStackTargetSize                   = 64                                        {product} {ergonomic}
   size_t InitialHeapSize                          = 132120576                                 {product} {ergonomic}
   size_t MarkStackSize                            = 4194304                                   {product} {ergonomic}
   size_t MaxHeapSize                              = 1073741824                                {product} {command line}
   size_t MaxNewSize                               = 643825664                                 {product} {ergonomic}
   size_t MinHeapDeltaBytes                        = 1048576                                   {product} {ergonomic}
   size_t MinHeapSize                              = 8388608                                   {product} {ergonomic}
    uintx NonNMethodCodeHeapSize                   = 5832780                                {pd product} {ergonomic}
    uintx NonProfiledCodeHeapSize                  = 122912730                              {pd product} {ergonomic}
    uintx ProfiledCodeHeapSize                     = 122912730                              {pd product} {ergonomic}
    uintx ReservedCodeCacheSize                    = 251658240                              {pd product} {ergonomic}
     bool SegmentedCodeCache                       = true                                      {product} {ergonomic}
   size_t SoftMaxHeapSize                          = 1073741824                             {manageable} {ergonomic}
     bool UseCompressedClassPointers               = true                                 {lp64_product} {ergonomic}
     bool UseCompressedOops                        = true                                 {lp64_product} {ergonomic}
     bool UseG1GC                                  = true                                      {product} {ergonomic}
     bool UseLargePagesIndividualAllocation        = false                                  {pd product} {ergonomic}

Logging:
Log output configuration:
 #0: stdout all=warning uptime,level,tags
 #1: stderr all=off uptime,level,tags

Environment Variables:
JAVA_HOME=C:\Program Files\Java\jdk-14.0.2\bin\server
PATH=C:\Users\user\anaconda3\envs\py36;C:\Users\user\anaconda3\envs\py36\Library\mingw-w64\bin;C:\Users\user\anaconda3\envs\py36\Library\usr\bin;C:\Users\user\anaconda3\envs\py36\Library\bin;C:\Users\user\anaconda3\envs\py36\Scripts;C:\Users\user\anaconda3\envs\py36\bin;C:\Users\user\anaconda3\condabin;C:\Users\user\anaconda3;C:\Users\user\anaconda3\Library\mingw-w64\bin;C:\Users\user\anaconda3\Library\usr\bin;C:\Users\user\anaconda3\Library\bin;C:\Users\user\anaconda3\Scripts;C:\Program Files (x86)\Intel\Intel(R) Management Engine Components\iCLS;C:\Program Files\Intel\Intel(R) Management Engine Components\iCLS;C:\WINDOWS\system32;C:\WINDOWS;C:\WINDOWS\System32\Wbem;C:\WINDOWS\System32\WindowsPowerShell\v1.0;C:\WINDOWS\System32\OpenSSH;C:\Program Files (x86)\Intel\Intel(R) Management Engine Components\DAL;C:\Program Files\Intel\Intel(R) Management Engine Components\DAL;C:\Program Files\Git\cmd;C:\Program Files\Java\jdk-14.0.2\bin;C:\Users\user\anaconda3;C:\Users\user\anaconda3\Library\mingw-w64\bin;C:\Users\user\anaconda3\Library\usr\bin;C:\Users\user\anaconda3\Library\bin;C:\Users\user\anaconda3\Scripts;C:\Users\user\AppData\Local\Microsoft\WindowsApps;C:\Microsoft VS Code\bin;C:\Users\user\AppData\Local\Programs\Microsoft VS Code Insiders\bin;C:\Users\user\anaconda3\envs\py36\lib\site-packages\numpy\.libs
USERNAME=user
OS=Windows_NT
PROCESSOR_IDENTIFIER=Intel64 Family 6 Model 142 Stepping 11, GenuineIntel



---------------  S Y S T E M  ---------------

OS: Windows 10 , 64 bit Build 18362 (10.0.18362.959)
OS uptime: 10 days 19:17 hours

CPU:total 4 (initial active 4) (2 cores per cpu, 2 threads per core) family 6 model 142 stepping 11, cmov, cx8, fxsr, mmx, sse, sse2, sse3, ssse3, sse4.1, sse4.2, popcnt, avx, avx2, aes, clmul, erms, 3dnowpref, lzcnt, ht, tsc, tscinvbit, bmi1, bmi2, adx, fma

Memory: 4k page, system-wide physical 8053M (497M free)
TotalPageFile size 22530M (AvailPageFile size 7M)
current process WorkingSet (physical memory assigned to process): 485M, peak: 485M
current process commit charge ("private bytes"): 575M, peak: 610M

vm_info: Java HotSpot(TM) 64-Bit Server VM (14.0.2+12-46) for windows-amd64 JRE (14.0.2+12-46), built on Jul  9 2020 00:35:52 by "mach5one" with MS VC++ 15.9 (VS2017)

END.
