#
# There is insufficient memory for the Java Runtime Environment to continue.
# Native memory allocation (mmap) failed to map 161480704 bytes for Failed to commit area from 0x00000000c9a00000 to 0x00000000d3400000 of length 161480704.
# Possible reasons:
#   The system is out of physical RAM or swap space
#   The process is running with CompressedOops enabled, and the Java Heap may be blocking the growth of the native heap
# Possible solutions:
#   Reduce memory load on the system
#   Increase physical memory or swap space
#   Check if swap backing store is full
#   Decrease Java heap size (-Xmx/-Xms)
#   Decrease number of Java threads
#   Decrease Java thread stack sizes (-Xss)
#   Set larger code cache with -XX:ReservedCodeCacheSize=
#   JVM is running with Unscaled Compressed Oops mode in which the Java heap is
#     placed in the first 4GB address space. The Java Heap base address is the
#     maximum limit for the native heap growth. Please use -XX:HeapBaseMinAddress
#     to set the Java Heap base and to place the Java Heap above 4GB virtual address.
# This output file may be truncated or incomplete.
#
#  Out of Memory Error (./open/src/hotspot/os/windows/os_windows.cpp:3315), pid=20544, tid=34248
#
# JRE version: Java(TM) SE Runtime Environment (14.0.2+12) (build 14.0.2+12-46)
# Java VM: Java HotSpot(TM) 64-Bit Server VM (14.0.2+12-46, mixed mode, sharing, tiered, compressed oops, g1 gc, windows-amd64)
# No core dump will be written. Minidumps are not enabled by default on client versions of Windows
#

---------------  S U M M A R Y ------------

Command Line: -Dfile.encoding=UTF8 -ea -Xmx1024m 

Host: Intel(R) Core(TM) i3-8145U CPU @ 2.10GHz, 4 cores, 7G,  Windows 10 , 64 bit Build 18362 (10.0.18362.959)
Time: Mon Sep  7 16:50:07 2020 ¢¥eCN©öI¡¾©ö C¡ÍA¨ª¨öA elapsed time: 14 seconds (0d 0h 0m 14s)

---------------  T H R E A D  ---------------

Current thread (0x000001ee02a47000):  VMThread "VM Thread" [stack: 0x00000084ee0e0000,0x00000084ee2d0000] [id=34248]

Stack: [0x00000084ee0e0000,0x00000084ee2d0000]
[error occurred during error reporting (printing stack bounds), id 0xc0000005, EXCEPTION_ACCESS_VIOLATION (0xc0000005) at pc=0x000001ee0be410ad]

Native frames: (J=compiled Java code, j=interpreted, Vv=VM code, C=native code)
V  [jvm.dll+0x5f8a9a]
V  [jvm.dll+0x74247a]
V  [jvm.dll+0x743c2f]
V  [jvm.dll+0x7441d5]
V  [jvm.dll+0x74418b]
V  [jvm.dll+0x5f7f6f]
V  [jvm.dll+0x5f8738]
C  [ntdll.dll+0xa11cf]
C  [ntdll.dll+0x6a209]
C  [ntdll.dll+0x9fe3e]
C  0x000001ee0be410ad

VM_Operation (0x00000084ebfe92d0): G1CollectForAllocation, mode: safepoint, requested by thread 0x000001ee0282a800


---------------  P R O C E S S  ---------------

Threads class SMR info:
_java_thread_list=0x000001ee214b5a20, length=13, elements={
0x000001ee0282a800, 0x000001ee02a49800, 0x000001ee02a4c800, 0x000001ee02a6b800,
0x000001ee02a6c000, 0x000001ee02a6d000, 0x000001ee02a6e000, 0x000001ee02a72800,
0x000001ee02a7f000, 0x000001ee02bb9000, 0x000001ee02bc1000, 0x000001ee02cc4800,
0x000001ee21557000
}

Java Threads: ( => current thread )
  0x000001ee0282a800 JavaThread "main" [_thread_blocked, id=33424, stack(0x00000084ebe00000,0x00000084ebff0000)]
  0x000001ee02a49800 JavaThread "Reference Handler" daemon [_thread_blocked, id=29144, stack(0x00000084ee2d0000,0x00000084ee4c0000)]
  0x000001ee02a4c800 JavaThread "Finalizer" daemon [_thread_blocked, id=21800, stack(0x00000084ee4c0000,0x00000084ee6b0000)]
  0x000001ee02a6b800 JavaThread "Signal Dispatcher" daemon [_thread_blocked, id=25548, stack(0x00000084ee6b0000,0x00000084ee8a0000)]
  0x000001ee02a6c000 JavaThread "Attach Listener" daemon [_thread_blocked, id=25316, stack(0x00000084ee8a0000,0x00000084eea90000)]
  0x000001ee02a6d000 JavaThread "Service Thread" daemon [_thread_blocked, id=14564, stack(0x00000084eea90000,0x00000084eec80000)]
  0x000001ee02a6e000 JavaThread "C2 CompilerThread0" daemon [_thread_blocked, id=28736, stack(0x00000084eec80000,0x00000084eee70000)]
  0x000001ee02a72800 JavaThread "C1 CompilerThread0" daemon [_thread_blocked, id=21204, stack(0x00000084eee70000,0x00000084ef060000)]
  0x000001ee02a7f000 JavaThread "Sweeper thread" daemon [_thread_blocked, id=32260, stack(0x00000084ef060000,0x00000084ef250000)]
  0x000001ee02bb9000 JavaThread "Notification Thread" daemon [_thread_blocked, id=21532, stack(0x00000084ef250000,0x00000084ef440000)]
  0x000001ee02bc1000 JavaThread "Common-Cleaner" daemon [_thread_blocked, id=18464, stack(0x00000084ef630000,0x00000084ef820000)]
  0x000001ee02cc4800 JavaThread "Python Reference Queue" daemon [_thread_blocked, id=34268, stack(0x00000084efa10000,0x00000084efc00000)]
  0x000001ee21557000 JavaThread "C2 CompilerThread1" daemon [_thread_in_native, id=9760, stack(0x00000084ef820000,0x00000084efa10000)]

Other Threads:
=>0x000001ee02a47000 VMThread "VM Thread" [stack: 0x00000084ee0e0000,0x00000084ee2d0000] [id=34248]
  0x000001ee02bbd800 WatcherThread [stack: 0x00000084ef440000,0x00000084ef630000] [id=34008]
  0x000001ee02853000 GCTaskThread "GC Thread#0" [stack: 0x00000084ed730000,0x00000084ed920000] [id=34056]
  0x000001ee02f33000 GCTaskThread "GC Thread#1" [stack: 0x00000084efc00000,0x00000084efdf0000] [id=25412]
  0x000001ee02f33800 GCTaskThread "GC Thread#2" [stack: 0x00000084efdf0000,0x00000084effe0000] [id=35328]
  0x000001ee2500d000 GCTaskThread "GC Thread#3" [stack: 0x00000084f01d0000,0x00000084f03c0000] [id=34380]
  0x000001ee02856000 ConcurrentGCThread "G1 Main Marker" [stack: 0x00000084ed920000,0x00000084edb10000] [id=20008]
  0x000001ee0285b000 ConcurrentGCThread "G1 Conc#0" [stack: 0x00000084edb10000,0x00000084edd00000] [id=32992]
  0x000001ee01a9d000 ConcurrentGCThread "G1 Refine#0" [stack: 0x00000084edd00000,0x00000084edef0000] [id=24100]
  0x000001ee031d3000 ConcurrentGCThread "G1 Refine#1" [stack: 0x00000084effe0000,0x00000084f01d0000] [id=32116]
  0x000001ee028ac000 ConcurrentGCThread "G1 Young RemSet Sampling" [stack: 0x00000084edef0000,0x00000084ee0e0000] [id=26480]

Threads with active compile tasks:
C2 CompilerThread1    14951 2095       4       org.openkoreantext.processor.util.KoreanConjugation$::$anonfun$conjugatePredicated$1 (4900 bytes)

VM state:at safepoint (normal execution)

VM Mutex/Monitor currently owned by a thread:  ([mutex/lock_event])
[0x000001ee0140c680] Threads_lock - owner thread: 0x000001ee02a47000
[0x000001ee0140d130] Heap_lock - owner thread: 0x000001ee0282a800

Heap address: 0x00000000c0000000, size: 1024 MB, Compressed Oops mode: 32-bit
Narrow klass base: 0x0000000800000000, Narrow klass shift: 3
Compressed class space size: 1073741824 Address: 0x0000000800b30000

Heap:
 garbage-first heap   total 315392K, used 73992K [0x00000000c0000000, 0x0000000100000000)
  region size 1024K, 6 young (6144K), 6 survivors (6144K)
 Metaspace       used 10198K, capacity 11868K, committed 12032K, reserved 1058816K
  class space    used 1611K, capacity 1948K, committed 2048K, reserved 1048576K
Heap Regions: E=young(eden), S=young(survivor), O=old, HS=humongous(starts), HC=humongous(continues), CS=collection set, F=free, OA=open archive, CA=closed archive, TAMS=top-at-mark-start (previous, next)
|   0|0x00000000c0000000, 0x00000000c00fffe8, 0x00000000c0100000| 99%| O|  |TAMS 0x00000000c0000000, 0x00000000c0000000| Untracked 
|   1|0x00000000c0100000, 0x00000000c01ffff8, 0x00000000c0200000| 99%| O|  |TAMS 0x00000000c0100000, 0x00000000c0100000| Untracked 
|   2|0x00000000c0200000, 0x00000000c02fffe8, 0x00000000c0300000| 99%| O|  |TAMS 0x00000000c0200000, 0x00000000c0200000| Untracked 
|   3|0x00000000c0300000, 0x00000000c03fffa8, 0x00000000c0400000| 99%| O|  |TAMS 0x00000000c0300000, 0x00000000c0300000| Untracked 
|   4|0x00000000c0400000, 0x00000000c0500000, 0x00000000c0500000|100%| O|  |TAMS 0x00000000c0400000, 0x00000000c0400000| Untracked 
|   5|0x00000000c0500000, 0x00000000c05ffe38, 0x00000000c0600000| 99%| O|  |TAMS 0x00000000c0500000, 0x00000000c0500000| Untracked 
|   6|0x00000000c0600000, 0x00000000c06ffff8, 0x00000000c0700000| 99%| O|  |TAMS 0x00000000c0600000, 0x00000000c0600000| Untracked 
|   7|0x00000000c0700000, 0x00000000c0800000, 0x00000000c0800000|100%| O|  |TAMS 0x00000000c0700000, 0x00000000c0700000| Untracked 
|   8|0x00000000c0800000, 0x00000000c08ffff0, 0x00000000c0900000| 99%| O|  |TAMS 0x00000000c0800000, 0x00000000c0800000| Untracked 
|   9|0x00000000c0900000, 0x00000000c09ffff8, 0x00000000c0a00000| 99%| O|  |TAMS 0x00000000c0900000, 0x00000000c0900000| Untracked 
|  10|0x00000000c0a00000, 0x00000000c0b00000, 0x00000000c0b00000|100%| O|  |TAMS 0x00000000c0a00000, 0x00000000c0a00000| Untracked 
|  11|0x00000000c0b00000, 0x00000000c0c00000, 0x00000000c0c00000|100%| O|  |TAMS 0x00000000c0b00000, 0x00000000c0b00000| Untracked 
|  12|0x00000000c0c00000, 0x00000000c0cffff8, 0x00000000c0d00000| 99%| O|  |TAMS 0x00000000c0c00000, 0x00000000c0c00000| Untracked 
|  13|0x00000000c0d00000, 0x00000000c0e00000, 0x00000000c0e00000|100%|HS|  |TAMS 0x00000000c0d00000, 0x00000000c0d00000| Untracked 
|  14|0x00000000c0e00000, 0x00000000c0f00000, 0x00000000c0f00000|100%|HC|  |TAMS 0x00000000c0e00000, 0x00000000c0e00000| Untracked 
|  15|0x00000000c0f00000, 0x00000000c1000000, 0x00000000c1000000|100%|HS|  |TAMS 0x00000000c0f00000, 0x00000000c0f00000| Untracked 
|  16|0x00000000c1000000, 0x00000000c1100000, 0x00000000c1100000|100%|HC|  |TAMS 0x00000000c1000000, 0x00000000c1000000| Untracked 
|  17|0x00000000c1100000, 0x00000000c11ffff0, 0x00000000c1200000| 99%| O|  |TAMS 0x00000000c1100000, 0x00000000c1100000| Untracked 
|  18|0x00000000c1200000, 0x00000000c12ffff8, 0x00000000c1300000| 99%| O|  |TAMS 0x00000000c1200000, 0x00000000c1200000| Untracked 
|  19|0x00000000c1300000, 0x00000000c1400000, 0x00000000c1400000|100%| O|  |TAMS 0x00000000c1300000, 0x00000000c1300000| Untracked 
|  20|0x00000000c1400000, 0x00000000c14fffe8, 0x00000000c1500000| 99%| O|  |TAMS 0x00000000c1400000, 0x00000000c1400000| Untracked 
|  21|0x00000000c1500000, 0x00000000c1600000, 0x00000000c1600000|100%|HS|  |TAMS 0x00000000c1500000, 0x00000000c1500000| Untracked 
|  22|0x00000000c1600000, 0x00000000c1700000, 0x00000000c1700000|100%|HS|  |TAMS 0x00000000c1600000, 0x00000000c1600000| Untracked 
|  23|0x00000000c1700000, 0x00000000c17ffff8, 0x00000000c1800000| 99%| O|  |TAMS 0x00000000c1700000, 0x00000000c1700000| Untracked 
|  24|0x00000000c1800000, 0x00000000c18ffff8, 0x00000000c1900000| 99%| O|  |TAMS 0x00000000c1800000, 0x00000000c1800000| Untracked 
|  25|0x00000000c1900000, 0x00000000c19ffff8, 0x00000000c1a00000| 99%| O|  |TAMS 0x00000000c1900000, 0x00000000c1900000| Untracked 
|  26|0x00000000c1a00000, 0x00000000c1affff0, 0x00000000c1b00000| 99%| O|  |TAMS 0x00000000c1a00000, 0x00000000c1a00000| Untracked 
|  27|0x00000000c1b00000, 0x00000000c1bfffe8, 0x00000000c1c00000| 99%| O|  |TAMS 0x00000000c1b00000, 0x00000000c1b00000| Untracked 
|  28|0x00000000c1c00000, 0x00000000c1cffff8, 0x00000000c1d00000| 99%| O|  |TAMS 0x00000000c1c00000, 0x00000000c1c00000| Untracked 
|  29|0x00000000c1d00000, 0x00000000c1dffff8, 0x00000000c1e00000| 99%| O|  |TAMS 0x00000000c1d00000, 0x00000000c1d00000| Untracked 
|  30|0x00000000c1e00000, 0x00000000c1f00000, 0x00000000c1f00000|100%| O|  |TAMS 0x00000000c1e00000, 0x00000000c1e00000| Untracked 
|  31|0x00000000c1f00000, 0x00000000c1f5cf40, 0x00000000c2000000| 36%| O|  |TAMS 0x00000000c1f00000, 0x00000000c1f00000| Untracked 
|  32|0x00000000c2000000, 0x00000000c2100000, 0x00000000c2100000|100%|HS|  |TAMS 0x00000000c2000000, 0x00000000c2000000| Untracked 
|  33|0x00000000c2100000, 0x00000000c2200000, 0x00000000c2200000|100%|HC|  |TAMS 0x00000000c2100000, 0x00000000c2100000| Untracked 
|  34|0x00000000c2200000, 0x00000000c2300000, 0x00000000c2300000|100%|HS|  |TAMS 0x00000000c2200000, 0x00000000c2200000| Untracked 
|  35|0x00000000c2300000, 0x00000000c2400000, 0x00000000c2400000|100%|HC|  |TAMS 0x00000000c2300000, 0x00000000c2300000| Untracked 
|  36|0x00000000c2400000, 0x00000000c24fb4a8, 0x00000000c2500000| 98%| O|  |TAMS 0x00000000c2400000, 0x00000000c2400000| Untracked 
|  37|0x00000000c2500000, 0x00000000c25fefc8, 0x00000000c2600000| 99%| O|  |TAMS 0x00000000c2500000, 0x00000000c2500000| Untracked 
|  38|0x00000000c2600000, 0x00000000c2700000, 0x00000000c2700000|100%|HS|  |TAMS 0x00000000c2600000, 0x00000000c2600000| Untracked 
|  39|0x00000000c2700000, 0x00000000c2800000, 0x00000000c2800000|100%|HC|  |TAMS 0x00000000c2700000, 0x00000000c2700000| Untracked 
|  40|0x00000000c2800000, 0x00000000c28ffff8, 0x00000000c2900000| 99%| O|  |TAMS 0x00000000c2800000, 0x00000000c2800000| Untracked 
|  41|0x00000000c2900000, 0x00000000c29ffff0, 0x00000000c2a00000| 99%| O|  |TAMS 0x00000000c2900000, 0x00000000c2900000| Untracked 
|  42|0x00000000c2a00000, 0x00000000c2b00000, 0x00000000c2b00000|100%| O|  |TAMS 0x00000000c2a00000, 0x00000000c2a00000| Untracked 
|  43|0x00000000c2b00000, 0x00000000c2c00000, 0x00000000c2c00000|100%|HS|  |TAMS 0x00000000c2b00000, 0x00000000c2b00000| Untracked 
|  44|0x00000000c2c00000, 0x00000000c2d00000, 0x00000000c2d00000|100%|HC|  |TAMS 0x00000000c2c00000, 0x00000000c2c00000| Untracked 
|  45|0x00000000c2d00000, 0x00000000c2dffff8, 0x00000000c2e00000| 99%| O|  |TAMS 0x00000000c2d00000, 0x00000000c2d00000| Untracked 
|  46|0x00000000c2e00000, 0x00000000c2effff8, 0x00000000c2f00000| 99%| O|  |TAMS 0x00000000c2e00000, 0x00000000c2e00000| Untracked 
|  47|0x00000000c2f00000, 0x00000000c2fffff8, 0x00000000c3000000| 99%| O|  |TAMS 0x00000000c2f00000, 0x00000000c2f00000| Untracked 
|  48|0x00000000c3000000, 0x00000000c30fffe8, 0x00000000c3100000| 99%| O|  |TAMS 0x00000000c3000000, 0x00000000c3000000| Untracked 
|  49|0x00000000c3100000, 0x00000000c3200000, 0x00000000c3200000|100%| O|  |TAMS 0x00000000c3100000, 0x00000000c3100000| Untracked 
|  50|0x00000000c3200000, 0x00000000c3300000, 0x00000000c3300000|100%| O|  |TAMS 0x00000000c3200000, 0x00000000c3200000| Untracked 
|  51|0x00000000c3300000, 0x00000000c3400000, 0x00000000c3400000|100%| O|  |TAMS 0x00000000c3300000, 0x00000000c3300000| Untracked 
|  52|0x00000000c3400000, 0x00000000c34ffff8, 0x00000000c3500000| 99%| O|  |TAMS 0x00000000c3400000, 0x00000000c3400000| Untracked 
|  53|0x00000000c3500000, 0x00000000c35ffff8, 0x00000000c3600000| 99%| O|  |TAMS 0x00000000c3500000, 0x00000000c3500000| Untracked 
|  54|0x00000000c3600000, 0x00000000c3700000, 0x00000000c3700000|100%|HS|  |TAMS 0x00000000c3600000, 0x00000000c3600000| Untracked 
|  55|0x00000000c3700000, 0x00000000c3800000, 0x00000000c3800000|100%| O|  |TAMS 0x00000000c3700000, 0x00000000c3700000| Untracked 
|  56|0x00000000c3800000, 0x00000000c3900000, 0x00000000c3900000|100%| O|  |TAMS 0x00000000c3800000, 0x00000000c3800000| Untracked 
|  57|0x00000000c3900000, 0x00000000c3a00000, 0x00000000c3a00000|100%| O|  |TAMS 0x00000000c3900000, 0x00000000c3900000| Untracked 
|  58|0x00000000c3a00000, 0x00000000c3b00000, 0x00000000c3b00000|100%| O|  |TAMS 0x00000000c3a00000, 0x00000000c3a00000| Untracked 
|  59|0x00000000c3b00000, 0x00000000c3c00000, 0x00000000c3c00000|100%| O|  |TAMS 0x00000000c3b00000, 0x00000000c3b00000| Untracked 
|  60|0x00000000c3c00000, 0x00000000c3cffff0, 0x00000000c3d00000| 99%| O|  |TAMS 0x00000000c3c00000, 0x00000000c3c00000| Untracked 
|  61|0x00000000c3d00000, 0x00000000c3e00000, 0x00000000c3e00000|100%| O|  |TAMS 0x00000000c3d00000, 0x00000000c3d00000| Untracked 
|  62|0x00000000c3e00000, 0x00000000c3e0a028, 0x00000000c3f00000|  3%| O|  |TAMS 0x00000000c3e00000, 0x00000000c3e00000| Untracked 
|  63|0x00000000c3f00000, 0x00000000c4000000, 0x00000000c4000000|100%| O|  |TAMS 0x00000000c3f00000, 0x00000000c3f00000| Untracked 
|  64|0x00000000c4000000, 0x00000000c4100000, 0x00000000c4100000|100%| O|  |TAMS 0x00000000c4000000, 0x00000000c4000000| Untracked 
|  65|0x00000000c4100000, 0x00000000c4200000, 0x00000000c4200000|100%| O|  |TAMS 0x00000000c4100000, 0x00000000c4100000| Untracked 
|  66|0x00000000c4200000, 0x00000000c4300000, 0x00000000c4300000|100%| O|  |TAMS 0x00000000c4200000, 0x00000000c4200000| Untracked 
|  67|0x00000000c4300000, 0x00000000c43a9e00, 0x00000000c4400000| 66%| O|  |TAMS 0x00000000c4300000, 0x00000000c4300000| Untracked 
|  68|0x00000000c4400000, 0x00000000c4400000, 0x00000000c4500000|  0%| F|  |TAMS 0x00000000c4400000, 0x00000000c4400000| Untracked 
|  69|0x00000000c4500000, 0x00000000c4500000, 0x00000000c4600000|  0%| F|  |TAMS 0x00000000c4500000, 0x00000000c4500000| Untracked 
|  70|0x00000000c4600000, 0x00000000c4600000, 0x00000000c4700000|  0%| F|  |TAMS 0x00000000c4600000, 0x00000000c4600000| Untracked 
|  71|0x00000000c4700000, 0x00000000c4700000, 0x00000000c4800000|  0%| F|  |TAMS 0x00000000c4700000, 0x00000000c4700000| Untracked 
|  72|0x00000000c4800000, 0x00000000c4800000, 0x00000000c4900000|  0%| F|  |TAMS 0x00000000c4800000, 0x00000000c4800000| Untracked 
|  73|0x00000000c4900000, 0x00000000c4900000, 0x00000000c4a00000|  0%| F|  |TAMS 0x00000000c4900000, 0x00000000c4900000| Untracked 
|  74|0x00000000c4a00000, 0x00000000c4a00000, 0x00000000c4b00000|  0%| F|  |TAMS 0x00000000c4a00000, 0x00000000c4a00000| Untracked 
|  75|0x00000000c4b00000, 0x00000000c4b00000, 0x00000000c4c00000|  0%| F|  |TAMS 0x00000000c4b00000, 0x00000000c4b00000| Untracked 
|  76|0x00000000c4c00000, 0x00000000c4c00000, 0x00000000c4d00000|  0%| F|  |TAMS 0x00000000c4c00000, 0x00000000c4c00000| Untracked 
|  77|0x00000000c4d00000, 0x00000000c4d00000, 0x00000000c4e00000|  0%| F|  |TAMS 0x00000000c4d00000, 0x00000000c4d00000| Untracked 
|  78|0x00000000c4e00000, 0x00000000c4e00000, 0x00000000c4f00000|  0%| F|  |TAMS 0x00000000c4e00000, 0x00000000c4e00000| Untracked 
|  79|0x00000000c4f00000, 0x00000000c4f37298, 0x00000000c5000000| 21%| O|  |TAMS 0x00000000c4f00000, 0x00000000c4f00000| Untracked 
|  80|0x00000000c5000000, 0x00000000c5000000, 0x00000000c5100000|  0%| F|  |TAMS 0x00000000c5000000, 0x00000000c5000000| Untracked 
|  81|0x00000000c5100000, 0x00000000c5100000, 0x00000000c5200000|  0%| F|  |TAMS 0x00000000c5100000, 0x00000000c5100000| Untracked 
|  82|0x00000000c5200000, 0x00000000c5200000, 0x00000000c5300000|  0%| F|  |TAMS 0x00000000c5200000, 0x00000000c5200000| Untracked 
|  83|0x00000000c5300000, 0x00000000c5300000, 0x00000000c5400000|  0%| F|  |TAMS 0x00000000c5300000, 0x00000000c5300000| Untracked 
|  84|0x00000000c5400000, 0x00000000c5400000, 0x00000000c5500000|  0%| F|  |TAMS 0x00000000c5400000, 0x00000000c5400000| Untracked 
|  85|0x00000000c5500000, 0x00000000c5500000, 0x00000000c5600000|  0%| F|  |TAMS 0x00000000c5500000, 0x00000000c5500000| Untracked 
|  86|0x00000000c5600000, 0x00000000c5600000, 0x00000000c5700000|  0%| F|  |TAMS 0x00000000c5600000, 0x00000000c5600000| Untracked 
|  87|0x00000000c5700000, 0x00000000c5700000, 0x00000000c5800000|  0%| F|  |TAMS 0x00000000c5700000, 0x00000000c5700000| Untracked 
|  88|0x00000000c5800000, 0x00000000c5800000, 0x00000000c5900000|  0%| F|  |TAMS 0x00000000c5800000, 0x00000000c5800000| Untracked 
|  89|0x00000000c5900000, 0x00000000c5900000, 0x00000000c5a00000|  0%| F|  |TAMS 0x00000000c5900000, 0x00000000c5900000| Untracked 
|  90|0x00000000c5a00000, 0x00000000c5a00000, 0x00000000c5b00000|  0%| F|  |TAMS 0x00000000c5a00000, 0x00000000c5a00000| Untracked 
|  91|0x00000000c5b00000, 0x00000000c5b00000, 0x00000000c5c00000|  0%| F|  |TAMS 0x00000000c5b00000, 0x00000000c5b00000| Untracked 
|  92|0x00000000c5c00000, 0x00000000c5c00000, 0x00000000c5d00000|  0%| F|  |TAMS 0x00000000c5c00000, 0x00000000c5c00000| Untracked 
|  93|0x00000000c5d00000, 0x00000000c5e00000, 0x00000000c5e00000|100%| S|CS|TAMS 0x00000000c5d00000, 0x00000000c5d00000| Complete 
|  94|0x00000000c5e00000, 0x00000000c5f00000, 0x00000000c5f00000|100%| S|CS|TAMS 0x00000000c5e00000, 0x00000000c5e00000| Complete 
|  95|0x00000000c5f00000, 0x00000000c6000000, 0x00000000c6000000|100%| S|CS|TAMS 0x00000000c5f00000, 0x00000000c5f00000| Complete 
|  96|0x00000000c6000000, 0x00000000c6100000, 0x00000000c6100000|100%| S|CS|TAMS 0x00000000c6000000, 0x00000000c6000000| Complete 
|  97|0x00000000c6100000, 0x00000000c6100000, 0x00000000c6200000|  0%| F|  |TAMS 0x00000000c6100000, 0x00000000c6100000| Untracked 
|  98|0x00000000c6200000, 0x00000000c6200000, 0x00000000c6300000|  0%| F|  |TAMS 0x00000000c6200000, 0x00000000c6200000| Untracked 
|  99|0x00000000c6300000, 0x00000000c6300000, 0x00000000c6400000|  0%| F|  |TAMS 0x00000000c6300000, 0x00000000c6300000| Untracked 
| 100|0x00000000c6400000, 0x00000000c6400000, 0x00000000c6500000|  0%| F|  |TAMS 0x00000000c6400000, 0x00000000c6400000| Untracked 
| 101|0x00000000c6500000, 0x00000000c6500000, 0x00000000c6600000|  0%| F|  |TAMS 0x00000000c6500000, 0x00000000c6500000| Untracked 
| 102|0x00000000c6600000, 0x00000000c6700000, 0x00000000c6700000|100%| S|CS|TAMS 0x00000000c6600000, 0x00000000c6600000| Complete 
| 103|0x00000000c6700000, 0x00000000c6800000, 0x00000000c6800000|100%| S|CS|TAMS 0x00000000c6700000, 0x00000000c6700000| Complete 
| 104|0x00000000c6800000, 0x00000000c6800000, 0x00000000c6900000|  0%| F|  |TAMS 0x00000000c6800000, 0x00000000c6800000| Untracked 
| 105|0x00000000c6900000, 0x00000000c6900000, 0x00000000c6a00000|  0%| F|  |TAMS 0x00000000c6900000, 0x00000000c6900000| Untracked 
| 106|0x00000000c6a00000, 0x00000000c6a00000, 0x00000000c6b00000|  0%| F|  |TAMS 0x00000000c6a00000, 0x00000000c6a00000| Untracked 
| 107|0x00000000c6b00000, 0x00000000c6b00000, 0x00000000c6c00000|  0%| F|  |TAMS 0x00000000c6b00000, 0x00000000c6b00000| Untracked 
| 108|0x00000000c6c00000, 0x00000000c6c00000, 0x00000000c6d00000|  0%| F|  |TAMS 0x00000000c6c00000, 0x00000000c6c00000| Untracked 
| 109|0x00000000c6d00000, 0x00000000c6d00000, 0x00000000c6e00000|  0%| F|  |TAMS 0x00000000c6d00000, 0x00000000c6d00000| Untracked 
| 110|0x00000000c6e00000, 0x00000000c6e00000, 0x00000000c6f00000|  0%| F|  |TAMS 0x00000000c6e00000, 0x00000000c6e00000| Untracked 
| 111|0x00000000c6f00000, 0x00000000c6f00000, 0x00000000c7000000|  0%| F|  |TAMS 0x00000000c6f00000, 0x00000000c6f00000| Untracked 
| 112|0x00000000c7000000, 0x00000000c7000000, 0x00000000c7100000|  0%| F|  |TAMS 0x00000000c7000000, 0x00000000c7000000| Untracked 
| 113|0x00000000c7100000, 0x00000000c7100000, 0x00000000c7200000|  0%| F|  |TAMS 0x00000000c7100000, 0x00000000c7100000| Untracked 
| 114|0x00000000c7200000, 0x00000000c7200000, 0x00000000c7300000|  0%| F|  |TAMS 0x00000000c7200000, 0x00000000c7200000| Untracked 
| 115|0x00000000c7300000, 0x00000000c7300000, 0x00000000c7400000|  0%| F|  |TAMS 0x00000000c7300000, 0x00000000c7300000| Untracked 
| 116|0x00000000c7400000, 0x00000000c7400000, 0x00000000c7500000|  0%| F|  |TAMS 0x00000000c7400000, 0x00000000c7400000| Untracked 
| 117|0x00000000c7500000, 0x00000000c7500000, 0x00000000c7600000|  0%| F|  |TAMS 0x00000000c7500000, 0x00000000c7500000| Untracked 
| 118|0x00000000c7600000, 0x00000000c7600000, 0x00000000c7700000|  0%| F|  |TAMS 0x00000000c7600000, 0x00000000c7600000| Untracked 
| 119|0x00000000c7700000, 0x00000000c7700000, 0x00000000c7800000|  0%| F|  |TAMS 0x00000000c7700000, 0x00000000c7700000| Untracked 
| 120|0x00000000c7800000, 0x00000000c7800000, 0x00000000c7900000|  0%| F|  |TAMS 0x00000000c7800000, 0x00000000c7800000| Untracked 
| 121|0x00000000c7900000, 0x00000000c7900000, 0x00000000c7a00000|  0%| F|  |TAMS 0x00000000c7900000, 0x00000000c7900000| Untracked 
| 122|0x00000000c7a00000, 0x00000000c7a00000, 0x00000000c7b00000|  0%| F|  |TAMS 0x00000000c7a00000, 0x00000000c7a00000| Untracked 
| 123|0x00000000c7b00000, 0x00000000c7b00000, 0x00000000c7c00000|  0%| F|  |TAMS 0x00000000c7b00000, 0x00000000c7b00000| Untracked 
| 124|0x00000000c7c00000, 0x00000000c7c00000, 0x00000000c7d00000|  0%| F|  |TAMS 0x00000000c7c00000, 0x00000000c7c00000| Untracked 
| 125|0x00000000c7d00000, 0x00000000c7d00000, 0x00000000c7e00000|  0%| F|  |TAMS 0x00000000c7d00000, 0x00000000c7d00000| Untracked 
| 126|0x00000000c7e00000, 0x00000000c7e00000, 0x00000000c7f00000|  0%| F|  |TAMS 0x00000000c7e00000, 0x00000000c7e00000| Untracked 
| 127|0x00000000c7f00000, 0x00000000c7f00000, 0x00000000c8000000|  0%| F|  |TAMS 0x00000000c7f00000, 0x00000000c7f00000| Untracked 
| 128|0x00000000c8000000, 0x00000000c8000000, 0x00000000c8100000|  0%| F|  |TAMS 0x00000000c8000000, 0x00000000c8000000| Untracked 
| 129|0x00000000c8100000, 0x00000000c8100000, 0x00000000c8200000|  0%| F|  |TAMS 0x00000000c8100000, 0x00000000c8100000| Untracked 
| 130|0x00000000c8200000, 0x00000000c8200000, 0x00000000c8300000|  0%| F|  |TAMS 0x00000000c8200000, 0x00000000c8200000| Untracked 
| 131|0x00000000c8300000, 0x00000000c8300000, 0x00000000c8400000|  0%| F|  |TAMS 0x00000000c8300000, 0x00000000c8300000| Untracked 
| 132|0x00000000c8400000, 0x00000000c8400000, 0x00000000c8500000|  0%| F|  |TAMS 0x00000000c8400000, 0x00000000c8400000| Untracked 
| 133|0x00000000c8500000, 0x00000000c8500000, 0x00000000c8600000|  0%| F|  |TAMS 0x00000000c8500000, 0x00000000c8500000| Untracked 
| 134|0x00000000c8600000, 0x00000000c8600000, 0x00000000c8700000|  0%| F|  |TAMS 0x00000000c8600000, 0x00000000c8600000| Untracked 
| 135|0x00000000c8700000, 0x00000000c8700000, 0x00000000c8800000|  0%| F|  |TAMS 0x00000000c8700000, 0x00000000c8700000| Untracked 
| 136|0x00000000c8800000, 0x00000000c8800000, 0x00000000c8900000|  0%| F|  |TAMS 0x00000000c8800000, 0x00000000c8800000| Untracked 
| 137|0x00000000c8900000, 0x00000000c8900000, 0x00000000c8a00000|  0%| F|  |TAMS 0x00000000c8900000, 0x00000000c8900000| Untracked 
| 138|0x00000000c8a00000, 0x00000000c8a00000, 0x00000000c8b00000|  0%| F|  |TAMS 0x00000000c8a00000, 0x00000000c8a00000| Untracked 
| 139|0x00000000c8b00000, 0x00000000c8b00000, 0x00000000c8c00000|  0%| F|  |TAMS 0x00000000c8b00000, 0x00000000c8b00000| Untracked 
| 140|0x00000000c8c00000, 0x00000000c8c00000, 0x00000000c8d00000|  0%| F|  |TAMS 0x00000000c8c00000, 0x00000000c8c00000| Untracked 
| 141|0x00000000c8d00000, 0x00000000c8d00000, 0x00000000c8e00000|  0%| F|  |TAMS 0x00000000c8d00000, 0x00000000c8d00000| Untracked 
| 142|0x00000000c8e00000, 0x00000000c8e00000, 0x00000000c8f00000|  0%| F|  |TAMS 0x00000000c8e00000, 0x00000000c8e00000| Untracked 
| 143|0x00000000c8f00000, 0x00000000c8f00000, 0x00000000c9000000|  0%| F|  |TAMS 0x00000000c8f00000, 0x00000000c8f00000| Untracked 
| 144|0x00000000c9000000, 0x00000000c9000000, 0x00000000c9100000|  0%| F|  |TAMS 0x00000000c9000000, 0x00000000c9000000| Untracked 
| 145|0x00000000c9100000, 0x00000000c9100000, 0x00000000c9200000|  0%| F|  |TAMS 0x00000000c9100000, 0x00000000c9100000| Untracked 
| 146|0x00000000c9200000, 0x00000000c9200000, 0x00000000c9300000|  0%| F|  |TAMS 0x00000000c9200000, 0x00000000c9200000| Untracked 
| 147|0x00000000c9300000, 0x00000000c9300000, 0x00000000c9400000|  0%| F|  |TAMS 0x00000000c9300000, 0x00000000c9300000| Untracked 
| 148|0x00000000c9400000, 0x00000000c9400000, 0x00000000c9500000|  0%| F|  |TAMS 0x00000000c9400000, 0x00000000c9400000| Untracked 
| 149|0x00000000c9500000, 0x00000000c9500000, 0x00000000c9600000|  0%| F|  |TAMS 0x00000000c9500000, 0x00000000c9500000| Untracked 
| 150|0x00000000c9600000, 0x00000000c9600000, 0x00000000c9700000|  0%| F|  |TAMS 0x00000000c9600000, 0x00000000c9600000| Untracked 
| 151|0x00000000c9700000, 0x00000000c9700000, 0x00000000c9800000|  0%| F|  |TAMS 0x00000000c9700000, 0x00000000c9700000| Untracked 
| 152|0x00000000c9800000, 0x00000000c9800000, 0x00000000c9900000|  0%| F|  |TAMS 0x00000000c9800000, 0x00000000c9800000| Untracked 
| 153|0x00000000c9900000, 0x00000000c9900000, 0x00000000c9a00000|  0%| F|  |TAMS 0x00000000c9900000, 0x00000000c9900000| Untracked 

Card table byte_map: [0x000001ee1b670000,0x000001ee1b870000] _byte_map_base: 0x000001ee1b070000

Marking Bits (Prev, Next): (CMBitMap*) 0x000001ee0255e188, (CMBitMap*) 0x000001ee0255e1c8
 Prev Bits: [0x000001ee1ba70000, 0x000001ee1ca70000)
 Next Bits: [0x000001ee1ca70000, 0x000001ee1da70000)

Polling page: 0x000001ee0be20000

Metaspace:

Usage:
  Non-class:      9.69 MB capacity,     8.39 MB ( 87%) used,     1.27 MB ( 13%) free+waste,    33.88 KB ( <1%) overhead. 
      Class:      1.90 MB capacity,     1.57 MB ( 83%) used,   317.05 KB ( 16%) free+waste,    19.88 KB (  1%) overhead. 
       Both:     11.59 MB capacity,     9.96 MB ( 86%) used,     1.58 MB ( 14%) free+waste,    53.75 KB ( <1%) overhead. 

Virtual space:
  Non-class space:       10.00 MB reserved,       9.75 MB ( 98%) committed 
      Class space:        1.00 GB reserved,       2.00 MB ( <1%) committed 
             Both:        1.01 GB reserved,      11.75 MB (  1%) committed 

Chunk freelists:
   Non-Class:  0 bytes
       Class:  4.00 KB
        Both:  4.00 KB

MaxMetaspaceSize: 17179869184.00 GB
CompressedClassSpaceSize: 1.00 GB

CodeHeap 'non-profiled nmethods': size=120000Kb used=1542Kb max_used=1542Kb free=118457Kb
 bounds [0x000001ee13910000, 0x000001ee13b80000, 0x000001ee1ae40000]
CodeHeap 'profiled nmethods': size=120000Kb used=5137Kb max_used=5137Kb free=114862Kb
 bounds [0x000001ee0c3e0000, 0x000001ee0c8f0000, 0x000001ee13910000]
CodeHeap 'non-nmethods': size=5760Kb used=1169Kb max_used=1214Kb free=4590Kb
 bounds [0x000001ee0be40000, 0x000001ee0c0b0000, 0x000001ee0c3e0000]
 total_blobs=3088 nmethods=2672 adapters=327
 compilation: enabled
              stopped_count=0, restarted_count=0
 full_count=0

Compilation events (20 events):
Event: 14.686 Thread 0x000001ee02a6e000 2668       4       scala.collection.immutable.Set$Set2::$plus (6 bytes)
Event: 14.691 Thread 0x000001ee02a6e000 nmethod 2668 0x000001ee13a8eb10 code [0x000001ee13a8ed60, 0x000001ee13a8f258]
Event: 14.691 Thread 0x000001ee02a6e000 2669       4       scala.collection.immutable.Set$Set3::<init> (32 bytes)
Event: 14.695 Thread 0x000001ee02a6e000 nmethod 2669 0x000001ee13a8f610 code [0x000001ee13a8f780, 0x000001ee13a8fa98]
Event: 14.695 Thread 0x000001ee02a6e000 2670       4       scala.collection.immutable.Set$Set3::$plus (6 bytes)
Event: 14.697 Thread 0x000001ee02a72800 2671       3       scala.collection.immutable.HashSet$HashSetCollision1::foreach (9 bytes)
Event: 14.698 Thread 0x000001ee02a72800 nmethod 2671 0x000001ee0c8e2110 code [0x000001ee0c8e2320, 0x000001ee0c8e2bc8]
Event: 14.703 Thread 0x000001ee02a6e000 nmethod 2670 0x000001ee13a8fb10 code [0x000001ee13a8fdc0, 0x000001ee13a904e8]
Event: 14.713 Thread 0x000001ee02a6e000 2672       4       scala.collection.immutable.HashSet$HashSetCollision1::size (8 bytes)
Event: 14.715 Thread 0x000001ee02a6e000 nmethod 2672 0x000001ee13a90a10 code [0x000001ee13a90be0, 0x000001ee13a90d98]
Event: 14.716 Thread 0x000001ee02a6e000 2673       4       scala.collection.immutable.List::length (5 bytes)
Event: 14.741 Thread 0x000001ee02a6e000 nmethod 2673 0x000001ee13a90f10 code [0x000001ee13a910e0, 0x000001ee13a91278]
Event: 14.764 Thread 0x000001ee02a72800 2674       3       org.openkoreantext.processor.util.KoreanConjugation$$$Lambda$97/0x0000000800cac040::apply (13 bytes)
Event: 14.764 Thread 0x000001ee02a72800 nmethod 2674 0x000001ee0c8e2e90 code [0x000001ee0c8e30a0, 0x000001ee0c8e37d8]
Event: 14.764 Thread 0x000001ee02a72800 2675       3       org.openkoreantext.processor.util.KoreanConjugation$::$anonfun$conjugatePredicated$12$adapted (10 bytes)
Event: 14.765 Thread 0x000001ee02a72800 nmethod 2675 0x000001ee0c8e3a90 code [0x000001ee0c8e3ca0, 0x000001ee0c8e4338]
Event: 14.769 Thread 0x000001ee02a6e000 2676       4       org.openkoreantext.processor.util.KoreanConjugation$$$Lambda$75/0x0000000800c96040::apply (16 bytes)
Event: 14.770 Thread 0x000001ee02a6e000 nmethod 2676 0x000001ee13a91410 code [0x000001ee13a915c0, 0x000001ee13a916c8]
Event: 14.796 Thread 0x000001ee02a6e000 2677       4       scala.collection.AbstractSeq::isEmpty (5 bytes)
Event: 14.797 Thread 0x000001ee02a6e000 nmethod 2677 0x000001ee13a91810 code [0x000001ee13a919a0, 0x000001ee13a91a78]

GC Heap History (20 events):
Event: 12.793 GC heap after
{Heap after GC invocations=38 (full 13):
 garbage-first heap   total 92160K, used 30412K [0x00000000c0000000, 0x0000000100000000)
  region size 1024K, 4 young (4096K), 4 survivors (4096K)
 Metaspace       used 8548K, capacity 10388K, committed 10624K, reserved 1058816K
  class space    used 1309K, capacity 1598K, committed 1664K, reserved 1048576K
}
Event: 12.838 GC heap before
{Heap before GC invocations=38 (full 13):
 garbage-first heap   total 92160K, used 43724K [0x00000000c0000000, 0x0000000100000000)
  region size 1024K, 18 young (18432K), 4 survivors (4096K)
 Metaspace       used 8548K, capacity 10388K, committed 10624K, reserved 1058816K
  class space    used 1309K, capacity 1598K, committed 1664K, reserved 1048576K
}
Event: 12.910 GC heap after
{Heap after GC invocations=39 (full 14):
 garbage-first heap   total 92160K, used 30530K [0x00000000c0000000, 0x0000000100000000)
  region size 1024K, 0 young (0K), 0 survivors (0K)
 Metaspace       used 8548K, capacity 10388K, committed 10624K, reserved 1058816K
  class space    used 1309K, capacity 1598K, committed 1664K, reserved 1048576K
}
Event: 13.115 GC heap before
{Heap before GC invocations=39 (full 14):
 garbage-first heap   total 92160K, used 68418K [0x00000000c0000000, 0x0000000100000000)
  region size 1024K, 28 young (28672K), 0 survivors (0K)
 Metaspace       used 8553K, capacity 10388K, committed 10624K, reserved 1058816K
  class space    used 1309K, capacity 1598K, committed 1664K, reserved 1048576K
}
Event: 13.144 GC heap after
{Heap after GC invocations=40 (full 14):
 garbage-first heap   total 92160K, used 48938K [0x00000000c0000000, 0x0000000100000000)
  region size 1024K, 5 young (5120K), 5 survivors (5120K)
 Metaspace       used 8553K, capacity 10388K, committed 10624K, reserved 1058816K
  class space    used 1309K, capacity 1598K, committed 1664K, reserved 1048576K
}
Event: 13.507 GC heap before
{Heap before GC invocations=41 (full 14):
 garbage-first heap   total 96256K, used 69418K [0x00000000c0000000, 0x0000000100000000)
  region size 1024K, 25 young (25600K), 5 survivors (5120K)
 Metaspace       used 9671K, capacity 11353K, committed 11648K, reserved 1058816K
  class space    used 1513K, capacity 1827K, committed 1920K, reserved 1048576K
}
Event: 13.538 GC heap after
{Heap after GC invocations=42 (full 14):
 garbage-first heap   total 96256K, used 53312K [0x00000000c0000000, 0x0000000100000000)
  region size 1024K, 4 young (4096K), 4 survivors (4096K)
 Metaspace       used 9671K, capacity 11353K, committed 11648K, reserved 1058816K
  class space    used 1513K, capacity 1827K, committed 1920K, reserved 1048576K
}
Event: 13.595 GC heap before
{Heap before GC invocations=42 (full 14):
 garbage-first heap   total 96256K, used 69696K [0x00000000c0000000, 0x0000000100000000)
  region size 1024K, 22 young (22528K), 4 survivors (4096K)
 Metaspace       used 9674K, capacity 11353K, committed 11648K, reserved 1058816K
  class space    used 1513K, capacity 1827K, committed 1920K, reserved 1048576K
}
Event: 13.614 GC heap after
{Heap after GC invocations=43 (full 14):
 garbage-first heap   total 234496K, used 56982K [0x00000000c0000000, 0x0000000100000000)
  region size 1024K, 3 young (3072K), 3 survivors (3072K)
 Metaspace       used 9674K, capacity 11353K, committed 11648K, reserved 1058816K
  class space    used 1513K, capacity 1827K, committed 1920K, reserved 1048576K
}
Event: 13.764 GC heap before
{Heap before GC invocations=44 (full 14):
 garbage-first heap   total 194560K, used 58195K [0x00000000c0000000, 0x0000000100000000)
  region size 1024K, 12 young (12288K), 3 survivors (3072K)
 Metaspace       used 9839K, capacity 11540K, committed 11648K, reserved 1058816K
  class space    used 1548K, capacity 1874K, committed 1920K, reserved 1048576K
}
Event: 13.831 GC heap after
{Heap after GC invocations=45 (full 15):
 garbage-first heap   total 157696K, used 45193K [0x00000000c0000000, 0x0000000100000000)
  region size 1024K, 0 young (0K), 0 survivors (0K)
 Metaspace       used 9839K, capacity 11540K, committed 11648K, reserved 1058816K
  class space    used 1548K, capacity 1874K, committed 1920K, reserved 1048576K
}
Event: 14.197 GC heap before
{Heap before GC invocations=45 (full 15):
 garbage-first heap   total 157696K, used 110729K [0x00000000c0000000, 0x0000000100000000)
  region size 1024K, 64 young (65536K), 0 survivors (0K)
 Metaspace       used 10109K, capacity 11764K, committed 11904K, reserved 1058816K
  class space    used 1577K, capacity 1913K, committed 1920K, reserved 1048576K
}
Event: 14.212 GC heap after
{Heap after GC invocations=46 (full 15):
 garbage-first heap   total 157696K, used 53385K [0x00000000c0000000, 0x0000000100000000)
  region size 1024K, 8 young (8192K), 8 survivors (8192K)
 Metaspace       used 10109K, capacity 11764K, committed 11904K, reserved 1058816K
  class space    used 1577K, capacity 1913K, committed 1920K, reserved 1048576K
}
Event: 14.262 GC heap before
{Heap before GC invocations=46 (full 15):
 garbage-first heap   total 157696K, used 69769K [0x00000000c0000000, 0x0000000100000000)
  region size 1024K, 25 young (25600K), 8 survivors (8192K)
 Metaspace       used 10109K, capacity 11764K, committed 11904K, reserved 1058816K
  class space    used 1577K, capacity 1913K, committed 1920K, reserved 1048576K
}
Event: 14.339 GC heap after
{Heap after GC invocations=47 (full 16):
 garbage-first heap   total 157696K, used 54880K [0x00000000c0000000, 0x0000000100000000)
  region size 1024K, 0 young (0K), 0 survivors (0K)
 Metaspace       used 10109K, capacity 11764K, committed 11904K, reserved 1058816K
  class space    used 1577K, capacity 1913K, committed 1920K, reserved 1048576K
}
Event: 14.533 GC heap before
{Heap before GC invocations=47 (full 16):
 garbage-first heap   total 157696K, used 113248K [0x00000000c0000000, 0x0000000100000000)
  region size 1024K, 57 young (58368K), 0 survivors (0K)
 Metaspace       used 10183K, capacity 11861K, committed 12032K, reserved 1058816K
  class space    used 1608K, capacity 1945K, committed 2048K, reserved 1048576K
}
Event: 14.549 GC heap after
{Heap after GC invocations=48 (full 16):
 garbage-first heap   total 157696K, used 62490K [0x00000000c0000000, 0x0000000100000000)
  region size 1024K, 8 young (8192K), 8 survivors (8192K)
 Metaspace       used 10183K, capacity 11861K, committed 12032K, reserved 1058816K
  class space    used 1608K, capacity 1945K, committed 2048K, reserved 1048576K
}
Event: 14.717 GC heap before
{Heap before GC invocations=48 (full 16):
 garbage-first heap   total 157696K, used 115738K [0x00000000c0000000, 0x0000000100000000)
  region size 1024K, 60 young (61440K), 8 survivors (8192K)
 Metaspace       used 10196K, capacity 11867K, committed 12032K, reserved 1058816K
  class space    used 1611K, capacity 1948K, committed 2048K, reserved 1048576K
}
Event: 14.740 GC heap after
{Heap after GC invocations=49 (full 16):
 garbage-first heap   total 157696K, used 67764K [0x00000000c0000000, 0x0000000100000000)
  region size 1024K, 6 young (6144K), 6 survivors (6144K)
 Metaspace       used 10196K, capacity 11867K, committed 12032K, reserved 1058816K
  class space    used 1611K, capacity 1948K, committed 2048K, reserved 1048576K
}
Event: 14.828 GC heap before
{Heap before GC invocations=49 (full 16):
 garbage-first heap   total 157696K, used 118964K [0x00000000c0000000, 0x0000000100000000)
  region size 1024K, 56 young (57344K), 6 survivors (6144K)
 Metaspace       used 10198K, capacity 11868K, committed 12032K, reserved 1058816K
  class space    used 1611K, capacity 1948K, committed 2048K, reserved 1048576K
}

Deoptimization events (20 events):
Event: 14.115 Thread 0x000001ee0282a800 Uncommon trap: trap_request=0xffffffde fr.pc=0x000001ee139f38dc relative=0x000000000000171c
Event: 14.115 Thread 0x000001ee0282a800 Uncommon trap: reason=class_check action=maybe_recompile pc=0x000001ee139f38dc method=scala.runtime.BoxesRunTime.equals2(Ljava/lang/Object;Ljava/lang/Object;)Z @ 48 c2
Event: 14.115 Thread 0x000001ee0282a800 DEOPT PACKING pc=0x000001ee139f38dc sp=0x00000084ebfe95b0
Event: 14.115 Thread 0x000001ee0282a800 DEOPT UNPACKING pc=0x000001ee0be8912f sp=0x00000084ebfe94b8 mode 2
Event: 14.563 Thread 0x000001ee0282a800 Uncommon trap: trap_request=0xffffffc6 fr.pc=0x000001ee13a853d8 relative=0x0000000000002a98
Event: 14.563 Thread 0x000001ee0282a800 Uncommon trap: reason=bimorphic_or_optimized_type_check action=maybe_recompile pc=0x000001ee13a853d8 method=scala.collection.immutable.HashMap$HashTrieMap.updated0(Ljava/lang/Object;IILjava/lang/Object;Lscala/Tuple2;Lscala/collection/immutable/HashMap$Mer
Event: 14.563 Thread 0x000001ee0282a800 DEOPT PACKING pc=0x000001ee13a853d8 sp=0x00000084ebfe9700
Event: 14.563 Thread 0x000001ee0282a800 DEOPT UNPACKING pc=0x000001ee0be8912f sp=0x00000084ebfe96d0 mode 2
Event: 14.564 Thread 0x000001ee0282a800 Uncommon trap: trap_request=0xffffffc6 fr.pc=0x000001ee13a853d8 relative=0x0000000000002a98
Event: 14.564 Thread 0x000001ee0282a800 Uncommon trap: reason=bimorphic_or_optimized_type_check action=maybe_recompile pc=0x000001ee13a853d8 method=scala.collection.immutable.HashMap$HashTrieMap.updated0(Ljava/lang/Object;IILjava/lang/Object;Lscala/Tuple2;Lscala/collection/immutable/HashMap$Mer
Event: 14.564 Thread 0x000001ee0282a800 DEOPT PACKING pc=0x000001ee13a853d8 sp=0x00000084ebfe9740
Event: 14.564 Thread 0x000001ee0282a800 DEOPT UNPACKING pc=0x000001ee0be8912f sp=0x00000084ebfe9710 mode 2
Event: 14.565 Thread 0x000001ee0282a800 Uncommon trap: trap_request=0xffffffc6 fr.pc=0x000001ee13a853d8 relative=0x0000000000002a98
Event: 14.565 Thread 0x000001ee0282a800 Uncommon trap: reason=bimorphic_or_optimized_type_check action=maybe_recompile pc=0x000001ee13a853d8 method=scala.collection.immutable.HashMap$HashTrieMap.updated0(Ljava/lang/Object;IILjava/lang/Object;Lscala/Tuple2;Lscala/collection/immutable/HashMap$Mer
Event: 14.565 Thread 0x000001ee0282a800 DEOPT PACKING pc=0x000001ee13a853d8 sp=0x00000084ebfe9700
Event: 14.565 Thread 0x000001ee0282a800 DEOPT UNPACKING pc=0x000001ee0be8912f sp=0x00000084ebfe96d0 mode 2
Event: 14.565 Thread 0x000001ee0282a800 Uncommon trap: trap_request=0xffffffc6 fr.pc=0x000001ee13a853d8 relative=0x0000000000002a98
Event: 14.565 Thread 0x000001ee0282a800 Uncommon trap: reason=bimorphic_or_optimized_type_check action=maybe_recompile pc=0x000001ee13a853d8 method=scala.collection.immutable.HashMap$HashTrieMap.updated0(Ljava/lang/Object;IILjava/lang/Object;Lscala/Tuple2;Lscala/collection/immutable/HashMap$Mer
Event: 14.565 Thread 0x000001ee0282a800 DEOPT PACKING pc=0x000001ee13a853d8 sp=0x00000084ebfe9700
Event: 14.565 Thread 0x000001ee0282a800 DEOPT UNPACKING pc=0x000001ee0be8912f sp=0x00000084ebfe96d0 mode 2

Classes unloaded (0 events):
No events

Classes redefined (0 events):
No events

Internal exceptions (20 events):
Event: 0.245 Thread 0x000001ee0282a800 Exception <a 'java/lang/IncompatibleClassChangeError'{0x00000000c7a1e068}: Found class java.lang.Object, but interface was expected> (0x00000000c7a1e068) 
thrown [./open/src/hotspot/share/interpreter/linkResolver.cpp, line 832]
Event: 0.421 Thread 0x000001ee0282a800 Exception <a 'java/lang/NoSuchMethodError'{0x00000000c0a5c090}: 'void java.lang.invoke.DirectMethodHandle$Holder.invokeSpecial(java.lang.Object, java.lang.Object, java.lang.Object, java.lang.Object)'> (0x00000000c0a5c090) 
thrown [./open/src/hotspot/share/interpreter/linkResolver.cpp, line 766]
Event: 10.494 Thread 0x000001ee0282a800 Exception <a 'java/lang/NoSuchMethodError'{0x00000000c0ff07c8}: 'java.lang.Object java.lang.invoke.Invokers$Holder.invokeExact_MT(java.lang.Object, java.lang.Object, java.lang.Object, java.lang.Object, java.lang.Object, java.lang.Object)'> (0x00000000c0ff07c8) 
thrown [./open/src/hotspot/share/interpreter/linkResolver.cpp, line 766]
Event: 10.853 Thread 0x000001ee0282a800 Exception <a 'java/lang/NoSuchMethodError'{0x00000000c12f5378}: 'java.lang.Object java.lang.invoke.DirectMethodHandle$Holder.invokeStaticInit(java.lang.Object, java.lang.Object, java.lang.Object)'> (0x00000000c12f5378) 
thrown [./open/src/hotspot/share/interpreter/linkResolver.cpp, line 766]
Event: 10.911 Thread 0x000001ee0282a800 Exception <a 'java/lang/NoSuchMethodError'{0x00000000c0f27cb8}: 'int java.lang.invoke.DirectMethodHandle$Holder.invokeSpecialIFC(java.lang.Object, java.lang.Object, int)'> (0x00000000c0f27cb8) 
thrown [./open/src/hotspot/share/interpreter/linkResolver.cpp, line 766]
Event: 10.936 Thread 0x000001ee0282a800 Exception <a 'java/lang/NoSuchMethodError'{0x00000000c0f9f898}: 'int java.lang.invoke.DirectMethodHandle$Holder.invokeStatic(java.lang.Object, java.lang.Object, int)'> (0x00000000c0f9f898) 
thrown [./open/src/hotspot/share/interpreter/linkResolver.cpp, line 766]
Event: 10.993 Thread 0x000001ee0282a800 Exception <a 'java/lang/NoSuchMethodError'{0x00000000c0ec1a18}: 'java.lang.Object java.lang.invoke.DirectMethodHandle$Holder.invokeStatic(java.lang.Object, java.lang.Object, int, java.lang.Object)'> (0x00000000c0ec1a18) 
thrown [./open/src/hotspot/share/interpreter/linkResolver.cpp, line 766]
Event: 10.993 Thread 0x000001ee0282a800 Exception <a 'java/lang/NoSuchMethodError'{0x00000000c0ec7920}: 'java.lang.Object java.lang.invoke.Invokers$Holder.linkToTargetMethod(java.lang.Object, int, java.lang.Object, java.lang.Object)'> (0x00000000c0ec7920) 
thrown [./open/src/hotspot/share/interpreter/linkResolver.cpp, line 766]
Event: 11.017 Thread 0x000001ee0282a800 Exception <a 'java/lang/NoSuchMethodError'{0x00000000c0d98b48}: 'java.lang.Object java.lang.invoke.DirectMethodHandle$Holder.invokeStaticInit(java.lang.Object, java.lang.Object, java.lang.Object, java.lang.Object)'> (0x00000000c0d98b48) 
thrown [./open/src/hotspot/share/interpreter/linkResolver.cpp, line 766]
Event: 11.535 Thread 0x000001ee0282a800 Exception <a 'java/lang/NoSuchMethodError'{0x00000000c1d91290}: 'java.lang.Object java.lang.invoke.Invokers$Holder.linkToTargetMethod(java.lang.Object, int, java.lang.Object)'> (0x00000000c1d91290) 
thrown [./open/src/hotspot/share/interpreter/linkResolver.cpp, line 766]
Event: 11.550 Thread 0x000001ee0282a800 Exception <a 'java/lang/NoSuchMethodError'{0x00000000c1db5850}: 'java.lang.Object java.lang.invoke.DirectMethodHandle$Holder.invokeStatic(java.lang.Object, int, java.lang.Object)'> (0x00000000c1db5850) 
thrown [./open/src/hotspot/share/interpreter/linkResolver.cpp, line 766]
Event: 11.555 Thread 0x000001ee0282a800 Exception <a 'java/lang/NoSuchMethodError'{0x00000000c1dcc290}: 'java.lang.Object java.lang.invoke.DirectMethodHandle$Holder.invokeStatic(java.lang.Object, int, int, java.lang.Object)'> (0x00000000c1dcc290) 
thrown [./open/src/hotspot/share/interpreter/linkResolver.cpp, line 766]
Event: 13.350 Thread 0x000001ee0282a800 Exception <a 'java/lang/NoSuchMethodError'{0x00000000c5dba3e0}: 'java.lang.Object java.lang.invoke.DirectMethodHandle$Holder.invokeStatic(java.lang.Object, java.lang.Object, java.lang.Object, java.lang.Object, int, java.lang.Object)'> (0x00000000c5dba3e0) 
thrown [./open/src/hotspot/share/interpreter/linkResolver.cpp, line 766]
Event: 13.351 Thread 0x000001ee0282a800 Exception <a 'java/lang/NoSuchMethodError'{0x00000000c5dbd980}: 'java.lang.Object java.lang.invoke.DirectMethodHandle$Holder.invokeSpecial(java.lang.Object, java.lang.Object, java.lang.Object, java.lang.Object, java.lang.Object, int, java.lang.Object)'> (0x00000000c5dbd980) 
thrown [./open/src/hotspot/share/interpreter/linkResolver.cpp, line 766]
Event: 13.352 Thread 0x000001ee0282a800 Exception <a 'java/lang/NoSuchMethodError'{0x00000000c5dc07f0}: 'java.lang.Object java.lang.invoke.Invokers$Holder.linkToTargetMethod(java.lang.Object, java.lang.Object, java.lang.Object, int, java.lang.Object, java.lang.Object)'> (0x00000000c5dc07f0) 
thrown [./open/src/hotspot/share/interpreter/linkResolver.cpp, line 766]
Event: 13.380 Thread 0x000001ee0282a800 Exception <a 'java/lang/NoSuchMethodError'{0x00000000c5dff348}: 'java.lang.Object java.lang.invoke.DirectMethodHandle$Holder.invokeStaticInit(java.lang.Object, java.lang.Object, java.lang.Object, java.lang.Object, java.lang.Object)'> (0x00000000c5dff348) 
thrown [./open/src/hotspot/share/interpreter/linkResolver.cpp, line 766]
Event: 13.382 Thread 0x000001ee0282a800 Exception <a 'java/lang/NoSuchMethodError'{0x00000000c5c06780}: 'java.lang.Object java.lang.invoke.Invokers$Holder.invoke_MT(java.lang.Object, java.lang.Object, java.lang.Object, java.lang.Object, java.lang.Object, java.lang.Object)'> (0x00000000c5c06780) 
thrown [./open/src/hotspot/share/interpreter/linkResolver.cpp, line 766]
Event: 13.384 Thread 0x000001ee0282a800 Exception <a 'java/lang/NoSuchMethodError'{0x00000000c5c111b0}: 'java.lang.Object java.lang.invoke.Invokers$Holder.invoker(java.lang.Object, java.lang.Object, java.lang.Object)'> (0x00000000c5c111b0) 
thrown [./open/src/hotspot/share/interpreter/linkResolver.cpp, line 766]
Event: 13.387 Thread 0x000001ee0282a800 Exception <a 'java/lang/NoSuchMethodError'{0x00000000c5c1fc88}: 'void java.lang.invoke.DelegatingMethodHandle$Holder.delegate(java.lang.Object, java.lang.Object, int, java.lang.Object)'> (0x00000000c5c1fc88) 
thrown [./open/src/hotspot/share/interpreter/linkResolver.cpp, line 766]
Event: 13.388 Thread 0x000001ee0282a800 Exception <a 'java/lang/NoSuchMethodError'{0x00000000c5c26fa0}: 'java.lang.Object java.lang.invoke.Invokers$Holder.invokeExact_MT(java.lang.Object, java.lang.Object, java.lang.Object, java.lang.Object)'> (0x00000000c5c26fa0) 
thrown [./open/src/hotspot/share/interpreter/linkResolver.cpp, line 766]

Events (20 events):
Event: 13.679 loading class java/io/SequenceInputStream done
Event: 13.679 loading class java/util/zip/GZIPInputStream$1
Event: 13.679 loading class java/util/zip/GZIPInputStream$1 done
Event: 13.679 loading class java/util/Vector$1
Event: 13.679 loading class java/util/Vector$1 done
Event: 13.697 Executing VM operation: G1Concurrent
Event: 13.700 Executing VM operation: G1Concurrent done
Event: 13.748 Executing VM operation: G1Concurrent
Event: 13.748 Executing VM operation: G1Concurrent done
Event: 13.764 Executing VM operation: G1CollectFull
Event: 13.832 Executing VM operation: G1CollectFull done
Event: 14.197 Executing VM operation: G1CollectForAllocation
Event: 14.212 Executing VM operation: G1CollectForAllocation done
Event: 14.262 Executing VM operation: G1CollectFull
Event: 14.340 Executing VM operation: G1CollectFull done
Event: 14.533 Executing VM operation: G1CollectForAllocation
Event: 14.549 Executing VM operation: G1CollectForAllocation done
Event: 14.717 Executing VM operation: G1CollectForAllocation
Event: 14.740 Executing VM operation: G1CollectForAllocation done
Event: 14.828 Executing VM operation: G1CollectForAllocation


Dynamic libraries:
0x000000001c6a0000 - 0x000000001c6bb000 	C:\Users\user\anaconda3\envs\py36\python.exe
0x00007ffe42360000 - 0x00007ffe42550000 	C:\WINDOWS\SYSTEM32\ntdll.dll
0x00007ffe40e80000 - 0x00007ffe40f32000 	C:\WINDOWS\System32\KERNEL32.DLL
0x00007ffe3f580000 - 0x00007ffe3f824000 	C:\WINDOWS\System32\KERNELBASE.dll
0x00007ffe3f830000 - 0x00007ffe3f92a000 	C:\WINDOWS\System32\ucrtbase.dll
0x00007ffe27cc0000 - 0x00007ffe27cd5000 	C:\Users\user\anaconda3\envs\py36\VCRUNTIME140.dll
0x0000000065dd0000 - 0x0000000066173000 	C:\Users\user\anaconda3\envs\py36\python36.dll
0x00007ffe40410000 - 0x00007ffe40462000 	C:\WINDOWS\System32\SHLWAPI.dll
0x00007ffe42280000 - 0x00007ffe4231e000 	C:\WINDOWS\System32\msvcrt.dll
0x00007ffe40780000 - 0x00007ffe40ab5000 	C:\WINDOWS\System32\combase.dll
0x00007ffe40c20000 - 0x00007ffe40d40000 	C:\WINDOWS\System32\RPCRT4.dll
0x00007ffe3f9e0000 - 0x00007ffe3fa60000 	C:\WINDOWS\System32\bcryptPrimitives.dll
0x00007ffe41a70000 - 0x00007ffe41a96000 	C:\WINDOWS\System32\GDI32.dll
0x00007ffe3f4b0000 - 0x00007ffe3f4d1000 	C:\WINDOWS\System32\win32u.dll
0x00007ffe3fa80000 - 0x00007ffe3fc16000 	C:\WINDOWS\System32\gdi32full.dll
0x00007ffe34d10000 - 0x00007ffe34d1a000 	C:\WINDOWS\SYSTEM32\VERSION.dll
0x00007ffe3f4e0000 - 0x00007ffe3f57e000 	C:\WINDOWS\System32\msvcp_win.dll
0x00007ffe41630000 - 0x00007ffe417c5000 	C:\WINDOWS\System32\USER32.dll
0x00007ffe40e10000 - 0x00007ffe40e7f000 	C:\WINDOWS\System32\WS2_32.dll
0x00007ffe40b70000 - 0x00007ffe40c13000 	C:\WINDOWS\System32\ADVAPI32.dll
0x00007ffe41ad0000 - 0x00007ffe41b67000 	C:\WINDOWS\System32\sechost.dll
0x00007ffe41aa0000 - 0x00007ffe41ace000 	C:\WINDOWS\System32\IMM32.DLL
0x00007ffe3fa60000 - 0x00007ffe3fa77000 	C:\WINDOWS\System32\CRYPTSP.dll
0x00007ffe3df60000 - 0x00007ffe3df93000 	C:\WINDOWS\system32\rsaenh.dll
0x00007ffe3f2e0000 - 0x00007ffe3f306000 	C:\WINDOWS\System32\bcrypt.dll
0x00007ffe3e5c0000 - 0x00007ffe3e5cc000 	C:\WINDOWS\SYSTEM32\CRYPTBASE.dll
0x00007ffe24740000 - 0x00007ffe2474f000 	C:\Users\user\anaconda3\envs\py36\python3.dll
0x0000000065db0000 - 0x0000000065dc8000 	C:\Users\user\anaconda3\envs\py36\DLLs\_bz2.pyd
0x00007ffe219f0000 - 0x00007ffe21a31000 	C:\Users\user\anaconda3\envs\py36\DLLs\_lzma.pyd
0x00007ffdfb7a0000 - 0x00007ffdfb942000 	C:\Users\user\anaconda3\envs\py36\DLLs\_hashlib.pyd
0x0000000065d50000 - 0x0000000065d73000 	C:\Users\user\anaconda3\envs\py36\DLLs\_ctypes.pyd
0x00007ffe417d0000 - 0x00007ffe41927000 	C:\WINDOWS\System32\ole32.dll
0x00007ffe40d40000 - 0x00007ffe40e05000 	C:\WINDOWS\System32\OLEAUT32.dll
0x00007ffe40f40000 - 0x00007ffe41627000 	C:\WINDOWS\System32\shell32.DLL
0x00007ffe3f310000 - 0x00007ffe3f35a000 	C:\WINDOWS\System32\cfgmgr32.dll
0x00007ffe40ac0000 - 0x00007ffe40b69000 	C:\WINDOWS\System32\shcore.dll
0x00007ffe3fc80000 - 0x00007ffe40402000 	C:\WINDOWS\System32\windows.storage.dll
0x00007ffe3f240000 - 0x00007ffe3f263000 	C:\WINDOWS\System32\profapi.dll
0x00007ffe3f270000 - 0x00007ffe3f2ba000 	C:\WINDOWS\System32\powrprof.dll
0x00007ffe3f210000 - 0x00007ffe3f220000 	C:\WINDOWS\System32\UMPDC.dll
0x00007ffe3f2c0000 - 0x00007ffe3f2d1000 	C:\WINDOWS\System32\kernel.appcore.dll
0x0000000065be0000 - 0x0000000065bf7000 	C:\Users\user\anaconda3\envs\py36\DLLs\_sqlite3.pyd
0x00007ffdfab30000 - 0x00007ffdfacaf000 	C:\Users\user\anaconda3\envs\py36\Library\bin\sqlite3.dll
0x0000000065d80000 - 0x0000000065d89000 	C:\Users\user\anaconda3\envs\py36\DLLs\select.pyd
0x0000000065d40000 - 0x0000000065d4d000 	C:\Users\user\anaconda3\envs\py36\DLLs\_overlapped.pyd
0x0000000065d90000 - 0x0000000065da4000 	C:\Users\user\anaconda3\envs\py36\DLLs\_socket.pyd
0x00007ffe3e3f0000 - 0x00007ffe3e457000 	C:\WINDOWS\system32\mswsock.dll
0x0000000065d30000 - 0x0000000065d3a000 	C:\Users\user\anaconda3\envs\py36\DLLs\_multiprocessing.pyd
0x00007ffe24350000 - 0x00007ffe24360000 	C:\Users\user\anaconda3\envs\py36\DLLs\_asyncio.pyd
0x00007ffdfacb0000 - 0x00007ffdfaec1000 	C:\Users\user\anaconda3\envs\py36\DLLs\_ssl.pyd
0x00007ffe3f360000 - 0x00007ffe3f4a9000 	C:\WINDOWS\System32\CRYPT32.dll
0x00007ffe3f220000 - 0x00007ffe3f232000 	C:\WINDOWS\System32\MSASN1.dll
0x00007ffe38aa0000 - 0x00007ffe38aaf000 	C:\Users\user\anaconda3\envs\py36\lib\site-packages\immutables\_map.cp36-win_amd64.pyd
0x0000000065c00000 - 0x0000000065cde000 	C:\Users\user\anaconda3\envs\py36\DLLs\unicodedata.pyd
0x00007ffe22880000 - 0x00007ffe22896000 	C:\Users\user\anaconda3\envs\py36\lib\site-packages\zmq\backend\cython\constants.cp36-win_amd64.pyd
0x00007ffe229d0000 - 0x00007ffe229dc000 	C:\Users\user\anaconda3\envs\py36\lib\site-packages\zmq\backend\cython\error.cp36-win_amd64.pyd
0x00007ffe1f160000 - 0x00007ffe1f1d6000 	C:\Users\user\anaconda3\envs\py36\Library\bin\libzmq-mt-4_3_2.dll
0x00007ffe3c930000 - 0x00007ffe3c9c9000 	C:\WINDOWS\SYSTEM32\MSVCP140.dll
0x00007ffe3e100000 - 0x00007ffe3e13a000 	C:\WINDOWS\SYSTEM32\IPHLPAPI.DLL
0x00007ffe22780000 - 0x00007ffe2279a000 	C:\Users\user\anaconda3\envs\py36\lib\site-packages\zmq\backend\cython\message.cp36-win_amd64.pyd
0x00007ffe22760000 - 0x00007ffe22774000 	C:\Users\user\anaconda3\envs\py36\lib\site-packages\zmq\backend\cython\context.cp36-win_amd64.pyd
0x00007ffe21410000 - 0x00007ffe21436000 	C:\Users\user\anaconda3\envs\py36\lib\site-packages\zmq\backend\cython\socket.cp36-win_amd64.pyd
0x00007ffe22990000 - 0x00007ffe2299e000 	C:\Users\user\anaconda3\envs\py36\lib\site-packages\zmq\backend\cython\utils.cp36-win_amd64.pyd
0x00007ffe21e70000 - 0x00007ffe21e84000 	C:\Users\user\anaconda3\envs\py36\lib\site-packages\zmq\backend\cython\_poll.cp36-win_amd64.pyd
0x00007ffe22730000 - 0x00007ffe2273c000 	C:\Users\user\anaconda3\envs\py36\lib\site-packages\zmq\backend\cython\_version.cp36-win_amd64.pyd
0x00007ffe21330000 - 0x00007ffe21342000 	C:\Users\user\anaconda3\envs\py36\lib\site-packages\zmq\backend\cython\_device.cp36-win_amd64.pyd
0x00007ffe219e0000 - 0x00007ffe219f0000 	C:\Users\user\anaconda3\envs\py36\lib\site-packages\zmq\backend\cython\_proxy_steerable.cp36-win_amd64.pyd
0x00007ffe24560000 - 0x00007ffe24567000 	C:\Users\user\anaconda3\envs\py36\lib\site-packages\tornado\speedups.cp36-win_amd64.pyd
0x0000000065ce0000 - 0x0000000065d24000 	C:\Users\user\anaconda3\envs\py36\DLLs\_decimal.pyd
0x00007ffe40700000 - 0x00007ffe40708000 	C:\WINDOWS\System32\NSI.dll
0x00007ffe324e0000 - 0x00007ffe324f6000 	C:\WINDOWS\SYSTEM32\dhcpcsvc6.DLL
0x00007ffe34d20000 - 0x00007ffe34d3c000 	C:\WINDOWS\SYSTEM32\dhcpcsvc.DLL
0x00007ffe3e140000 - 0x00007ffe3e20b000 	C:\WINDOWS\SYSTEM32\DNSAPI.dll
0x0000000065b70000 - 0x0000000065b94000 	C:\Users\user\anaconda3\envs\py36\lib\site-packages\win32\win32api.pyd
0x0000000065b40000 - 0x0000000065b66000 	C:\Users\user\anaconda3\envs\py36\lib\site-packages\win32\pywintypes36.dll
0x00007ffe3c130000 - 0x00007ffe3c13c000 	C:\WINDOWS\SYSTEM32\secur32.dll
0x00007ffe3f100000 - 0x00007ffe3f12f000 	C:\WINDOWS\SYSTEM32\SSPICLI.DLL
0x0000000065b10000 - 0x0000000065b36000 	C:\Users\user\anaconda3\envs\py36\lib\site-packages\win32\win32security.pyd
0x00007ffe28490000 - 0x00007ffe284a7000 	C:\WINDOWS\SYSTEM32\NETAPI32.dll
0x00007ffe3e260000 - 0x00007ffe3e26c000 	C:\WINDOWS\SYSTEM32\NETUTILS.DLL
0x000001ee021a0000 - 0x000001ee021a3000 	C:\WINDOWS\SYSTEM32\security.dll
0x00007ffe20300000 - 0x00007ffe20328000 	C:\WINDOWS\SYSTEM32\ntdsapi.dll
0x00007ffe3e210000 - 0x00007ffe3e252000 	C:\WINDOWS\SYSTEM32\LOGONCLI.DLL
0x00007ffdfe200000 - 0x00007ffdfe2c2000 	C:\Users\user\anaconda3\envs\py36\lib\site-packages\_jpype.cp36-win_amd64.pyd
0x00007ffdfbbd0000 - 0x00007ffdfbf90000 	C:\Users\user\anaconda3\envs\py36\lib\site-packages\lxml\etree.cp36-win_amd64.pyd
0x00007ffe20190000 - 0x00007ffe201b9000 	C:\Users\user\anaconda3\envs\py36\lib\site-packages\lxml\_elementpath.cp36-win_amd64.pyd
0x00007ffe1f720000 - 0x00007ffe1f744000 	C:\Users\user\anaconda3\envs\py36\lib\site-packages\_MeCab.cp36-win_amd64.pyd
0x00007ffdfb9f0000 - 0x00007ffdfbbc8000 	C:\Users\user\anaconda3\envs\py36\lib\site-packages\libmecab.dll
0x00007ffddc2f0000 - 0x00007ffddce0e000 	C:\Program Files\Java\jdk-14.0.2\bin\server\jvm.dll
0x00007ffe40520000 - 0x00007ffe40528000 	C:\WINDOWS\System32\PSAPI.DLL
0x00007ffe389c0000 - 0x00007ffe389e4000 	C:\WINDOWS\SYSTEM32\WINMM.dll
0x00007ffe278a0000 - 0x00007ffe278a9000 	C:\WINDOWS\SYSTEM32\WSOCK32.dll
0x00007ffe38710000 - 0x00007ffe3873d000 	C:\WINDOWS\SYSTEM32\winmmbase.dll
0x00007ffe216b0000 - 0x00007ffe216ba000 	C:\Program Files\Java\jdk-14.0.2\bin\jimage.dll
0x00007ffe3ed30000 - 0x00007ffe3ef24000 	C:\WINDOWS\SYSTEM32\DBGHELP.DLL
0x00007ffe3ea90000 - 0x00007ffe3eaba000 	C:\WINDOWS\SYSTEM32\dbgcore.DLL
0x00007ffe14db0000 - 0x00007ffe14dd5000 	C:\Program Files\Java\jdk-14.0.2\bin\java.dll
0x00007ffe20290000 - 0x00007ffe202a6000 	C:\Program Files\Java\jdk-14.0.2\bin\zip.dll
0x00007ffe20150000 - 0x00007ffe20169000 	C:\Program Files\Java\jdk-14.0.2\bin\net.dll
0x00007ffe3c4f0000 - 0x00007ffe3c5e0000 	C:\WINDOWS\SYSTEM32\WINHTTP.dll
0x00007ffe1d010000 - 0x00007ffe1d022000 	C:\Program Files\Java\jdk-14.0.2\bin\nio.dll
0x00007ffe38280000 - 0x00007ffe38287000 	C:\Users\user\anaconda3\envs\py36\lib\site-packages\mkl\_mklinit.cp36-win_amd64.pyd
0x00007ffdd5150000 - 0x00007ffdd61ad000 	C:\Users\user\anaconda3\envs\py36\Library\bin\mkl_rt.dll
0x00007ffe38250000 - 0x00007ffe38272000 	C:\Users\user\anaconda3\envs\py36\lib\site-packages\mkl\_py_mkl_service.cp36-win_amd64.pyd
0x00007ffdfc110000 - 0x00007ffdfc3d8000 	C:\Users\user\anaconda3\envs\py36\lib\site-packages\numpy\core\_multiarray_umath.cp36-win_amd64.pyd
0x00007ffe38230000 - 0x00007ffe3824f000 	C:\Users\user\anaconda3\envs\py36\lib\site-packages\numpy\core\_multiarray_tests.cp36-win_amd64.pyd
0x00007ffe34080000 - 0x00007ffe34089000 	C:\Users\user\anaconda3\envs\py36\lib\site-packages\numpy\linalg\lapack_lite.cp36-win_amd64.pyd
0x00007ffe21750000 - 0x00007ffe2177a000 	C:\Users\user\anaconda3\envs\py36\lib\site-packages\numpy\linalg\_umath_linalg.cp36-win_amd64.pyd
0x00007ffe21730000 - 0x00007ffe21750000 	C:\Users\user\anaconda3\envs\py36\lib\site-packages\numpy\fft\_pocketfft_internal.cp36-win_amd64.pyd
0x00007ffe144c0000 - 0x00007ffe1454f000 	C:\Users\user\anaconda3\envs\py36\lib\site-packages\numpy\random\mtrand.cp36-win_amd64.pyd
0x00007ffe14490000 - 0x00007ffe144ba000 	C:\Users\user\anaconda3\envs\py36\lib\site-packages\numpy\random\bit_generator.cp36-win_amd64.pyd
0x00007ffe11630000 - 0x00007ffe11661000 	C:\Users\user\anaconda3\envs\py36\lib\site-packages\numpy\random\_common.cp36-win_amd64.pyd
0x00007ffe10fb0000 - 0x00007ffe10ff0000 	C:\Users\user\anaconda3\envs\py36\lib\site-packages\numpy\random\_bounded_integers.cp36-win_amd64.pyd
0x00007ffe21710000 - 0x00007ffe21728000 	C:\Users\user\anaconda3\envs\py36\lib\site-packages\numpy\random\_mt19937.cp36-win_amd64.pyd
0x00007ffe19b70000 - 0x00007ffe19b87000 	C:\Users\user\anaconda3\envs\py36\lib\site-packages\numpy\random\_philox.cp36-win_amd64.pyd
0x00007ffe14e30000 - 0x00007ffe14e45000 	C:\Users\user\anaconda3\envs\py36\lib\site-packages\numpy\random\_pcg64.cp36-win_amd64.pyd
0x00007ffe14470000 - 0x00007ffe14482000 	C:\Users\user\anaconda3\envs\py36\lib\site-packages\numpy\random\_sfc64.cp36-win_amd64.pyd
0x00007ffe10f00000 - 0x00007ffe10fa4000 	C:\Users\user\anaconda3\envs\py36\lib\site-packages\numpy\random\_generator.cp36-win_amd64.pyd
0x00007ffdd2380000 - 0x00007ffdd514d000 	C:\Users\user\anaconda3\envs\py36\Library\bin\mkl_intel_thread.dll
0x00007ffdc0130000 - 0x00007ffdc48ca000 	C:\Users\user\anaconda3\envs\py36\Library\bin\mkl_core.dll
0x00007ffdbd940000 - 0x00007ffdc0122000 	C:\Users\user\anaconda3\envs\py36\Library\bin\mkl_avx2.dll
0x00007ffdbcad0000 - 0x00007ffdbd93d000 	C:\Users\user\anaconda3\envs\py36\Library\bin\mkl_vml_avx2.dll
0x00007ffe10300000 - 0x00007ffe1040d000 	C:\Users\user\anaconda3\envs\py36\lib\site-packages\pandas\_libs\interval.cp36-win_amd64.pyd
0x00007ffe10e70000 - 0x00007ffe10ef1000 	C:\Users\user\anaconda3\envs\py36\lib\site-packages\pandas\_libs\hashtable.cp36-win_amd64.pyd
0x00007ffe10df0000 - 0x00007ffe10e1b000 	C:\Users\user\anaconda3\envs\py36\lib\site-packages\pandas\_libs\missing.cp36-win_amd64.pyd
0x00007ffe14390000 - 0x00007ffe143ad000 	C:\Users\user\anaconda3\envs\py36\lib\site-packages\pandas\_libs\tslibs\dtypes.cp36-win_amd64.pyd
0x00007ffe10db0000 - 0x00007ffe10dec000 	C:\Users\user\anaconda3\envs\py36\lib\site-packages\pandas\_libs\tslibs\conversion.cp36-win_amd64.pyd
0x00007ffe34070000 - 0x00007ffe3407f000 	C:\Users\user\anaconda3\envs\py36\lib\site-packages\pandas\_libs\tslibs\base.cp36-win_amd64.pyd

dbghelp: loaded successfully - version: 4.0.5 - missing functions: none
symbol engine: initialized successfully - sym options: 0x614 - pdb path: .;C:\Users\user\anaconda3\envs\py36;C:\WINDOWS\SYSTEM32;C:\Users\user\anaconda3\envs\py36\DLLs;C:\Users\user\anaconda3\envs\py36\Library\bin;C:\Users\user\anaconda3\envs\py36\lib\site-packages\immutables;C:\Users\user\anaconda3\envs\py36\lib\site-packages\zmq\backend\cython;C:\Users\user\anaconda3\envs\py36\lib\site-packages\tornado;C:\Users\user\anaconda3\envs\py36\lib\site-packages\win32;C:\Users\user\anaconda3\envs\py36\lib\site-packages;C:\Users\user\anaconda3\envs\py36\lib\site-packages\lxml;C:\Program Files\Java\jdk-14.0.2\bin\server;C:\Program Files\Java\jdk-14.0.2\bin;C:\Users\user\anaconda3\envs\py36\lib\site-packages\mkl;C:\Users\user\anaconda3\envs\py36\lib\site-packages\numpy\core;C:\Users\user\anaconda3\envs\py36\lib\site-packages\numpy\linalg;C:\Users\user\anaconda3\envs\py36\lib\site-packages\numpy\fft;C:\Users\user\anaconda3\envs\py36\lib\site-packages\numpy\random;C:\Users\user\anaconda3\envs\py36\lib\site-packages\pandas\_libs;C:\Users\user\anaconda3\envs\py36\lib\site-packages\pandas\_libs\tslibs;C:\Users\user\anaconda3\envs\py36\lib\site-packages\bottleneck;C:\Users\user\anaconda3\envs\py36\lib\site-packages\pandas\_libs\window

VM Arguments:
jvm_args: -Dfile.encoding=UTF8 -ea -Xmx1024m 
java_command: <unknown>
java_class_path (initial): C:\Users\user\anaconda3\envs\py36\lib\site-packages\konlpy\java;C:\Users\user\anaconda3\envs\py36\lib\site-packages\konlpy\java\bin;C:\Users\user\anaconda3\envs\py36\lib\site-packages\konlpy\java\*;C:\Users\user\anaconda3\envs\py36\lib\site-packages\konlpy\java\jhannanum-0.8.4.jar;C:\Users\user\anaconda3\envs\py36\lib\site-packages\konlpy\java\kkma-2.0.jar;C:\Users\user\anaconda3\envs\py36\lib\site-packages\konlpy\java\aho-corasick.jar;C:\Users\user\anaconda3\envs\py36\lib\site-packages\konlpy\java\shineware-common-1.0.jar;C:\Users\user\anaconda3\envs\py36\lib\site-packages\konlpy\java\shineware-ds-1.0.jar;C:\Users\user\anaconda3\envs\py36\lib\site-packages\konlpy\java\komoran-3.0.jar;C:\Users\user\anaconda3\envs\py36\lib\site-packages\konlpy\java\snakeyaml-1.12.jar;C:\Users\user\anaconda3\envs\py36\lib\site-packages\konlpy\java\scala-library-2.12.3.jar;C:\Users\user\anaconda3\envs\py36\lib\site-packages\konlpy\java\open-korean-text-2.1.0.jar;C:\Users\user\anaconda3\envs\py36\lib\site-packages\konlpy\java\twitter-text-1.14.7.jar;C:\Users\user\anaconda3\envs\py36\lib\site-packages\konlpy\java\*
Launcher Type: generic

[Global flags]
     intx CICompilerCount                          = 3                                         {product} {ergonomic}
     uint ConcGCThreads                            = 1                                         {product} {ergonomic}
     uint G1ConcRefinementThreads                  = 4                                         {product} {ergonomic}
   size_t G1HeapRegionSize                         = 1048576                                   {product} {ergonomic}
    uintx GCDrainStackTargetSize                   = 64                                        {product} {ergonomic}
   size_t InitialHeapSize                          = 132120576                                 {product} {ergonomic}
   size_t MarkStackSize                            = 4194304                                   {product} {ergonomic}
   size_t MaxHeapSize                              = 1073741824                                {product} {command line}
   size_t MaxNewSize                               = 643825664                                 {product} {ergonomic}
   size_t MinHeapDeltaBytes                        = 1048576                                   {product} {ergonomic}
   size_t MinHeapSize                              = 8388608                                   {product} {ergonomic}
    uintx NonNMethodCodeHeapSize                   = 5832780                                {pd product} {ergonomic}
    uintx NonProfiledCodeHeapSize                  = 122912730                              {pd product} {ergonomic}
    uintx ProfiledCodeHeapSize                     = 122912730                              {pd product} {ergonomic}
    uintx ReservedCodeCacheSize                    = 251658240                              {pd product} {ergonomic}
     bool SegmentedCodeCache                       = true                                      {product} {ergonomic}
   size_t SoftMaxHeapSize                          = 1073741824                             {manageable} {ergonomic}
     bool UseCompressedClassPointers               = true                                 {lp64_product} {ergonomic}
     bool UseCompressedOops                        = true                                 {lp64_product} {ergonomic}
     bool UseG1GC                                  = true                                      {product} {ergonomic}
     bool UseLargePagesIndividualAllocation        = false                                  {pd product} {ergonomic}

Logging:
Log output configuration:
 #0: stdout all=warning uptime,level,tags
 #1: stderr all=off uptime,level,tags

Environment Variables:
JAVA_HOME=C:\Program Files\Java\jdk-14.0.2\bin\server
PATH=C:\Users\user\anaconda3\envs\py36;C:\Users\user\anaconda3\envs\py36\Library\mingw-w64\bin;C:\Users\user\anaconda3\envs\py36\Library\usr\bin;C:\Users\user\anaconda3\envs\py36\Library\bin;C:\Users\user\anaconda3\envs\py36\Scripts;C:\Users\user\anaconda3\envs\py36\bin;C:\Users\user\anaconda3\condabin;C:\Users\user\anaconda3;C:\Users\user\anaconda3\Library\mingw-w64\bin;C:\Users\user\anaconda3\Library\usr\bin;C:\Users\user\anaconda3\Library\bin;C:\Users\user\anaconda3\Scripts;C:\Program Files (x86)\Intel\Intel(R) Management Engine Components\iCLS;C:\Program Files\Intel\Intel(R) Management Engine Components\iCLS;C:\WINDOWS\system32;C:\WINDOWS;C:\WINDOWS\System32\Wbem;C:\WINDOWS\System32\WindowsPowerShell\v1.0;C:\WINDOWS\System32\OpenSSH;C:\Program Files (x86)\Intel\Intel(R) Management Engine Components\DAL;C:\Program Files\Intel\Intel(R) Management Engine Components\DAL;C:\Program Files\Git\cmd;C:\Program Files\Java\jdk-14.0.2\bin;C:\Users\user\anaconda3;C:\Users\user\anaconda3\Library\mingw-w64\bin;C:\Users\user\anaconda3\Library\usr\bin;C:\Users\user\anaconda3\Library\bin;C:\Users\user\anaconda3\Scripts;C:\Users\user\AppData\Local\Microsoft\WindowsApps;C:\Microsoft VS Code\bin;C:\Users\user\AppData\Local\Programs\Microsoft VS Code Insiders\bin;C:\Users\user\anaconda3\envs\py36\lib\site-packages\numpy\.libs
USERNAME=user
OS=Windows_NT
PROCESSOR_IDENTIFIER=Intel64 Family 6 Model 142 Stepping 11, GenuineIntel



---------------  S Y S T E M  ---------------

OS: Windows 10 , 64 bit Build 18362 (10.0.18362.959)
OS uptime: 10 days 19:21 hours

CPU:total 4 (initial active 4) (2 cores per cpu, 2 threads per core) family 6 model 142 stepping 11, cmov, cx8, fxsr, mmx, sse, sse2, sse3, ssse3, sse4.1, sse4.2, popcnt, avx, avx2, aes, clmul, erms, 3dnowpref, lzcnt, ht, tsc, tscinvbit, bmi1, bmi2, adx, fma

Memory: 4k page, system-wide physical 8053M (744M free)
TotalPageFile size 22530M (AvailPageFile size 104M)
current process WorkingSet (physical memory assigned to process): 403M, peak: 403M
current process commit charge ("private bytes"): 436M, peak: 590M

vm_info: Java HotSpot(TM) 64-Bit Server VM (14.0.2+12-46) for windows-amd64 JRE (14.0.2+12-46), built on Jul  9 2020 00:35:52 by "mach5one" with MS VC++ 15.9 (VS2017)

END.
